[2022-01-19 00:37:01,563] {processor.py:163} INFO - Started process (PID=129) to work on /home/airflow/.local/lib/python3.6/site-packages/airflow/example_dags/example_task_group.py
[2022-01-19 00:37:01,565] {processor.py:642} INFO - Processing file /home/airflow/.local/lib/python3.6/site-packages/airflow/example_dags/example_task_group.py for tasks to queue
[2022-01-19 00:37:01,567] {logging_mixin.py:109} INFO - [2022-01-19 00:37:01,567] {dagbag.py:500} INFO - Filling up the DagBag from /home/airflow/.local/lib/python3.6/site-packages/airflow/example_dags/example_task_group.py
[2022-01-19 00:37:01,622] {processor.py:654} INFO - DAG(s) dict_keys(['example_task_group']) retrieved from /home/airflow/.local/lib/python3.6/site-packages/airflow/example_dags/example_task_group.py
[2022-01-19 00:37:03,605] {logging_mixin.py:109} INFO - [2022-01-19 00:37:03,605] {manager.py:496} INFO - Created Permission View: can read on DAG:example_task_group
[2022-01-19 00:37:03,616] {logging_mixin.py:109} INFO - [2022-01-19 00:37:03,615] {manager.py:496} INFO - Created Permission View: can edit on DAG:example_task_group
[2022-01-19 00:37:03,618] {logging_mixin.py:109} INFO - [2022-01-19 00:37:03,616] {dag.py:2396} INFO - Sync 1 DAGs
[2022-01-19 00:37:03,628] {logging_mixin.py:109} INFO - [2022-01-19 00:37:03,627] {dag.py:2415} INFO - Creating ORM DAG for example_task_group
[2022-01-19 00:37:03,638] {logging_mixin.py:109} INFO - [2022-01-19 00:37:03,638] {dag.py:2935} INFO - Setting next_dagrun for example_task_group to 2022-01-18T00:37:03.638174+00:00
[2022-01-19 00:37:03,653] {processor.py:171} INFO - Processing /home/airflow/.local/lib/python3.6/site-packages/airflow/example_dags/example_task_group.py took 2.095 seconds
[2022-01-19 00:37:34,561] {processor.py:163} INFO - Started process (PID=252) to work on /home/airflow/.local/lib/python3.6/site-packages/airflow/example_dags/example_task_group.py
[2022-01-19 00:37:34,564] {processor.py:642} INFO - Processing file /home/airflow/.local/lib/python3.6/site-packages/airflow/example_dags/example_task_group.py for tasks to queue
[2022-01-19 00:37:34,566] {logging_mixin.py:109} INFO - [2022-01-19 00:37:34,565] {dagbag.py:500} INFO - Filling up the DagBag from /home/airflow/.local/lib/python3.6/site-packages/airflow/example_dags/example_task_group.py
[2022-01-19 00:37:34,614] {processor.py:654} INFO - DAG(s) dict_keys(['example_task_group']) retrieved from /home/airflow/.local/lib/python3.6/site-packages/airflow/example_dags/example_task_group.py
[2022-01-19 00:37:34,635] {logging_mixin.py:109} INFO - [2022-01-19 00:37:34,635] {dag.py:2396} INFO - Sync 1 DAGs
[2022-01-19 00:37:34,661] {logging_mixin.py:109} INFO - [2022-01-19 00:37:34,661] {dag.py:2935} INFO - Setting next_dagrun for example_task_group to 2022-01-18T00:37:34.661121+00:00
[2022-01-19 00:37:34,699] {processor.py:171} INFO - Processing /home/airflow/.local/lib/python3.6/site-packages/airflow/example_dags/example_task_group.py took 0.144 seconds
[2022-01-19 00:38:05,470] {processor.py:163} INFO - Started process (PID=318) to work on /home/airflow/.local/lib/python3.6/site-packages/airflow/example_dags/example_task_group.py
[2022-01-19 00:38:05,473] {processor.py:642} INFO - Processing file /home/airflow/.local/lib/python3.6/site-packages/airflow/example_dags/example_task_group.py for tasks to queue
[2022-01-19 00:38:05,475] {logging_mixin.py:109} INFO - [2022-01-19 00:38:05,475] {dagbag.py:500} INFO - Filling up the DagBag from /home/airflow/.local/lib/python3.6/site-packages/airflow/example_dags/example_task_group.py
[2022-01-19 00:38:05,512] {processor.py:654} INFO - DAG(s) dict_keys(['example_task_group']) retrieved from /home/airflow/.local/lib/python3.6/site-packages/airflow/example_dags/example_task_group.py
[2022-01-19 00:38:05,525] {logging_mixin.py:109} INFO - [2022-01-19 00:38:05,525] {dag.py:2396} INFO - Sync 1 DAGs
[2022-01-19 00:38:05,545] {logging_mixin.py:109} INFO - [2022-01-19 00:38:05,545] {dag.py:2935} INFO - Setting next_dagrun for example_task_group to 2022-01-18T00:38:05.544840+00:00
[2022-01-19 00:38:05,556] {processor.py:171} INFO - Processing /home/airflow/.local/lib/python3.6/site-packages/airflow/example_dags/example_task_group.py took 0.092 seconds
[2022-01-19 00:38:35,848] {processor.py:163} INFO - Started process (PID=372) to work on /home/airflow/.local/lib/python3.6/site-packages/airflow/example_dags/example_task_group.py
[2022-01-19 00:38:35,852] {processor.py:642} INFO - Processing file /home/airflow/.local/lib/python3.6/site-packages/airflow/example_dags/example_task_group.py for tasks to queue
[2022-01-19 00:38:35,855] {logging_mixin.py:109} INFO - [2022-01-19 00:38:35,855] {dagbag.py:500} INFO - Filling up the DagBag from /home/airflow/.local/lib/python3.6/site-packages/airflow/example_dags/example_task_group.py
[2022-01-19 00:38:35,921] {processor.py:654} INFO - DAG(s) dict_keys(['example_task_group']) retrieved from /home/airflow/.local/lib/python3.6/site-packages/airflow/example_dags/example_task_group.py
[2022-01-19 00:38:35,940] {logging_mixin.py:109} INFO - [2022-01-19 00:38:35,940] {dag.py:2396} INFO - Sync 1 DAGs
[2022-01-19 00:38:35,967] {logging_mixin.py:109} INFO - [2022-01-19 00:38:35,966] {dag.py:2935} INFO - Setting next_dagrun for example_task_group to 2022-01-18T00:38:35.966114+00:00
[2022-01-19 00:38:35,983] {processor.py:171} INFO - Processing /home/airflow/.local/lib/python3.6/site-packages/airflow/example_dags/example_task_group.py took 0.143 seconds
[2022-01-19 00:39:06,107] {processor.py:163} INFO - Started process (PID=426) to work on /home/airflow/.local/lib/python3.6/site-packages/airflow/example_dags/example_task_group.py
[2022-01-19 00:39:06,109] {processor.py:642} INFO - Processing file /home/airflow/.local/lib/python3.6/site-packages/airflow/example_dags/example_task_group.py for tasks to queue
[2022-01-19 00:39:06,111] {logging_mixin.py:109} INFO - [2022-01-19 00:39:06,111] {dagbag.py:500} INFO - Filling up the DagBag from /home/airflow/.local/lib/python3.6/site-packages/airflow/example_dags/example_task_group.py
[2022-01-19 00:39:06,160] {processor.py:654} INFO - DAG(s) dict_keys(['example_task_group']) retrieved from /home/airflow/.local/lib/python3.6/site-packages/airflow/example_dags/example_task_group.py
[2022-01-19 00:39:06,180] {logging_mixin.py:109} INFO - [2022-01-19 00:39:06,180] {dag.py:2396} INFO - Sync 1 DAGs
[2022-01-19 00:39:06,208] {logging_mixin.py:109} INFO - [2022-01-19 00:39:06,208] {dag.py:2935} INFO - Setting next_dagrun for example_task_group to 2022-01-18T00:39:06.207633+00:00
[2022-01-19 00:39:06,220] {processor.py:171} INFO - Processing /home/airflow/.local/lib/python3.6/site-packages/airflow/example_dags/example_task_group.py took 0.118 seconds
[2022-01-19 00:39:36,459] {processor.py:163} INFO - Started process (PID=492) to work on /home/airflow/.local/lib/python3.6/site-packages/airflow/example_dags/example_task_group.py
[2022-01-19 00:39:36,462] {processor.py:642} INFO - Processing file /home/airflow/.local/lib/python3.6/site-packages/airflow/example_dags/example_task_group.py for tasks to queue
[2022-01-19 00:39:36,464] {logging_mixin.py:109} INFO - [2022-01-19 00:39:36,463] {dagbag.py:500} INFO - Filling up the DagBag from /home/airflow/.local/lib/python3.6/site-packages/airflow/example_dags/example_task_group.py
[2022-01-19 00:39:36,499] {processor.py:654} INFO - DAG(s) dict_keys(['example_task_group']) retrieved from /home/airflow/.local/lib/python3.6/site-packages/airflow/example_dags/example_task_group.py
[2022-01-19 00:39:36,511] {logging_mixin.py:109} INFO - [2022-01-19 00:39:36,511] {dag.py:2396} INFO - Sync 1 DAGs
[2022-01-19 00:39:36,531] {logging_mixin.py:109} INFO - [2022-01-19 00:39:36,531] {dag.py:2935} INFO - Setting next_dagrun for example_task_group to 2022-01-18T00:39:36.530952+00:00
[2022-01-19 00:39:36,548] {processor.py:171} INFO - Processing /home/airflow/.local/lib/python3.6/site-packages/airflow/example_dags/example_task_group.py took 0.092 seconds
[2022-01-19 00:40:07,496] {processor.py:163} INFO - Started process (PID=547) to work on /home/airflow/.local/lib/python3.6/site-packages/airflow/example_dags/example_task_group.py
[2022-01-19 00:40:07,500] {processor.py:642} INFO - Processing file /home/airflow/.local/lib/python3.6/site-packages/airflow/example_dags/example_task_group.py for tasks to queue
[2022-01-19 00:40:07,504] {logging_mixin.py:109} INFO - [2022-01-19 00:40:07,503] {dagbag.py:500} INFO - Filling up the DagBag from /home/airflow/.local/lib/python3.6/site-packages/airflow/example_dags/example_task_group.py
[2022-01-19 00:40:07,568] {processor.py:654} INFO - DAG(s) dict_keys(['example_task_group']) retrieved from /home/airflow/.local/lib/python3.6/site-packages/airflow/example_dags/example_task_group.py
[2022-01-19 00:40:07,600] {logging_mixin.py:109} INFO - [2022-01-19 00:40:07,600] {dag.py:2396} INFO - Sync 1 DAGs
[2022-01-19 00:40:07,647] {logging_mixin.py:109} INFO - [2022-01-19 00:40:07,647] {dag.py:2935} INFO - Setting next_dagrun for example_task_group to 2022-01-18T00:40:07.646868+00:00
[2022-01-19 00:40:07,671] {processor.py:171} INFO - Processing /home/airflow/.local/lib/python3.6/site-packages/airflow/example_dags/example_task_group.py took 0.183 seconds
[2022-01-19 00:40:37,943] {processor.py:163} INFO - Started process (PID=601) to work on /home/airflow/.local/lib/python3.6/site-packages/airflow/example_dags/example_task_group.py
[2022-01-19 00:40:37,947] {processor.py:642} INFO - Processing file /home/airflow/.local/lib/python3.6/site-packages/airflow/example_dags/example_task_group.py for tasks to queue
[2022-01-19 00:40:37,948] {logging_mixin.py:109} INFO - [2022-01-19 00:40:37,948] {dagbag.py:500} INFO - Filling up the DagBag from /home/airflow/.local/lib/python3.6/site-packages/airflow/example_dags/example_task_group.py
[2022-01-19 00:40:37,993] {processor.py:654} INFO - DAG(s) dict_keys(['example_task_group']) retrieved from /home/airflow/.local/lib/python3.6/site-packages/airflow/example_dags/example_task_group.py
[2022-01-19 00:40:38,021] {logging_mixin.py:109} INFO - [2022-01-19 00:40:38,021] {dag.py:2396} INFO - Sync 1 DAGs
[2022-01-19 00:40:38,050] {logging_mixin.py:109} INFO - [2022-01-19 00:40:38,050] {dag.py:2935} INFO - Setting next_dagrun for example_task_group to 2022-01-18T00:40:38.049968+00:00
[2022-01-19 00:40:38,066] {processor.py:171} INFO - Processing /home/airflow/.local/lib/python3.6/site-packages/airflow/example_dags/example_task_group.py took 0.127 seconds
[2022-01-19 00:41:08,574] {processor.py:163} INFO - Started process (PID=655) to work on /home/airflow/.local/lib/python3.6/site-packages/airflow/example_dags/example_task_group.py
[2022-01-19 00:41:08,576] {processor.py:642} INFO - Processing file /home/airflow/.local/lib/python3.6/site-packages/airflow/example_dags/example_task_group.py for tasks to queue
[2022-01-19 00:41:08,578] {logging_mixin.py:109} INFO - [2022-01-19 00:41:08,578] {dagbag.py:500} INFO - Filling up the DagBag from /home/airflow/.local/lib/python3.6/site-packages/airflow/example_dags/example_task_group.py
[2022-01-19 00:41:08,614] {processor.py:654} INFO - DAG(s) dict_keys(['example_task_group']) retrieved from /home/airflow/.local/lib/python3.6/site-packages/airflow/example_dags/example_task_group.py
[2022-01-19 00:41:08,638] {logging_mixin.py:109} INFO - [2022-01-19 00:41:08,637] {dag.py:2396} INFO - Sync 1 DAGs
[2022-01-19 00:41:08,659] {logging_mixin.py:109} INFO - [2022-01-19 00:41:08,659] {dag.py:2935} INFO - Setting next_dagrun for example_task_group to 2022-01-18T00:41:08.659464+00:00
[2022-01-19 00:41:08,673] {processor.py:171} INFO - Processing /home/airflow/.local/lib/python3.6/site-packages/airflow/example_dags/example_task_group.py took 0.104 seconds
[2022-01-19 00:41:39,191] {processor.py:163} INFO - Started process (PID=718) to work on /home/airflow/.local/lib/python3.6/site-packages/airflow/example_dags/example_task_group.py
[2022-01-19 00:41:39,196] {processor.py:642} INFO - Processing file /home/airflow/.local/lib/python3.6/site-packages/airflow/example_dags/example_task_group.py for tasks to queue
[2022-01-19 00:41:39,200] {logging_mixin.py:109} INFO - [2022-01-19 00:41:39,199] {dagbag.py:500} INFO - Filling up the DagBag from /home/airflow/.local/lib/python3.6/site-packages/airflow/example_dags/example_task_group.py
[2022-01-19 00:41:39,247] {processor.py:654} INFO - DAG(s) dict_keys(['example_task_group']) retrieved from /home/airflow/.local/lib/python3.6/site-packages/airflow/example_dags/example_task_group.py
[2022-01-19 00:41:39,263] {logging_mixin.py:109} INFO - [2022-01-19 00:41:39,263] {dag.py:2396} INFO - Sync 1 DAGs
[2022-01-19 00:41:39,287] {logging_mixin.py:109} INFO - [2022-01-19 00:41:39,287] {dag.py:2935} INFO - Setting next_dagrun for example_task_group to 2022-01-18T00:41:39.287128+00:00
[2022-01-19 00:41:39,305] {processor.py:171} INFO - Processing /home/airflow/.local/lib/python3.6/site-packages/airflow/example_dags/example_task_group.py took 0.125 seconds
[2022-01-19 00:42:09,495] {processor.py:163} INFO - Started process (PID=773) to work on /home/airflow/.local/lib/python3.6/site-packages/airflow/example_dags/example_task_group.py
[2022-01-19 00:42:09,498] {processor.py:642} INFO - Processing file /home/airflow/.local/lib/python3.6/site-packages/airflow/example_dags/example_task_group.py for tasks to queue
[2022-01-19 00:42:09,499] {logging_mixin.py:109} INFO - [2022-01-19 00:42:09,499] {dagbag.py:500} INFO - Filling up the DagBag from /home/airflow/.local/lib/python3.6/site-packages/airflow/example_dags/example_task_group.py
[2022-01-19 00:42:09,538] {processor.py:654} INFO - DAG(s) dict_keys(['example_task_group']) retrieved from /home/airflow/.local/lib/python3.6/site-packages/airflow/example_dags/example_task_group.py
[2022-01-19 00:42:09,554] {logging_mixin.py:109} INFO - [2022-01-19 00:42:09,554] {dag.py:2396} INFO - Sync 1 DAGs
[2022-01-19 00:42:09,576] {logging_mixin.py:109} INFO - [2022-01-19 00:42:09,576] {dag.py:2935} INFO - Setting next_dagrun for example_task_group to 2022-01-18T00:42:09.576215+00:00
[2022-01-19 00:42:09,587] {processor.py:171} INFO - Processing /home/airflow/.local/lib/python3.6/site-packages/airflow/example_dags/example_task_group.py took 0.098 seconds
[2022-01-19 00:42:40,203] {processor.py:163} INFO - Started process (PID=825) to work on /home/airflow/.local/lib/python3.6/site-packages/airflow/example_dags/example_task_group.py
[2022-01-19 00:42:40,205] {processor.py:642} INFO - Processing file /home/airflow/.local/lib/python3.6/site-packages/airflow/example_dags/example_task_group.py for tasks to queue
[2022-01-19 00:42:40,206] {logging_mixin.py:109} INFO - [2022-01-19 00:42:40,206] {dagbag.py:500} INFO - Filling up the DagBag from /home/airflow/.local/lib/python3.6/site-packages/airflow/example_dags/example_task_group.py
[2022-01-19 00:42:40,240] {processor.py:654} INFO - DAG(s) dict_keys(['example_task_group']) retrieved from /home/airflow/.local/lib/python3.6/site-packages/airflow/example_dags/example_task_group.py
[2022-01-19 00:42:40,253] {logging_mixin.py:109} INFO - [2022-01-19 00:42:40,253] {dag.py:2396} INFO - Sync 1 DAGs
[2022-01-19 00:42:40,276] {logging_mixin.py:109} INFO - [2022-01-19 00:42:40,275] {dag.py:2935} INFO - Setting next_dagrun for example_task_group to 2022-01-18T00:42:40.275576+00:00
[2022-01-19 00:42:40,288] {processor.py:171} INFO - Processing /home/airflow/.local/lib/python3.6/site-packages/airflow/example_dags/example_task_group.py took 0.089 seconds
[2022-01-19 00:43:10,496] {processor.py:163} INFO - Started process (PID=878) to work on /home/airflow/.local/lib/python3.6/site-packages/airflow/example_dags/example_task_group.py
[2022-01-19 00:43:10,499] {processor.py:642} INFO - Processing file /home/airflow/.local/lib/python3.6/site-packages/airflow/example_dags/example_task_group.py for tasks to queue
[2022-01-19 00:43:10,502] {logging_mixin.py:109} INFO - [2022-01-19 00:43:10,502] {dagbag.py:500} INFO - Filling up the DagBag from /home/airflow/.local/lib/python3.6/site-packages/airflow/example_dags/example_task_group.py
[2022-01-19 00:43:10,557] {processor.py:654} INFO - DAG(s) dict_keys(['example_task_group']) retrieved from /home/airflow/.local/lib/python3.6/site-packages/airflow/example_dags/example_task_group.py
[2022-01-19 00:43:10,571] {logging_mixin.py:109} INFO - [2022-01-19 00:43:10,571] {dag.py:2396} INFO - Sync 1 DAGs
[2022-01-19 00:43:10,592] {logging_mixin.py:109} INFO - [2022-01-19 00:43:10,592] {dag.py:2935} INFO - Setting next_dagrun for example_task_group to 2022-01-18T00:43:10.592350+00:00
[2022-01-19 00:43:10,603] {processor.py:171} INFO - Processing /home/airflow/.local/lib/python3.6/site-packages/airflow/example_dags/example_task_group.py took 0.110 seconds
[2022-01-19 00:43:40,749] {processor.py:163} INFO - Started process (PID=931) to work on /home/airflow/.local/lib/python3.6/site-packages/airflow/example_dags/example_task_group.py
[2022-01-19 00:43:40,751] {processor.py:642} INFO - Processing file /home/airflow/.local/lib/python3.6/site-packages/airflow/example_dags/example_task_group.py for tasks to queue
[2022-01-19 00:43:40,753] {logging_mixin.py:109} INFO - [2022-01-19 00:43:40,753] {dagbag.py:500} INFO - Filling up the DagBag from /home/airflow/.local/lib/python3.6/site-packages/airflow/example_dags/example_task_group.py
[2022-01-19 00:43:40,794] {processor.py:654} INFO - DAG(s) dict_keys(['example_task_group']) retrieved from /home/airflow/.local/lib/python3.6/site-packages/airflow/example_dags/example_task_group.py
[2022-01-19 00:43:40,818] {logging_mixin.py:109} INFO - [2022-01-19 00:43:40,818] {dag.py:2396} INFO - Sync 1 DAGs
[2022-01-19 00:43:40,843] {logging_mixin.py:109} INFO - [2022-01-19 00:43:40,843] {dag.py:2935} INFO - Setting next_dagrun for example_task_group to 2022-01-18T00:43:40.843242+00:00
[2022-01-19 00:43:40,854] {processor.py:171} INFO - Processing /home/airflow/.local/lib/python3.6/site-packages/airflow/example_dags/example_task_group.py took 0.108 seconds
