[2022-01-19 00:36:43,557] {processor.py:163} INFO - Started process (PID=69) to work on /home/airflow/.local/lib/python3.6/site-packages/airflow/example_dags/example_branch_labels.py
[2022-01-19 00:36:43,562] {processor.py:642} INFO - Processing file /home/airflow/.local/lib/python3.6/site-packages/airflow/example_dags/example_branch_labels.py for tasks to queue
[2022-01-19 00:36:43,565] {logging_mixin.py:109} INFO - [2022-01-19 00:36:43,564] {dagbag.py:500} INFO - Filling up the DagBag from /home/airflow/.local/lib/python3.6/site-packages/airflow/example_dags/example_branch_labels.py
[2022-01-19 00:36:43,660] {processor.py:654} INFO - DAG(s) dict_keys(['example_branch_labels']) retrieved from /home/airflow/.local/lib/python3.6/site-packages/airflow/example_dags/example_branch_labels.py
[2022-01-19 00:36:48,657] {logging_mixin.py:109} INFO - [2022-01-19 00:36:48,657] {manager.py:496} INFO - Created Permission View: can read on DAG:example_branch_labels
[2022-01-19 00:36:48,683] {logging_mixin.py:109} INFO - [2022-01-19 00:36:48,683] {manager.py:496} INFO - Created Permission View: can edit on DAG:example_branch_labels
[2022-01-19 00:36:48,685] {logging_mixin.py:109} INFO - [2022-01-19 00:36:48,684] {dag.py:2396} INFO - Sync 1 DAGs
[2022-01-19 00:36:48,702] {logging_mixin.py:109} INFO - [2022-01-19 00:36:48,701] {dag.py:2415} INFO - Creating ORM DAG for example_branch_labels
[2022-01-19 00:36:48,723] {logging_mixin.py:109} INFO - [2022-01-19 00:36:48,722] {dag.py:2935} INFO - Setting next_dagrun for example_branch_labels to 2022-01-18 00:00:00+00:00
[2022-01-19 00:36:48,741] {processor.py:171} INFO - Processing /home/airflow/.local/lib/python3.6/site-packages/airflow/example_dags/example_branch_labels.py took 5.211 seconds
[2022-01-19 00:37:23,730] {processor.py:163} INFO - Started process (PID=233) to work on /home/airflow/.local/lib/python3.6/site-packages/airflow/example_dags/example_branch_labels.py
[2022-01-19 00:37:23,732] {processor.py:642} INFO - Processing file /home/airflow/.local/lib/python3.6/site-packages/airflow/example_dags/example_branch_labels.py for tasks to queue
[2022-01-19 00:37:23,734] {logging_mixin.py:109} INFO - [2022-01-19 00:37:23,733] {dagbag.py:500} INFO - Filling up the DagBag from /home/airflow/.local/lib/python3.6/site-packages/airflow/example_dags/example_branch_labels.py
[2022-01-19 00:37:23,767] {processor.py:654} INFO - DAG(s) dict_keys(['example_branch_labels']) retrieved from /home/airflow/.local/lib/python3.6/site-packages/airflow/example_dags/example_branch_labels.py
[2022-01-19 00:37:23,782] {logging_mixin.py:109} INFO - [2022-01-19 00:37:23,782] {dag.py:2396} INFO - Sync 1 DAGs
[2022-01-19 00:37:23,805] {logging_mixin.py:109} INFO - [2022-01-19 00:37:23,805] {dag.py:2935} INFO - Setting next_dagrun for example_branch_labels to 2022-01-18 00:00:00+00:00
[2022-01-19 00:37:23,816] {processor.py:171} INFO - Processing /home/airflow/.local/lib/python3.6/site-packages/airflow/example_dags/example_branch_labels.py took 0.090 seconds
[2022-01-19 00:37:54,211] {processor.py:163} INFO - Started process (PID=293) to work on /home/airflow/.local/lib/python3.6/site-packages/airflow/example_dags/example_branch_labels.py
[2022-01-19 00:37:54,214] {processor.py:642} INFO - Processing file /home/airflow/.local/lib/python3.6/site-packages/airflow/example_dags/example_branch_labels.py for tasks to queue
[2022-01-19 00:37:54,215] {logging_mixin.py:109} INFO - [2022-01-19 00:37:54,215] {dagbag.py:500} INFO - Filling up the DagBag from /home/airflow/.local/lib/python3.6/site-packages/airflow/example_dags/example_branch_labels.py
[2022-01-19 00:37:54,254] {processor.py:654} INFO - DAG(s) dict_keys(['example_branch_labels']) retrieved from /home/airflow/.local/lib/python3.6/site-packages/airflow/example_dags/example_branch_labels.py
[2022-01-19 00:37:54,266] {logging_mixin.py:109} INFO - [2022-01-19 00:37:54,265] {dag.py:2396} INFO - Sync 1 DAGs
[2022-01-19 00:37:54,301] {logging_mixin.py:109} INFO - [2022-01-19 00:37:54,301] {dag.py:2935} INFO - Setting next_dagrun for example_branch_labels to 2022-01-18 00:00:00+00:00
[2022-01-19 00:37:54,321] {processor.py:171} INFO - Processing /home/airflow/.local/lib/python3.6/site-packages/airflow/example_dags/example_branch_labels.py took 0.115 seconds
[2022-01-19 00:38:24,513] {processor.py:163} INFO - Started process (PID=347) to work on /home/airflow/.local/lib/python3.6/site-packages/airflow/example_dags/example_branch_labels.py
[2022-01-19 00:38:24,515] {processor.py:642} INFO - Processing file /home/airflow/.local/lib/python3.6/site-packages/airflow/example_dags/example_branch_labels.py for tasks to queue
[2022-01-19 00:38:24,517] {logging_mixin.py:109} INFO - [2022-01-19 00:38:24,517] {dagbag.py:500} INFO - Filling up the DagBag from /home/airflow/.local/lib/python3.6/site-packages/airflow/example_dags/example_branch_labels.py
[2022-01-19 00:38:24,560] {processor.py:654} INFO - DAG(s) dict_keys(['example_branch_labels']) retrieved from /home/airflow/.local/lib/python3.6/site-packages/airflow/example_dags/example_branch_labels.py
[2022-01-19 00:38:24,574] {logging_mixin.py:109} INFO - [2022-01-19 00:38:24,574] {dag.py:2396} INFO - Sync 1 DAGs
[2022-01-19 00:38:24,606] {logging_mixin.py:109} INFO - [2022-01-19 00:38:24,606] {dag.py:2935} INFO - Setting next_dagrun for example_branch_labels to 2022-01-18 00:00:00+00:00
[2022-01-19 00:38:24,618] {processor.py:171} INFO - Processing /home/airflow/.local/lib/python3.6/site-packages/airflow/example_dags/example_branch_labels.py took 0.109 seconds
[2022-01-19 00:38:55,013] {processor.py:163} INFO - Started process (PID=412) to work on /home/airflow/.local/lib/python3.6/site-packages/airflow/example_dags/example_branch_labels.py
[2022-01-19 00:38:55,016] {processor.py:642} INFO - Processing file /home/airflow/.local/lib/python3.6/site-packages/airflow/example_dags/example_branch_labels.py for tasks to queue
[2022-01-19 00:38:55,019] {logging_mixin.py:109} INFO - [2022-01-19 00:38:55,018] {dagbag.py:500} INFO - Filling up the DagBag from /home/airflow/.local/lib/python3.6/site-packages/airflow/example_dags/example_branch_labels.py
[2022-01-19 00:38:55,068] {processor.py:654} INFO - DAG(s) dict_keys(['example_branch_labels']) retrieved from /home/airflow/.local/lib/python3.6/site-packages/airflow/example_dags/example_branch_labels.py
[2022-01-19 00:38:55,086] {logging_mixin.py:109} INFO - [2022-01-19 00:38:55,085] {dag.py:2396} INFO - Sync 1 DAGs
[2022-01-19 00:38:55,108] {logging_mixin.py:109} INFO - [2022-01-19 00:38:55,108] {dag.py:2935} INFO - Setting next_dagrun for example_branch_labels to 2022-01-18 00:00:00+00:00
[2022-01-19 00:38:55,121] {processor.py:171} INFO - Processing /home/airflow/.local/lib/python3.6/site-packages/airflow/example_dags/example_branch_labels.py took 0.111 seconds
[2022-01-19 00:39:25,407] {processor.py:163} INFO - Started process (PID=467) to work on /home/airflow/.local/lib/python3.6/site-packages/airflow/example_dags/example_branch_labels.py
[2022-01-19 00:39:25,410] {processor.py:642} INFO - Processing file /home/airflow/.local/lib/python3.6/site-packages/airflow/example_dags/example_branch_labels.py for tasks to queue
[2022-01-19 00:39:25,414] {logging_mixin.py:109} INFO - [2022-01-19 00:39:25,413] {dagbag.py:500} INFO - Filling up the DagBag from /home/airflow/.local/lib/python3.6/site-packages/airflow/example_dags/example_branch_labels.py
[2022-01-19 00:39:25,463] {processor.py:654} INFO - DAG(s) dict_keys(['example_branch_labels']) retrieved from /home/airflow/.local/lib/python3.6/site-packages/airflow/example_dags/example_branch_labels.py
[2022-01-19 00:39:25,485] {logging_mixin.py:109} INFO - [2022-01-19 00:39:25,485] {dag.py:2396} INFO - Sync 1 DAGs
[2022-01-19 00:39:25,520] {logging_mixin.py:109} INFO - [2022-01-19 00:39:25,520] {dag.py:2935} INFO - Setting next_dagrun for example_branch_labels to 2022-01-18 00:00:00+00:00
[2022-01-19 00:39:25,538] {processor.py:171} INFO - Processing /home/airflow/.local/lib/python3.6/site-packages/airflow/example_dags/example_branch_labels.py took 0.136 seconds
[2022-01-19 00:39:55,867] {processor.py:163} INFO - Started process (PID=522) to work on /home/airflow/.local/lib/python3.6/site-packages/airflow/example_dags/example_branch_labels.py
[2022-01-19 00:39:55,871] {processor.py:642} INFO - Processing file /home/airflow/.local/lib/python3.6/site-packages/airflow/example_dags/example_branch_labels.py for tasks to queue
[2022-01-19 00:39:55,874] {logging_mixin.py:109} INFO - [2022-01-19 00:39:55,873] {dagbag.py:500} INFO - Filling up the DagBag from /home/airflow/.local/lib/python3.6/site-packages/airflow/example_dags/example_branch_labels.py
[2022-01-19 00:39:55,942] {processor.py:654} INFO - DAG(s) dict_keys(['example_branch_labels']) retrieved from /home/airflow/.local/lib/python3.6/site-packages/airflow/example_dags/example_branch_labels.py
[2022-01-19 00:39:55,960] {logging_mixin.py:109} INFO - [2022-01-19 00:39:55,959] {dag.py:2396} INFO - Sync 1 DAGs
[2022-01-19 00:39:55,997] {logging_mixin.py:109} INFO - [2022-01-19 00:39:55,996] {dag.py:2935} INFO - Setting next_dagrun for example_branch_labels to 2022-01-18 00:00:00+00:00
[2022-01-19 00:39:56,024] {processor.py:171} INFO - Processing /home/airflow/.local/lib/python3.6/site-packages/airflow/example_dags/example_branch_labels.py took 0.167 seconds
[2022-01-19 00:40:26,742] {processor.py:163} INFO - Started process (PID=576) to work on /home/airflow/.local/lib/python3.6/site-packages/airflow/example_dags/example_branch_labels.py
[2022-01-19 00:40:26,753] {processor.py:642} INFO - Processing file /home/airflow/.local/lib/python3.6/site-packages/airflow/example_dags/example_branch_labels.py for tasks to queue
[2022-01-19 00:40:26,761] {logging_mixin.py:109} INFO - [2022-01-19 00:40:26,760] {dagbag.py:500} INFO - Filling up the DagBag from /home/airflow/.local/lib/python3.6/site-packages/airflow/example_dags/example_branch_labels.py
[2022-01-19 00:40:26,881] {processor.py:654} INFO - DAG(s) dict_keys(['example_branch_labels']) retrieved from /home/airflow/.local/lib/python3.6/site-packages/airflow/example_dags/example_branch_labels.py
[2022-01-19 00:40:26,913] {logging_mixin.py:109} INFO - [2022-01-19 00:40:26,913] {dag.py:2396} INFO - Sync 1 DAGs
[2022-01-19 00:40:26,978] {logging_mixin.py:109} INFO - [2022-01-19 00:40:26,977] {dag.py:2935} INFO - Setting next_dagrun for example_branch_labels to 2022-01-18 00:00:00+00:00
[2022-01-19 00:40:27,001] {processor.py:171} INFO - Processing /home/airflow/.local/lib/python3.6/site-packages/airflow/example_dags/example_branch_labels.py took 0.295 seconds
[2022-01-19 00:40:57,335] {processor.py:163} INFO - Started process (PID=630) to work on /home/airflow/.local/lib/python3.6/site-packages/airflow/example_dags/example_branch_labels.py
[2022-01-19 00:40:57,338] {processor.py:642} INFO - Processing file /home/airflow/.local/lib/python3.6/site-packages/airflow/example_dags/example_branch_labels.py for tasks to queue
[2022-01-19 00:40:57,340] {logging_mixin.py:109} INFO - [2022-01-19 00:40:57,340] {dagbag.py:500} INFO - Filling up the DagBag from /home/airflow/.local/lib/python3.6/site-packages/airflow/example_dags/example_branch_labels.py
[2022-01-19 00:40:57,389] {processor.py:654} INFO - DAG(s) dict_keys(['example_branch_labels']) retrieved from /home/airflow/.local/lib/python3.6/site-packages/airflow/example_dags/example_branch_labels.py
[2022-01-19 00:40:57,410] {logging_mixin.py:109} INFO - [2022-01-19 00:40:57,409] {dag.py:2396} INFO - Sync 1 DAGs
[2022-01-19 00:40:57,451] {logging_mixin.py:109} INFO - [2022-01-19 00:40:57,451] {dag.py:2935} INFO - Setting next_dagrun for example_branch_labels to 2022-01-18 00:00:00+00:00
[2022-01-19 00:40:57,470] {processor.py:171} INFO - Processing /home/airflow/.local/lib/python3.6/site-packages/airflow/example_dags/example_branch_labels.py took 0.142 seconds
[2022-01-19 00:41:27,687] {processor.py:163} INFO - Started process (PID=694) to work on /home/airflow/.local/lib/python3.6/site-packages/airflow/example_dags/example_branch_labels.py
[2022-01-19 00:41:27,691] {processor.py:642} INFO - Processing file /home/airflow/.local/lib/python3.6/site-packages/airflow/example_dags/example_branch_labels.py for tasks to queue
[2022-01-19 00:41:27,695] {logging_mixin.py:109} INFO - [2022-01-19 00:41:27,694] {dagbag.py:500} INFO - Filling up the DagBag from /home/airflow/.local/lib/python3.6/site-packages/airflow/example_dags/example_branch_labels.py
[2022-01-19 00:41:27,758] {processor.py:654} INFO - DAG(s) dict_keys(['example_branch_labels']) retrieved from /home/airflow/.local/lib/python3.6/site-packages/airflow/example_dags/example_branch_labels.py
[2022-01-19 00:41:27,784] {logging_mixin.py:109} INFO - [2022-01-19 00:41:27,784] {dag.py:2396} INFO - Sync 1 DAGs
[2022-01-19 00:41:27,818] {logging_mixin.py:109} INFO - [2022-01-19 00:41:27,818] {dag.py:2935} INFO - Setting next_dagrun for example_branch_labels to 2022-01-18 00:00:00+00:00
[2022-01-19 00:41:27,836] {processor.py:171} INFO - Processing /home/airflow/.local/lib/python3.6/site-packages/airflow/example_dags/example_branch_labels.py took 0.157 seconds
[2022-01-19 00:41:58,098] {processor.py:163} INFO - Started process (PID=748) to work on /home/airflow/.local/lib/python3.6/site-packages/airflow/example_dags/example_branch_labels.py
[2022-01-19 00:41:58,100] {processor.py:642} INFO - Processing file /home/airflow/.local/lib/python3.6/site-packages/airflow/example_dags/example_branch_labels.py for tasks to queue
[2022-01-19 00:41:58,103] {logging_mixin.py:109} INFO - [2022-01-19 00:41:58,102] {dagbag.py:500} INFO - Filling up the DagBag from /home/airflow/.local/lib/python3.6/site-packages/airflow/example_dags/example_branch_labels.py
[2022-01-19 00:41:58,150] {processor.py:654} INFO - DAG(s) dict_keys(['example_branch_labels']) retrieved from /home/airflow/.local/lib/python3.6/site-packages/airflow/example_dags/example_branch_labels.py
[2022-01-19 00:41:58,166] {logging_mixin.py:109} INFO - [2022-01-19 00:41:58,166] {dag.py:2396} INFO - Sync 1 DAGs
[2022-01-19 00:41:58,189] {logging_mixin.py:109} INFO - [2022-01-19 00:41:58,189] {dag.py:2935} INFO - Setting next_dagrun for example_branch_labels to 2022-01-18 00:00:00+00:00
[2022-01-19 00:41:58,205] {processor.py:171} INFO - Processing /home/airflow/.local/lib/python3.6/site-packages/airflow/example_dags/example_branch_labels.py took 0.111 seconds
[2022-01-19 00:42:28,826] {processor.py:163} INFO - Started process (PID=801) to work on /home/airflow/.local/lib/python3.6/site-packages/airflow/example_dags/example_branch_labels.py
[2022-01-19 00:42:28,829] {processor.py:642} INFO - Processing file /home/airflow/.local/lib/python3.6/site-packages/airflow/example_dags/example_branch_labels.py for tasks to queue
[2022-01-19 00:42:28,832] {logging_mixin.py:109} INFO - [2022-01-19 00:42:28,831] {dagbag.py:500} INFO - Filling up the DagBag from /home/airflow/.local/lib/python3.6/site-packages/airflow/example_dags/example_branch_labels.py
[2022-01-19 00:42:28,893] {processor.py:654} INFO - DAG(s) dict_keys(['example_branch_labels']) retrieved from /home/airflow/.local/lib/python3.6/site-packages/airflow/example_dags/example_branch_labels.py
[2022-01-19 00:42:28,913] {logging_mixin.py:109} INFO - [2022-01-19 00:42:28,913] {dag.py:2396} INFO - Sync 1 DAGs
[2022-01-19 00:42:28,961] {logging_mixin.py:109} INFO - [2022-01-19 00:42:28,961] {dag.py:2935} INFO - Setting next_dagrun for example_branch_labels to 2022-01-18 00:00:00+00:00
[2022-01-19 00:42:28,977] {processor.py:171} INFO - Processing /home/airflow/.local/lib/python3.6/site-packages/airflow/example_dags/example_branch_labels.py took 0.158 seconds
[2022-01-19 00:42:59,402] {processor.py:163} INFO - Started process (PID=854) to work on /home/airflow/.local/lib/python3.6/site-packages/airflow/example_dags/example_branch_labels.py
[2022-01-19 00:42:59,408] {processor.py:642} INFO - Processing file /home/airflow/.local/lib/python3.6/site-packages/airflow/example_dags/example_branch_labels.py for tasks to queue
[2022-01-19 00:42:59,411] {logging_mixin.py:109} INFO - [2022-01-19 00:42:59,411] {dagbag.py:500} INFO - Filling up the DagBag from /home/airflow/.local/lib/python3.6/site-packages/airflow/example_dags/example_branch_labels.py
[2022-01-19 00:42:59,489] {processor.py:654} INFO - DAG(s) dict_keys(['example_branch_labels']) retrieved from /home/airflow/.local/lib/python3.6/site-packages/airflow/example_dags/example_branch_labels.py
[2022-01-19 00:42:59,518] {logging_mixin.py:109} INFO - [2022-01-19 00:42:59,518] {dag.py:2396} INFO - Sync 1 DAGs
[2022-01-19 00:42:59,565] {logging_mixin.py:109} INFO - [2022-01-19 00:42:59,564] {dag.py:2935} INFO - Setting next_dagrun for example_branch_labels to 2022-01-18 00:00:00+00:00
[2022-01-19 00:42:59,590] {processor.py:171} INFO - Processing /home/airflow/.local/lib/python3.6/site-packages/airflow/example_dags/example_branch_labels.py took 0.195 seconds
[2022-01-19 00:43:29,832] {processor.py:163} INFO - Started process (PID=917) to work on /home/airflow/.local/lib/python3.6/site-packages/airflow/example_dags/example_branch_labels.py
[2022-01-19 00:43:29,835] {processor.py:642} INFO - Processing file /home/airflow/.local/lib/python3.6/site-packages/airflow/example_dags/example_branch_labels.py for tasks to queue
[2022-01-19 00:43:29,839] {logging_mixin.py:109} INFO - [2022-01-19 00:43:29,839] {dagbag.py:500} INFO - Filling up the DagBag from /home/airflow/.local/lib/python3.6/site-packages/airflow/example_dags/example_branch_labels.py
[2022-01-19 00:43:29,895] {processor.py:654} INFO - DAG(s) dict_keys(['example_branch_labels']) retrieved from /home/airflow/.local/lib/python3.6/site-packages/airflow/example_dags/example_branch_labels.py
[2022-01-19 00:43:29,915] {logging_mixin.py:109} INFO - [2022-01-19 00:43:29,915] {dag.py:2396} INFO - Sync 1 DAGs
[2022-01-19 00:43:29,972] {logging_mixin.py:109} INFO - [2022-01-19 00:43:29,972] {dag.py:2935} INFO - Setting next_dagrun for example_branch_labels to 2022-01-18 00:00:00+00:00
[2022-01-19 00:43:29,995] {processor.py:171} INFO - Processing /home/airflow/.local/lib/python3.6/site-packages/airflow/example_dags/example_branch_labels.py took 0.168 seconds
