[2022-01-19 00:36:52,078] {processor.py:163} INFO - Started process (PID=89) to work on /home/airflow/.local/lib/python3.6/site-packages/airflow/example_dags/example_branch_day_of_week_operator.py
[2022-01-19 00:36:52,081] {processor.py:642} INFO - Processing file /home/airflow/.local/lib/python3.6/site-packages/airflow/example_dags/example_branch_day_of_week_operator.py for tasks to queue
[2022-01-19 00:36:52,082] {logging_mixin.py:109} INFO - [2022-01-19 00:36:52,082] {dagbag.py:500} INFO - Filling up the DagBag from /home/airflow/.local/lib/python3.6/site-packages/airflow/example_dags/example_branch_day_of_week_operator.py
[2022-01-19 00:36:52,151] {processor.py:654} INFO - DAG(s) dict_keys(['example_weekday_branch_operator']) retrieved from /home/airflow/.local/lib/python3.6/site-packages/airflow/example_dags/example_branch_day_of_week_operator.py
[2022-01-19 00:36:56,572] {logging_mixin.py:109} INFO - [2022-01-19 00:36:56,572] {manager.py:496} INFO - Created Permission View: can read on DAG:example_weekday_branch_operator
[2022-01-19 00:36:56,602] {logging_mixin.py:109} INFO - [2022-01-19 00:36:56,602] {manager.py:496} INFO - Created Permission View: can edit on DAG:example_weekday_branch_operator
[2022-01-19 00:36:56,605] {logging_mixin.py:109} INFO - [2022-01-19 00:36:56,603] {dag.py:2396} INFO - Sync 1 DAGs
[2022-01-19 00:36:56,626] {logging_mixin.py:109} INFO - [2022-01-19 00:36:56,625] {dag.py:2415} INFO - Creating ORM DAG for example_weekday_branch_operator
[2022-01-19 00:36:56,649] {logging_mixin.py:109} INFO - [2022-01-19 00:36:56,649] {dag.py:2935} INFO - Setting next_dagrun for example_weekday_branch_operator to 2022-01-18 00:00:00+00:00
[2022-01-19 00:36:56,706] {processor.py:171} INFO - Processing /home/airflow/.local/lib/python3.6/site-packages/airflow/example_dags/example_branch_day_of_week_operator.py took 4.631 seconds
[2022-01-19 00:37:27,266] {processor.py:163} INFO - Started process (PID=246) to work on /home/airflow/.local/lib/python3.6/site-packages/airflow/example_dags/example_branch_day_of_week_operator.py
[2022-01-19 00:37:27,270] {processor.py:642} INFO - Processing file /home/airflow/.local/lib/python3.6/site-packages/airflow/example_dags/example_branch_day_of_week_operator.py for tasks to queue
[2022-01-19 00:37:27,271] {logging_mixin.py:109} INFO - [2022-01-19 00:37:27,271] {dagbag.py:500} INFO - Filling up the DagBag from /home/airflow/.local/lib/python3.6/site-packages/airflow/example_dags/example_branch_day_of_week_operator.py
[2022-01-19 00:37:27,312] {processor.py:654} INFO - DAG(s) dict_keys(['example_weekday_branch_operator']) retrieved from /home/airflow/.local/lib/python3.6/site-packages/airflow/example_dags/example_branch_day_of_week_operator.py
[2022-01-19 00:37:27,328] {logging_mixin.py:109} INFO - [2022-01-19 00:37:27,327] {dag.py:2396} INFO - Sync 1 DAGs
[2022-01-19 00:37:27,349] {logging_mixin.py:109} INFO - [2022-01-19 00:37:27,349] {dag.py:2935} INFO - Setting next_dagrun for example_weekday_branch_operator to 2022-01-18 00:00:00+00:00
[2022-01-19 00:37:27,361] {processor.py:171} INFO - Processing /home/airflow/.local/lib/python3.6/site-packages/airflow/example_dags/example_branch_day_of_week_operator.py took 0.101 seconds
[2022-01-19 00:37:58,015] {processor.py:163} INFO - Started process (PID=301) to work on /home/airflow/.local/lib/python3.6/site-packages/airflow/example_dags/example_branch_day_of_week_operator.py
[2022-01-19 00:37:58,018] {processor.py:642} INFO - Processing file /home/airflow/.local/lib/python3.6/site-packages/airflow/example_dags/example_branch_day_of_week_operator.py for tasks to queue
[2022-01-19 00:37:58,020] {logging_mixin.py:109} INFO - [2022-01-19 00:37:58,019] {dagbag.py:500} INFO - Filling up the DagBag from /home/airflow/.local/lib/python3.6/site-packages/airflow/example_dags/example_branch_day_of_week_operator.py
[2022-01-19 00:37:58,055] {processor.py:654} INFO - DAG(s) dict_keys(['example_weekday_branch_operator']) retrieved from /home/airflow/.local/lib/python3.6/site-packages/airflow/example_dags/example_branch_day_of_week_operator.py
[2022-01-19 00:37:58,068] {logging_mixin.py:109} INFO - [2022-01-19 00:37:58,067] {dag.py:2396} INFO - Sync 1 DAGs
[2022-01-19 00:37:58,089] {logging_mixin.py:109} INFO - [2022-01-19 00:37:58,089] {dag.py:2935} INFO - Setting next_dagrun for example_weekday_branch_operator to 2022-01-18 00:00:00+00:00
[2022-01-19 00:37:58,103] {processor.py:171} INFO - Processing /home/airflow/.local/lib/python3.6/site-packages/airflow/example_dags/example_branch_day_of_week_operator.py took 0.093 seconds
[2022-01-19 00:38:28,419] {processor.py:163} INFO - Started process (PID=365) to work on /home/airflow/.local/lib/python3.6/site-packages/airflow/example_dags/example_branch_day_of_week_operator.py
[2022-01-19 00:38:28,421] {processor.py:642} INFO - Processing file /home/airflow/.local/lib/python3.6/site-packages/airflow/example_dags/example_branch_day_of_week_operator.py for tasks to queue
[2022-01-19 00:38:28,423] {logging_mixin.py:109} INFO - [2022-01-19 00:38:28,423] {dagbag.py:500} INFO - Filling up the DagBag from /home/airflow/.local/lib/python3.6/site-packages/airflow/example_dags/example_branch_day_of_week_operator.py
[2022-01-19 00:38:28,459] {processor.py:654} INFO - DAG(s) dict_keys(['example_weekday_branch_operator']) retrieved from /home/airflow/.local/lib/python3.6/site-packages/airflow/example_dags/example_branch_day_of_week_operator.py
[2022-01-19 00:38:28,474] {logging_mixin.py:109} INFO - [2022-01-19 00:38:28,474] {dag.py:2396} INFO - Sync 1 DAGs
[2022-01-19 00:38:28,505] {logging_mixin.py:109} INFO - [2022-01-19 00:38:28,505] {dag.py:2935} INFO - Setting next_dagrun for example_weekday_branch_operator to 2022-01-18 00:00:00+00:00
[2022-01-19 00:38:28,519] {processor.py:171} INFO - Processing /home/airflow/.local/lib/python3.6/site-packages/airflow/example_dags/example_branch_day_of_week_operator.py took 0.104 seconds
[2022-01-19 00:38:58,582] {processor.py:163} INFO - Started process (PID=420) to work on /home/airflow/.local/lib/python3.6/site-packages/airflow/example_dags/example_branch_day_of_week_operator.py
[2022-01-19 00:38:58,585] {processor.py:642} INFO - Processing file /home/airflow/.local/lib/python3.6/site-packages/airflow/example_dags/example_branch_day_of_week_operator.py for tasks to queue
[2022-01-19 00:38:58,587] {logging_mixin.py:109} INFO - [2022-01-19 00:38:58,587] {dagbag.py:500} INFO - Filling up the DagBag from /home/airflow/.local/lib/python3.6/site-packages/airflow/example_dags/example_branch_day_of_week_operator.py
[2022-01-19 00:38:58,626] {processor.py:654} INFO - DAG(s) dict_keys(['example_weekday_branch_operator']) retrieved from /home/airflow/.local/lib/python3.6/site-packages/airflow/example_dags/example_branch_day_of_week_operator.py
[2022-01-19 00:38:58,649] {logging_mixin.py:109} INFO - [2022-01-19 00:38:58,648] {dag.py:2396} INFO - Sync 1 DAGs
[2022-01-19 00:38:58,687] {logging_mixin.py:109} INFO - [2022-01-19 00:38:58,687] {dag.py:2935} INFO - Setting next_dagrun for example_weekday_branch_operator to 2022-01-18 00:00:00+00:00
[2022-01-19 00:38:58,700] {processor.py:171} INFO - Processing /home/airflow/.local/lib/python3.6/site-packages/airflow/example_dags/example_branch_day_of_week_operator.py took 0.124 seconds
[2022-01-19 00:39:29,168] {processor.py:163} INFO - Started process (PID=475) to work on /home/airflow/.local/lib/python3.6/site-packages/airflow/example_dags/example_branch_day_of_week_operator.py
[2022-01-19 00:39:29,171] {processor.py:642} INFO - Processing file /home/airflow/.local/lib/python3.6/site-packages/airflow/example_dags/example_branch_day_of_week_operator.py for tasks to queue
[2022-01-19 00:39:29,174] {logging_mixin.py:109} INFO - [2022-01-19 00:39:29,174] {dagbag.py:500} INFO - Filling up the DagBag from /home/airflow/.local/lib/python3.6/site-packages/airflow/example_dags/example_branch_day_of_week_operator.py
[2022-01-19 00:39:29,208] {processor.py:654} INFO - DAG(s) dict_keys(['example_weekday_branch_operator']) retrieved from /home/airflow/.local/lib/python3.6/site-packages/airflow/example_dags/example_branch_day_of_week_operator.py
[2022-01-19 00:39:29,225] {logging_mixin.py:109} INFO - [2022-01-19 00:39:29,224] {dag.py:2396} INFO - Sync 1 DAGs
[2022-01-19 00:39:29,250] {logging_mixin.py:109} INFO - [2022-01-19 00:39:29,250] {dag.py:2935} INFO - Setting next_dagrun for example_weekday_branch_operator to 2022-01-18 00:00:00+00:00
[2022-01-19 00:39:29,269] {processor.py:171} INFO - Processing /home/airflow/.local/lib/python3.6/site-packages/airflow/example_dags/example_branch_day_of_week_operator.py took 0.112 seconds
[2022-01-19 00:39:59,905] {processor.py:163} INFO - Started process (PID=530) to work on /home/airflow/.local/lib/python3.6/site-packages/airflow/example_dags/example_branch_day_of_week_operator.py
[2022-01-19 00:39:59,908] {processor.py:642} INFO - Processing file /home/airflow/.local/lib/python3.6/site-packages/airflow/example_dags/example_branch_day_of_week_operator.py for tasks to queue
[2022-01-19 00:39:59,910] {logging_mixin.py:109} INFO - [2022-01-19 00:39:59,910] {dagbag.py:500} INFO - Filling up the DagBag from /home/airflow/.local/lib/python3.6/site-packages/airflow/example_dags/example_branch_day_of_week_operator.py
[2022-01-19 00:39:59,961] {processor.py:654} INFO - DAG(s) dict_keys(['example_weekday_branch_operator']) retrieved from /home/airflow/.local/lib/python3.6/site-packages/airflow/example_dags/example_branch_day_of_week_operator.py
[2022-01-19 00:39:59,981] {logging_mixin.py:109} INFO - [2022-01-19 00:39:59,981] {dag.py:2396} INFO - Sync 1 DAGs
[2022-01-19 00:40:00,049] {logging_mixin.py:109} INFO - [2022-01-19 00:40:00,049] {dag.py:2935} INFO - Setting next_dagrun for example_weekday_branch_operator to 2022-01-18 00:00:00+00:00
[2022-01-19 00:40:00,082] {processor.py:171} INFO - Processing /home/airflow/.local/lib/python3.6/site-packages/airflow/example_dags/example_branch_day_of_week_operator.py took 0.185 seconds
[2022-01-19 00:40:30,429] {processor.py:163} INFO - Started process (PID=595) to work on /home/airflow/.local/lib/python3.6/site-packages/airflow/example_dags/example_branch_day_of_week_operator.py
[2022-01-19 00:40:30,432] {processor.py:642} INFO - Processing file /home/airflow/.local/lib/python3.6/site-packages/airflow/example_dags/example_branch_day_of_week_operator.py for tasks to queue
[2022-01-19 00:40:30,435] {logging_mixin.py:109} INFO - [2022-01-19 00:40:30,434] {dagbag.py:500} INFO - Filling up the DagBag from /home/airflow/.local/lib/python3.6/site-packages/airflow/example_dags/example_branch_day_of_week_operator.py
[2022-01-19 00:40:30,487] {processor.py:654} INFO - DAG(s) dict_keys(['example_weekday_branch_operator']) retrieved from /home/airflow/.local/lib/python3.6/site-packages/airflow/example_dags/example_branch_day_of_week_operator.py
[2022-01-19 00:40:30,506] {logging_mixin.py:109} INFO - [2022-01-19 00:40:30,506] {dag.py:2396} INFO - Sync 1 DAGs
[2022-01-19 00:40:30,544] {logging_mixin.py:109} INFO - [2022-01-19 00:40:30,544] {dag.py:2935} INFO - Setting next_dagrun for example_weekday_branch_operator to 2022-01-18 00:00:00+00:00
[2022-01-19 00:40:30,563] {processor.py:171} INFO - Processing /home/airflow/.local/lib/python3.6/site-packages/airflow/example_dags/example_branch_day_of_week_operator.py took 0.140 seconds
[2022-01-19 00:41:00,732] {processor.py:163} INFO - Started process (PID=649) to work on /home/airflow/.local/lib/python3.6/site-packages/airflow/example_dags/example_branch_day_of_week_operator.py
[2022-01-19 00:41:00,735] {processor.py:642} INFO - Processing file /home/airflow/.local/lib/python3.6/site-packages/airflow/example_dags/example_branch_day_of_week_operator.py for tasks to queue
[2022-01-19 00:41:00,737] {logging_mixin.py:109} INFO - [2022-01-19 00:41:00,737] {dagbag.py:500} INFO - Filling up the DagBag from /home/airflow/.local/lib/python3.6/site-packages/airflow/example_dags/example_branch_day_of_week_operator.py
[2022-01-19 00:41:00,780] {processor.py:654} INFO - DAG(s) dict_keys(['example_weekday_branch_operator']) retrieved from /home/airflow/.local/lib/python3.6/site-packages/airflow/example_dags/example_branch_day_of_week_operator.py
[2022-01-19 00:41:00,803] {logging_mixin.py:109} INFO - [2022-01-19 00:41:00,803] {dag.py:2396} INFO - Sync 1 DAGs
[2022-01-19 00:41:00,859] {logging_mixin.py:109} INFO - [2022-01-19 00:41:00,859] {dag.py:2935} INFO - Setting next_dagrun for example_weekday_branch_operator to 2022-01-18 00:00:00+00:00
[2022-01-19 00:41:00,883] {processor.py:171} INFO - Processing /home/airflow/.local/lib/python3.6/site-packages/airflow/example_dags/example_branch_day_of_week_operator.py took 0.157 seconds
[2022-01-19 00:41:31,373] {processor.py:163} INFO - Started process (PID=701) to work on /home/airflow/.local/lib/python3.6/site-packages/airflow/example_dags/example_branch_day_of_week_operator.py
[2022-01-19 00:41:31,376] {processor.py:642} INFO - Processing file /home/airflow/.local/lib/python3.6/site-packages/airflow/example_dags/example_branch_day_of_week_operator.py for tasks to queue
[2022-01-19 00:41:31,377] {logging_mixin.py:109} INFO - [2022-01-19 00:41:31,377] {dagbag.py:500} INFO - Filling up the DagBag from /home/airflow/.local/lib/python3.6/site-packages/airflow/example_dags/example_branch_day_of_week_operator.py
[2022-01-19 00:41:31,416] {processor.py:654} INFO - DAG(s) dict_keys(['example_weekday_branch_operator']) retrieved from /home/airflow/.local/lib/python3.6/site-packages/airflow/example_dags/example_branch_day_of_week_operator.py
[2022-01-19 00:41:31,429] {logging_mixin.py:109} INFO - [2022-01-19 00:41:31,429] {dag.py:2396} INFO - Sync 1 DAGs
[2022-01-19 00:41:31,463] {logging_mixin.py:109} INFO - [2022-01-19 00:41:31,462] {dag.py:2935} INFO - Setting next_dagrun for example_weekday_branch_operator to 2022-01-18 00:00:00+00:00
[2022-01-19 00:41:31,479] {processor.py:171} INFO - Processing /home/airflow/.local/lib/python3.6/site-packages/airflow/example_dags/example_branch_day_of_week_operator.py took 0.110 seconds
[2022-01-19 00:42:02,066] {processor.py:163} INFO - Started process (PID=755) to work on /home/airflow/.local/lib/python3.6/site-packages/airflow/example_dags/example_branch_day_of_week_operator.py
[2022-01-19 00:42:02,069] {processor.py:642} INFO - Processing file /home/airflow/.local/lib/python3.6/site-packages/airflow/example_dags/example_branch_day_of_week_operator.py for tasks to queue
[2022-01-19 00:42:02,071] {logging_mixin.py:109} INFO - [2022-01-19 00:42:02,071] {dagbag.py:500} INFO - Filling up the DagBag from /home/airflow/.local/lib/python3.6/site-packages/airflow/example_dags/example_branch_day_of_week_operator.py
[2022-01-19 00:42:02,125] {processor.py:654} INFO - DAG(s) dict_keys(['example_weekday_branch_operator']) retrieved from /home/airflow/.local/lib/python3.6/site-packages/airflow/example_dags/example_branch_day_of_week_operator.py
[2022-01-19 00:42:02,160] {logging_mixin.py:109} INFO - [2022-01-19 00:42:02,160] {dag.py:2396} INFO - Sync 1 DAGs
[2022-01-19 00:42:02,200] {logging_mixin.py:109} INFO - [2022-01-19 00:42:02,200] {dag.py:2935} INFO - Setting next_dagrun for example_weekday_branch_operator to 2022-01-18 00:00:00+00:00
[2022-01-19 00:42:02,218] {processor.py:171} INFO - Processing /home/airflow/.local/lib/python3.6/site-packages/airflow/example_dags/example_branch_day_of_week_operator.py took 0.158 seconds
[2022-01-19 00:42:32,572] {processor.py:163} INFO - Started process (PID=817) to work on /home/airflow/.local/lib/python3.6/site-packages/airflow/example_dags/example_branch_day_of_week_operator.py
[2022-01-19 00:42:32,575] {processor.py:642} INFO - Processing file /home/airflow/.local/lib/python3.6/site-packages/airflow/example_dags/example_branch_day_of_week_operator.py for tasks to queue
[2022-01-19 00:42:32,578] {logging_mixin.py:109} INFO - [2022-01-19 00:42:32,578] {dagbag.py:500} INFO - Filling up the DagBag from /home/airflow/.local/lib/python3.6/site-packages/airflow/example_dags/example_branch_day_of_week_operator.py
[2022-01-19 00:42:32,654] {processor.py:654} INFO - DAG(s) dict_keys(['example_weekday_branch_operator']) retrieved from /home/airflow/.local/lib/python3.6/site-packages/airflow/example_dags/example_branch_day_of_week_operator.py
[2022-01-19 00:42:32,675] {logging_mixin.py:109} INFO - [2022-01-19 00:42:32,675] {dag.py:2396} INFO - Sync 1 DAGs
[2022-01-19 00:42:32,710] {logging_mixin.py:109} INFO - [2022-01-19 00:42:32,710] {dag.py:2935} INFO - Setting next_dagrun for example_weekday_branch_operator to 2022-01-18 00:00:00+00:00
[2022-01-19 00:42:32,740] {processor.py:171} INFO - Processing /home/airflow/.local/lib/python3.6/site-packages/airflow/example_dags/example_branch_day_of_week_operator.py took 0.176 seconds
[2022-01-19 00:43:03,517] {processor.py:163} INFO - Started process (PID=871) to work on /home/airflow/.local/lib/python3.6/site-packages/airflow/example_dags/example_branch_day_of_week_operator.py
[2022-01-19 00:43:03,522] {processor.py:642} INFO - Processing file /home/airflow/.local/lib/python3.6/site-packages/airflow/example_dags/example_branch_day_of_week_operator.py for tasks to queue
[2022-01-19 00:43:03,526] {logging_mixin.py:109} INFO - [2022-01-19 00:43:03,526] {dagbag.py:500} INFO - Filling up the DagBag from /home/airflow/.local/lib/python3.6/site-packages/airflow/example_dags/example_branch_day_of_week_operator.py
[2022-01-19 00:43:03,621] {processor.py:654} INFO - DAG(s) dict_keys(['example_weekday_branch_operator']) retrieved from /home/airflow/.local/lib/python3.6/site-packages/airflow/example_dags/example_branch_day_of_week_operator.py
[2022-01-19 00:43:03,661] {logging_mixin.py:109} INFO - [2022-01-19 00:43:03,661] {dag.py:2396} INFO - Sync 1 DAGs
[2022-01-19 00:43:03,725] {logging_mixin.py:109} INFO - [2022-01-19 00:43:03,725] {dag.py:2935} INFO - Setting next_dagrun for example_weekday_branch_operator to 2022-01-18 00:00:00+00:00
[2022-01-19 00:43:03,748] {processor.py:171} INFO - Processing /home/airflow/.local/lib/python3.6/site-packages/airflow/example_dags/example_branch_day_of_week_operator.py took 0.242 seconds
[2022-01-19 00:43:34,517] {processor.py:163} INFO - Started process (PID=924) to work on /home/airflow/.local/lib/python3.6/site-packages/airflow/example_dags/example_branch_day_of_week_operator.py
[2022-01-19 00:43:34,524] {processor.py:642} INFO - Processing file /home/airflow/.local/lib/python3.6/site-packages/airflow/example_dags/example_branch_day_of_week_operator.py for tasks to queue
[2022-01-19 00:43:34,528] {logging_mixin.py:109} INFO - [2022-01-19 00:43:34,528] {dagbag.py:500} INFO - Filling up the DagBag from /home/airflow/.local/lib/python3.6/site-packages/airflow/example_dags/example_branch_day_of_week_operator.py
[2022-01-19 00:43:34,603] {processor.py:654} INFO - DAG(s) dict_keys(['example_weekday_branch_operator']) retrieved from /home/airflow/.local/lib/python3.6/site-packages/airflow/example_dags/example_branch_day_of_week_operator.py
[2022-01-19 00:43:34,631] {logging_mixin.py:109} INFO - [2022-01-19 00:43:34,630] {dag.py:2396} INFO - Sync 1 DAGs
[2022-01-19 00:43:34,674] {logging_mixin.py:109} INFO - [2022-01-19 00:43:34,674] {dag.py:2935} INFO - Setting next_dagrun for example_weekday_branch_operator to 2022-01-18 00:00:00+00:00
[2022-01-19 00:43:34,698] {processor.py:171} INFO - Processing /home/airflow/.local/lib/python3.6/site-packages/airflow/example_dags/example_branch_day_of_week_operator.py took 0.189 seconds
[2022-01-19 00:44:05,068] {processor.py:163} INFO - Started process (PID=977) to work on /home/airflow/.local/lib/python3.6/site-packages/airflow/example_dags/example_branch_day_of_week_operator.py
[2022-01-19 00:44:05,070] {processor.py:642} INFO - Processing file /home/airflow/.local/lib/python3.6/site-packages/airflow/example_dags/example_branch_day_of_week_operator.py for tasks to queue
[2022-01-19 00:44:05,072] {logging_mixin.py:109} INFO - [2022-01-19 00:44:05,072] {dagbag.py:500} INFO - Filling up the DagBag from /home/airflow/.local/lib/python3.6/site-packages/airflow/example_dags/example_branch_day_of_week_operator.py
[2022-01-19 00:44:05,118] {processor.py:654} INFO - DAG(s) dict_keys(['example_weekday_branch_operator']) retrieved from /home/airflow/.local/lib/python3.6/site-packages/airflow/example_dags/example_branch_day_of_week_operator.py
[2022-01-19 00:44:05,137] {logging_mixin.py:109} INFO - [2022-01-19 00:44:05,137] {dag.py:2396} INFO - Sync 1 DAGs
[2022-01-19 00:44:05,180] {logging_mixin.py:109} INFO - [2022-01-19 00:44:05,179] {dag.py:2935} INFO - Setting next_dagrun for example_weekday_branch_operator to 2022-01-18 00:00:00+00:00
[2022-01-19 00:44:05,197] {processor.py:171} INFO - Processing /home/airflow/.local/lib/python3.6/site-packages/airflow/example_dags/example_branch_day_of_week_operator.py took 0.137 seconds
[2022-01-19 00:44:35,386] {processor.py:163} INFO - Started process (PID=1034) to work on /home/airflow/.local/lib/python3.6/site-packages/airflow/example_dags/example_branch_day_of_week_operator.py
[2022-01-19 00:44:35,388] {processor.py:642} INFO - Processing file /home/airflow/.local/lib/python3.6/site-packages/airflow/example_dags/example_branch_day_of_week_operator.py for tasks to queue
[2022-01-19 00:44:35,391] {logging_mixin.py:109} INFO - [2022-01-19 00:44:35,391] {dagbag.py:500} INFO - Filling up the DagBag from /home/airflow/.local/lib/python3.6/site-packages/airflow/example_dags/example_branch_day_of_week_operator.py
[2022-01-19 00:44:35,441] {processor.py:654} INFO - DAG(s) dict_keys(['example_weekday_branch_operator']) retrieved from /home/airflow/.local/lib/python3.6/site-packages/airflow/example_dags/example_branch_day_of_week_operator.py
[2022-01-19 00:44:35,460] {logging_mixin.py:109} INFO - [2022-01-19 00:44:35,460] {dag.py:2396} INFO - Sync 1 DAGs
[2022-01-19 00:44:35,492] {logging_mixin.py:109} INFO - [2022-01-19 00:44:35,492] {dag.py:2935} INFO - Setting next_dagrun for example_weekday_branch_operator to 2022-01-18 00:00:00+00:00
[2022-01-19 00:44:35,514] {processor.py:171} INFO - Processing /home/airflow/.local/lib/python3.6/site-packages/airflow/example_dags/example_branch_day_of_week_operator.py took 0.134 seconds
[2022-01-19 00:45:06,077] {processor.py:163} INFO - Started process (PID=1098) to work on /home/airflow/.local/lib/python3.6/site-packages/airflow/example_dags/example_branch_day_of_week_operator.py
[2022-01-19 00:45:06,079] {processor.py:642} INFO - Processing file /home/airflow/.local/lib/python3.6/site-packages/airflow/example_dags/example_branch_day_of_week_operator.py for tasks to queue
[2022-01-19 00:45:06,081] {logging_mixin.py:109} INFO - [2022-01-19 00:45:06,081] {dagbag.py:500} INFO - Filling up the DagBag from /home/airflow/.local/lib/python3.6/site-packages/airflow/example_dags/example_branch_day_of_week_operator.py
[2022-01-19 00:45:06,125] {processor.py:654} INFO - DAG(s) dict_keys(['example_weekday_branch_operator']) retrieved from /home/airflow/.local/lib/python3.6/site-packages/airflow/example_dags/example_branch_day_of_week_operator.py
[2022-01-19 00:45:06,143] {logging_mixin.py:109} INFO - [2022-01-19 00:45:06,143] {dag.py:2396} INFO - Sync 1 DAGs
[2022-01-19 00:45:06,181] {logging_mixin.py:109} INFO - [2022-01-19 00:45:06,181] {dag.py:2935} INFO - Setting next_dagrun for example_weekday_branch_operator to 2022-01-18 00:00:00+00:00
[2022-01-19 00:45:06,198] {processor.py:171} INFO - Processing /home/airflow/.local/lib/python3.6/site-packages/airflow/example_dags/example_branch_day_of_week_operator.py took 0.128 seconds
[2022-01-19 00:45:36,367] {processor.py:163} INFO - Started process (PID=1150) to work on /home/airflow/.local/lib/python3.6/site-packages/airflow/example_dags/example_branch_day_of_week_operator.py
[2022-01-19 00:45:36,370] {processor.py:642} INFO - Processing file /home/airflow/.local/lib/python3.6/site-packages/airflow/example_dags/example_branch_day_of_week_operator.py for tasks to queue
[2022-01-19 00:45:36,372] {logging_mixin.py:109} INFO - [2022-01-19 00:45:36,372] {dagbag.py:500} INFO - Filling up the DagBag from /home/airflow/.local/lib/python3.6/site-packages/airflow/example_dags/example_branch_day_of_week_operator.py
[2022-01-19 00:45:36,413] {processor.py:654} INFO - DAG(s) dict_keys(['example_weekday_branch_operator']) retrieved from /home/airflow/.local/lib/python3.6/site-packages/airflow/example_dags/example_branch_day_of_week_operator.py
[2022-01-19 00:45:36,441] {logging_mixin.py:109} INFO - [2022-01-19 00:45:36,441] {dag.py:2396} INFO - Sync 1 DAGs
[2022-01-19 00:45:36,490] {logging_mixin.py:109} INFO - [2022-01-19 00:45:36,490] {dag.py:2935} INFO - Setting next_dagrun for example_weekday_branch_operator to 2022-01-18 00:00:00+00:00
[2022-01-19 00:45:36,514] {processor.py:171} INFO - Processing /home/airflow/.local/lib/python3.6/site-packages/airflow/example_dags/example_branch_day_of_week_operator.py took 0.154 seconds
[2022-01-19 00:46:06,913] {processor.py:163} INFO - Started process (PID=1204) to work on /home/airflow/.local/lib/python3.6/site-packages/airflow/example_dags/example_branch_day_of_week_operator.py
[2022-01-19 00:46:06,917] {processor.py:642} INFO - Processing file /home/airflow/.local/lib/python3.6/site-packages/airflow/example_dags/example_branch_day_of_week_operator.py for tasks to queue
[2022-01-19 00:46:06,919] {logging_mixin.py:109} INFO - [2022-01-19 00:46:06,919] {dagbag.py:500} INFO - Filling up the DagBag from /home/airflow/.local/lib/python3.6/site-packages/airflow/example_dags/example_branch_day_of_week_operator.py
[2022-01-19 00:46:07,004] {processor.py:654} INFO - DAG(s) dict_keys(['example_weekday_branch_operator']) retrieved from /home/airflow/.local/lib/python3.6/site-packages/airflow/example_dags/example_branch_day_of_week_operator.py
[2022-01-19 00:46:07,036] {logging_mixin.py:109} INFO - [2022-01-19 00:46:07,035] {dag.py:2396} INFO - Sync 1 DAGs
[2022-01-19 00:46:07,096] {logging_mixin.py:109} INFO - [2022-01-19 00:46:07,096] {dag.py:2935} INFO - Setting next_dagrun for example_weekday_branch_operator to 2022-01-18 00:00:00+00:00
[2022-01-19 00:46:07,128] {processor.py:171} INFO - Processing /home/airflow/.local/lib/python3.6/site-packages/airflow/example_dags/example_branch_day_of_week_operator.py took 0.227 seconds
[2022-01-19 00:46:37,289] {processor.py:163} INFO - Started process (PID=1260) to work on /home/airflow/.local/lib/python3.6/site-packages/airflow/example_dags/example_branch_day_of_week_operator.py
[2022-01-19 00:46:37,294] {processor.py:642} INFO - Processing file /home/airflow/.local/lib/python3.6/site-packages/airflow/example_dags/example_branch_day_of_week_operator.py for tasks to queue
[2022-01-19 00:46:37,296] {logging_mixin.py:109} INFO - [2022-01-19 00:46:37,296] {dagbag.py:500} INFO - Filling up the DagBag from /home/airflow/.local/lib/python3.6/site-packages/airflow/example_dags/example_branch_day_of_week_operator.py
[2022-01-19 00:46:37,351] {processor.py:654} INFO - DAG(s) dict_keys(['example_weekday_branch_operator']) retrieved from /home/airflow/.local/lib/python3.6/site-packages/airflow/example_dags/example_branch_day_of_week_operator.py
[2022-01-19 00:46:37,377] {logging_mixin.py:109} INFO - [2022-01-19 00:46:37,376] {dag.py:2396} INFO - Sync 1 DAGs
[2022-01-19 00:46:37,420] {logging_mixin.py:109} INFO - [2022-01-19 00:46:37,420] {dag.py:2935} INFO - Setting next_dagrun for example_weekday_branch_operator to 2022-01-18 00:00:00+00:00
[2022-01-19 00:46:37,442] {processor.py:171} INFO - Processing /home/airflow/.local/lib/python3.6/site-packages/airflow/example_dags/example_branch_day_of_week_operator.py took 0.161 seconds
[2022-01-19 00:47:07,549] {processor.py:163} INFO - Started process (PID=1313) to work on /home/airflow/.local/lib/python3.6/site-packages/airflow/example_dags/example_branch_day_of_week_operator.py
[2022-01-19 00:47:07,555] {processor.py:642} INFO - Processing file /home/airflow/.local/lib/python3.6/site-packages/airflow/example_dags/example_branch_day_of_week_operator.py for tasks to queue
[2022-01-19 00:47:07,560] {logging_mixin.py:109} INFO - [2022-01-19 00:47:07,559] {dagbag.py:500} INFO - Filling up the DagBag from /home/airflow/.local/lib/python3.6/site-packages/airflow/example_dags/example_branch_day_of_week_operator.py
[2022-01-19 00:47:07,631] {processor.py:654} INFO - DAG(s) dict_keys(['example_weekday_branch_operator']) retrieved from /home/airflow/.local/lib/python3.6/site-packages/airflow/example_dags/example_branch_day_of_week_operator.py
[2022-01-19 00:47:07,660] {logging_mixin.py:109} INFO - [2022-01-19 00:47:07,660] {dag.py:2396} INFO - Sync 1 DAGs
[2022-01-19 00:47:07,712] {logging_mixin.py:109} INFO - [2022-01-19 00:47:07,712] {dag.py:2935} INFO - Setting next_dagrun for example_weekday_branch_operator to 2022-01-18 00:00:00+00:00
[2022-01-19 00:47:07,735] {processor.py:171} INFO - Processing /home/airflow/.local/lib/python3.6/site-packages/airflow/example_dags/example_branch_day_of_week_operator.py took 0.202 seconds
[2022-01-19 00:47:37,903] {processor.py:163} INFO - Started process (PID=1377) to work on /home/airflow/.local/lib/python3.6/site-packages/airflow/example_dags/example_branch_day_of_week_operator.py
[2022-01-19 00:47:37,908] {processor.py:642} INFO - Processing file /home/airflow/.local/lib/python3.6/site-packages/airflow/example_dags/example_branch_day_of_week_operator.py for tasks to queue
[2022-01-19 00:47:37,911] {logging_mixin.py:109} INFO - [2022-01-19 00:47:37,911] {dagbag.py:500} INFO - Filling up the DagBag from /home/airflow/.local/lib/python3.6/site-packages/airflow/example_dags/example_branch_day_of_week_operator.py
[2022-01-19 00:47:37,968] {processor.py:654} INFO - DAG(s) dict_keys(['example_weekday_branch_operator']) retrieved from /home/airflow/.local/lib/python3.6/site-packages/airflow/example_dags/example_branch_day_of_week_operator.py
[2022-01-19 00:47:37,985] {logging_mixin.py:109} INFO - [2022-01-19 00:47:37,984] {dag.py:2396} INFO - Sync 1 DAGs
[2022-01-19 00:47:38,010] {logging_mixin.py:109} INFO - [2022-01-19 00:47:38,010] {dag.py:2935} INFO - Setting next_dagrun for example_weekday_branch_operator to 2022-01-18 00:00:00+00:00
[2022-01-19 00:47:38,024] {processor.py:171} INFO - Processing /home/airflow/.local/lib/python3.6/site-packages/airflow/example_dags/example_branch_day_of_week_operator.py took 0.130 seconds
[2022-01-19 00:48:08,318] {processor.py:163} INFO - Started process (PID=1431) to work on /home/airflow/.local/lib/python3.6/site-packages/airflow/example_dags/example_branch_day_of_week_operator.py
[2022-01-19 00:48:08,322] {processor.py:642} INFO - Processing file /home/airflow/.local/lib/python3.6/site-packages/airflow/example_dags/example_branch_day_of_week_operator.py for tasks to queue
[2022-01-19 00:48:08,326] {logging_mixin.py:109} INFO - [2022-01-19 00:48:08,325] {dagbag.py:500} INFO - Filling up the DagBag from /home/airflow/.local/lib/python3.6/site-packages/airflow/example_dags/example_branch_day_of_week_operator.py
[2022-01-19 00:48:08,396] {processor.py:654} INFO - DAG(s) dict_keys(['example_weekday_branch_operator']) retrieved from /home/airflow/.local/lib/python3.6/site-packages/airflow/example_dags/example_branch_day_of_week_operator.py
[2022-01-19 00:48:08,415] {logging_mixin.py:109} INFO - [2022-01-19 00:48:08,415] {dag.py:2396} INFO - Sync 1 DAGs
[2022-01-19 00:48:08,443] {logging_mixin.py:109} INFO - [2022-01-19 00:48:08,442] {dag.py:2935} INFO - Setting next_dagrun for example_weekday_branch_operator to 2022-01-18 00:00:00+00:00
[2022-01-19 00:48:08,459] {processor.py:171} INFO - Processing /home/airflow/.local/lib/python3.6/site-packages/airflow/example_dags/example_branch_day_of_week_operator.py took 0.147 seconds
[2022-01-19 00:48:39,106] {processor.py:163} INFO - Started process (PID=1486) to work on /home/airflow/.local/lib/python3.6/site-packages/airflow/example_dags/example_branch_day_of_week_operator.py
[2022-01-19 00:48:39,111] {processor.py:642} INFO - Processing file /home/airflow/.local/lib/python3.6/site-packages/airflow/example_dags/example_branch_day_of_week_operator.py for tasks to queue
[2022-01-19 00:48:39,114] {logging_mixin.py:109} INFO - [2022-01-19 00:48:39,114] {dagbag.py:500} INFO - Filling up the DagBag from /home/airflow/.local/lib/python3.6/site-packages/airflow/example_dags/example_branch_day_of_week_operator.py
[2022-01-19 00:48:39,177] {processor.py:654} INFO - DAG(s) dict_keys(['example_weekday_branch_operator']) retrieved from /home/airflow/.local/lib/python3.6/site-packages/airflow/example_dags/example_branch_day_of_week_operator.py
[2022-01-19 00:48:39,207] {logging_mixin.py:109} INFO - [2022-01-19 00:48:39,207] {dag.py:2396} INFO - Sync 1 DAGs
[2022-01-19 00:48:39,251] {logging_mixin.py:109} INFO - [2022-01-19 00:48:39,251] {dag.py:2935} INFO - Setting next_dagrun for example_weekday_branch_operator to 2022-01-18 00:00:00+00:00
[2022-01-19 00:48:39,263] {processor.py:171} INFO - Processing /home/airflow/.local/lib/python3.6/site-packages/airflow/example_dags/example_branch_day_of_week_operator.py took 0.165 seconds
