[2022-01-19 00:36:48,850] {processor.py:163} INFO - Started process (PID=80) to work on /home/airflow/.local/lib/python3.6/site-packages/airflow/example_dags/example_nested_branch_dag.py
[2022-01-19 00:36:48,852] {processor.py:642} INFO - Processing file /home/airflow/.local/lib/python3.6/site-packages/airflow/example_dags/example_nested_branch_dag.py for tasks to queue
[2022-01-19 00:36:48,853] {logging_mixin.py:109} INFO - [2022-01-19 00:36:48,853] {dagbag.py:500} INFO - Filling up the DagBag from /home/airflow/.local/lib/python3.6/site-packages/airflow/example_dags/example_nested_branch_dag.py
[2022-01-19 00:36:48,909] {processor.py:654} INFO - DAG(s) dict_keys(['example_nested_branch_dag']) retrieved from /home/airflow/.local/lib/python3.6/site-packages/airflow/example_dags/example_nested_branch_dag.py
[2022-01-19 00:36:51,973] {logging_mixin.py:109} INFO - [2022-01-19 00:36:51,973] {manager.py:496} INFO - Created Permission View: can read on DAG:example_nested_branch_dag
[2022-01-19 00:36:51,984] {logging_mixin.py:109} INFO - [2022-01-19 00:36:51,984] {manager.py:496} INFO - Created Permission View: can edit on DAG:example_nested_branch_dag
[2022-01-19 00:36:51,986] {logging_mixin.py:109} INFO - [2022-01-19 00:36:51,985] {dag.py:2396} INFO - Sync 1 DAGs
[2022-01-19 00:36:51,997] {logging_mixin.py:109} INFO - [2022-01-19 00:36:51,996] {dag.py:2415} INFO - Creating ORM DAG for example_nested_branch_dag
[2022-01-19 00:36:52,007] {logging_mixin.py:109} INFO - [2022-01-19 00:36:52,006] {dag.py:2935} INFO - Setting next_dagrun for example_nested_branch_dag to 2022-01-18 00:00:00+00:00
[2022-01-19 00:36:52,020] {processor.py:171} INFO - Processing /home/airflow/.local/lib/python3.6/site-packages/airflow/example_dags/example_nested_branch_dag.py took 3.174 seconds
[2022-01-19 00:37:24,191] {processor.py:163} INFO - Started process (PID=242) to work on /home/airflow/.local/lib/python3.6/site-packages/airflow/example_dags/example_nested_branch_dag.py
[2022-01-19 00:37:24,194] {processor.py:642} INFO - Processing file /home/airflow/.local/lib/python3.6/site-packages/airflow/example_dags/example_nested_branch_dag.py for tasks to queue
[2022-01-19 00:37:24,196] {logging_mixin.py:109} INFO - [2022-01-19 00:37:24,196] {dagbag.py:500} INFO - Filling up the DagBag from /home/airflow/.local/lib/python3.6/site-packages/airflow/example_dags/example_nested_branch_dag.py
[2022-01-19 00:37:24,262] {processor.py:654} INFO - DAG(s) dict_keys(['example_nested_branch_dag']) retrieved from /home/airflow/.local/lib/python3.6/site-packages/airflow/example_dags/example_nested_branch_dag.py
[2022-01-19 00:37:24,281] {logging_mixin.py:109} INFO - [2022-01-19 00:37:24,281] {dag.py:2396} INFO - Sync 1 DAGs
[2022-01-19 00:37:24,306] {logging_mixin.py:109} INFO - [2022-01-19 00:37:24,306] {dag.py:2935} INFO - Setting next_dagrun for example_nested_branch_dag to 2022-01-18 00:00:00+00:00
[2022-01-19 00:37:24,320] {processor.py:171} INFO - Processing /home/airflow/.local/lib/python3.6/site-packages/airflow/example_dags/example_nested_branch_dag.py took 0.136 seconds
[2022-01-19 00:37:54,882] {processor.py:163} INFO - Started process (PID=300) to work on /home/airflow/.local/lib/python3.6/site-packages/airflow/example_dags/example_nested_branch_dag.py
[2022-01-19 00:37:54,884] {processor.py:642} INFO - Processing file /home/airflow/.local/lib/python3.6/site-packages/airflow/example_dags/example_nested_branch_dag.py for tasks to queue
[2022-01-19 00:37:54,886] {logging_mixin.py:109} INFO - [2022-01-19 00:37:54,886] {dagbag.py:500} INFO - Filling up the DagBag from /home/airflow/.local/lib/python3.6/site-packages/airflow/example_dags/example_nested_branch_dag.py
[2022-01-19 00:37:54,925] {processor.py:654} INFO - DAG(s) dict_keys(['example_nested_branch_dag']) retrieved from /home/airflow/.local/lib/python3.6/site-packages/airflow/example_dags/example_nested_branch_dag.py
[2022-01-19 00:37:54,938] {logging_mixin.py:109} INFO - [2022-01-19 00:37:54,938] {dag.py:2396} INFO - Sync 1 DAGs
[2022-01-19 00:37:54,956] {logging_mixin.py:109} INFO - [2022-01-19 00:37:54,956] {dag.py:2935} INFO - Setting next_dagrun for example_nested_branch_dag to 2022-01-18 00:00:00+00:00
[2022-01-19 00:37:54,966] {processor.py:171} INFO - Processing /home/airflow/.local/lib/python3.6/site-packages/airflow/example_dags/example_nested_branch_dag.py took 0.089 seconds
[2022-01-19 00:38:25,292] {processor.py:163} INFO - Started process (PID=354) to work on /home/airflow/.local/lib/python3.6/site-packages/airflow/example_dags/example_nested_branch_dag.py
[2022-01-19 00:38:25,295] {processor.py:642} INFO - Processing file /home/airflow/.local/lib/python3.6/site-packages/airflow/example_dags/example_nested_branch_dag.py for tasks to queue
[2022-01-19 00:38:25,296] {logging_mixin.py:109} INFO - [2022-01-19 00:38:25,296] {dagbag.py:500} INFO - Filling up the DagBag from /home/airflow/.local/lib/python3.6/site-packages/airflow/example_dags/example_nested_branch_dag.py
[2022-01-19 00:38:25,341] {processor.py:654} INFO - DAG(s) dict_keys(['example_nested_branch_dag']) retrieved from /home/airflow/.local/lib/python3.6/site-packages/airflow/example_dags/example_nested_branch_dag.py
[2022-01-19 00:38:25,353] {logging_mixin.py:109} INFO - [2022-01-19 00:38:25,353] {dag.py:2396} INFO - Sync 1 DAGs
[2022-01-19 00:38:25,372] {logging_mixin.py:109} INFO - [2022-01-19 00:38:25,371] {dag.py:2935} INFO - Setting next_dagrun for example_nested_branch_dag to 2022-01-18 00:00:00+00:00
[2022-01-19 00:38:25,382] {processor.py:171} INFO - Processing /home/airflow/.local/lib/python3.6/site-packages/airflow/example_dags/example_nested_branch_dag.py took 0.095 seconds
[2022-01-19 00:38:56,394] {processor.py:163} INFO - Started process (PID=419) to work on /home/airflow/.local/lib/python3.6/site-packages/airflow/example_dags/example_nested_branch_dag.py
[2022-01-19 00:38:56,402] {processor.py:642} INFO - Processing file /home/airflow/.local/lib/python3.6/site-packages/airflow/example_dags/example_nested_branch_dag.py for tasks to queue
[2022-01-19 00:38:56,404] {logging_mixin.py:109} INFO - [2022-01-19 00:38:56,404] {dagbag.py:500} INFO - Filling up the DagBag from /home/airflow/.local/lib/python3.6/site-packages/airflow/example_dags/example_nested_branch_dag.py
[2022-01-19 00:38:56,484] {processor.py:654} INFO - DAG(s) dict_keys(['example_nested_branch_dag']) retrieved from /home/airflow/.local/lib/python3.6/site-packages/airflow/example_dags/example_nested_branch_dag.py
[2022-01-19 00:38:56,501] {logging_mixin.py:109} INFO - [2022-01-19 00:38:56,501] {dag.py:2396} INFO - Sync 1 DAGs
[2022-01-19 00:38:56,531] {logging_mixin.py:109} INFO - [2022-01-19 00:38:56,531] {dag.py:2935} INFO - Setting next_dagrun for example_nested_branch_dag to 2022-01-18 00:00:00+00:00
[2022-01-19 00:38:56,548] {processor.py:171} INFO - Processing /home/airflow/.local/lib/python3.6/site-packages/airflow/example_dags/example_nested_branch_dag.py took 0.159 seconds
[2022-01-19 00:39:27,001] {processor.py:163} INFO - Started process (PID=473) to work on /home/airflow/.local/lib/python3.6/site-packages/airflow/example_dags/example_nested_branch_dag.py
[2022-01-19 00:39:27,003] {processor.py:642} INFO - Processing file /home/airflow/.local/lib/python3.6/site-packages/airflow/example_dags/example_nested_branch_dag.py for tasks to queue
[2022-01-19 00:39:27,004] {logging_mixin.py:109} INFO - [2022-01-19 00:39:27,004] {dagbag.py:500} INFO - Filling up the DagBag from /home/airflow/.local/lib/python3.6/site-packages/airflow/example_dags/example_nested_branch_dag.py
[2022-01-19 00:39:27,035] {processor.py:654} INFO - DAG(s) dict_keys(['example_nested_branch_dag']) retrieved from /home/airflow/.local/lib/python3.6/site-packages/airflow/example_dags/example_nested_branch_dag.py
[2022-01-19 00:39:27,048] {logging_mixin.py:109} INFO - [2022-01-19 00:39:27,047] {dag.py:2396} INFO - Sync 1 DAGs
[2022-01-19 00:39:27,105] {logging_mixin.py:109} INFO - [2022-01-19 00:39:27,105] {dag.py:2935} INFO - Setting next_dagrun for example_nested_branch_dag to 2022-01-18 00:00:00+00:00
[2022-01-19 00:39:27,115] {processor.py:171} INFO - Processing /home/airflow/.local/lib/python3.6/site-packages/airflow/example_dags/example_nested_branch_dag.py took 0.118 seconds
[2022-01-19 00:39:57,689] {processor.py:163} INFO - Started process (PID=528) to work on /home/airflow/.local/lib/python3.6/site-packages/airflow/example_dags/example_nested_branch_dag.py
[2022-01-19 00:39:57,693] {processor.py:642} INFO - Processing file /home/airflow/.local/lib/python3.6/site-packages/airflow/example_dags/example_nested_branch_dag.py for tasks to queue
[2022-01-19 00:39:57,697] {logging_mixin.py:109} INFO - [2022-01-19 00:39:57,696] {dagbag.py:500} INFO - Filling up the DagBag from /home/airflow/.local/lib/python3.6/site-packages/airflow/example_dags/example_nested_branch_dag.py
[2022-01-19 00:39:57,773] {processor.py:654} INFO - DAG(s) dict_keys(['example_nested_branch_dag']) retrieved from /home/airflow/.local/lib/python3.6/site-packages/airflow/example_dags/example_nested_branch_dag.py
[2022-01-19 00:39:57,805] {logging_mixin.py:109} INFO - [2022-01-19 00:39:57,805] {dag.py:2396} INFO - Sync 1 DAGs
[2022-01-19 00:39:57,847] {logging_mixin.py:109} INFO - [2022-01-19 00:39:57,847] {dag.py:2935} INFO - Setting next_dagrun for example_nested_branch_dag to 2022-01-18 00:00:00+00:00
[2022-01-19 00:39:57,864] {processor.py:171} INFO - Processing /home/airflow/.local/lib/python3.6/site-packages/airflow/example_dags/example_nested_branch_dag.py took 0.185 seconds
[2022-01-19 00:40:28,853] {processor.py:163} INFO - Started process (PID=590) to work on /home/airflow/.local/lib/python3.6/site-packages/airflow/example_dags/example_nested_branch_dag.py
[2022-01-19 00:40:28,855] {processor.py:642} INFO - Processing file /home/airflow/.local/lib/python3.6/site-packages/airflow/example_dags/example_nested_branch_dag.py for tasks to queue
[2022-01-19 00:40:28,857] {logging_mixin.py:109} INFO - [2022-01-19 00:40:28,857] {dagbag.py:500} INFO - Filling up the DagBag from /home/airflow/.local/lib/python3.6/site-packages/airflow/example_dags/example_nested_branch_dag.py
[2022-01-19 00:40:28,901] {processor.py:654} INFO - DAG(s) dict_keys(['example_nested_branch_dag']) retrieved from /home/airflow/.local/lib/python3.6/site-packages/airflow/example_dags/example_nested_branch_dag.py
[2022-01-19 00:40:28,920] {logging_mixin.py:109} INFO - [2022-01-19 00:40:28,920] {dag.py:2396} INFO - Sync 1 DAGs
[2022-01-19 00:40:28,952] {logging_mixin.py:109} INFO - [2022-01-19 00:40:28,951] {dag.py:2935} INFO - Setting next_dagrun for example_nested_branch_dag to 2022-01-18 00:00:00+00:00
[2022-01-19 00:40:28,967] {processor.py:171} INFO - Processing /home/airflow/.local/lib/python3.6/site-packages/airflow/example_dags/example_nested_branch_dag.py took 0.119 seconds
[2022-01-19 00:41:00,524] {processor.py:163} INFO - Started process (PID=647) to work on /home/airflow/.local/lib/python3.6/site-packages/airflow/example_dags/example_nested_branch_dag.py
[2022-01-19 00:41:00,529] {processor.py:642} INFO - Processing file /home/airflow/.local/lib/python3.6/site-packages/airflow/example_dags/example_nested_branch_dag.py for tasks to queue
[2022-01-19 00:41:00,542] {logging_mixin.py:109} INFO - [2022-01-19 00:41:00,541] {dagbag.py:500} INFO - Filling up the DagBag from /home/airflow/.local/lib/python3.6/site-packages/airflow/example_dags/example_nested_branch_dag.py
[2022-01-19 00:41:00,620] {processor.py:654} INFO - DAG(s) dict_keys(['example_nested_branch_dag']) retrieved from /home/airflow/.local/lib/python3.6/site-packages/airflow/example_dags/example_nested_branch_dag.py
[2022-01-19 00:41:00,652] {logging_mixin.py:109} INFO - [2022-01-19 00:41:00,652] {dag.py:2396} INFO - Sync 1 DAGs
[2022-01-19 00:41:00,682] {logging_mixin.py:109} INFO - [2022-01-19 00:41:00,682] {dag.py:2935} INFO - Setting next_dagrun for example_nested_branch_dag to 2022-01-18 00:00:00+00:00
[2022-01-19 00:41:00,695] {processor.py:171} INFO - Processing /home/airflow/.local/lib/python3.6/site-packages/airflow/example_dags/example_nested_branch_dag.py took 0.180 seconds
[2022-01-19 00:41:31,343] {processor.py:163} INFO - Started process (PID=700) to work on /home/airflow/.local/lib/python3.6/site-packages/airflow/example_dags/example_nested_branch_dag.py
[2022-01-19 00:41:31,347] {processor.py:642} INFO - Processing file /home/airflow/.local/lib/python3.6/site-packages/airflow/example_dags/example_nested_branch_dag.py for tasks to queue
[2022-01-19 00:41:31,348] {logging_mixin.py:109} INFO - [2022-01-19 00:41:31,348] {dagbag.py:500} INFO - Filling up the DagBag from /home/airflow/.local/lib/python3.6/site-packages/airflow/example_dags/example_nested_branch_dag.py
[2022-01-19 00:41:31,409] {processor.py:654} INFO - DAG(s) dict_keys(['example_nested_branch_dag']) retrieved from /home/airflow/.local/lib/python3.6/site-packages/airflow/example_dags/example_nested_branch_dag.py
[2022-01-19 00:41:31,428] {logging_mixin.py:109} INFO - [2022-01-19 00:41:31,428] {dag.py:2396} INFO - Sync 1 DAGs
[2022-01-19 00:41:31,466] {logging_mixin.py:109} INFO - [2022-01-19 00:41:31,466] {dag.py:2935} INFO - Setting next_dagrun for example_nested_branch_dag to 2022-01-18 00:00:00+00:00
[2022-01-19 00:41:31,478] {processor.py:171} INFO - Processing /home/airflow/.local/lib/python3.6/site-packages/airflow/example_dags/example_nested_branch_dag.py took 0.140 seconds
[2022-01-19 00:42:01,904] {processor.py:163} INFO - Started process (PID=754) to work on /home/airflow/.local/lib/python3.6/site-packages/airflow/example_dags/example_nested_branch_dag.py
[2022-01-19 00:42:01,907] {processor.py:642} INFO - Processing file /home/airflow/.local/lib/python3.6/site-packages/airflow/example_dags/example_nested_branch_dag.py for tasks to queue
[2022-01-19 00:42:01,909] {logging_mixin.py:109} INFO - [2022-01-19 00:42:01,909] {dagbag.py:500} INFO - Filling up the DagBag from /home/airflow/.local/lib/python3.6/site-packages/airflow/example_dags/example_nested_branch_dag.py
[2022-01-19 00:42:01,964] {processor.py:654} INFO - DAG(s) dict_keys(['example_nested_branch_dag']) retrieved from /home/airflow/.local/lib/python3.6/site-packages/airflow/example_dags/example_nested_branch_dag.py
[2022-01-19 00:42:01,985] {logging_mixin.py:109} INFO - [2022-01-19 00:42:01,985] {dag.py:2396} INFO - Sync 1 DAGs
[2022-01-19 00:42:02,016] {logging_mixin.py:109} INFO - [2022-01-19 00:42:02,016] {dag.py:2935} INFO - Setting next_dagrun for example_nested_branch_dag to 2022-01-18 00:00:00+00:00
[2022-01-19 00:42:02,032] {processor.py:171} INFO - Processing /home/airflow/.local/lib/python3.6/site-packages/airflow/example_dags/example_nested_branch_dag.py took 0.133 seconds
[2022-01-19 00:42:32,538] {processor.py:163} INFO - Started process (PID=814) to work on /home/airflow/.local/lib/python3.6/site-packages/airflow/example_dags/example_nested_branch_dag.py
[2022-01-19 00:42:32,541] {processor.py:642} INFO - Processing file /home/airflow/.local/lib/python3.6/site-packages/airflow/example_dags/example_nested_branch_dag.py for tasks to queue
[2022-01-19 00:42:32,544] {logging_mixin.py:109} INFO - [2022-01-19 00:42:32,544] {dagbag.py:500} INFO - Filling up the DagBag from /home/airflow/.local/lib/python3.6/site-packages/airflow/example_dags/example_nested_branch_dag.py
[2022-01-19 00:42:32,633] {processor.py:654} INFO - DAG(s) dict_keys(['example_nested_branch_dag']) retrieved from /home/airflow/.local/lib/python3.6/site-packages/airflow/example_dags/example_nested_branch_dag.py
[2022-01-19 00:42:32,657] {logging_mixin.py:109} INFO - [2022-01-19 00:42:32,656] {dag.py:2396} INFO - Sync 1 DAGs
[2022-01-19 00:42:32,690] {logging_mixin.py:109} INFO - [2022-01-19 00:42:32,690] {dag.py:2935} INFO - Setting next_dagrun for example_nested_branch_dag to 2022-01-18 00:00:00+00:00
[2022-01-19 00:42:32,704] {processor.py:171} INFO - Processing /home/airflow/.local/lib/python3.6/site-packages/airflow/example_dags/example_nested_branch_dag.py took 0.173 seconds
[2022-01-19 00:43:03,173] {processor.py:163} INFO - Started process (PID=870) to work on /home/airflow/.local/lib/python3.6/site-packages/airflow/example_dags/example_nested_branch_dag.py
[2022-01-19 00:43:03,188] {processor.py:642} INFO - Processing file /home/airflow/.local/lib/python3.6/site-packages/airflow/example_dags/example_nested_branch_dag.py for tasks to queue
[2022-01-19 00:43:03,192] {logging_mixin.py:109} INFO - [2022-01-19 00:43:03,192] {dagbag.py:500} INFO - Filling up the DagBag from /home/airflow/.local/lib/python3.6/site-packages/airflow/example_dags/example_nested_branch_dag.py
[2022-01-19 00:43:03,310] {processor.py:654} INFO - DAG(s) dict_keys(['example_nested_branch_dag']) retrieved from /home/airflow/.local/lib/python3.6/site-packages/airflow/example_dags/example_nested_branch_dag.py
[2022-01-19 00:43:03,344] {logging_mixin.py:109} INFO - [2022-01-19 00:43:03,343] {dag.py:2396} INFO - Sync 1 DAGs
[2022-01-19 00:43:03,410] {logging_mixin.py:109} INFO - [2022-01-19 00:43:03,409] {dag.py:2935} INFO - Setting next_dagrun for example_nested_branch_dag to 2022-01-18 00:00:00+00:00
[2022-01-19 00:43:03,437] {processor.py:171} INFO - Processing /home/airflow/.local/lib/python3.6/site-packages/airflow/example_dags/example_nested_branch_dag.py took 0.276 seconds
[2022-01-19 00:43:33,486] {processor.py:163} INFO - Started process (PID=922) to work on /home/airflow/.local/lib/python3.6/site-packages/airflow/example_dags/example_nested_branch_dag.py
[2022-01-19 00:43:33,489] {processor.py:642} INFO - Processing file /home/airflow/.local/lib/python3.6/site-packages/airflow/example_dags/example_nested_branch_dag.py for tasks to queue
[2022-01-19 00:43:33,491] {logging_mixin.py:109} INFO - [2022-01-19 00:43:33,491] {dagbag.py:500} INFO - Filling up the DagBag from /home/airflow/.local/lib/python3.6/site-packages/airflow/example_dags/example_nested_branch_dag.py
[2022-01-19 00:43:33,528] {processor.py:654} INFO - DAG(s) dict_keys(['example_nested_branch_dag']) retrieved from /home/airflow/.local/lib/python3.6/site-packages/airflow/example_dags/example_nested_branch_dag.py
[2022-01-19 00:43:33,542] {logging_mixin.py:109} INFO - [2022-01-19 00:43:33,542] {dag.py:2396} INFO - Sync 1 DAGs
[2022-01-19 00:43:33,565] {logging_mixin.py:109} INFO - [2022-01-19 00:43:33,565] {dag.py:2935} INFO - Setting next_dagrun for example_nested_branch_dag to 2022-01-18 00:00:00+00:00
[2022-01-19 00:43:33,577] {processor.py:171} INFO - Processing /home/airflow/.local/lib/python3.6/site-packages/airflow/example_dags/example_nested_branch_dag.py took 0.096 seconds
