[2022-01-19 00:37:17,241] {processor.py:163} INFO - Started process (PID=200) to work on /home/airflow/.local/lib/python3.6/site-packages/airflow/example_dags/example_kubernetes_executor.py
[2022-01-19 00:37:17,243] {processor.py:642} INFO - Processing file /home/airflow/.local/lib/python3.6/site-packages/airflow/example_dags/example_kubernetes_executor.py for tasks to queue
[2022-01-19 00:37:17,246] {logging_mixin.py:109} INFO - [2022-01-19 00:37:17,245] {dagbag.py:500} INFO - Filling up the DagBag from /home/airflow/.local/lib/python3.6/site-packages/airflow/example_dags/example_kubernetes_executor.py
[2022-01-19 00:37:17,295] {processor.py:654} INFO - DAG(s) dict_keys(['example_kubernetes_executor']) retrieved from /home/airflow/.local/lib/python3.6/site-packages/airflow/example_dags/example_kubernetes_executor.py
[2022-01-19 00:37:19,223] {logging_mixin.py:109} INFO - [2022-01-19 00:37:19,223] {manager.py:496} INFO - Created Permission View: can read on DAG:example_kubernetes_executor
[2022-01-19 00:37:19,234] {logging_mixin.py:109} INFO - [2022-01-19 00:37:19,234] {manager.py:496} INFO - Created Permission View: can edit on DAG:example_kubernetes_executor
[2022-01-19 00:37:19,236] {logging_mixin.py:109} INFO - [2022-01-19 00:37:19,235] {dag.py:2396} INFO - Sync 1 DAGs
[2022-01-19 00:37:19,247] {logging_mixin.py:109} INFO - [2022-01-19 00:37:19,246] {dag.py:2415} INFO - Creating ORM DAG for example_kubernetes_executor
[2022-01-19 00:37:19,255] {logging_mixin.py:109} INFO - [2022-01-19 00:37:19,255] {dag.py:2935} INFO - Setting next_dagrun for example_kubernetes_executor to None
[2022-01-19 00:37:19,267] {processor.py:171} INFO - Processing /home/airflow/.local/lib/python3.6/site-packages/airflow/example_dags/example_kubernetes_executor.py took 2.030 seconds
[2022-01-19 00:37:49,846] {processor.py:163} INFO - Started process (PID=285) to work on /home/airflow/.local/lib/python3.6/site-packages/airflow/example_dags/example_kubernetes_executor.py
[2022-01-19 00:37:49,848] {processor.py:642} INFO - Processing file /home/airflow/.local/lib/python3.6/site-packages/airflow/example_dags/example_kubernetes_executor.py for tasks to queue
[2022-01-19 00:37:49,850] {logging_mixin.py:109} INFO - [2022-01-19 00:37:49,850] {dagbag.py:500} INFO - Filling up the DagBag from /home/airflow/.local/lib/python3.6/site-packages/airflow/example_dags/example_kubernetes_executor.py
[2022-01-19 00:37:49,912] {processor.py:654} INFO - DAG(s) dict_keys(['example_kubernetes_executor']) retrieved from /home/airflow/.local/lib/python3.6/site-packages/airflow/example_dags/example_kubernetes_executor.py
[2022-01-19 00:37:49,942] {logging_mixin.py:109} INFO - [2022-01-19 00:37:49,942] {dag.py:2396} INFO - Sync 1 DAGs
[2022-01-19 00:37:49,961] {logging_mixin.py:109} INFO - [2022-01-19 00:37:49,961] {dag.py:2935} INFO - Setting next_dagrun for example_kubernetes_executor to None
[2022-01-19 00:37:49,978] {processor.py:171} INFO - Processing /home/airflow/.local/lib/python3.6/site-packages/airflow/example_dags/example_kubernetes_executor.py took 0.138 seconds
[2022-01-19 00:38:20,117] {processor.py:163} INFO - Started process (PID=342) to work on /home/airflow/.local/lib/python3.6/site-packages/airflow/example_dags/example_kubernetes_executor.py
[2022-01-19 00:38:20,120] {processor.py:642} INFO - Processing file /home/airflow/.local/lib/python3.6/site-packages/airflow/example_dags/example_kubernetes_executor.py for tasks to queue
[2022-01-19 00:38:20,121] {logging_mixin.py:109} INFO - [2022-01-19 00:38:20,121] {dagbag.py:500} INFO - Filling up the DagBag from /home/airflow/.local/lib/python3.6/site-packages/airflow/example_dags/example_kubernetes_executor.py
[2022-01-19 00:38:20,161] {processor.py:654} INFO - DAG(s) dict_keys(['example_kubernetes_executor']) retrieved from /home/airflow/.local/lib/python3.6/site-packages/airflow/example_dags/example_kubernetes_executor.py
[2022-01-19 00:38:20,176] {logging_mixin.py:109} INFO - [2022-01-19 00:38:20,176] {dag.py:2396} INFO - Sync 1 DAGs
[2022-01-19 00:38:20,195] {logging_mixin.py:109} INFO - [2022-01-19 00:38:20,195] {dag.py:2935} INFO - Setting next_dagrun for example_kubernetes_executor to None
[2022-01-19 00:38:20,206] {processor.py:171} INFO - Processing /home/airflow/.local/lib/python3.6/site-packages/airflow/example_dags/example_kubernetes_executor.py took 0.093 seconds
[2022-01-19 00:38:50,656] {processor.py:163} INFO - Started process (PID=397) to work on /home/airflow/.local/lib/python3.6/site-packages/airflow/example_dags/example_kubernetes_executor.py
[2022-01-19 00:38:50,658] {processor.py:642} INFO - Processing file /home/airflow/.local/lib/python3.6/site-packages/airflow/example_dags/example_kubernetes_executor.py for tasks to queue
[2022-01-19 00:38:50,660] {logging_mixin.py:109} INFO - [2022-01-19 00:38:50,659] {dagbag.py:500} INFO - Filling up the DagBag from /home/airflow/.local/lib/python3.6/site-packages/airflow/example_dags/example_kubernetes_executor.py
[2022-01-19 00:38:50,708] {processor.py:654} INFO - DAG(s) dict_keys(['example_kubernetes_executor']) retrieved from /home/airflow/.local/lib/python3.6/site-packages/airflow/example_dags/example_kubernetes_executor.py
[2022-01-19 00:38:50,723] {logging_mixin.py:109} INFO - [2022-01-19 00:38:50,723] {dag.py:2396} INFO - Sync 1 DAGs
[2022-01-19 00:38:50,751] {logging_mixin.py:109} INFO - [2022-01-19 00:38:50,751] {dag.py:2935} INFO - Setting next_dagrun for example_kubernetes_executor to None
[2022-01-19 00:38:50,764] {processor.py:171} INFO - Processing /home/airflow/.local/lib/python3.6/site-packages/airflow/example_dags/example_kubernetes_executor.py took 0.114 seconds
[2022-01-19 00:39:20,867] {processor.py:163} INFO - Started process (PID=461) to work on /home/airflow/.local/lib/python3.6/site-packages/airflow/example_dags/example_kubernetes_executor.py
[2022-01-19 00:39:20,875] {processor.py:642} INFO - Processing file /home/airflow/.local/lib/python3.6/site-packages/airflow/example_dags/example_kubernetes_executor.py for tasks to queue
[2022-01-19 00:39:20,879] {logging_mixin.py:109} INFO - [2022-01-19 00:39:20,878] {dagbag.py:500} INFO - Filling up the DagBag from /home/airflow/.local/lib/python3.6/site-packages/airflow/example_dags/example_kubernetes_executor.py
[2022-01-19 00:39:20,960] {processor.py:654} INFO - DAG(s) dict_keys(['example_kubernetes_executor']) retrieved from /home/airflow/.local/lib/python3.6/site-packages/airflow/example_dags/example_kubernetes_executor.py
[2022-01-19 00:39:21,004] {logging_mixin.py:109} INFO - [2022-01-19 00:39:21,004] {dag.py:2396} INFO - Sync 1 DAGs
[2022-01-19 00:39:21,049] {logging_mixin.py:109} INFO - [2022-01-19 00:39:21,049] {dag.py:2935} INFO - Setting next_dagrun for example_kubernetes_executor to None
[2022-01-19 00:39:21,087] {processor.py:171} INFO - Processing /home/airflow/.local/lib/python3.6/site-packages/airflow/example_dags/example_kubernetes_executor.py took 0.231 seconds
[2022-01-19 00:39:51,359] {processor.py:163} INFO - Started process (PID=517) to work on /home/airflow/.local/lib/python3.6/site-packages/airflow/example_dags/example_kubernetes_executor.py
[2022-01-19 00:39:51,362] {processor.py:642} INFO - Processing file /home/airflow/.local/lib/python3.6/site-packages/airflow/example_dags/example_kubernetes_executor.py for tasks to queue
[2022-01-19 00:39:51,363] {logging_mixin.py:109} INFO - [2022-01-19 00:39:51,363] {dagbag.py:500} INFO - Filling up the DagBag from /home/airflow/.local/lib/python3.6/site-packages/airflow/example_dags/example_kubernetes_executor.py
[2022-01-19 00:39:51,400] {processor.py:654} INFO - DAG(s) dict_keys(['example_kubernetes_executor']) retrieved from /home/airflow/.local/lib/python3.6/site-packages/airflow/example_dags/example_kubernetes_executor.py
[2022-01-19 00:39:51,417] {logging_mixin.py:109} INFO - [2022-01-19 00:39:51,417] {dag.py:2396} INFO - Sync 1 DAGs
[2022-01-19 00:39:51,442] {logging_mixin.py:109} INFO - [2022-01-19 00:39:51,441] {dag.py:2935} INFO - Setting next_dagrun for example_kubernetes_executor to None
[2022-01-19 00:39:51,454] {processor.py:171} INFO - Processing /home/airflow/.local/lib/python3.6/site-packages/airflow/example_dags/example_kubernetes_executor.py took 0.098 seconds
[2022-01-19 00:40:22,217] {processor.py:163} INFO - Started process (PID=571) to work on /home/airflow/.local/lib/python3.6/site-packages/airflow/example_dags/example_kubernetes_executor.py
[2022-01-19 00:40:22,220] {processor.py:642} INFO - Processing file /home/airflow/.local/lib/python3.6/site-packages/airflow/example_dags/example_kubernetes_executor.py for tasks to queue
[2022-01-19 00:40:22,222] {logging_mixin.py:109} INFO - [2022-01-19 00:40:22,221] {dagbag.py:500} INFO - Filling up the DagBag from /home/airflow/.local/lib/python3.6/site-packages/airflow/example_dags/example_kubernetes_executor.py
[2022-01-19 00:40:22,278] {processor.py:654} INFO - DAG(s) dict_keys(['example_kubernetes_executor']) retrieved from /home/airflow/.local/lib/python3.6/site-packages/airflow/example_dags/example_kubernetes_executor.py
[2022-01-19 00:40:22,299] {logging_mixin.py:109} INFO - [2022-01-19 00:40:22,299] {dag.py:2396} INFO - Sync 1 DAGs
[2022-01-19 00:40:22,329] {logging_mixin.py:109} INFO - [2022-01-19 00:40:22,329] {dag.py:2935} INFO - Setting next_dagrun for example_kubernetes_executor to None
[2022-01-19 00:40:22,347] {processor.py:171} INFO - Processing /home/airflow/.local/lib/python3.6/site-packages/airflow/example_dags/example_kubernetes_executor.py took 0.134 seconds
[2022-01-19 00:40:52,681] {processor.py:163} INFO - Started process (PID=625) to work on /home/airflow/.local/lib/python3.6/site-packages/airflow/example_dags/example_kubernetes_executor.py
[2022-01-19 00:40:52,684] {processor.py:642} INFO - Processing file /home/airflow/.local/lib/python3.6/site-packages/airflow/example_dags/example_kubernetes_executor.py for tasks to queue
[2022-01-19 00:40:52,688] {logging_mixin.py:109} INFO - [2022-01-19 00:40:52,688] {dagbag.py:500} INFO - Filling up the DagBag from /home/airflow/.local/lib/python3.6/site-packages/airflow/example_dags/example_kubernetes_executor.py
[2022-01-19 00:40:52,805] {processor.py:654} INFO - DAG(s) dict_keys(['example_kubernetes_executor']) retrieved from /home/airflow/.local/lib/python3.6/site-packages/airflow/example_dags/example_kubernetes_executor.py
[2022-01-19 00:40:52,827] {logging_mixin.py:109} INFO - [2022-01-19 00:40:52,827] {dag.py:2396} INFO - Sync 1 DAGs
[2022-01-19 00:40:52,858] {logging_mixin.py:109} INFO - [2022-01-19 00:40:52,857] {dag.py:2935} INFO - Setting next_dagrun for example_kubernetes_executor to None
[2022-01-19 00:40:52,875] {processor.py:171} INFO - Processing /home/airflow/.local/lib/python3.6/site-packages/airflow/example_dags/example_kubernetes_executor.py took 0.204 seconds
[2022-01-19 00:41:22,983] {processor.py:163} INFO - Started process (PID=678) to work on /home/airflow/.local/lib/python3.6/site-packages/airflow/example_dags/example_kubernetes_executor.py
[2022-01-19 00:41:22,985] {processor.py:642} INFO - Processing file /home/airflow/.local/lib/python3.6/site-packages/airflow/example_dags/example_kubernetes_executor.py for tasks to queue
[2022-01-19 00:41:22,986] {logging_mixin.py:109} INFO - [2022-01-19 00:41:22,986] {dagbag.py:500} INFO - Filling up the DagBag from /home/airflow/.local/lib/python3.6/site-packages/airflow/example_dags/example_kubernetes_executor.py
[2022-01-19 00:41:23,036] {processor.py:654} INFO - DAG(s) dict_keys(['example_kubernetes_executor']) retrieved from /home/airflow/.local/lib/python3.6/site-packages/airflow/example_dags/example_kubernetes_executor.py
[2022-01-19 00:41:23,056] {logging_mixin.py:109} INFO - [2022-01-19 00:41:23,056] {dag.py:2396} INFO - Sync 1 DAGs
[2022-01-19 00:41:23,080] {logging_mixin.py:109} INFO - [2022-01-19 00:41:23,079] {dag.py:2935} INFO - Setting next_dagrun for example_kubernetes_executor to None
[2022-01-19 00:41:23,093] {processor.py:171} INFO - Processing /home/airflow/.local/lib/python3.6/site-packages/airflow/example_dags/example_kubernetes_executor.py took 0.116 seconds
[2022-01-19 00:41:53,283] {processor.py:163} INFO - Started process (PID=743) to work on /home/airflow/.local/lib/python3.6/site-packages/airflow/example_dags/example_kubernetes_executor.py
[2022-01-19 00:41:53,288] {processor.py:642} INFO - Processing file /home/airflow/.local/lib/python3.6/site-packages/airflow/example_dags/example_kubernetes_executor.py for tasks to queue
[2022-01-19 00:41:53,290] {logging_mixin.py:109} INFO - [2022-01-19 00:41:53,290] {dagbag.py:500} INFO - Filling up the DagBag from /home/airflow/.local/lib/python3.6/site-packages/airflow/example_dags/example_kubernetes_executor.py
[2022-01-19 00:41:53,352] {processor.py:654} INFO - DAG(s) dict_keys(['example_kubernetes_executor']) retrieved from /home/airflow/.local/lib/python3.6/site-packages/airflow/example_dags/example_kubernetes_executor.py
[2022-01-19 00:41:53,368] {logging_mixin.py:109} INFO - [2022-01-19 00:41:53,368] {dag.py:2396} INFO - Sync 1 DAGs
[2022-01-19 00:41:53,390] {logging_mixin.py:109} INFO - [2022-01-19 00:41:53,390] {dag.py:2935} INFO - Setting next_dagrun for example_kubernetes_executor to None
[2022-01-19 00:41:53,403] {processor.py:171} INFO - Processing /home/airflow/.local/lib/python3.6/site-packages/airflow/example_dags/example_kubernetes_executor.py took 0.125 seconds
[2022-01-19 00:42:23,667] {processor.py:163} INFO - Started process (PID=796) to work on /home/airflow/.local/lib/python3.6/site-packages/airflow/example_dags/example_kubernetes_executor.py
[2022-01-19 00:42:23,672] {processor.py:642} INFO - Processing file /home/airflow/.local/lib/python3.6/site-packages/airflow/example_dags/example_kubernetes_executor.py for tasks to queue
[2022-01-19 00:42:23,678] {logging_mixin.py:109} INFO - [2022-01-19 00:42:23,677] {dagbag.py:500} INFO - Filling up the DagBag from /home/airflow/.local/lib/python3.6/site-packages/airflow/example_dags/example_kubernetes_executor.py
[2022-01-19 00:42:23,780] {processor.py:654} INFO - DAG(s) dict_keys(['example_kubernetes_executor']) retrieved from /home/airflow/.local/lib/python3.6/site-packages/airflow/example_dags/example_kubernetes_executor.py
[2022-01-19 00:42:23,804] {logging_mixin.py:109} INFO - [2022-01-19 00:42:23,804] {dag.py:2396} INFO - Sync 1 DAGs
[2022-01-19 00:42:23,837] {logging_mixin.py:109} INFO - [2022-01-19 00:42:23,837] {dag.py:2935} INFO - Setting next_dagrun for example_kubernetes_executor to None
[2022-01-19 00:42:23,855] {processor.py:171} INFO - Processing /home/airflow/.local/lib/python3.6/site-packages/airflow/example_dags/example_kubernetes_executor.py took 0.199 seconds
[2022-01-19 00:42:54,564] {processor.py:163} INFO - Started process (PID=849) to work on /home/airflow/.local/lib/python3.6/site-packages/airflow/example_dags/example_kubernetes_executor.py
[2022-01-19 00:42:54,567] {processor.py:642} INFO - Processing file /home/airflow/.local/lib/python3.6/site-packages/airflow/example_dags/example_kubernetes_executor.py for tasks to queue
[2022-01-19 00:42:54,569] {logging_mixin.py:109} INFO - [2022-01-19 00:42:54,569] {dagbag.py:500} INFO - Filling up the DagBag from /home/airflow/.local/lib/python3.6/site-packages/airflow/example_dags/example_kubernetes_executor.py
[2022-01-19 00:42:54,612] {processor.py:654} INFO - DAG(s) dict_keys(['example_kubernetes_executor']) retrieved from /home/airflow/.local/lib/python3.6/site-packages/airflow/example_dags/example_kubernetes_executor.py
[2022-01-19 00:42:54,628] {logging_mixin.py:109} INFO - [2022-01-19 00:42:54,628] {dag.py:2396} INFO - Sync 1 DAGs
[2022-01-19 00:42:54,649] {logging_mixin.py:109} INFO - [2022-01-19 00:42:54,649] {dag.py:2935} INFO - Setting next_dagrun for example_kubernetes_executor to None
[2022-01-19 00:42:54,661] {processor.py:171} INFO - Processing /home/airflow/.local/lib/python3.6/site-packages/airflow/example_dags/example_kubernetes_executor.py took 0.102 seconds
[2022-01-19 00:43:25,136] {processor.py:163} INFO - Started process (PID=902) to work on /home/airflow/.local/lib/python3.6/site-packages/airflow/example_dags/example_kubernetes_executor.py
[2022-01-19 00:43:25,139] {processor.py:642} INFO - Processing file /home/airflow/.local/lib/python3.6/site-packages/airflow/example_dags/example_kubernetes_executor.py for tasks to queue
[2022-01-19 00:43:25,140] {logging_mixin.py:109} INFO - [2022-01-19 00:43:25,140] {dagbag.py:500} INFO - Filling up the DagBag from /home/airflow/.local/lib/python3.6/site-packages/airflow/example_dags/example_kubernetes_executor.py
[2022-01-19 00:43:25,180] {processor.py:654} INFO - DAG(s) dict_keys(['example_kubernetes_executor']) retrieved from /home/airflow/.local/lib/python3.6/site-packages/airflow/example_dags/example_kubernetes_executor.py
[2022-01-19 00:43:25,209] {logging_mixin.py:109} INFO - [2022-01-19 00:43:25,208] {dag.py:2396} INFO - Sync 1 DAGs
[2022-01-19 00:43:25,240] {logging_mixin.py:109} INFO - [2022-01-19 00:43:25,240] {dag.py:2935} INFO - Setting next_dagrun for example_kubernetes_executor to None
[2022-01-19 00:43:25,257] {processor.py:171} INFO - Processing /home/airflow/.local/lib/python3.6/site-packages/airflow/example_dags/example_kubernetes_executor.py took 0.125 seconds
[2022-01-19 00:43:55,504] {processor.py:163} INFO - Started process (PID=963) to work on /home/airflow/.local/lib/python3.6/site-packages/airflow/example_dags/example_kubernetes_executor.py
[2022-01-19 00:43:55,506] {processor.py:642} INFO - Processing file /home/airflow/.local/lib/python3.6/site-packages/airflow/example_dags/example_kubernetes_executor.py for tasks to queue
[2022-01-19 00:43:55,507] {logging_mixin.py:109} INFO - [2022-01-19 00:43:55,507] {dagbag.py:500} INFO - Filling up the DagBag from /home/airflow/.local/lib/python3.6/site-packages/airflow/example_dags/example_kubernetes_executor.py
[2022-01-19 00:43:55,565] {processor.py:654} INFO - DAG(s) dict_keys(['example_kubernetes_executor']) retrieved from /home/airflow/.local/lib/python3.6/site-packages/airflow/example_dags/example_kubernetes_executor.py
[2022-01-19 00:43:55,614] {logging_mixin.py:109} INFO - [2022-01-19 00:43:55,614] {dag.py:2396} INFO - Sync 1 DAGs
[2022-01-19 00:43:55,635] {logging_mixin.py:109} INFO - [2022-01-19 00:43:55,635] {dag.py:2935} INFO - Setting next_dagrun for example_kubernetes_executor to None
[2022-01-19 00:43:55,650] {processor.py:171} INFO - Processing /home/airflow/.local/lib/python3.6/site-packages/airflow/example_dags/example_kubernetes_executor.py took 0.152 seconds
[2022-01-19 00:44:26,175] {processor.py:163} INFO - Started process (PID=1022) to work on /home/airflow/.local/lib/python3.6/site-packages/airflow/example_dags/example_kubernetes_executor.py
[2022-01-19 00:44:26,179] {processor.py:642} INFO - Processing file /home/airflow/.local/lib/python3.6/site-packages/airflow/example_dags/example_kubernetes_executor.py for tasks to queue
[2022-01-19 00:44:26,182] {logging_mixin.py:109} INFO - [2022-01-19 00:44:26,182] {dagbag.py:500} INFO - Filling up the DagBag from /home/airflow/.local/lib/python3.6/site-packages/airflow/example_dags/example_kubernetes_executor.py
[2022-01-19 00:44:26,284] {processor.py:654} INFO - DAG(s) dict_keys(['example_kubernetes_executor']) retrieved from /home/airflow/.local/lib/python3.6/site-packages/airflow/example_dags/example_kubernetes_executor.py
[2022-01-19 00:44:26,326] {logging_mixin.py:109} INFO - [2022-01-19 00:44:26,326] {dag.py:2396} INFO - Sync 1 DAGs
[2022-01-19 00:44:26,372] {logging_mixin.py:109} INFO - [2022-01-19 00:44:26,372] {dag.py:2935} INFO - Setting next_dagrun for example_kubernetes_executor to None
[2022-01-19 00:44:26,397] {processor.py:171} INFO - Processing /home/airflow/.local/lib/python3.6/site-packages/airflow/example_dags/example_kubernetes_executor.py took 0.231 seconds
[2022-01-19 00:44:57,402] {processor.py:163} INFO - Started process (PID=1076) to work on /home/airflow/.local/lib/python3.6/site-packages/airflow/example_dags/example_kubernetes_executor.py
[2022-01-19 00:44:57,404] {processor.py:642} INFO - Processing file /home/airflow/.local/lib/python3.6/site-packages/airflow/example_dags/example_kubernetes_executor.py for tasks to queue
[2022-01-19 00:44:57,405] {logging_mixin.py:109} INFO - [2022-01-19 00:44:57,405] {dagbag.py:500} INFO - Filling up the DagBag from /home/airflow/.local/lib/python3.6/site-packages/airflow/example_dags/example_kubernetes_executor.py
[2022-01-19 00:44:57,441] {processor.py:654} INFO - DAG(s) dict_keys(['example_kubernetes_executor']) retrieved from /home/airflow/.local/lib/python3.6/site-packages/airflow/example_dags/example_kubernetes_executor.py
[2022-01-19 00:44:57,456] {logging_mixin.py:109} INFO - [2022-01-19 00:44:57,456] {dag.py:2396} INFO - Sync 1 DAGs
[2022-01-19 00:44:57,474] {logging_mixin.py:109} INFO - [2022-01-19 00:44:57,474] {dag.py:2935} INFO - Setting next_dagrun for example_kubernetes_executor to None
[2022-01-19 00:44:57,486] {processor.py:171} INFO - Processing /home/airflow/.local/lib/python3.6/site-packages/airflow/example_dags/example_kubernetes_executor.py took 0.088 seconds
[2022-01-19 00:45:27,618] {processor.py:163} INFO - Started process (PID=1139) to work on /home/airflow/.local/lib/python3.6/site-packages/airflow/example_dags/example_kubernetes_executor.py
[2022-01-19 00:45:27,620] {processor.py:642} INFO - Processing file /home/airflow/.local/lib/python3.6/site-packages/airflow/example_dags/example_kubernetes_executor.py for tasks to queue
[2022-01-19 00:45:27,621] {logging_mixin.py:109} INFO - [2022-01-19 00:45:27,621] {dagbag.py:500} INFO - Filling up the DagBag from /home/airflow/.local/lib/python3.6/site-packages/airflow/example_dags/example_kubernetes_executor.py
[2022-01-19 00:45:27,664] {processor.py:654} INFO - DAG(s) dict_keys(['example_kubernetes_executor']) retrieved from /home/airflow/.local/lib/python3.6/site-packages/airflow/example_dags/example_kubernetes_executor.py
[2022-01-19 00:45:27,686] {logging_mixin.py:109} INFO - [2022-01-19 00:45:27,686] {dag.py:2396} INFO - Sync 1 DAGs
[2022-01-19 00:45:27,705] {logging_mixin.py:109} INFO - [2022-01-19 00:45:27,705] {dag.py:2935} INFO - Setting next_dagrun for example_kubernetes_executor to None
[2022-01-19 00:45:27,716] {processor.py:171} INFO - Processing /home/airflow/.local/lib/python3.6/site-packages/airflow/example_dags/example_kubernetes_executor.py took 0.103 seconds
