[2022-01-19 00:37:17,107] {processor.py:163} INFO - Started process (PID=199) to work on /home/airflow/.local/lib/python3.6/site-packages/airflow/example_dags/example_latest_only_with_trigger.py
[2022-01-19 00:37:17,110] {processor.py:642} INFO - Processing file /home/airflow/.local/lib/python3.6/site-packages/airflow/example_dags/example_latest_only_with_trigger.py for tasks to queue
[2022-01-19 00:37:17,112] {logging_mixin.py:109} INFO - [2022-01-19 00:37:17,112] {dagbag.py:500} INFO - Filling up the DagBag from /home/airflow/.local/lib/python3.6/site-packages/airflow/example_dags/example_latest_only_with_trigger.py
[2022-01-19 00:37:17,153] {processor.py:654} INFO - DAG(s) dict_keys(['latest_only_with_trigger']) retrieved from /home/airflow/.local/lib/python3.6/site-packages/airflow/example_dags/example_latest_only_with_trigger.py
[2022-01-19 00:37:19,063] {logging_mixin.py:109} INFO - [2022-01-19 00:37:19,062] {manager.py:496} INFO - Created Permission View: can read on DAG:latest_only_with_trigger
[2022-01-19 00:37:19,075] {logging_mixin.py:109} INFO - [2022-01-19 00:37:19,075] {manager.py:496} INFO - Created Permission View: can edit on DAG:latest_only_with_trigger
[2022-01-19 00:37:19,078] {logging_mixin.py:109} INFO - [2022-01-19 00:37:19,076] {dag.py:2396} INFO - Sync 1 DAGs
[2022-01-19 00:37:19,088] {logging_mixin.py:109} INFO - [2022-01-19 00:37:19,087] {dag.py:2415} INFO - Creating ORM DAG for latest_only_with_trigger
[2022-01-19 00:37:19,097] {logging_mixin.py:109} INFO - [2022-01-19 00:37:19,097] {dag.py:2935} INFO - Setting next_dagrun for latest_only_with_trigger to 2022-01-18T20:37:19.097186+00:00
[2022-01-19 00:37:19,111] {processor.py:171} INFO - Processing /home/airflow/.local/lib/python3.6/site-packages/airflow/example_dags/example_latest_only_with_trigger.py took 2.010 seconds
[2022-01-19 00:37:49,827] {processor.py:163} INFO - Started process (PID=284) to work on /home/airflow/.local/lib/python3.6/site-packages/airflow/example_dags/example_latest_only_with_trigger.py
[2022-01-19 00:37:49,830] {processor.py:642} INFO - Processing file /home/airflow/.local/lib/python3.6/site-packages/airflow/example_dags/example_latest_only_with_trigger.py for tasks to queue
[2022-01-19 00:37:49,831] {logging_mixin.py:109} INFO - [2022-01-19 00:37:49,831] {dagbag.py:500} INFO - Filling up the DagBag from /home/airflow/.local/lib/python3.6/site-packages/airflow/example_dags/example_latest_only_with_trigger.py
[2022-01-19 00:37:49,867] {processor.py:654} INFO - DAG(s) dict_keys(['latest_only_with_trigger']) retrieved from /home/airflow/.local/lib/python3.6/site-packages/airflow/example_dags/example_latest_only_with_trigger.py
[2022-01-19 00:37:49,883] {logging_mixin.py:109} INFO - [2022-01-19 00:37:49,883] {dag.py:2396} INFO - Sync 1 DAGs
[2022-01-19 00:37:49,906] {logging_mixin.py:109} INFO - [2022-01-19 00:37:49,906] {dag.py:2935} INFO - Setting next_dagrun for latest_only_with_trigger to 2022-01-18T20:37:49.905676+00:00
[2022-01-19 00:37:49,919] {processor.py:171} INFO - Processing /home/airflow/.local/lib/python3.6/site-packages/airflow/example_dags/example_latest_only_with_trigger.py took 0.096 seconds
[2022-01-19 00:38:20,118] {processor.py:163} INFO - Started process (PID=341) to work on /home/airflow/.local/lib/python3.6/site-packages/airflow/example_dags/example_latest_only_with_trigger.py
[2022-01-19 00:38:20,122] {processor.py:642} INFO - Processing file /home/airflow/.local/lib/python3.6/site-packages/airflow/example_dags/example_latest_only_with_trigger.py for tasks to queue
[2022-01-19 00:38:20,124] {logging_mixin.py:109} INFO - [2022-01-19 00:38:20,123] {dagbag.py:500} INFO - Filling up the DagBag from /home/airflow/.local/lib/python3.6/site-packages/airflow/example_dags/example_latest_only_with_trigger.py
[2022-01-19 00:38:20,159] {processor.py:654} INFO - DAG(s) dict_keys(['latest_only_with_trigger']) retrieved from /home/airflow/.local/lib/python3.6/site-packages/airflow/example_dags/example_latest_only_with_trigger.py
[2022-01-19 00:38:20,174] {logging_mixin.py:109} INFO - [2022-01-19 00:38:20,174] {dag.py:2396} INFO - Sync 1 DAGs
[2022-01-19 00:38:20,198] {logging_mixin.py:109} INFO - [2022-01-19 00:38:20,197] {dag.py:2935} INFO - Setting next_dagrun for latest_only_with_trigger to 2022-01-18T20:38:20.197384+00:00
[2022-01-19 00:38:20,212] {processor.py:171} INFO - Processing /home/airflow/.local/lib/python3.6/site-packages/airflow/example_dags/example_latest_only_with_trigger.py took 0.102 seconds
[2022-01-19 00:38:50,652] {processor.py:163} INFO - Started process (PID=396) to work on /home/airflow/.local/lib/python3.6/site-packages/airflow/example_dags/example_latest_only_with_trigger.py
[2022-01-19 00:38:50,654] {processor.py:642} INFO - Processing file /home/airflow/.local/lib/python3.6/site-packages/airflow/example_dags/example_latest_only_with_trigger.py for tasks to queue
[2022-01-19 00:38:50,656] {logging_mixin.py:109} INFO - [2022-01-19 00:38:50,655] {dagbag.py:500} INFO - Filling up the DagBag from /home/airflow/.local/lib/python3.6/site-packages/airflow/example_dags/example_latest_only_with_trigger.py
[2022-01-19 00:38:50,699] {processor.py:654} INFO - DAG(s) dict_keys(['latest_only_with_trigger']) retrieved from /home/airflow/.local/lib/python3.6/site-packages/airflow/example_dags/example_latest_only_with_trigger.py
[2022-01-19 00:38:50,714] {logging_mixin.py:109} INFO - [2022-01-19 00:38:50,714] {dag.py:2396} INFO - Sync 1 DAGs
[2022-01-19 00:38:50,742] {logging_mixin.py:109} INFO - [2022-01-19 00:38:50,742] {dag.py:2935} INFO - Setting next_dagrun for latest_only_with_trigger to 2022-01-18T20:38:50.742565+00:00
[2022-01-19 00:38:50,758] {processor.py:171} INFO - Processing /home/airflow/.local/lib/python3.6/site-packages/airflow/example_dags/example_latest_only_with_trigger.py took 0.113 seconds
[2022-01-19 00:39:20,851] {processor.py:163} INFO - Started process (PID=460) to work on /home/airflow/.local/lib/python3.6/site-packages/airflow/example_dags/example_latest_only_with_trigger.py
[2022-01-19 00:39:20,854] {processor.py:642} INFO - Processing file /home/airflow/.local/lib/python3.6/site-packages/airflow/example_dags/example_latest_only_with_trigger.py for tasks to queue
[2022-01-19 00:39:20,856] {logging_mixin.py:109} INFO - [2022-01-19 00:39:20,856] {dagbag.py:500} INFO - Filling up the DagBag from /home/airflow/.local/lib/python3.6/site-packages/airflow/example_dags/example_latest_only_with_trigger.py
[2022-01-19 00:39:20,914] {processor.py:654} INFO - DAG(s) dict_keys(['latest_only_with_trigger']) retrieved from /home/airflow/.local/lib/python3.6/site-packages/airflow/example_dags/example_latest_only_with_trigger.py
[2022-01-19 00:39:20,932] {logging_mixin.py:109} INFO - [2022-01-19 00:39:20,932] {dag.py:2396} INFO - Sync 1 DAGs
[2022-01-19 00:39:20,987] {logging_mixin.py:109} INFO - [2022-01-19 00:39:20,987] {dag.py:2935} INFO - Setting next_dagrun for latest_only_with_trigger to 2022-01-18T20:39:20.986837+00:00
[2022-01-19 00:39:21,019] {processor.py:171} INFO - Processing /home/airflow/.local/lib/python3.6/site-packages/airflow/example_dags/example_latest_only_with_trigger.py took 0.173 seconds
[2022-01-19 00:39:51,356] {processor.py:163} INFO - Started process (PID=516) to work on /home/airflow/.local/lib/python3.6/site-packages/airflow/example_dags/example_latest_only_with_trigger.py
[2022-01-19 00:39:51,358] {processor.py:642} INFO - Processing file /home/airflow/.local/lib/python3.6/site-packages/airflow/example_dags/example_latest_only_with_trigger.py for tasks to queue
[2022-01-19 00:39:51,360] {logging_mixin.py:109} INFO - [2022-01-19 00:39:51,360] {dagbag.py:500} INFO - Filling up the DagBag from /home/airflow/.local/lib/python3.6/site-packages/airflow/example_dags/example_latest_only_with_trigger.py
[2022-01-19 00:39:51,420] {processor.py:654} INFO - DAG(s) dict_keys(['latest_only_with_trigger']) retrieved from /home/airflow/.local/lib/python3.6/site-packages/airflow/example_dags/example_latest_only_with_trigger.py
[2022-01-19 00:39:51,436] {logging_mixin.py:109} INFO - [2022-01-19 00:39:51,436] {dag.py:2396} INFO - Sync 1 DAGs
[2022-01-19 00:39:51,458] {logging_mixin.py:109} INFO - [2022-01-19 00:39:51,458] {dag.py:2935} INFO - Setting next_dagrun for latest_only_with_trigger to 2022-01-18T20:39:51.457877+00:00
[2022-01-19 00:39:51,472] {processor.py:171} INFO - Processing /home/airflow/.local/lib/python3.6/site-packages/airflow/example_dags/example_latest_only_with_trigger.py took 0.122 seconds
[2022-01-19 00:40:22,219] {processor.py:163} INFO - Started process (PID=570) to work on /home/airflow/.local/lib/python3.6/site-packages/airflow/example_dags/example_latest_only_with_trigger.py
[2022-01-19 00:40:22,223] {processor.py:642} INFO - Processing file /home/airflow/.local/lib/python3.6/site-packages/airflow/example_dags/example_latest_only_with_trigger.py for tasks to queue
[2022-01-19 00:40:22,226] {logging_mixin.py:109} INFO - [2022-01-19 00:40:22,226] {dagbag.py:500} INFO - Filling up the DagBag from /home/airflow/.local/lib/python3.6/site-packages/airflow/example_dags/example_latest_only_with_trigger.py
[2022-01-19 00:40:22,268] {processor.py:654} INFO - DAG(s) dict_keys(['latest_only_with_trigger']) retrieved from /home/airflow/.local/lib/python3.6/site-packages/airflow/example_dags/example_latest_only_with_trigger.py
[2022-01-19 00:40:22,287] {logging_mixin.py:109} INFO - [2022-01-19 00:40:22,287] {dag.py:2396} INFO - Sync 1 DAGs
[2022-01-19 00:40:22,329] {logging_mixin.py:109} INFO - [2022-01-19 00:40:22,328] {dag.py:2935} INFO - Setting next_dagrun for latest_only_with_trigger to 2022-01-18T20:40:22.328553+00:00
[2022-01-19 00:40:22,349] {processor.py:171} INFO - Processing /home/airflow/.local/lib/python3.6/site-packages/airflow/example_dags/example_latest_only_with_trigger.py took 0.139 seconds
[2022-01-19 00:40:52,668] {processor.py:163} INFO - Started process (PID=624) to work on /home/airflow/.local/lib/python3.6/site-packages/airflow/example_dags/example_latest_only_with_trigger.py
[2022-01-19 00:40:52,675] {processor.py:642} INFO - Processing file /home/airflow/.local/lib/python3.6/site-packages/airflow/example_dags/example_latest_only_with_trigger.py for tasks to queue
[2022-01-19 00:40:52,681] {logging_mixin.py:109} INFO - [2022-01-19 00:40:52,680] {dagbag.py:500} INFO - Filling up the DagBag from /home/airflow/.local/lib/python3.6/site-packages/airflow/example_dags/example_latest_only_with_trigger.py
[2022-01-19 00:40:52,752] {processor.py:654} INFO - DAG(s) dict_keys(['latest_only_with_trigger']) retrieved from /home/airflow/.local/lib/python3.6/site-packages/airflow/example_dags/example_latest_only_with_trigger.py
[2022-01-19 00:40:52,790] {logging_mixin.py:109} INFO - [2022-01-19 00:40:52,789] {dag.py:2396} INFO - Sync 1 DAGs
[2022-01-19 00:40:52,839] {logging_mixin.py:109} INFO - [2022-01-19 00:40:52,838] {dag.py:2935} INFO - Setting next_dagrun for latest_only_with_trigger to 2022-01-18T20:40:52.838174+00:00
[2022-01-19 00:40:52,856] {processor.py:171} INFO - Processing /home/airflow/.local/lib/python3.6/site-packages/airflow/example_dags/example_latest_only_with_trigger.py took 0.201 seconds
[2022-01-19 00:41:22,977] {processor.py:163} INFO - Started process (PID=677) to work on /home/airflow/.local/lib/python3.6/site-packages/airflow/example_dags/example_latest_only_with_trigger.py
[2022-01-19 00:41:22,980] {processor.py:642} INFO - Processing file /home/airflow/.local/lib/python3.6/site-packages/airflow/example_dags/example_latest_only_with_trigger.py for tasks to queue
[2022-01-19 00:41:22,982] {logging_mixin.py:109} INFO - [2022-01-19 00:41:22,981] {dagbag.py:500} INFO - Filling up the DagBag from /home/airflow/.local/lib/python3.6/site-packages/airflow/example_dags/example_latest_only_with_trigger.py
[2022-01-19 00:41:23,023] {processor.py:654} INFO - DAG(s) dict_keys(['latest_only_with_trigger']) retrieved from /home/airflow/.local/lib/python3.6/site-packages/airflow/example_dags/example_latest_only_with_trigger.py
[2022-01-19 00:41:23,047] {logging_mixin.py:109} INFO - [2022-01-19 00:41:23,047] {dag.py:2396} INFO - Sync 1 DAGs
[2022-01-19 00:41:23,076] {logging_mixin.py:109} INFO - [2022-01-19 00:41:23,076] {dag.py:2935} INFO - Setting next_dagrun for latest_only_with_trigger to 2022-01-18T20:41:23.076487+00:00
[2022-01-19 00:41:23,095] {processor.py:171} INFO - Processing /home/airflow/.local/lib/python3.6/site-packages/airflow/example_dags/example_latest_only_with_trigger.py took 0.126 seconds
[2022-01-19 00:41:53,283] {processor.py:163} INFO - Started process (PID=742) to work on /home/airflow/.local/lib/python3.6/site-packages/airflow/example_dags/example_latest_only_with_trigger.py
[2022-01-19 00:41:53,288] {processor.py:642} INFO - Processing file /home/airflow/.local/lib/python3.6/site-packages/airflow/example_dags/example_latest_only_with_trigger.py for tasks to queue
[2022-01-19 00:41:53,293] {logging_mixin.py:109} INFO - [2022-01-19 00:41:53,292] {dagbag.py:500} INFO - Filling up the DagBag from /home/airflow/.local/lib/python3.6/site-packages/airflow/example_dags/example_latest_only_with_trigger.py
[2022-01-19 00:41:53,344] {processor.py:654} INFO - DAG(s) dict_keys(['latest_only_with_trigger']) retrieved from /home/airflow/.local/lib/python3.6/site-packages/airflow/example_dags/example_latest_only_with_trigger.py
[2022-01-19 00:41:53,363] {logging_mixin.py:109} INFO - [2022-01-19 00:41:53,363] {dag.py:2396} INFO - Sync 1 DAGs
[2022-01-19 00:41:53,390] {logging_mixin.py:109} INFO - [2022-01-19 00:41:53,390] {dag.py:2935} INFO - Setting next_dagrun for latest_only_with_trigger to 2022-01-18T20:41:53.390241+00:00
[2022-01-19 00:41:53,408] {processor.py:171} INFO - Processing /home/airflow/.local/lib/python3.6/site-packages/airflow/example_dags/example_latest_only_with_trigger.py took 0.132 seconds
[2022-01-19 00:42:23,651] {processor.py:163} INFO - Started process (PID=795) to work on /home/airflow/.local/lib/python3.6/site-packages/airflow/example_dags/example_latest_only_with_trigger.py
[2022-01-19 00:42:23,660] {processor.py:642} INFO - Processing file /home/airflow/.local/lib/python3.6/site-packages/airflow/example_dags/example_latest_only_with_trigger.py for tasks to queue
[2022-01-19 00:42:23,667] {logging_mixin.py:109} INFO - [2022-01-19 00:42:23,666] {dagbag.py:500} INFO - Filling up the DagBag from /home/airflow/.local/lib/python3.6/site-packages/airflow/example_dags/example_latest_only_with_trigger.py
[2022-01-19 00:42:23,750] {processor.py:654} INFO - DAG(s) dict_keys(['latest_only_with_trigger']) retrieved from /home/airflow/.local/lib/python3.6/site-packages/airflow/example_dags/example_latest_only_with_trigger.py
[2022-01-19 00:42:23,777] {logging_mixin.py:109} INFO - [2022-01-19 00:42:23,776] {dag.py:2396} INFO - Sync 1 DAGs
[2022-01-19 00:42:23,820] {logging_mixin.py:109} INFO - [2022-01-19 00:42:23,820] {dag.py:2935} INFO - Setting next_dagrun for latest_only_with_trigger to 2022-01-18T20:42:23.820209+00:00
[2022-01-19 00:42:23,848] {processor.py:171} INFO - Processing /home/airflow/.local/lib/python3.6/site-packages/airflow/example_dags/example_latest_only_with_trigger.py took 0.204 seconds
[2022-01-19 00:42:54,557] {processor.py:163} INFO - Started process (PID=848) to work on /home/airflow/.local/lib/python3.6/site-packages/airflow/example_dags/example_latest_only_with_trigger.py
[2022-01-19 00:42:54,560] {processor.py:642} INFO - Processing file /home/airflow/.local/lib/python3.6/site-packages/airflow/example_dags/example_latest_only_with_trigger.py for tasks to queue
[2022-01-19 00:42:54,562] {logging_mixin.py:109} INFO - [2022-01-19 00:42:54,562] {dagbag.py:500} INFO - Filling up the DagBag from /home/airflow/.local/lib/python3.6/site-packages/airflow/example_dags/example_latest_only_with_trigger.py
[2022-01-19 00:42:54,600] {processor.py:654} INFO - DAG(s) dict_keys(['latest_only_with_trigger']) retrieved from /home/airflow/.local/lib/python3.6/site-packages/airflow/example_dags/example_latest_only_with_trigger.py
[2022-01-19 00:42:54,614] {logging_mixin.py:109} INFO - [2022-01-19 00:42:54,614] {dag.py:2396} INFO - Sync 1 DAGs
[2022-01-19 00:42:54,637] {logging_mixin.py:109} INFO - [2022-01-19 00:42:54,636] {dag.py:2935} INFO - Setting next_dagrun for latest_only_with_trigger to 2022-01-18T20:42:54.636584+00:00
[2022-01-19 00:42:54,646] {processor.py:171} INFO - Processing /home/airflow/.local/lib/python3.6/site-packages/airflow/example_dags/example_latest_only_with_trigger.py took 0.097 seconds
[2022-01-19 00:43:25,134] {processor.py:163} INFO - Started process (PID=901) to work on /home/airflow/.local/lib/python3.6/site-packages/airflow/example_dags/example_latest_only_with_trigger.py
[2022-01-19 00:43:25,137] {processor.py:642} INFO - Processing file /home/airflow/.local/lib/python3.6/site-packages/airflow/example_dags/example_latest_only_with_trigger.py for tasks to queue
[2022-01-19 00:43:25,139] {logging_mixin.py:109} INFO - [2022-01-19 00:43:25,138] {dagbag.py:500} INFO - Filling up the DagBag from /home/airflow/.local/lib/python3.6/site-packages/airflow/example_dags/example_latest_only_with_trigger.py
[2022-01-19 00:43:25,171] {processor.py:654} INFO - DAG(s) dict_keys(['latest_only_with_trigger']) retrieved from /home/airflow/.local/lib/python3.6/site-packages/airflow/example_dags/example_latest_only_with_trigger.py
[2022-01-19 00:43:25,186] {logging_mixin.py:109} INFO - [2022-01-19 00:43:25,186] {dag.py:2396} INFO - Sync 1 DAGs
[2022-01-19 00:43:25,222] {logging_mixin.py:109} INFO - [2022-01-19 00:43:25,221] {dag.py:2935} INFO - Setting next_dagrun for latest_only_with_trigger to 2022-01-18T20:43:25.221360+00:00
[2022-01-19 00:43:25,239] {processor.py:171} INFO - Processing /home/airflow/.local/lib/python3.6/site-packages/airflow/example_dags/example_latest_only_with_trigger.py took 0.111 seconds
[2022-01-19 00:43:55,501] {processor.py:163} INFO - Started process (PID=962) to work on /home/airflow/.local/lib/python3.6/site-packages/airflow/example_dags/example_latest_only_with_trigger.py
[2022-01-19 00:43:55,503] {processor.py:642} INFO - Processing file /home/airflow/.local/lib/python3.6/site-packages/airflow/example_dags/example_latest_only_with_trigger.py for tasks to queue
[2022-01-19 00:43:55,506] {logging_mixin.py:109} INFO - [2022-01-19 00:43:55,505] {dagbag.py:500} INFO - Filling up the DagBag from /home/airflow/.local/lib/python3.6/site-packages/airflow/example_dags/example_latest_only_with_trigger.py
[2022-01-19 00:43:55,550] {processor.py:654} INFO - DAG(s) dict_keys(['latest_only_with_trigger']) retrieved from /home/airflow/.local/lib/python3.6/site-packages/airflow/example_dags/example_latest_only_with_trigger.py
[2022-01-19 00:43:55,563] {logging_mixin.py:109} INFO - [2022-01-19 00:43:55,563] {dag.py:2396} INFO - Sync 1 DAGs
[2022-01-19 00:43:55,619] {logging_mixin.py:109} INFO - [2022-01-19 00:43:55,619] {dag.py:2935} INFO - Setting next_dagrun for latest_only_with_trigger to 2022-01-18T20:43:55.618866+00:00
[2022-01-19 00:43:55,631] {processor.py:171} INFO - Processing /home/airflow/.local/lib/python3.6/site-packages/airflow/example_dags/example_latest_only_with_trigger.py took 0.137 seconds
[2022-01-19 00:44:26,158] {processor.py:163} INFO - Started process (PID=1021) to work on /home/airflow/.local/lib/python3.6/site-packages/airflow/example_dags/example_latest_only_with_trigger.py
[2022-01-19 00:44:26,164] {processor.py:642} INFO - Processing file /home/airflow/.local/lib/python3.6/site-packages/airflow/example_dags/example_latest_only_with_trigger.py for tasks to queue
[2022-01-19 00:44:26,170] {logging_mixin.py:109} INFO - [2022-01-19 00:44:26,170] {dagbag.py:500} INFO - Filling up the DagBag from /home/airflow/.local/lib/python3.6/site-packages/airflow/example_dags/example_latest_only_with_trigger.py
[2022-01-19 00:44:26,259] {processor.py:654} INFO - DAG(s) dict_keys(['latest_only_with_trigger']) retrieved from /home/airflow/.local/lib/python3.6/site-packages/airflow/example_dags/example_latest_only_with_trigger.py
[2022-01-19 00:44:26,315] {logging_mixin.py:109} INFO - [2022-01-19 00:44:26,314] {dag.py:2396} INFO - Sync 1 DAGs
[2022-01-19 00:44:26,372] {logging_mixin.py:109} INFO - [2022-01-19 00:44:26,372] {dag.py:2935} INFO - Setting next_dagrun for latest_only_with_trigger to 2022-01-18T20:44:26.371906+00:00
[2022-01-19 00:44:26,409] {processor.py:171} INFO - Processing /home/airflow/.local/lib/python3.6/site-packages/airflow/example_dags/example_latest_only_with_trigger.py took 0.261 seconds
[2022-01-19 00:44:57,398] {processor.py:163} INFO - Started process (PID=1075) to work on /home/airflow/.local/lib/python3.6/site-packages/airflow/example_dags/example_latest_only_with_trigger.py
[2022-01-19 00:44:57,400] {processor.py:642} INFO - Processing file /home/airflow/.local/lib/python3.6/site-packages/airflow/example_dags/example_latest_only_with_trigger.py for tasks to queue
[2022-01-19 00:44:57,401] {logging_mixin.py:109} INFO - [2022-01-19 00:44:57,401] {dagbag.py:500} INFO - Filling up the DagBag from /home/airflow/.local/lib/python3.6/site-packages/airflow/example_dags/example_latest_only_with_trigger.py
[2022-01-19 00:44:57,432] {processor.py:654} INFO - DAG(s) dict_keys(['latest_only_with_trigger']) retrieved from /home/airflow/.local/lib/python3.6/site-packages/airflow/example_dags/example_latest_only_with_trigger.py
[2022-01-19 00:44:57,444] {logging_mixin.py:109} INFO - [2022-01-19 00:44:57,444] {dag.py:2396} INFO - Sync 1 DAGs
[2022-01-19 00:44:57,464] {logging_mixin.py:109} INFO - [2022-01-19 00:44:57,464] {dag.py:2935} INFO - Setting next_dagrun for latest_only_with_trigger to 2022-01-18T20:44:57.463797+00:00
[2022-01-19 00:44:57,475] {processor.py:171} INFO - Processing /home/airflow/.local/lib/python3.6/site-packages/airflow/example_dags/example_latest_only_with_trigger.py took 0.082 seconds
[2022-01-19 00:45:27,617] {processor.py:163} INFO - Started process (PID=1138) to work on /home/airflow/.local/lib/python3.6/site-packages/airflow/example_dags/example_latest_only_with_trigger.py
[2022-01-19 00:45:27,619] {processor.py:642} INFO - Processing file /home/airflow/.local/lib/python3.6/site-packages/airflow/example_dags/example_latest_only_with_trigger.py for tasks to queue
[2022-01-19 00:45:27,621] {logging_mixin.py:109} INFO - [2022-01-19 00:45:27,621] {dagbag.py:500} INFO - Filling up the DagBag from /home/airflow/.local/lib/python3.6/site-packages/airflow/example_dags/example_latest_only_with_trigger.py
[2022-01-19 00:45:27,659] {processor.py:654} INFO - DAG(s) dict_keys(['latest_only_with_trigger']) retrieved from /home/airflow/.local/lib/python3.6/site-packages/airflow/example_dags/example_latest_only_with_trigger.py
[2022-01-19 00:45:27,676] {logging_mixin.py:109} INFO - [2022-01-19 00:45:27,676] {dag.py:2396} INFO - Sync 1 DAGs
[2022-01-19 00:45:27,702] {logging_mixin.py:109} INFO - [2022-01-19 00:45:27,702] {dag.py:2935} INFO - Setting next_dagrun for latest_only_with_trigger to 2022-01-18T20:45:27.702161+00:00
[2022-01-19 00:45:27,713] {processor.py:171} INFO - Processing /home/airflow/.local/lib/python3.6/site-packages/airflow/example_dags/example_latest_only_with_trigger.py took 0.105 seconds
[2022-01-19 00:45:57,925] {processor.py:163} INFO - Started process (PID=1193) to work on /home/airflow/.local/lib/python3.6/site-packages/airflow/example_dags/example_latest_only_with_trigger.py
[2022-01-19 00:45:57,930] {processor.py:642} INFO - Processing file /home/airflow/.local/lib/python3.6/site-packages/airflow/example_dags/example_latest_only_with_trigger.py for tasks to queue
[2022-01-19 00:45:57,932] {logging_mixin.py:109} INFO - [2022-01-19 00:45:57,932] {dagbag.py:500} INFO - Filling up the DagBag from /home/airflow/.local/lib/python3.6/site-packages/airflow/example_dags/example_latest_only_with_trigger.py
[2022-01-19 00:45:57,994] {processor.py:654} INFO - DAG(s) dict_keys(['latest_only_with_trigger']) retrieved from /home/airflow/.local/lib/python3.6/site-packages/airflow/example_dags/example_latest_only_with_trigger.py
[2022-01-19 00:45:58,021] {logging_mixin.py:109} INFO - [2022-01-19 00:45:58,021] {dag.py:2396} INFO - Sync 1 DAGs
[2022-01-19 00:45:58,072] {logging_mixin.py:109} INFO - [2022-01-19 00:45:58,072] {dag.py:2935} INFO - Setting next_dagrun for latest_only_with_trigger to 2022-01-18T20:45:58.071511+00:00
[2022-01-19 00:45:58,115] {processor.py:171} INFO - Processing /home/airflow/.local/lib/python3.6/site-packages/airflow/example_dags/example_latest_only_with_trigger.py took 0.197 seconds
[2022-01-19 00:46:28,327] {processor.py:163} INFO - Started process (PID=1249) to work on /home/airflow/.local/lib/python3.6/site-packages/airflow/example_dags/example_latest_only_with_trigger.py
[2022-01-19 00:46:28,331] {processor.py:642} INFO - Processing file /home/airflow/.local/lib/python3.6/site-packages/airflow/example_dags/example_latest_only_with_trigger.py for tasks to queue
[2022-01-19 00:46:28,332] {logging_mixin.py:109} INFO - [2022-01-19 00:46:28,332] {dagbag.py:500} INFO - Filling up the DagBag from /home/airflow/.local/lib/python3.6/site-packages/airflow/example_dags/example_latest_only_with_trigger.py
[2022-01-19 00:46:28,373] {processor.py:654} INFO - DAG(s) dict_keys(['latest_only_with_trigger']) retrieved from /home/airflow/.local/lib/python3.6/site-packages/airflow/example_dags/example_latest_only_with_trigger.py
[2022-01-19 00:46:28,389] {logging_mixin.py:109} INFO - [2022-01-19 00:46:28,389] {dag.py:2396} INFO - Sync 1 DAGs
[2022-01-19 00:46:28,415] {logging_mixin.py:109} INFO - [2022-01-19 00:46:28,415] {dag.py:2935} INFO - Setting next_dagrun for latest_only_with_trigger to 2022-01-18T20:46:28.414951+00:00
[2022-01-19 00:46:28,432] {processor.py:171} INFO - Processing /home/airflow/.local/lib/python3.6/site-packages/airflow/example_dags/example_latest_only_with_trigger.py took 0.109 seconds
[2022-01-19 00:46:58,830] {processor.py:163} INFO - Started process (PID=1302) to work on /home/airflow/.local/lib/python3.6/site-packages/airflow/example_dags/example_latest_only_with_trigger.py
[2022-01-19 00:46:58,860] {processor.py:642} INFO - Processing file /home/airflow/.local/lib/python3.6/site-packages/airflow/example_dags/example_latest_only_with_trigger.py for tasks to queue
[2022-01-19 00:46:58,877] {logging_mixin.py:109} INFO - [2022-01-19 00:46:58,877] {dagbag.py:500} INFO - Filling up the DagBag from /home/airflow/.local/lib/python3.6/site-packages/airflow/example_dags/example_latest_only_with_trigger.py
[2022-01-19 00:46:58,949] {processor.py:654} INFO - DAG(s) dict_keys(['latest_only_with_trigger']) retrieved from /home/airflow/.local/lib/python3.6/site-packages/airflow/example_dags/example_latest_only_with_trigger.py
[2022-01-19 00:46:58,973] {logging_mixin.py:109} INFO - [2022-01-19 00:46:58,971] {dag.py:2396} INFO - Sync 1 DAGs
[2022-01-19 00:46:59,004] {logging_mixin.py:109} INFO - [2022-01-19 00:46:59,004] {dag.py:2935} INFO - Setting next_dagrun for latest_only_with_trigger to 2022-01-18T20:46:59.004488+00:00
[2022-01-19 00:46:59,020] {processor.py:171} INFO - Processing /home/airflow/.local/lib/python3.6/site-packages/airflow/example_dags/example_latest_only_with_trigger.py took 0.200 seconds
[2022-01-19 00:47:29,371] {processor.py:163} INFO - Started process (PID=1356) to work on /home/airflow/.local/lib/python3.6/site-packages/airflow/example_dags/example_latest_only_with_trigger.py
[2022-01-19 00:47:29,373] {processor.py:642} INFO - Processing file /home/airflow/.local/lib/python3.6/site-packages/airflow/example_dags/example_latest_only_with_trigger.py for tasks to queue
[2022-01-19 00:47:29,375] {logging_mixin.py:109} INFO - [2022-01-19 00:47:29,375] {dagbag.py:500} INFO - Filling up the DagBag from /home/airflow/.local/lib/python3.6/site-packages/airflow/example_dags/example_latest_only_with_trigger.py
[2022-01-19 00:47:29,415] {processor.py:654} INFO - DAG(s) dict_keys(['latest_only_with_trigger']) retrieved from /home/airflow/.local/lib/python3.6/site-packages/airflow/example_dags/example_latest_only_with_trigger.py
[2022-01-19 00:47:29,429] {logging_mixin.py:109} INFO - [2022-01-19 00:47:29,429] {dag.py:2396} INFO - Sync 1 DAGs
[2022-01-19 00:47:29,455] {logging_mixin.py:109} INFO - [2022-01-19 00:47:29,455] {dag.py:2935} INFO - Setting next_dagrun for latest_only_with_trigger to 2022-01-18T20:47:29.454879+00:00
[2022-01-19 00:47:29,467] {processor.py:171} INFO - Processing /home/airflow/.local/lib/python3.6/site-packages/airflow/example_dags/example_latest_only_with_trigger.py took 0.101 seconds
[2022-01-19 00:47:59,882] {processor.py:163} INFO - Started process (PID=1408) to work on /home/airflow/.local/lib/python3.6/site-packages/airflow/example_dags/example_latest_only_with_trigger.py
[2022-01-19 00:47:59,888] {processor.py:642} INFO - Processing file /home/airflow/.local/lib/python3.6/site-packages/airflow/example_dags/example_latest_only_with_trigger.py for tasks to queue
[2022-01-19 00:47:59,892] {logging_mixin.py:109} INFO - [2022-01-19 00:47:59,891] {dagbag.py:500} INFO - Filling up the DagBag from /home/airflow/.local/lib/python3.6/site-packages/airflow/example_dags/example_latest_only_with_trigger.py
[2022-01-19 00:47:59,976] {processor.py:654} INFO - DAG(s) dict_keys(['latest_only_with_trigger']) retrieved from /home/airflow/.local/lib/python3.6/site-packages/airflow/example_dags/example_latest_only_with_trigger.py
[2022-01-19 00:47:59,999] {logging_mixin.py:109} INFO - [2022-01-19 00:47:59,999] {dag.py:2396} INFO - Sync 1 DAGs
[2022-01-19 00:48:00,030] {logging_mixin.py:109} INFO - [2022-01-19 00:48:00,029] {dag.py:2935} INFO - Setting next_dagrun for latest_only_with_trigger to 2022-01-18T20:48:00.029333+00:00
[2022-01-19 00:48:00,041] {processor.py:171} INFO - Processing /home/airflow/.local/lib/python3.6/site-packages/airflow/example_dags/example_latest_only_with_trigger.py took 0.176 seconds
[2022-01-19 00:48:30,189] {processor.py:163} INFO - Started process (PID=1464) to work on /home/airflow/.local/lib/python3.6/site-packages/airflow/example_dags/example_latest_only_with_trigger.py
[2022-01-19 00:48:30,196] {processor.py:642} INFO - Processing file /home/airflow/.local/lib/python3.6/site-packages/airflow/example_dags/example_latest_only_with_trigger.py for tasks to queue
[2022-01-19 00:48:30,200] {logging_mixin.py:109} INFO - [2022-01-19 00:48:30,199] {dagbag.py:500} INFO - Filling up the DagBag from /home/airflow/.local/lib/python3.6/site-packages/airflow/example_dags/example_latest_only_with_trigger.py
[2022-01-19 00:48:30,290] {processor.py:654} INFO - DAG(s) dict_keys(['latest_only_with_trigger']) retrieved from /home/airflow/.local/lib/python3.6/site-packages/airflow/example_dags/example_latest_only_with_trigger.py
[2022-01-19 00:48:30,318] {logging_mixin.py:109} INFO - [2022-01-19 00:48:30,318] {dag.py:2396} INFO - Sync 1 DAGs
[2022-01-19 00:48:30,372] {logging_mixin.py:109} INFO - [2022-01-19 00:48:30,371] {dag.py:2935} INFO - Setting next_dagrun for latest_only_with_trigger to 2022-01-18T20:48:30.371525+00:00
[2022-01-19 00:48:30,388] {processor.py:171} INFO - Processing /home/airflow/.local/lib/python3.6/site-packages/airflow/example_dags/example_latest_only_with_trigger.py took 0.216 seconds
