[2022-01-19 00:36:57,034] {processor.py:163} INFO - Started process (PID=110) to work on /home/airflow/.local/lib/python3.6/site-packages/airflow/example_dags/example_trigger_target_dag.py
[2022-01-19 00:36:57,049] {processor.py:642} INFO - Processing file /home/airflow/.local/lib/python3.6/site-packages/airflow/example_dags/example_trigger_target_dag.py for tasks to queue
[2022-01-19 00:36:57,051] {logging_mixin.py:109} INFO - [2022-01-19 00:36:57,051] {dagbag.py:500} INFO - Filling up the DagBag from /home/airflow/.local/lib/python3.6/site-packages/airflow/example_dags/example_trigger_target_dag.py
[2022-01-19 00:36:57,158] {processor.py:654} INFO - DAG(s) dict_keys(['example_trigger_target_dag']) retrieved from /home/airflow/.local/lib/python3.6/site-packages/airflow/example_dags/example_trigger_target_dag.py
[2022-01-19 00:36:59,363] {logging_mixin.py:109} INFO - [2022-01-19 00:36:59,363] {manager.py:496} INFO - Created Permission View: can read on DAG:example_trigger_target_dag
[2022-01-19 00:36:59,378] {logging_mixin.py:109} INFO - [2022-01-19 00:36:59,378] {manager.py:496} INFO - Created Permission View: can edit on DAG:example_trigger_target_dag
[2022-01-19 00:36:59,380] {logging_mixin.py:109} INFO - [2022-01-19 00:36:59,379] {dag.py:2396} INFO - Sync 1 DAGs
[2022-01-19 00:36:59,395] {logging_mixin.py:109} INFO - [2022-01-19 00:36:59,394] {dag.py:2415} INFO - Creating ORM DAG for example_trigger_target_dag
[2022-01-19 00:36:59,408] {logging_mixin.py:109} INFO - [2022-01-19 00:36:59,408] {dag.py:2935} INFO - Setting next_dagrun for example_trigger_target_dag to None
[2022-01-19 00:36:59,433] {processor.py:171} INFO - Processing /home/airflow/.local/lib/python3.6/site-packages/airflow/example_dags/example_trigger_target_dag.py took 2.404 seconds
[2022-01-19 00:37:30,414] {processor.py:163} INFO - Started process (PID=249) to work on /home/airflow/.local/lib/python3.6/site-packages/airflow/example_dags/example_trigger_target_dag.py
[2022-01-19 00:37:30,416] {processor.py:642} INFO - Processing file /home/airflow/.local/lib/python3.6/site-packages/airflow/example_dags/example_trigger_target_dag.py for tasks to queue
[2022-01-19 00:37:30,418] {logging_mixin.py:109} INFO - [2022-01-19 00:37:30,418] {dagbag.py:500} INFO - Filling up the DagBag from /home/airflow/.local/lib/python3.6/site-packages/airflow/example_dags/example_trigger_target_dag.py
[2022-01-19 00:37:30,457] {processor.py:654} INFO - DAG(s) dict_keys(['example_trigger_target_dag']) retrieved from /home/airflow/.local/lib/python3.6/site-packages/airflow/example_dags/example_trigger_target_dag.py
[2022-01-19 00:37:30,468] {logging_mixin.py:109} INFO - [2022-01-19 00:37:30,468] {dag.py:2396} INFO - Sync 1 DAGs
[2022-01-19 00:37:30,486] {logging_mixin.py:109} INFO - [2022-01-19 00:37:30,486] {dag.py:2935} INFO - Setting next_dagrun for example_trigger_target_dag to None
[2022-01-19 00:37:30,499] {processor.py:171} INFO - Processing /home/airflow/.local/lib/python3.6/site-packages/airflow/example_dags/example_trigger_target_dag.py took 0.091 seconds
[2022-01-19 00:38:01,160] {processor.py:163} INFO - Started process (PID=304) to work on /home/airflow/.local/lib/python3.6/site-packages/airflow/example_dags/example_trigger_target_dag.py
[2022-01-19 00:38:01,164] {processor.py:642} INFO - Processing file /home/airflow/.local/lib/python3.6/site-packages/airflow/example_dags/example_trigger_target_dag.py for tasks to queue
[2022-01-19 00:38:01,165] {logging_mixin.py:109} INFO - [2022-01-19 00:38:01,165] {dagbag.py:500} INFO - Filling up the DagBag from /home/airflow/.local/lib/python3.6/site-packages/airflow/example_dags/example_trigger_target_dag.py
[2022-01-19 00:38:01,203] {processor.py:654} INFO - DAG(s) dict_keys(['example_trigger_target_dag']) retrieved from /home/airflow/.local/lib/python3.6/site-packages/airflow/example_dags/example_trigger_target_dag.py
[2022-01-19 00:38:01,216] {logging_mixin.py:109} INFO - [2022-01-19 00:38:01,215] {dag.py:2396} INFO - Sync 1 DAGs
[2022-01-19 00:38:01,235] {logging_mixin.py:109} INFO - [2022-01-19 00:38:01,235] {dag.py:2935} INFO - Setting next_dagrun for example_trigger_target_dag to None
[2022-01-19 00:38:01,249] {processor.py:171} INFO - Processing /home/airflow/.local/lib/python3.6/site-packages/airflow/example_dags/example_trigger_target_dag.py took 0.093 seconds
[2022-01-19 00:38:31,569] {processor.py:163} INFO - Started process (PID=369) to work on /home/airflow/.local/lib/python3.6/site-packages/airflow/example_dags/example_trigger_target_dag.py
[2022-01-19 00:38:31,571] {processor.py:642} INFO - Processing file /home/airflow/.local/lib/python3.6/site-packages/airflow/example_dags/example_trigger_target_dag.py for tasks to queue
[2022-01-19 00:38:31,575] {logging_mixin.py:109} INFO - [2022-01-19 00:38:31,573] {dagbag.py:500} INFO - Filling up the DagBag from /home/airflow/.local/lib/python3.6/site-packages/airflow/example_dags/example_trigger_target_dag.py
[2022-01-19 00:38:31,622] {processor.py:654} INFO - DAG(s) dict_keys(['example_trigger_target_dag']) retrieved from /home/airflow/.local/lib/python3.6/site-packages/airflow/example_dags/example_trigger_target_dag.py
[2022-01-19 00:38:31,633] {logging_mixin.py:109} INFO - [2022-01-19 00:38:31,633] {dag.py:2396} INFO - Sync 1 DAGs
[2022-01-19 00:38:31,651] {logging_mixin.py:109} INFO - [2022-01-19 00:38:31,651] {dag.py:2935} INFO - Setting next_dagrun for example_trigger_target_dag to None
[2022-01-19 00:38:31,663] {processor.py:171} INFO - Processing /home/airflow/.local/lib/python3.6/site-packages/airflow/example_dags/example_trigger_target_dag.py took 0.098 seconds
[2022-01-19 00:39:01,753] {processor.py:163} INFO - Started process (PID=423) to work on /home/airflow/.local/lib/python3.6/site-packages/airflow/example_dags/example_trigger_target_dag.py
[2022-01-19 00:39:01,756] {processor.py:642} INFO - Processing file /home/airflow/.local/lib/python3.6/site-packages/airflow/example_dags/example_trigger_target_dag.py for tasks to queue
[2022-01-19 00:39:01,759] {logging_mixin.py:109} INFO - [2022-01-19 00:39:01,758] {dagbag.py:500} INFO - Filling up the DagBag from /home/airflow/.local/lib/python3.6/site-packages/airflow/example_dags/example_trigger_target_dag.py
[2022-01-19 00:39:01,827] {processor.py:654} INFO - DAG(s) dict_keys(['example_trigger_target_dag']) retrieved from /home/airflow/.local/lib/python3.6/site-packages/airflow/example_dags/example_trigger_target_dag.py
[2022-01-19 00:39:01,855] {logging_mixin.py:109} INFO - [2022-01-19 00:39:01,855] {dag.py:2396} INFO - Sync 1 DAGs
[2022-01-19 00:39:01,887] {logging_mixin.py:109} INFO - [2022-01-19 00:39:01,887] {dag.py:2935} INFO - Setting next_dagrun for example_trigger_target_dag to None
[2022-01-19 00:39:01,903] {processor.py:171} INFO - Processing /home/airflow/.local/lib/python3.6/site-packages/airflow/example_dags/example_trigger_target_dag.py took 0.157 seconds
[2022-01-19 00:39:32,325] {processor.py:163} INFO - Started process (PID=478) to work on /home/airflow/.local/lib/python3.6/site-packages/airflow/example_dags/example_trigger_target_dag.py
[2022-01-19 00:39:32,329] {processor.py:642} INFO - Processing file /home/airflow/.local/lib/python3.6/site-packages/airflow/example_dags/example_trigger_target_dag.py for tasks to queue
[2022-01-19 00:39:32,331] {logging_mixin.py:109} INFO - [2022-01-19 00:39:32,330] {dagbag.py:500} INFO - Filling up the DagBag from /home/airflow/.local/lib/python3.6/site-packages/airflow/example_dags/example_trigger_target_dag.py
[2022-01-19 00:39:32,376] {processor.py:654} INFO - DAG(s) dict_keys(['example_trigger_target_dag']) retrieved from /home/airflow/.local/lib/python3.6/site-packages/airflow/example_dags/example_trigger_target_dag.py
[2022-01-19 00:39:32,390] {logging_mixin.py:109} INFO - [2022-01-19 00:39:32,389] {dag.py:2396} INFO - Sync 1 DAGs
[2022-01-19 00:39:32,415] {logging_mixin.py:109} INFO - [2022-01-19 00:39:32,415] {dag.py:2935} INFO - Setting next_dagrun for example_trigger_target_dag to None
[2022-01-19 00:39:32,425] {processor.py:171} INFO - Processing /home/airflow/.local/lib/python3.6/site-packages/airflow/example_dags/example_trigger_target_dag.py took 0.108 seconds
[2022-01-19 00:40:03,088] {processor.py:163} INFO - Started process (PID=544) to work on /home/airflow/.local/lib/python3.6/site-packages/airflow/example_dags/example_trigger_target_dag.py
[2022-01-19 00:40:03,090] {processor.py:642} INFO - Processing file /home/airflow/.local/lib/python3.6/site-packages/airflow/example_dags/example_trigger_target_dag.py for tasks to queue
[2022-01-19 00:40:03,092] {logging_mixin.py:109} INFO - [2022-01-19 00:40:03,092] {dagbag.py:500} INFO - Filling up the DagBag from /home/airflow/.local/lib/python3.6/site-packages/airflow/example_dags/example_trigger_target_dag.py
[2022-01-19 00:40:03,148] {processor.py:654} INFO - DAG(s) dict_keys(['example_trigger_target_dag']) retrieved from /home/airflow/.local/lib/python3.6/site-packages/airflow/example_dags/example_trigger_target_dag.py
[2022-01-19 00:40:03,164] {logging_mixin.py:109} INFO - [2022-01-19 00:40:03,164] {dag.py:2396} INFO - Sync 1 DAGs
[2022-01-19 00:40:03,195] {logging_mixin.py:109} INFO - [2022-01-19 00:40:03,195] {dag.py:2935} INFO - Setting next_dagrun for example_trigger_target_dag to None
[2022-01-19 00:40:03,212] {processor.py:171} INFO - Processing /home/airflow/.local/lib/python3.6/site-packages/airflow/example_dags/example_trigger_target_dag.py took 0.128 seconds
[2022-01-19 00:40:33,631] {processor.py:163} INFO - Started process (PID=598) to work on /home/airflow/.local/lib/python3.6/site-packages/airflow/example_dags/example_trigger_target_dag.py
[2022-01-19 00:40:33,633] {processor.py:642} INFO - Processing file /home/airflow/.local/lib/python3.6/site-packages/airflow/example_dags/example_trigger_target_dag.py for tasks to queue
[2022-01-19 00:40:33,634] {logging_mixin.py:109} INFO - [2022-01-19 00:40:33,634] {dagbag.py:500} INFO - Filling up the DagBag from /home/airflow/.local/lib/python3.6/site-packages/airflow/example_dags/example_trigger_target_dag.py
[2022-01-19 00:40:33,679] {processor.py:654} INFO - DAG(s) dict_keys(['example_trigger_target_dag']) retrieved from /home/airflow/.local/lib/python3.6/site-packages/airflow/example_dags/example_trigger_target_dag.py
[2022-01-19 00:40:33,692] {logging_mixin.py:109} INFO - [2022-01-19 00:40:33,692] {dag.py:2396} INFO - Sync 1 DAGs
[2022-01-19 00:40:33,714] {logging_mixin.py:109} INFO - [2022-01-19 00:40:33,714] {dag.py:2935} INFO - Setting next_dagrun for example_trigger_target_dag to None
[2022-01-19 00:40:33,725] {processor.py:171} INFO - Processing /home/airflow/.local/lib/python3.6/site-packages/airflow/example_dags/example_trigger_target_dag.py took 0.099 seconds
[2022-01-19 00:41:04,255] {processor.py:163} INFO - Started process (PID=652) to work on /home/airflow/.local/lib/python3.6/site-packages/airflow/example_dags/example_trigger_target_dag.py
[2022-01-19 00:41:04,259] {processor.py:642} INFO - Processing file /home/airflow/.local/lib/python3.6/site-packages/airflow/example_dags/example_trigger_target_dag.py for tasks to queue
[2022-01-19 00:41:04,263] {logging_mixin.py:109} INFO - [2022-01-19 00:41:04,262] {dagbag.py:500} INFO - Filling up the DagBag from /home/airflow/.local/lib/python3.6/site-packages/airflow/example_dags/example_trigger_target_dag.py
[2022-01-19 00:41:04,346] {processor.py:654} INFO - DAG(s) dict_keys(['example_trigger_target_dag']) retrieved from /home/airflow/.local/lib/python3.6/site-packages/airflow/example_dags/example_trigger_target_dag.py
[2022-01-19 00:41:04,372] {logging_mixin.py:109} INFO - [2022-01-19 00:41:04,372] {dag.py:2396} INFO - Sync 1 DAGs
[2022-01-19 00:41:04,403] {logging_mixin.py:109} INFO - [2022-01-19 00:41:04,402] {dag.py:2935} INFO - Setting next_dagrun for example_trigger_target_dag to None
[2022-01-19 00:41:04,418] {processor.py:171} INFO - Processing /home/airflow/.local/lib/python3.6/site-packages/airflow/example_dags/example_trigger_target_dag.py took 0.179 seconds
[2022-01-19 00:41:34,708] {processor.py:163} INFO - Started process (PID=705) to work on /home/airflow/.local/lib/python3.6/site-packages/airflow/example_dags/example_trigger_target_dag.py
[2022-01-19 00:41:34,716] {processor.py:642} INFO - Processing file /home/airflow/.local/lib/python3.6/site-packages/airflow/example_dags/example_trigger_target_dag.py for tasks to queue
[2022-01-19 00:41:34,722] {logging_mixin.py:109} INFO - [2022-01-19 00:41:34,722] {dagbag.py:500} INFO - Filling up the DagBag from /home/airflow/.local/lib/python3.6/site-packages/airflow/example_dags/example_trigger_target_dag.py
[2022-01-19 00:41:34,813] {processor.py:654} INFO - DAG(s) dict_keys(['example_trigger_target_dag']) retrieved from /home/airflow/.local/lib/python3.6/site-packages/airflow/example_dags/example_trigger_target_dag.py
[2022-01-19 00:41:34,837] {logging_mixin.py:109} INFO - [2022-01-19 00:41:34,837] {dag.py:2396} INFO - Sync 1 DAGs
[2022-01-19 00:41:34,878] {logging_mixin.py:109} INFO - [2022-01-19 00:41:34,878] {dag.py:2935} INFO - Setting next_dagrun for example_trigger_target_dag to None
[2022-01-19 00:41:34,923] {processor.py:171} INFO - Processing /home/airflow/.local/lib/python3.6/site-packages/airflow/example_dags/example_trigger_target_dag.py took 0.225 seconds
[2022-01-19 00:42:05,320] {processor.py:163} INFO - Started process (PID=769) to work on /home/airflow/.local/lib/python3.6/site-packages/airflow/example_dags/example_trigger_target_dag.py
[2022-01-19 00:42:05,323] {processor.py:642} INFO - Processing file /home/airflow/.local/lib/python3.6/site-packages/airflow/example_dags/example_trigger_target_dag.py for tasks to queue
[2022-01-19 00:42:05,325] {logging_mixin.py:109} INFO - [2022-01-19 00:42:05,325] {dagbag.py:500} INFO - Filling up the DagBag from /home/airflow/.local/lib/python3.6/site-packages/airflow/example_dags/example_trigger_target_dag.py
[2022-01-19 00:42:05,372] {processor.py:654} INFO - DAG(s) dict_keys(['example_trigger_target_dag']) retrieved from /home/airflow/.local/lib/python3.6/site-packages/airflow/example_dags/example_trigger_target_dag.py
[2022-01-19 00:42:05,396] {logging_mixin.py:109} INFO - [2022-01-19 00:42:05,396] {dag.py:2396} INFO - Sync 1 DAGs
[2022-01-19 00:42:05,419] {logging_mixin.py:109} INFO - [2022-01-19 00:42:05,419] {dag.py:2935} INFO - Setting next_dagrun for example_trigger_target_dag to None
[2022-01-19 00:42:05,437] {processor.py:171} INFO - Processing /home/airflow/.local/lib/python3.6/site-packages/airflow/example_dags/example_trigger_target_dag.py took 0.122 seconds
[2022-01-19 00:42:35,936] {processor.py:163} INFO - Started process (PID=822) to work on /home/airflow/.local/lib/python3.6/site-packages/airflow/example_dags/example_trigger_target_dag.py
[2022-01-19 00:42:35,938] {processor.py:642} INFO - Processing file /home/airflow/.local/lib/python3.6/site-packages/airflow/example_dags/example_trigger_target_dag.py for tasks to queue
[2022-01-19 00:42:35,939] {logging_mixin.py:109} INFO - [2022-01-19 00:42:35,939] {dagbag.py:500} INFO - Filling up the DagBag from /home/airflow/.local/lib/python3.6/site-packages/airflow/example_dags/example_trigger_target_dag.py
[2022-01-19 00:42:35,981] {processor.py:654} INFO - DAG(s) dict_keys(['example_trigger_target_dag']) retrieved from /home/airflow/.local/lib/python3.6/site-packages/airflow/example_dags/example_trigger_target_dag.py
[2022-01-19 00:42:35,995] {logging_mixin.py:109} INFO - [2022-01-19 00:42:35,995] {dag.py:2396} INFO - Sync 1 DAGs
[2022-01-19 00:42:36,016] {logging_mixin.py:109} INFO - [2022-01-19 00:42:36,015] {dag.py:2935} INFO - Setting next_dagrun for example_trigger_target_dag to None
[2022-01-19 00:42:36,028] {processor.py:171} INFO - Processing /home/airflow/.local/lib/python3.6/site-packages/airflow/example_dags/example_trigger_target_dag.py took 0.097 seconds
[2022-01-19 00:43:06,139] {processor.py:163} INFO - Started process (PID=875) to work on /home/airflow/.local/lib/python3.6/site-packages/airflow/example_dags/example_trigger_target_dag.py
[2022-01-19 00:43:06,141] {processor.py:642} INFO - Processing file /home/airflow/.local/lib/python3.6/site-packages/airflow/example_dags/example_trigger_target_dag.py for tasks to queue
[2022-01-19 00:43:06,143] {logging_mixin.py:109} INFO - [2022-01-19 00:43:06,143] {dagbag.py:500} INFO - Filling up the DagBag from /home/airflow/.local/lib/python3.6/site-packages/airflow/example_dags/example_trigger_target_dag.py
[2022-01-19 00:43:06,195] {processor.py:654} INFO - DAG(s) dict_keys(['example_trigger_target_dag']) retrieved from /home/airflow/.local/lib/python3.6/site-packages/airflow/example_dags/example_trigger_target_dag.py
[2022-01-19 00:43:06,208] {logging_mixin.py:109} INFO - [2022-01-19 00:43:06,208] {dag.py:2396} INFO - Sync 1 DAGs
[2022-01-19 00:43:06,231] {logging_mixin.py:109} INFO - [2022-01-19 00:43:06,230] {dag.py:2935} INFO - Setting next_dagrun for example_trigger_target_dag to None
[2022-01-19 00:43:06,247] {processor.py:171} INFO - Processing /home/airflow/.local/lib/python3.6/site-packages/airflow/example_dags/example_trigger_target_dag.py took 0.113 seconds
[2022-01-19 00:43:36,393] {processor.py:163} INFO - Started process (PID=928) to work on /home/airflow/.local/lib/python3.6/site-packages/airflow/example_dags/example_trigger_target_dag.py
[2022-01-19 00:43:36,396] {processor.py:642} INFO - Processing file /home/airflow/.local/lib/python3.6/site-packages/airflow/example_dags/example_trigger_target_dag.py for tasks to queue
[2022-01-19 00:43:36,399] {logging_mixin.py:109} INFO - [2022-01-19 00:43:36,399] {dagbag.py:500} INFO - Filling up the DagBag from /home/airflow/.local/lib/python3.6/site-packages/airflow/example_dags/example_trigger_target_dag.py
[2022-01-19 00:43:36,458] {processor.py:654} INFO - DAG(s) dict_keys(['example_trigger_target_dag']) retrieved from /home/airflow/.local/lib/python3.6/site-packages/airflow/example_dags/example_trigger_target_dag.py
[2022-01-19 00:43:36,471] {logging_mixin.py:109} INFO - [2022-01-19 00:43:36,471] {dag.py:2396} INFO - Sync 1 DAGs
[2022-01-19 00:43:36,494] {logging_mixin.py:109} INFO - [2022-01-19 00:43:36,493] {dag.py:2935} INFO - Setting next_dagrun for example_trigger_target_dag to None
[2022-01-19 00:43:36,515] {processor.py:171} INFO - Processing /home/airflow/.local/lib/python3.6/site-packages/airflow/example_dags/example_trigger_target_dag.py took 0.131 seconds
