[2022-01-19 00:37:03,704] {processor.py:163} INFO - Started process (PID=140) to work on /home/airflow/.local/lib/python3.6/site-packages/airflow/example_dags/example_subdag_operator.py
[2022-01-19 00:37:03,706] {processor.py:642} INFO - Processing file /home/airflow/.local/lib/python3.6/site-packages/airflow/example_dags/example_subdag_operator.py for tasks to queue
[2022-01-19 00:37:03,707] {logging_mixin.py:109} INFO - [2022-01-19 00:37:03,707] {dagbag.py:500} INFO - Filling up the DagBag from /home/airflow/.local/lib/python3.6/site-packages/airflow/example_dags/example_subdag_operator.py
[2022-01-19 00:37:03,751] {processor.py:654} INFO - DAG(s) dict_keys(['example_subdag_operator.section-1', 'example_subdag_operator.section-2', 'example_subdag_operator']) retrieved from /home/airflow/.local/lib/python3.6/site-packages/airflow/example_dags/example_subdag_operator.py
[2022-01-19 00:37:05,756] {logging_mixin.py:109} INFO - [2022-01-19 00:37:05,756] {manager.py:496} INFO - Created Permission View: can read on DAG:example_subdag_operator
[2022-01-19 00:37:05,770] {logging_mixin.py:109} INFO - [2022-01-19 00:37:05,770] {manager.py:496} INFO - Created Permission View: can edit on DAG:example_subdag_operator
[2022-01-19 00:37:05,772] {logging_mixin.py:109} INFO - [2022-01-19 00:37:05,771] {dag.py:2396} INFO - Sync 3 DAGs
[2022-01-19 00:37:05,785] {logging_mixin.py:109} INFO - [2022-01-19 00:37:05,784] {dag.py:2415} INFO - Creating ORM DAG for example_subdag_operator
[2022-01-19 00:37:05,786] {logging_mixin.py:109} INFO - [2022-01-19 00:37:05,786] {dag.py:2415} INFO - Creating ORM DAG for example_subdag_operator.section-1
[2022-01-19 00:37:05,788] {logging_mixin.py:109} INFO - [2022-01-19 00:37:05,788] {dag.py:2415} INFO - Creating ORM DAG for example_subdag_operator.section-2
[2022-01-19 00:37:05,797] {logging_mixin.py:109} INFO - [2022-01-19 00:37:05,797] {dag.py:2935} INFO - Setting next_dagrun for example_subdag_operator to 2022-01-17T00:00:00+00:00
[2022-01-19 00:37:05,799] {logging_mixin.py:109} INFO - [2022-01-19 00:37:05,799] {dag.py:2935} INFO - Setting next_dagrun for example_subdag_operator.section-1 to None
[2022-01-19 00:37:05,800] {logging_mixin.py:109} INFO - [2022-01-19 00:37:05,800] {dag.py:2935} INFO - Setting next_dagrun for example_subdag_operator.section-2 to None
[2022-01-19 00:37:05,811] {logging_mixin.py:109} INFO - [2022-01-19 00:37:05,811] {dag.py:2396} INFO - Sync 2 DAGs
[2022-01-19 00:37:05,824] {logging_mixin.py:109} INFO - [2022-01-19 00:37:05,824] {dag.py:2935} INFO - Setting next_dagrun for example_subdag_operator.section-1 to None
[2022-01-19 00:37:05,829] {logging_mixin.py:109} INFO - [2022-01-19 00:37:05,829] {dag.py:2935} INFO - Setting next_dagrun for example_subdag_operator.section-2 to None
[2022-01-19 00:37:05,849] {processor.py:171} INFO - Processing /home/airflow/.local/lib/python3.6/site-packages/airflow/example_dags/example_subdag_operator.py took 2.149 seconds
[2022-01-19 00:37:36,765] {processor.py:163} INFO - Started process (PID=255) to work on /home/airflow/.local/lib/python3.6/site-packages/airflow/example_dags/example_subdag_operator.py
[2022-01-19 00:37:36,788] {processor.py:642} INFO - Processing file /home/airflow/.local/lib/python3.6/site-packages/airflow/example_dags/example_subdag_operator.py for tasks to queue
[2022-01-19 00:37:36,789] {logging_mixin.py:109} INFO - [2022-01-19 00:37:36,789] {dagbag.py:500} INFO - Filling up the DagBag from /home/airflow/.local/lib/python3.6/site-packages/airflow/example_dags/example_subdag_operator.py
[2022-01-19 00:37:36,901] {processor.py:654} INFO - DAG(s) dict_keys(['example_subdag_operator.section-1', 'example_subdag_operator.section-2', 'example_subdag_operator']) retrieved from /home/airflow/.local/lib/python3.6/site-packages/airflow/example_dags/example_subdag_operator.py
[2022-01-19 00:37:36,931] {logging_mixin.py:109} INFO - [2022-01-19 00:37:36,931] {dag.py:2396} INFO - Sync 3 DAGs
[2022-01-19 00:37:36,951] {logging_mixin.py:109} INFO - [2022-01-19 00:37:36,951] {dag.py:2935} INFO - Setting next_dagrun for example_subdag_operator to 2022-01-17T00:00:00+00:00
[2022-01-19 00:37:36,954] {logging_mixin.py:109} INFO - [2022-01-19 00:37:36,953] {dag.py:2935} INFO - Setting next_dagrun for example_subdag_operator.section-1 to None
[2022-01-19 00:37:36,955] {logging_mixin.py:109} INFO - [2022-01-19 00:37:36,955] {dag.py:2935} INFO - Setting next_dagrun for example_subdag_operator.section-2 to None
[2022-01-19 00:37:36,966] {logging_mixin.py:109} INFO - [2022-01-19 00:37:36,966] {dag.py:2396} INFO - Sync 2 DAGs
[2022-01-19 00:37:36,982] {logging_mixin.py:109} INFO - [2022-01-19 00:37:36,982] {dag.py:2935} INFO - Setting next_dagrun for example_subdag_operator.section-1 to None
[2022-01-19 00:37:36,983] {logging_mixin.py:109} INFO - [2022-01-19 00:37:36,983] {dag.py:2935} INFO - Setting next_dagrun for example_subdag_operator.section-2 to None
[2022-01-19 00:37:36,996] {processor.py:171} INFO - Processing /home/airflow/.local/lib/python3.6/site-packages/airflow/example_dags/example_subdag_operator.py took 0.237 seconds
[2022-01-19 00:38:07,588] {processor.py:163} INFO - Started process (PID=321) to work on /home/airflow/.local/lib/python3.6/site-packages/airflow/example_dags/example_subdag_operator.py
[2022-01-19 00:38:07,591] {processor.py:642} INFO - Processing file /home/airflow/.local/lib/python3.6/site-packages/airflow/example_dags/example_subdag_operator.py for tasks to queue
[2022-01-19 00:38:07,592] {logging_mixin.py:109} INFO - [2022-01-19 00:38:07,592] {dagbag.py:500} INFO - Filling up the DagBag from /home/airflow/.local/lib/python3.6/site-packages/airflow/example_dags/example_subdag_operator.py
[2022-01-19 00:38:07,632] {processor.py:654} INFO - DAG(s) dict_keys(['example_subdag_operator.section-1', 'example_subdag_operator.section-2', 'example_subdag_operator']) retrieved from /home/airflow/.local/lib/python3.6/site-packages/airflow/example_dags/example_subdag_operator.py
[2022-01-19 00:38:07,646] {logging_mixin.py:109} INFO - [2022-01-19 00:38:07,646] {dag.py:2396} INFO - Sync 3 DAGs
[2022-01-19 00:38:07,667] {logging_mixin.py:109} INFO - [2022-01-19 00:38:07,667] {dag.py:2935} INFO - Setting next_dagrun for example_subdag_operator to 2022-01-17T00:00:00+00:00
[2022-01-19 00:38:07,668] {logging_mixin.py:109} INFO - [2022-01-19 00:38:07,668] {dag.py:2935} INFO - Setting next_dagrun for example_subdag_operator.section-1 to None
[2022-01-19 00:38:07,669] {logging_mixin.py:109} INFO - [2022-01-19 00:38:07,669] {dag.py:2935} INFO - Setting next_dagrun for example_subdag_operator.section-2 to None
[2022-01-19 00:38:07,676] {logging_mixin.py:109} INFO - [2022-01-19 00:38:07,676] {dag.py:2396} INFO - Sync 2 DAGs
[2022-01-19 00:38:07,686] {logging_mixin.py:109} INFO - [2022-01-19 00:38:07,686] {dag.py:2935} INFO - Setting next_dagrun for example_subdag_operator.section-1 to None
[2022-01-19 00:38:07,688] {logging_mixin.py:109} INFO - [2022-01-19 00:38:07,687] {dag.py:2935} INFO - Setting next_dagrun for example_subdag_operator.section-2 to None
[2022-01-19 00:38:07,701] {processor.py:171} INFO - Processing /home/airflow/.local/lib/python3.6/site-packages/airflow/example_dags/example_subdag_operator.py took 0.116 seconds
[2022-01-19 00:38:38,044] {processor.py:163} INFO - Started process (PID=375) to work on /home/airflow/.local/lib/python3.6/site-packages/airflow/example_dags/example_subdag_operator.py
[2022-01-19 00:38:38,049] {processor.py:642} INFO - Processing file /home/airflow/.local/lib/python3.6/site-packages/airflow/example_dags/example_subdag_operator.py for tasks to queue
[2022-01-19 00:38:38,053] {logging_mixin.py:109} INFO - [2022-01-19 00:38:38,052] {dagbag.py:500} INFO - Filling up the DagBag from /home/airflow/.local/lib/python3.6/site-packages/airflow/example_dags/example_subdag_operator.py
[2022-01-19 00:38:38,128] {processor.py:654} INFO - DAG(s) dict_keys(['example_subdag_operator.section-1', 'example_subdag_operator.section-2', 'example_subdag_operator']) retrieved from /home/airflow/.local/lib/python3.6/site-packages/airflow/example_dags/example_subdag_operator.py
[2022-01-19 00:38:38,144] {logging_mixin.py:109} INFO - [2022-01-19 00:38:38,144] {dag.py:2396} INFO - Sync 3 DAGs
[2022-01-19 00:38:38,182] {logging_mixin.py:109} INFO - [2022-01-19 00:38:38,182] {dag.py:2935} INFO - Setting next_dagrun for example_subdag_operator to 2022-01-17T00:00:00+00:00
[2022-01-19 00:38:38,184] {logging_mixin.py:109} INFO - [2022-01-19 00:38:38,183] {dag.py:2935} INFO - Setting next_dagrun for example_subdag_operator.section-1 to None
[2022-01-19 00:38:38,186] {logging_mixin.py:109} INFO - [2022-01-19 00:38:38,186] {dag.py:2935} INFO - Setting next_dagrun for example_subdag_operator.section-2 to None
[2022-01-19 00:38:38,196] {logging_mixin.py:109} INFO - [2022-01-19 00:38:38,196] {dag.py:2396} INFO - Sync 2 DAGs
[2022-01-19 00:38:38,216] {logging_mixin.py:109} INFO - [2022-01-19 00:38:38,215] {dag.py:2935} INFO - Setting next_dagrun for example_subdag_operator.section-1 to None
[2022-01-19 00:38:38,218] {logging_mixin.py:109} INFO - [2022-01-19 00:38:38,217] {dag.py:2935} INFO - Setting next_dagrun for example_subdag_operator.section-2 to None
[2022-01-19 00:38:38,234] {processor.py:171} INFO - Processing /home/airflow/.local/lib/python3.6/site-packages/airflow/example_dags/example_subdag_operator.py took 0.204 seconds
[2022-01-19 00:39:08,433] {processor.py:163} INFO - Started process (PID=441) to work on /home/airflow/.local/lib/python3.6/site-packages/airflow/example_dags/example_subdag_operator.py
[2022-01-19 00:39:08,442] {processor.py:642} INFO - Processing file /home/airflow/.local/lib/python3.6/site-packages/airflow/example_dags/example_subdag_operator.py for tasks to queue
[2022-01-19 00:39:08,446] {logging_mixin.py:109} INFO - [2022-01-19 00:39:08,446] {dagbag.py:500} INFO - Filling up the DagBag from /home/airflow/.local/lib/python3.6/site-packages/airflow/example_dags/example_subdag_operator.py
[2022-01-19 00:39:08,605] {processor.py:654} INFO - DAG(s) dict_keys(['example_subdag_operator.section-1', 'example_subdag_operator.section-2', 'example_subdag_operator']) retrieved from /home/airflow/.local/lib/python3.6/site-packages/airflow/example_dags/example_subdag_operator.py
[2022-01-19 00:39:08,625] {logging_mixin.py:109} INFO - [2022-01-19 00:39:08,625] {dag.py:2396} INFO - Sync 3 DAGs
[2022-01-19 00:39:08,646] {logging_mixin.py:109} INFO - [2022-01-19 00:39:08,646] {dag.py:2935} INFO - Setting next_dagrun for example_subdag_operator to 2022-01-17T00:00:00+00:00
[2022-01-19 00:39:08,647] {logging_mixin.py:109} INFO - [2022-01-19 00:39:08,647] {dag.py:2935} INFO - Setting next_dagrun for example_subdag_operator.section-1 to None
[2022-01-19 00:39:08,649] {logging_mixin.py:109} INFO - [2022-01-19 00:39:08,649] {dag.py:2935} INFO - Setting next_dagrun for example_subdag_operator.section-2 to None
[2022-01-19 00:39:08,657] {logging_mixin.py:109} INFO - [2022-01-19 00:39:08,657] {dag.py:2396} INFO - Sync 2 DAGs
[2022-01-19 00:39:08,676] {logging_mixin.py:109} INFO - [2022-01-19 00:39:08,676] {dag.py:2935} INFO - Setting next_dagrun for example_subdag_operator.section-1 to None
[2022-01-19 00:39:08,678] {logging_mixin.py:109} INFO - [2022-01-19 00:39:08,678] {dag.py:2935} INFO - Setting next_dagrun for example_subdag_operator.section-2 to None
[2022-01-19 00:39:08,691] {processor.py:171} INFO - Processing /home/airflow/.local/lib/python3.6/site-packages/airflow/example_dags/example_subdag_operator.py took 0.265 seconds
[2022-01-19 00:39:38,785] {processor.py:163} INFO - Started process (PID=495) to work on /home/airflow/.local/lib/python3.6/site-packages/airflow/example_dags/example_subdag_operator.py
[2022-01-19 00:39:38,792] {processor.py:642} INFO - Processing file /home/airflow/.local/lib/python3.6/site-packages/airflow/example_dags/example_subdag_operator.py for tasks to queue
[2022-01-19 00:39:38,796] {logging_mixin.py:109} INFO - [2022-01-19 00:39:38,796] {dagbag.py:500} INFO - Filling up the DagBag from /home/airflow/.local/lib/python3.6/site-packages/airflow/example_dags/example_subdag_operator.py
[2022-01-19 00:39:38,888] {processor.py:654} INFO - DAG(s) dict_keys(['example_subdag_operator.section-1', 'example_subdag_operator.section-2', 'example_subdag_operator']) retrieved from /home/airflow/.local/lib/python3.6/site-packages/airflow/example_dags/example_subdag_operator.py
[2022-01-19 00:39:38,917] {logging_mixin.py:109} INFO - [2022-01-19 00:39:38,917] {dag.py:2396} INFO - Sync 3 DAGs
[2022-01-19 00:39:38,958] {logging_mixin.py:109} INFO - [2022-01-19 00:39:38,958] {dag.py:2935} INFO - Setting next_dagrun for example_subdag_operator to 2022-01-17T00:00:00+00:00
[2022-01-19 00:39:38,961] {logging_mixin.py:109} INFO - [2022-01-19 00:39:38,960] {dag.py:2935} INFO - Setting next_dagrun for example_subdag_operator.section-1 to None
[2022-01-19 00:39:38,963] {logging_mixin.py:109} INFO - [2022-01-19 00:39:38,963] {dag.py:2935} INFO - Setting next_dagrun for example_subdag_operator.section-2 to None
[2022-01-19 00:39:38,975] {logging_mixin.py:109} INFO - [2022-01-19 00:39:38,975] {dag.py:2396} INFO - Sync 2 DAGs
[2022-01-19 00:39:38,989] {logging_mixin.py:109} INFO - [2022-01-19 00:39:38,989] {dag.py:2935} INFO - Setting next_dagrun for example_subdag_operator.section-1 to None
[2022-01-19 00:39:38,992] {logging_mixin.py:109} INFO - [2022-01-19 00:39:38,992] {dag.py:2935} INFO - Setting next_dagrun for example_subdag_operator.section-2 to None
[2022-01-19 00:39:39,009] {processor.py:171} INFO - Processing /home/airflow/.local/lib/python3.6/site-packages/airflow/example_dags/example_subdag_operator.py took 0.237 seconds
[2022-01-19 00:40:09,184] {processor.py:163} INFO - Started process (PID=550) to work on /home/airflow/.local/lib/python3.6/site-packages/airflow/example_dags/example_subdag_operator.py
[2022-01-19 00:40:09,197] {processor.py:642} INFO - Processing file /home/airflow/.local/lib/python3.6/site-packages/airflow/example_dags/example_subdag_operator.py for tasks to queue
[2022-01-19 00:40:09,203] {logging_mixin.py:109} INFO - [2022-01-19 00:40:09,202] {dagbag.py:500} INFO - Filling up the DagBag from /home/airflow/.local/lib/python3.6/site-packages/airflow/example_dags/example_subdag_operator.py
[2022-01-19 00:40:09,353] {processor.py:654} INFO - DAG(s) dict_keys(['example_subdag_operator.section-1', 'example_subdag_operator.section-2', 'example_subdag_operator']) retrieved from /home/airflow/.local/lib/python3.6/site-packages/airflow/example_dags/example_subdag_operator.py
[2022-01-19 00:40:09,399] {logging_mixin.py:109} INFO - [2022-01-19 00:40:09,399] {dag.py:2396} INFO - Sync 3 DAGs
[2022-01-19 00:40:09,482] {logging_mixin.py:109} INFO - [2022-01-19 00:40:09,482] {dag.py:2935} INFO - Setting next_dagrun for example_subdag_operator to 2022-01-17T00:00:00+00:00
[2022-01-19 00:40:09,490] {logging_mixin.py:109} INFO - [2022-01-19 00:40:09,490] {dag.py:2935} INFO - Setting next_dagrun for example_subdag_operator.section-1 to None
[2022-01-19 00:40:09,495] {logging_mixin.py:109} INFO - [2022-01-19 00:40:09,495] {dag.py:2935} INFO - Setting next_dagrun for example_subdag_operator.section-2 to None
[2022-01-19 00:40:09,526] {logging_mixin.py:109} INFO - [2022-01-19 00:40:09,526] {dag.py:2396} INFO - Sync 2 DAGs
[2022-01-19 00:40:09,551] {logging_mixin.py:109} INFO - [2022-01-19 00:40:09,551] {dag.py:2935} INFO - Setting next_dagrun for example_subdag_operator.section-1 to None
[2022-01-19 00:40:09,554] {logging_mixin.py:109} INFO - [2022-01-19 00:40:09,553] {dag.py:2935} INFO - Setting next_dagrun for example_subdag_operator.section-2 to None
[2022-01-19 00:40:09,572] {processor.py:171} INFO - Processing /home/airflow/.local/lib/python3.6/site-packages/airflow/example_dags/example_subdag_operator.py took 0.409 seconds
[2022-01-19 00:40:40,180] {processor.py:163} INFO - Started process (PID=604) to work on /home/airflow/.local/lib/python3.6/site-packages/airflow/example_dags/example_subdag_operator.py
[2022-01-19 00:40:40,184] {processor.py:642} INFO - Processing file /home/airflow/.local/lib/python3.6/site-packages/airflow/example_dags/example_subdag_operator.py for tasks to queue
[2022-01-19 00:40:40,188] {logging_mixin.py:109} INFO - [2022-01-19 00:40:40,188] {dagbag.py:500} INFO - Filling up the DagBag from /home/airflow/.local/lib/python3.6/site-packages/airflow/example_dags/example_subdag_operator.py
[2022-01-19 00:40:40,283] {processor.py:654} INFO - DAG(s) dict_keys(['example_subdag_operator.section-1', 'example_subdag_operator.section-2', 'example_subdag_operator']) retrieved from /home/airflow/.local/lib/python3.6/site-packages/airflow/example_dags/example_subdag_operator.py
[2022-01-19 00:40:40,318] {logging_mixin.py:109} INFO - [2022-01-19 00:40:40,318] {dag.py:2396} INFO - Sync 3 DAGs
[2022-01-19 00:40:40,379] {logging_mixin.py:109} INFO - [2022-01-19 00:40:40,379] {dag.py:2935} INFO - Setting next_dagrun for example_subdag_operator to 2022-01-17T00:00:00+00:00
[2022-01-19 00:40:40,381] {logging_mixin.py:109} INFO - [2022-01-19 00:40:40,381] {dag.py:2935} INFO - Setting next_dagrun for example_subdag_operator.section-1 to None
[2022-01-19 00:40:40,384] {logging_mixin.py:109} INFO - [2022-01-19 00:40:40,383] {dag.py:2935} INFO - Setting next_dagrun for example_subdag_operator.section-2 to None
[2022-01-19 00:40:40,400] {logging_mixin.py:109} INFO - [2022-01-19 00:40:40,400] {dag.py:2396} INFO - Sync 2 DAGs
[2022-01-19 00:40:40,428] {logging_mixin.py:109} INFO - [2022-01-19 00:40:40,427] {dag.py:2935} INFO - Setting next_dagrun for example_subdag_operator.section-1 to None
[2022-01-19 00:40:40,432] {logging_mixin.py:109} INFO - [2022-01-19 00:40:40,432] {dag.py:2935} INFO - Setting next_dagrun for example_subdag_operator.section-2 to None
[2022-01-19 00:40:40,462] {processor.py:171} INFO - Processing /home/airflow/.local/lib/python3.6/site-packages/airflow/example_dags/example_subdag_operator.py took 0.289 seconds
[2022-01-19 00:41:10,606] {processor.py:163} INFO - Started process (PID=657) to work on /home/airflow/.local/lib/python3.6/site-packages/airflow/example_dags/example_subdag_operator.py
[2022-01-19 00:41:10,608] {processor.py:642} INFO - Processing file /home/airflow/.local/lib/python3.6/site-packages/airflow/example_dags/example_subdag_operator.py for tasks to queue
[2022-01-19 00:41:10,610] {logging_mixin.py:109} INFO - [2022-01-19 00:41:10,610] {dagbag.py:500} INFO - Filling up the DagBag from /home/airflow/.local/lib/python3.6/site-packages/airflow/example_dags/example_subdag_operator.py
[2022-01-19 00:41:10,663] {processor.py:654} INFO - DAG(s) dict_keys(['example_subdag_operator.section-1', 'example_subdag_operator.section-2', 'example_subdag_operator']) retrieved from /home/airflow/.local/lib/python3.6/site-packages/airflow/example_dags/example_subdag_operator.py
[2022-01-19 00:41:10,679] {logging_mixin.py:109} INFO - [2022-01-19 00:41:10,679] {dag.py:2396} INFO - Sync 3 DAGs
[2022-01-19 00:41:10,700] {logging_mixin.py:109} INFO - [2022-01-19 00:41:10,700] {dag.py:2935} INFO - Setting next_dagrun for example_subdag_operator to 2022-01-17T00:00:00+00:00
[2022-01-19 00:41:10,702] {logging_mixin.py:109} INFO - [2022-01-19 00:41:10,702] {dag.py:2935} INFO - Setting next_dagrun for example_subdag_operator.section-1 to None
[2022-01-19 00:41:10,704] {logging_mixin.py:109} INFO - [2022-01-19 00:41:10,704] {dag.py:2935} INFO - Setting next_dagrun for example_subdag_operator.section-2 to None
[2022-01-19 00:41:10,712] {logging_mixin.py:109} INFO - [2022-01-19 00:41:10,712] {dag.py:2396} INFO - Sync 2 DAGs
[2022-01-19 00:41:10,725] {logging_mixin.py:109} INFO - [2022-01-19 00:41:10,725] {dag.py:2935} INFO - Setting next_dagrun for example_subdag_operator.section-1 to None
[2022-01-19 00:41:10,727] {logging_mixin.py:109} INFO - [2022-01-19 00:41:10,726] {dag.py:2935} INFO - Setting next_dagrun for example_subdag_operator.section-2 to None
[2022-01-19 00:41:10,740] {processor.py:171} INFO - Processing /home/airflow/.local/lib/python3.6/site-packages/airflow/example_dags/example_subdag_operator.py took 0.139 seconds
[2022-01-19 00:41:41,357] {processor.py:163} INFO - Started process (PID=722) to work on /home/airflow/.local/lib/python3.6/site-packages/airflow/example_dags/example_subdag_operator.py
[2022-01-19 00:41:41,360] {processor.py:642} INFO - Processing file /home/airflow/.local/lib/python3.6/site-packages/airflow/example_dags/example_subdag_operator.py for tasks to queue
[2022-01-19 00:41:41,364] {logging_mixin.py:109} INFO - [2022-01-19 00:41:41,364] {dagbag.py:500} INFO - Filling up the DagBag from /home/airflow/.local/lib/python3.6/site-packages/airflow/example_dags/example_subdag_operator.py
[2022-01-19 00:41:41,429] {processor.py:654} INFO - DAG(s) dict_keys(['example_subdag_operator.section-1', 'example_subdag_operator.section-2', 'example_subdag_operator']) retrieved from /home/airflow/.local/lib/python3.6/site-packages/airflow/example_dags/example_subdag_operator.py
[2022-01-19 00:41:41,450] {logging_mixin.py:109} INFO - [2022-01-19 00:41:41,449] {dag.py:2396} INFO - Sync 3 DAGs
[2022-01-19 00:41:41,472] {logging_mixin.py:109} INFO - [2022-01-19 00:41:41,471] {dag.py:2935} INFO - Setting next_dagrun for example_subdag_operator to 2022-01-17T00:00:00+00:00
[2022-01-19 00:41:41,473] {logging_mixin.py:109} INFO - [2022-01-19 00:41:41,473] {dag.py:2935} INFO - Setting next_dagrun for example_subdag_operator.section-1 to None
[2022-01-19 00:41:41,475] {logging_mixin.py:109} INFO - [2022-01-19 00:41:41,474] {dag.py:2935} INFO - Setting next_dagrun for example_subdag_operator.section-2 to None
[2022-01-19 00:41:41,484] {logging_mixin.py:109} INFO - [2022-01-19 00:41:41,484] {dag.py:2396} INFO - Sync 2 DAGs
[2022-01-19 00:41:41,494] {logging_mixin.py:109} INFO - [2022-01-19 00:41:41,494] {dag.py:2935} INFO - Setting next_dagrun for example_subdag_operator.section-1 to None
[2022-01-19 00:41:41,496] {logging_mixin.py:109} INFO - [2022-01-19 00:41:41,496] {dag.py:2935} INFO - Setting next_dagrun for example_subdag_operator.section-2 to None
[2022-01-19 00:41:41,509] {processor.py:171} INFO - Processing /home/airflow/.local/lib/python3.6/site-packages/airflow/example_dags/example_subdag_operator.py took 0.157 seconds
[2022-01-19 00:42:11,643] {processor.py:163} INFO - Started process (PID=775) to work on /home/airflow/.local/lib/python3.6/site-packages/airflow/example_dags/example_subdag_operator.py
[2022-01-19 00:42:11,650] {processor.py:642} INFO - Processing file /home/airflow/.local/lib/python3.6/site-packages/airflow/example_dags/example_subdag_operator.py for tasks to queue
[2022-01-19 00:42:11,652] {logging_mixin.py:109} INFO - [2022-01-19 00:42:11,652] {dagbag.py:500} INFO - Filling up the DagBag from /home/airflow/.local/lib/python3.6/site-packages/airflow/example_dags/example_subdag_operator.py
[2022-01-19 00:42:11,714] {processor.py:654} INFO - DAG(s) dict_keys(['example_subdag_operator.section-1', 'example_subdag_operator.section-2', 'example_subdag_operator']) retrieved from /home/airflow/.local/lib/python3.6/site-packages/airflow/example_dags/example_subdag_operator.py
[2022-01-19 00:42:11,729] {logging_mixin.py:109} INFO - [2022-01-19 00:42:11,729] {dag.py:2396} INFO - Sync 3 DAGs
[2022-01-19 00:42:11,753] {logging_mixin.py:109} INFO - [2022-01-19 00:42:11,753] {dag.py:2935} INFO - Setting next_dagrun for example_subdag_operator to 2022-01-17T00:00:00+00:00
[2022-01-19 00:42:11,755] {logging_mixin.py:109} INFO - [2022-01-19 00:42:11,755] {dag.py:2935} INFO - Setting next_dagrun for example_subdag_operator.section-1 to None
[2022-01-19 00:42:11,757] {logging_mixin.py:109} INFO - [2022-01-19 00:42:11,756] {dag.py:2935} INFO - Setting next_dagrun for example_subdag_operator.section-2 to None
[2022-01-19 00:42:11,768] {logging_mixin.py:109} INFO - [2022-01-19 00:42:11,768] {dag.py:2396} INFO - Sync 2 DAGs
[2022-01-19 00:42:11,781] {logging_mixin.py:109} INFO - [2022-01-19 00:42:11,781] {dag.py:2935} INFO - Setting next_dagrun for example_subdag_operator.section-1 to None
[2022-01-19 00:42:11,782] {logging_mixin.py:109} INFO - [2022-01-19 00:42:11,782] {dag.py:2935} INFO - Setting next_dagrun for example_subdag_operator.section-2 to None
[2022-01-19 00:42:11,794] {processor.py:171} INFO - Processing /home/airflow/.local/lib/python3.6/site-packages/airflow/example_dags/example_subdag_operator.py took 0.157 seconds
[2022-01-19 00:42:42,640] {processor.py:163} INFO - Started process (PID=828) to work on /home/airflow/.local/lib/python3.6/site-packages/airflow/example_dags/example_subdag_operator.py
[2022-01-19 00:42:42,645] {processor.py:642} INFO - Processing file /home/airflow/.local/lib/python3.6/site-packages/airflow/example_dags/example_subdag_operator.py for tasks to queue
[2022-01-19 00:42:42,648] {logging_mixin.py:109} INFO - [2022-01-19 00:42:42,648] {dagbag.py:500} INFO - Filling up the DagBag from /home/airflow/.local/lib/python3.6/site-packages/airflow/example_dags/example_subdag_operator.py
[2022-01-19 00:42:42,710] {processor.py:654} INFO - DAG(s) dict_keys(['example_subdag_operator.section-1', 'example_subdag_operator.section-2', 'example_subdag_operator']) retrieved from /home/airflow/.local/lib/python3.6/site-packages/airflow/example_dags/example_subdag_operator.py
[2022-01-19 00:42:42,728] {logging_mixin.py:109} INFO - [2022-01-19 00:42:42,728] {dag.py:2396} INFO - Sync 3 DAGs
[2022-01-19 00:42:42,756] {logging_mixin.py:109} INFO - [2022-01-19 00:42:42,756] {dag.py:2935} INFO - Setting next_dagrun for example_subdag_operator to 2022-01-17T00:00:00+00:00
[2022-01-19 00:42:42,759] {logging_mixin.py:109} INFO - [2022-01-19 00:42:42,758] {dag.py:2935} INFO - Setting next_dagrun for example_subdag_operator.section-1 to None
[2022-01-19 00:42:42,760] {logging_mixin.py:109} INFO - [2022-01-19 00:42:42,760] {dag.py:2935} INFO - Setting next_dagrun for example_subdag_operator.section-2 to None
[2022-01-19 00:42:42,773] {logging_mixin.py:109} INFO - [2022-01-19 00:42:42,772] {dag.py:2396} INFO - Sync 2 DAGs
[2022-01-19 00:42:42,792] {logging_mixin.py:109} INFO - [2022-01-19 00:42:42,792] {dag.py:2935} INFO - Setting next_dagrun for example_subdag_operator.section-1 to None
[2022-01-19 00:42:42,795] {logging_mixin.py:109} INFO - [2022-01-19 00:42:42,794] {dag.py:2935} INFO - Setting next_dagrun for example_subdag_operator.section-2 to None
[2022-01-19 00:42:42,810] {processor.py:171} INFO - Processing /home/airflow/.local/lib/python3.6/site-packages/airflow/example_dags/example_subdag_operator.py took 0.178 seconds
[2022-01-19 00:43:13,667] {processor.py:163} INFO - Started process (PID=881) to work on /home/airflow/.local/lib/python3.6/site-packages/airflow/example_dags/example_subdag_operator.py
[2022-01-19 00:43:13,672] {processor.py:642} INFO - Processing file /home/airflow/.local/lib/python3.6/site-packages/airflow/example_dags/example_subdag_operator.py for tasks to queue
[2022-01-19 00:43:13,676] {logging_mixin.py:109} INFO - [2022-01-19 00:43:13,675] {dagbag.py:500} INFO - Filling up the DagBag from /home/airflow/.local/lib/python3.6/site-packages/airflow/example_dags/example_subdag_operator.py
[2022-01-19 00:43:13,904] {processor.py:654} INFO - DAG(s) dict_keys(['example_subdag_operator.section-1', 'example_subdag_operator.section-2', 'example_subdag_operator']) retrieved from /home/airflow/.local/lib/python3.6/site-packages/airflow/example_dags/example_subdag_operator.py
[2022-01-19 00:43:13,977] {logging_mixin.py:109} INFO - [2022-01-19 00:43:13,976] {dag.py:2396} INFO - Sync 3 DAGs
[2022-01-19 00:43:14,064] {logging_mixin.py:109} INFO - [2022-01-19 00:43:14,064] {dag.py:2935} INFO - Setting next_dagrun for example_subdag_operator to 2022-01-17T00:00:00+00:00
[2022-01-19 00:43:14,067] {logging_mixin.py:109} INFO - [2022-01-19 00:43:14,067] {dag.py:2935} INFO - Setting next_dagrun for example_subdag_operator.section-1 to None
[2022-01-19 00:43:14,071] {logging_mixin.py:109} INFO - [2022-01-19 00:43:14,071] {dag.py:2935} INFO - Setting next_dagrun for example_subdag_operator.section-2 to None
[2022-01-19 00:43:14,098] {logging_mixin.py:109} INFO - [2022-01-19 00:43:14,098] {dag.py:2396} INFO - Sync 2 DAGs
[2022-01-19 00:43:14,130] {logging_mixin.py:109} INFO - [2022-01-19 00:43:14,130] {dag.py:2935} INFO - Setting next_dagrun for example_subdag_operator.section-1 to None
[2022-01-19 00:43:14,133] {logging_mixin.py:109} INFO - [2022-01-19 00:43:14,132] {dag.py:2935} INFO - Setting next_dagrun for example_subdag_operator.section-2 to None
[2022-01-19 00:43:14,156] {processor.py:171} INFO - Processing /home/airflow/.local/lib/python3.6/site-packages/airflow/example_dags/example_subdag_operator.py took 0.494 seconds
[2022-01-19 00:43:44,908] {processor.py:163} INFO - Started process (PID=945) to work on /home/airflow/.local/lib/python3.6/site-packages/airflow/example_dags/example_subdag_operator.py
[2022-01-19 00:43:44,910] {processor.py:642} INFO - Processing file /home/airflow/.local/lib/python3.6/site-packages/airflow/example_dags/example_subdag_operator.py for tasks to queue
[2022-01-19 00:43:44,911] {logging_mixin.py:109} INFO - [2022-01-19 00:43:44,911] {dagbag.py:500} INFO - Filling up the DagBag from /home/airflow/.local/lib/python3.6/site-packages/airflow/example_dags/example_subdag_operator.py
[2022-01-19 00:43:44,963] {processor.py:654} INFO - DAG(s) dict_keys(['example_subdag_operator.section-1', 'example_subdag_operator.section-2', 'example_subdag_operator']) retrieved from /home/airflow/.local/lib/python3.6/site-packages/airflow/example_dags/example_subdag_operator.py
[2022-01-19 00:43:44,980] {logging_mixin.py:109} INFO - [2022-01-19 00:43:44,980] {dag.py:2396} INFO - Sync 3 DAGs
[2022-01-19 00:43:45,002] {logging_mixin.py:109} INFO - [2022-01-19 00:43:45,002] {dag.py:2935} INFO - Setting next_dagrun for example_subdag_operator to 2022-01-17T00:00:00+00:00
[2022-01-19 00:43:45,004] {logging_mixin.py:109} INFO - [2022-01-19 00:43:45,004] {dag.py:2935} INFO - Setting next_dagrun for example_subdag_operator.section-1 to None
[2022-01-19 00:43:45,005] {logging_mixin.py:109} INFO - [2022-01-19 00:43:45,005] {dag.py:2935} INFO - Setting next_dagrun for example_subdag_operator.section-2 to None
[2022-01-19 00:43:45,014] {logging_mixin.py:109} INFO - [2022-01-19 00:43:45,014] {dag.py:2396} INFO - Sync 2 DAGs
[2022-01-19 00:43:45,024] {logging_mixin.py:109} INFO - [2022-01-19 00:43:45,024] {dag.py:2935} INFO - Setting next_dagrun for example_subdag_operator.section-1 to None
[2022-01-19 00:43:45,026] {logging_mixin.py:109} INFO - [2022-01-19 00:43:45,026] {dag.py:2935} INFO - Setting next_dagrun for example_subdag_operator.section-2 to None
[2022-01-19 00:43:45,036] {processor.py:171} INFO - Processing /home/airflow/.local/lib/python3.6/site-packages/airflow/example_dags/example_subdag_operator.py took 0.132 seconds
[2022-01-19 00:44:15,165] {processor.py:163} INFO - Started process (PID=999) to work on /home/airflow/.local/lib/python3.6/site-packages/airflow/example_dags/example_subdag_operator.py
[2022-01-19 00:44:15,169] {processor.py:642} INFO - Processing file /home/airflow/.local/lib/python3.6/site-packages/airflow/example_dags/example_subdag_operator.py for tasks to queue
[2022-01-19 00:44:15,174] {logging_mixin.py:109} INFO - [2022-01-19 00:44:15,173] {dagbag.py:500} INFO - Filling up the DagBag from /home/airflow/.local/lib/python3.6/site-packages/airflow/example_dags/example_subdag_operator.py
[2022-01-19 00:44:15,284] {processor.py:654} INFO - DAG(s) dict_keys(['example_subdag_operator.section-1', 'example_subdag_operator.section-2', 'example_subdag_operator']) retrieved from /home/airflow/.local/lib/python3.6/site-packages/airflow/example_dags/example_subdag_operator.py
[2022-01-19 00:44:15,324] {logging_mixin.py:109} INFO - [2022-01-19 00:44:15,324] {dag.py:2396} INFO - Sync 3 DAGs
[2022-01-19 00:44:15,370] {logging_mixin.py:109} INFO - [2022-01-19 00:44:15,370] {dag.py:2935} INFO - Setting next_dagrun for example_subdag_operator to 2022-01-17T00:00:00+00:00
[2022-01-19 00:44:15,372] {logging_mixin.py:109} INFO - [2022-01-19 00:44:15,371] {dag.py:2935} INFO - Setting next_dagrun for example_subdag_operator.section-1 to None
[2022-01-19 00:44:15,373] {logging_mixin.py:109} INFO - [2022-01-19 00:44:15,373] {dag.py:2935} INFO - Setting next_dagrun for example_subdag_operator.section-2 to None
[2022-01-19 00:44:15,384] {logging_mixin.py:109} INFO - [2022-01-19 00:44:15,384] {dag.py:2396} INFO - Sync 2 DAGs
[2022-01-19 00:44:15,400] {logging_mixin.py:109} INFO - [2022-01-19 00:44:15,399] {dag.py:2935} INFO - Setting next_dagrun for example_subdag_operator.section-1 to None
[2022-01-19 00:44:15,402] {logging_mixin.py:109} INFO - [2022-01-19 00:44:15,401] {dag.py:2935} INFO - Setting next_dagrun for example_subdag_operator.section-2 to None
[2022-01-19 00:44:15,419] {processor.py:171} INFO - Processing /home/airflow/.local/lib/python3.6/site-packages/airflow/example_dags/example_subdag_operator.py took 0.263 seconds
[2022-01-19 00:44:46,314] {processor.py:163} INFO - Started process (PID=1055) to work on /home/airflow/.local/lib/python3.6/site-packages/airflow/example_dags/example_subdag_operator.py
[2022-01-19 00:44:46,317] {processor.py:642} INFO - Processing file /home/airflow/.local/lib/python3.6/site-packages/airflow/example_dags/example_subdag_operator.py for tasks to queue
[2022-01-19 00:44:46,319] {logging_mixin.py:109} INFO - [2022-01-19 00:44:46,318] {dagbag.py:500} INFO - Filling up the DagBag from /home/airflow/.local/lib/python3.6/site-packages/airflow/example_dags/example_subdag_operator.py
[2022-01-19 00:44:46,387] {processor.py:654} INFO - DAG(s) dict_keys(['example_subdag_operator.section-1', 'example_subdag_operator.section-2', 'example_subdag_operator']) retrieved from /home/airflow/.local/lib/python3.6/site-packages/airflow/example_dags/example_subdag_operator.py
[2022-01-19 00:44:46,410] {logging_mixin.py:109} INFO - [2022-01-19 00:44:46,410] {dag.py:2396} INFO - Sync 3 DAGs
[2022-01-19 00:44:46,440] {logging_mixin.py:109} INFO - [2022-01-19 00:44:46,440] {dag.py:2935} INFO - Setting next_dagrun for example_subdag_operator to 2022-01-17T00:00:00+00:00
[2022-01-19 00:44:46,442] {logging_mixin.py:109} INFO - [2022-01-19 00:44:46,442] {dag.py:2935} INFO - Setting next_dagrun for example_subdag_operator.section-1 to None
[2022-01-19 00:44:46,443] {logging_mixin.py:109} INFO - [2022-01-19 00:44:46,443] {dag.py:2935} INFO - Setting next_dagrun for example_subdag_operator.section-2 to None
[2022-01-19 00:44:46,455] {logging_mixin.py:109} INFO - [2022-01-19 00:44:46,455] {dag.py:2396} INFO - Sync 2 DAGs
[2022-01-19 00:44:46,469] {logging_mixin.py:109} INFO - [2022-01-19 00:44:46,469] {dag.py:2935} INFO - Setting next_dagrun for example_subdag_operator.section-1 to None
[2022-01-19 00:44:46,471] {logging_mixin.py:109} INFO - [2022-01-19 00:44:46,471] {dag.py:2935} INFO - Setting next_dagrun for example_subdag_operator.section-2 to None
[2022-01-19 00:44:46,483] {processor.py:171} INFO - Processing /home/airflow/.local/lib/python3.6/site-packages/airflow/example_dags/example_subdag_operator.py took 0.176 seconds
[2022-01-19 00:45:16,869] {processor.py:163} INFO - Started process (PID=1119) to work on /home/airflow/.local/lib/python3.6/site-packages/airflow/example_dags/example_subdag_operator.py
[2022-01-19 00:45:16,871] {processor.py:642} INFO - Processing file /home/airflow/.local/lib/python3.6/site-packages/airflow/example_dags/example_subdag_operator.py for tasks to queue
[2022-01-19 00:45:16,872] {logging_mixin.py:109} INFO - [2022-01-19 00:45:16,872] {dagbag.py:500} INFO - Filling up the DagBag from /home/airflow/.local/lib/python3.6/site-packages/airflow/example_dags/example_subdag_operator.py
[2022-01-19 00:45:16,923] {processor.py:654} INFO - DAG(s) dict_keys(['example_subdag_operator.section-1', 'example_subdag_operator.section-2', 'example_subdag_operator']) retrieved from /home/airflow/.local/lib/python3.6/site-packages/airflow/example_dags/example_subdag_operator.py
[2022-01-19 00:45:16,937] {logging_mixin.py:109} INFO - [2022-01-19 00:45:16,937] {dag.py:2396} INFO - Sync 3 DAGs
[2022-01-19 00:45:16,962] {logging_mixin.py:109} INFO - [2022-01-19 00:45:16,961] {dag.py:2935} INFO - Setting next_dagrun for example_subdag_operator to 2022-01-17T00:00:00+00:00
[2022-01-19 00:45:16,964] {logging_mixin.py:109} INFO - [2022-01-19 00:45:16,964] {dag.py:2935} INFO - Setting next_dagrun for example_subdag_operator.section-1 to None
[2022-01-19 00:45:16,965] {logging_mixin.py:109} INFO - [2022-01-19 00:45:16,965] {dag.py:2935} INFO - Setting next_dagrun for example_subdag_operator.section-2 to None
[2022-01-19 00:45:16,975] {logging_mixin.py:109} INFO - [2022-01-19 00:45:16,974] {dag.py:2396} INFO - Sync 2 DAGs
[2022-01-19 00:45:16,987] {logging_mixin.py:109} INFO - [2022-01-19 00:45:16,987] {dag.py:2935} INFO - Setting next_dagrun for example_subdag_operator.section-1 to None
[2022-01-19 00:45:16,991] {logging_mixin.py:109} INFO - [2022-01-19 00:45:16,991] {dag.py:2935} INFO - Setting next_dagrun for example_subdag_operator.section-2 to None
[2022-01-19 00:45:17,014] {processor.py:171} INFO - Processing /home/airflow/.local/lib/python3.6/site-packages/airflow/example_dags/example_subdag_operator.py took 0.150 seconds
