[2022-01-19 00:37:12,366] {processor.py:163} INFO - Started process (PID=179) to work on /home/airflow/.local/lib/python3.6/site-packages/airflow/example_dags/example_sla_dag.py
[2022-01-19 00:37:12,373] {processor.py:642} INFO - Processing file /home/airflow/.local/lib/python3.6/site-packages/airflow/example_dags/example_sla_dag.py for tasks to queue
[2022-01-19 00:37:12,375] {logging_mixin.py:109} INFO - [2022-01-19 00:37:12,375] {dagbag.py:500} INFO - Filling up the DagBag from /home/airflow/.local/lib/python3.6/site-packages/airflow/example_dags/example_sla_dag.py
[2022-01-19 00:37:12,460] {processor.py:654} INFO - DAG(s) dict_keys(['example_sla_dag']) retrieved from /home/airflow/.local/lib/python3.6/site-packages/airflow/example_dags/example_sla_dag.py
[2022-01-19 00:37:14,777] {logging_mixin.py:109} INFO - [2022-01-19 00:37:14,777] {manager.py:496} INFO - Created Permission View: can read on DAG:example_sla_dag
[2022-01-19 00:37:14,793] {logging_mixin.py:109} INFO - [2022-01-19 00:37:14,793] {manager.py:496} INFO - Created Permission View: can edit on DAG:example_sla_dag
[2022-01-19 00:37:14,797] {logging_mixin.py:109} INFO - [2022-01-19 00:37:14,795] {dag.py:2396} INFO - Sync 1 DAGs
[2022-01-19 00:37:14,813] {logging_mixin.py:109} INFO - [2022-01-19 00:37:14,812] {dag.py:2415} INFO - Creating ORM DAG for example_sla_dag
[2022-01-19 00:37:14,830] {logging_mixin.py:109} INFO - [2022-01-19 00:37:14,830] {dag.py:2935} INFO - Setting next_dagrun for example_sla_dag to 2022-01-19T00:34:00+00:00
[2022-01-19 00:37:14,855] {processor.py:171} INFO - Processing /home/airflow/.local/lib/python3.6/site-packages/airflow/example_dags/example_sla_dag.py took 2.506 seconds
[2022-01-19 00:37:45,573] {processor.py:163} INFO - Started process (PID=272) to work on /home/airflow/.local/lib/python3.6/site-packages/airflow/example_dags/example_sla_dag.py
[2022-01-19 00:37:45,576] {processor.py:642} INFO - Processing file /home/airflow/.local/lib/python3.6/site-packages/airflow/example_dags/example_sla_dag.py for tasks to queue
[2022-01-19 00:37:45,578] {logging_mixin.py:109} INFO - [2022-01-19 00:37:45,578] {dagbag.py:500} INFO - Filling up the DagBag from /home/airflow/.local/lib/python3.6/site-packages/airflow/example_dags/example_sla_dag.py
[2022-01-19 00:37:45,621] {processor.py:654} INFO - DAG(s) dict_keys(['example_sla_dag']) retrieved from /home/airflow/.local/lib/python3.6/site-packages/airflow/example_dags/example_sla_dag.py
[2022-01-19 00:37:45,633] {logging_mixin.py:109} INFO - [2022-01-19 00:37:45,633] {dag.py:2396} INFO - Sync 1 DAGs
[2022-01-19 00:37:45,654] {logging_mixin.py:109} INFO - [2022-01-19 00:37:45,654] {dag.py:2935} INFO - Setting next_dagrun for example_sla_dag to 2022-01-19T00:34:00+00:00
[2022-01-19 00:37:45,664] {processor.py:171} INFO - Processing /home/airflow/.local/lib/python3.6/site-packages/airflow/example_dags/example_sla_dag.py took 0.098 seconds
[2022-01-19 00:38:15,998] {processor.py:163} INFO - Started process (PID=337) to work on /home/airflow/.local/lib/python3.6/site-packages/airflow/example_dags/example_sla_dag.py
[2022-01-19 00:38:16,000] {processor.py:642} INFO - Processing file /home/airflow/.local/lib/python3.6/site-packages/airflow/example_dags/example_sla_dag.py for tasks to queue
[2022-01-19 00:38:16,002] {logging_mixin.py:109} INFO - [2022-01-19 00:38:16,001] {dagbag.py:500} INFO - Filling up the DagBag from /home/airflow/.local/lib/python3.6/site-packages/airflow/example_dags/example_sla_dag.py
[2022-01-19 00:38:16,035] {processor.py:654} INFO - DAG(s) dict_keys(['example_sla_dag']) retrieved from /home/airflow/.local/lib/python3.6/site-packages/airflow/example_dags/example_sla_dag.py
[2022-01-19 00:38:16,047] {logging_mixin.py:109} INFO - [2022-01-19 00:38:16,047] {dag.py:2396} INFO - Sync 1 DAGs
[2022-01-19 00:38:16,068] {logging_mixin.py:109} INFO - [2022-01-19 00:38:16,068] {dag.py:2935} INFO - Setting next_dagrun for example_sla_dag to 2022-01-19T00:36:00+00:00
[2022-01-19 00:38:16,080] {processor.py:171} INFO - Processing /home/airflow/.local/lib/python3.6/site-packages/airflow/example_dags/example_sla_dag.py took 0.086 seconds
[2022-01-19 00:38:46,528] {processor.py:163} INFO - Started process (PID=392) to work on /home/airflow/.local/lib/python3.6/site-packages/airflow/example_dags/example_sla_dag.py
[2022-01-19 00:38:46,532] {processor.py:642} INFO - Processing file /home/airflow/.local/lib/python3.6/site-packages/airflow/example_dags/example_sla_dag.py for tasks to queue
[2022-01-19 00:38:46,533] {logging_mixin.py:109} INFO - [2022-01-19 00:38:46,533] {dagbag.py:500} INFO - Filling up the DagBag from /home/airflow/.local/lib/python3.6/site-packages/airflow/example_dags/example_sla_dag.py
[2022-01-19 00:38:46,573] {processor.py:654} INFO - DAG(s) dict_keys(['example_sla_dag']) retrieved from /home/airflow/.local/lib/python3.6/site-packages/airflow/example_dags/example_sla_dag.py
[2022-01-19 00:38:46,584] {logging_mixin.py:109} INFO - [2022-01-19 00:38:46,584] {dag.py:2396} INFO - Sync 1 DAGs
[2022-01-19 00:38:46,605] {logging_mixin.py:109} INFO - [2022-01-19 00:38:46,605] {dag.py:2935} INFO - Setting next_dagrun for example_sla_dag to 2022-01-19T00:36:00+00:00
[2022-01-19 00:38:46,616] {processor.py:171} INFO - Processing /home/airflow/.local/lib/python3.6/site-packages/airflow/example_dags/example_sla_dag.py took 0.093 seconds
[2022-01-19 00:39:16,724] {processor.py:163} INFO - Started process (PID=446) to work on /home/airflow/.local/lib/python3.6/site-packages/airflow/example_dags/example_sla_dag.py
[2022-01-19 00:39:16,727] {processor.py:642} INFO - Processing file /home/airflow/.local/lib/python3.6/site-packages/airflow/example_dags/example_sla_dag.py for tasks to queue
[2022-01-19 00:39:16,729] {logging_mixin.py:109} INFO - [2022-01-19 00:39:16,728] {dagbag.py:500} INFO - Filling up the DagBag from /home/airflow/.local/lib/python3.6/site-packages/airflow/example_dags/example_sla_dag.py
[2022-01-19 00:39:16,770] {processor.py:654} INFO - DAG(s) dict_keys(['example_sla_dag']) retrieved from /home/airflow/.local/lib/python3.6/site-packages/airflow/example_dags/example_sla_dag.py
[2022-01-19 00:39:16,781] {logging_mixin.py:109} INFO - [2022-01-19 00:39:16,780] {dag.py:2396} INFO - Sync 1 DAGs
[2022-01-19 00:39:16,802] {logging_mixin.py:109} INFO - [2022-01-19 00:39:16,802] {dag.py:2935} INFO - Setting next_dagrun for example_sla_dag to 2022-01-19T00:36:00+00:00
[2022-01-19 00:39:16,811] {processor.py:171} INFO - Processing /home/airflow/.local/lib/python3.6/site-packages/airflow/example_dags/example_sla_dag.py took 0.095 seconds
[2022-01-19 00:39:46,931] {processor.py:163} INFO - Started process (PID=511) to work on /home/airflow/.local/lib/python3.6/site-packages/airflow/example_dags/example_sla_dag.py
[2022-01-19 00:39:46,934] {processor.py:642} INFO - Processing file /home/airflow/.local/lib/python3.6/site-packages/airflow/example_dags/example_sla_dag.py for tasks to queue
[2022-01-19 00:39:46,936] {logging_mixin.py:109} INFO - [2022-01-19 00:39:46,936] {dagbag.py:500} INFO - Filling up the DagBag from /home/airflow/.local/lib/python3.6/site-packages/airflow/example_dags/example_sla_dag.py
[2022-01-19 00:39:46,995] {processor.py:654} INFO - DAG(s) dict_keys(['example_sla_dag']) retrieved from /home/airflow/.local/lib/python3.6/site-packages/airflow/example_dags/example_sla_dag.py
[2022-01-19 00:39:47,021] {logging_mixin.py:109} INFO - [2022-01-19 00:39:47,020] {dag.py:2396} INFO - Sync 1 DAGs
[2022-01-19 00:39:47,068] {logging_mixin.py:109} INFO - [2022-01-19 00:39:47,067] {dag.py:2935} INFO - Setting next_dagrun for example_sla_dag to 2022-01-19T00:36:00+00:00
[2022-01-19 00:39:47,096] {processor.py:171} INFO - Processing /home/airflow/.local/lib/python3.6/site-packages/airflow/example_dags/example_sla_dag.py took 0.170 seconds
[2022-01-19 00:40:17,792] {processor.py:163} INFO - Started process (PID=566) to work on /home/airflow/.local/lib/python3.6/site-packages/airflow/example_dags/example_sla_dag.py
[2022-01-19 00:40:17,795] {processor.py:642} INFO - Processing file /home/airflow/.local/lib/python3.6/site-packages/airflow/example_dags/example_sla_dag.py for tasks to queue
[2022-01-19 00:40:17,798] {logging_mixin.py:109} INFO - [2022-01-19 00:40:17,797] {dagbag.py:500} INFO - Filling up the DagBag from /home/airflow/.local/lib/python3.6/site-packages/airflow/example_dags/example_sla_dag.py
[2022-01-19 00:40:17,851] {processor.py:654} INFO - DAG(s) dict_keys(['example_sla_dag']) retrieved from /home/airflow/.local/lib/python3.6/site-packages/airflow/example_dags/example_sla_dag.py
[2022-01-19 00:40:17,866] {logging_mixin.py:109} INFO - [2022-01-19 00:40:17,866] {dag.py:2396} INFO - Sync 1 DAGs
[2022-01-19 00:40:17,894] {logging_mixin.py:109} INFO - [2022-01-19 00:40:17,894] {dag.py:2935} INFO - Setting next_dagrun for example_sla_dag to 2022-01-19T00:38:00+00:00
[2022-01-19 00:40:17,907] {processor.py:171} INFO - Processing /home/airflow/.local/lib/python3.6/site-packages/airflow/example_dags/example_sla_dag.py took 0.140 seconds
[2022-01-19 00:40:48,220] {processor.py:163} INFO - Started process (PID=620) to work on /home/airflow/.local/lib/python3.6/site-packages/airflow/example_dags/example_sla_dag.py
[2022-01-19 00:40:48,225] {processor.py:642} INFO - Processing file /home/airflow/.local/lib/python3.6/site-packages/airflow/example_dags/example_sla_dag.py for tasks to queue
[2022-01-19 00:40:48,228] {logging_mixin.py:109} INFO - [2022-01-19 00:40:48,228] {dagbag.py:500} INFO - Filling up the DagBag from /home/airflow/.local/lib/python3.6/site-packages/airflow/example_dags/example_sla_dag.py
[2022-01-19 00:40:48,299] {processor.py:654} INFO - DAG(s) dict_keys(['example_sla_dag']) retrieved from /home/airflow/.local/lib/python3.6/site-packages/airflow/example_dags/example_sla_dag.py
[2022-01-19 00:40:48,328] {logging_mixin.py:109} INFO - [2022-01-19 00:40:48,327] {dag.py:2396} INFO - Sync 1 DAGs
[2022-01-19 00:40:48,407] {logging_mixin.py:109} INFO - [2022-01-19 00:40:48,406] {dag.py:2935} INFO - Setting next_dagrun for example_sla_dag to 2022-01-19T00:38:00+00:00
[2022-01-19 00:40:48,440] {processor.py:171} INFO - Processing /home/airflow/.local/lib/python3.6/site-packages/airflow/example_dags/example_sla_dag.py took 0.227 seconds
[2022-01-19 00:41:18,598] {processor.py:163} INFO - Started process (PID=673) to work on /home/airflow/.local/lib/python3.6/site-packages/airflow/example_dags/example_sla_dag.py
[2022-01-19 00:41:18,604] {processor.py:642} INFO - Processing file /home/airflow/.local/lib/python3.6/site-packages/airflow/example_dags/example_sla_dag.py for tasks to queue
[2022-01-19 00:41:18,606] {logging_mixin.py:109} INFO - [2022-01-19 00:41:18,605] {dagbag.py:500} INFO - Filling up the DagBag from /home/airflow/.local/lib/python3.6/site-packages/airflow/example_dags/example_sla_dag.py
[2022-01-19 00:41:18,647] {processor.py:654} INFO - DAG(s) dict_keys(['example_sla_dag']) retrieved from /home/airflow/.local/lib/python3.6/site-packages/airflow/example_dags/example_sla_dag.py
[2022-01-19 00:41:18,664] {logging_mixin.py:109} INFO - [2022-01-19 00:41:18,664] {dag.py:2396} INFO - Sync 1 DAGs
[2022-01-19 00:41:18,714] {logging_mixin.py:109} INFO - [2022-01-19 00:41:18,714] {dag.py:2935} INFO - Setting next_dagrun for example_sla_dag to 2022-01-19T00:38:00+00:00
[2022-01-19 00:41:18,738] {processor.py:171} INFO - Processing /home/airflow/.local/lib/python3.6/site-packages/airflow/example_dags/example_sla_dag.py took 0.145 seconds
[2022-01-19 00:41:48,927] {processor.py:163} INFO - Started process (PID=727) to work on /home/airflow/.local/lib/python3.6/site-packages/airflow/example_dags/example_sla_dag.py
[2022-01-19 00:41:48,930] {processor.py:642} INFO - Processing file /home/airflow/.local/lib/python3.6/site-packages/airflow/example_dags/example_sla_dag.py for tasks to queue
[2022-01-19 00:41:48,932] {logging_mixin.py:109} INFO - [2022-01-19 00:41:48,932] {dagbag.py:500} INFO - Filling up the DagBag from /home/airflow/.local/lib/python3.6/site-packages/airflow/example_dags/example_sla_dag.py
[2022-01-19 00:41:48,990] {processor.py:654} INFO - DAG(s) dict_keys(['example_sla_dag']) retrieved from /home/airflow/.local/lib/python3.6/site-packages/airflow/example_dags/example_sla_dag.py
[2022-01-19 00:41:49,009] {logging_mixin.py:109} INFO - [2022-01-19 00:41:49,009] {dag.py:2396} INFO - Sync 1 DAGs
[2022-01-19 00:41:49,039] {logging_mixin.py:109} INFO - [2022-01-19 00:41:49,039] {dag.py:2935} INFO - Setting next_dagrun for example_sla_dag to 2022-01-19T00:38:00+00:00
[2022-01-19 00:41:49,074] {processor.py:171} INFO - Processing /home/airflow/.local/lib/python3.6/site-packages/airflow/example_dags/example_sla_dag.py took 0.157 seconds
[2022-01-19 00:42:19,338] {processor.py:163} INFO - Started process (PID=792) to work on /home/airflow/.local/lib/python3.6/site-packages/airflow/example_dags/example_sla_dag.py
[2022-01-19 00:42:19,346] {processor.py:642} INFO - Processing file /home/airflow/.local/lib/python3.6/site-packages/airflow/example_dags/example_sla_dag.py for tasks to queue
[2022-01-19 00:42:19,350] {logging_mixin.py:109} INFO - [2022-01-19 00:42:19,349] {dagbag.py:500} INFO - Filling up the DagBag from /home/airflow/.local/lib/python3.6/site-packages/airflow/example_dags/example_sla_dag.py
[2022-01-19 00:42:19,438] {processor.py:654} INFO - DAG(s) dict_keys(['example_sla_dag']) retrieved from /home/airflow/.local/lib/python3.6/site-packages/airflow/example_dags/example_sla_dag.py
[2022-01-19 00:42:19,477] {logging_mixin.py:109} INFO - [2022-01-19 00:42:19,477] {dag.py:2396} INFO - Sync 1 DAGs
[2022-01-19 00:42:19,529] {logging_mixin.py:109} INFO - [2022-01-19 00:42:19,529] {dag.py:2935} INFO - Setting next_dagrun for example_sla_dag to 2022-01-19T00:40:00+00:00
[2022-01-19 00:42:19,557] {processor.py:171} INFO - Processing /home/airflow/.local/lib/python3.6/site-packages/airflow/example_dags/example_sla_dag.py took 0.244 seconds
[2022-01-19 00:42:50,388] {processor.py:163} INFO - Started process (PID=845) to work on /home/airflow/.local/lib/python3.6/site-packages/airflow/example_dags/example_sla_dag.py
[2022-01-19 00:42:50,390] {processor.py:642} INFO - Processing file /home/airflow/.local/lib/python3.6/site-packages/airflow/example_dags/example_sla_dag.py for tasks to queue
[2022-01-19 00:42:50,393] {logging_mixin.py:109} INFO - [2022-01-19 00:42:50,392] {dagbag.py:500} INFO - Filling up the DagBag from /home/airflow/.local/lib/python3.6/site-packages/airflow/example_dags/example_sla_dag.py
[2022-01-19 00:42:50,443] {processor.py:654} INFO - DAG(s) dict_keys(['example_sla_dag']) retrieved from /home/airflow/.local/lib/python3.6/site-packages/airflow/example_dags/example_sla_dag.py
[2022-01-19 00:42:50,461] {logging_mixin.py:109} INFO - [2022-01-19 00:42:50,461] {dag.py:2396} INFO - Sync 1 DAGs
[2022-01-19 00:42:50,523] {logging_mixin.py:109} INFO - [2022-01-19 00:42:50,522] {dag.py:2935} INFO - Setting next_dagrun for example_sla_dag to 2022-01-19T00:40:00+00:00
[2022-01-19 00:42:50,547] {processor.py:171} INFO - Processing /home/airflow/.local/lib/python3.6/site-packages/airflow/example_dags/example_sla_dag.py took 0.166 seconds
[2022-01-19 00:43:20,860] {processor.py:163} INFO - Started process (PID=898) to work on /home/airflow/.local/lib/python3.6/site-packages/airflow/example_dags/example_sla_dag.py
[2022-01-19 00:43:20,863] {processor.py:642} INFO - Processing file /home/airflow/.local/lib/python3.6/site-packages/airflow/example_dags/example_sla_dag.py for tasks to queue
[2022-01-19 00:43:20,865] {logging_mixin.py:109} INFO - [2022-01-19 00:43:20,865] {dagbag.py:500} INFO - Filling up the DagBag from /home/airflow/.local/lib/python3.6/site-packages/airflow/example_dags/example_sla_dag.py
[2022-01-19 00:43:20,911] {processor.py:654} INFO - DAG(s) dict_keys(['example_sla_dag']) retrieved from /home/airflow/.local/lib/python3.6/site-packages/airflow/example_dags/example_sla_dag.py
[2022-01-19 00:43:20,922] {logging_mixin.py:109} INFO - [2022-01-19 00:43:20,922] {dag.py:2396} INFO - Sync 1 DAGs
[2022-01-19 00:43:20,942] {logging_mixin.py:109} INFO - [2022-01-19 00:43:20,942] {dag.py:2935} INFO - Setting next_dagrun for example_sla_dag to 2022-01-19T00:40:00+00:00
[2022-01-19 00:43:20,952] {processor.py:171} INFO - Processing /home/airflow/.local/lib/python3.6/site-packages/airflow/example_dags/example_sla_dag.py took 0.098 seconds
[2022-01-19 00:43:51,367] {processor.py:163} INFO - Started process (PID=951) to work on /home/airflow/.local/lib/python3.6/site-packages/airflow/example_dags/example_sla_dag.py
[2022-01-19 00:43:51,372] {processor.py:642} INFO - Processing file /home/airflow/.local/lib/python3.6/site-packages/airflow/example_dags/example_sla_dag.py for tasks to queue
[2022-01-19 00:43:51,374] {logging_mixin.py:109} INFO - [2022-01-19 00:43:51,374] {dagbag.py:500} INFO - Filling up the DagBag from /home/airflow/.local/lib/python3.6/site-packages/airflow/example_dags/example_sla_dag.py
[2022-01-19 00:43:51,408] {processor.py:654} INFO - DAG(s) dict_keys(['example_sla_dag']) retrieved from /home/airflow/.local/lib/python3.6/site-packages/airflow/example_dags/example_sla_dag.py
[2022-01-19 00:43:51,419] {logging_mixin.py:109} INFO - [2022-01-19 00:43:51,419] {dag.py:2396} INFO - Sync 1 DAGs
[2022-01-19 00:43:51,438] {logging_mixin.py:109} INFO - [2022-01-19 00:43:51,438] {dag.py:2935} INFO - Setting next_dagrun for example_sla_dag to 2022-01-19T00:40:00+00:00
[2022-01-19 00:43:51,448] {processor.py:171} INFO - Processing /home/airflow/.local/lib/python3.6/site-packages/airflow/example_dags/example_sla_dag.py took 0.086 seconds
[2022-01-19 00:44:21,883] {processor.py:163} INFO - Started process (PID=1006) to work on /home/airflow/.local/lib/python3.6/site-packages/airflow/example_dags/example_sla_dag.py
[2022-01-19 00:44:21,886] {processor.py:642} INFO - Processing file /home/airflow/.local/lib/python3.6/site-packages/airflow/example_dags/example_sla_dag.py for tasks to queue
[2022-01-19 00:44:21,887] {logging_mixin.py:109} INFO - [2022-01-19 00:44:21,887] {dagbag.py:500} INFO - Filling up the DagBag from /home/airflow/.local/lib/python3.6/site-packages/airflow/example_dags/example_sla_dag.py
[2022-01-19 00:44:21,927] {processor.py:654} INFO - DAG(s) dict_keys(['example_sla_dag']) retrieved from /home/airflow/.local/lib/python3.6/site-packages/airflow/example_dags/example_sla_dag.py
[2022-01-19 00:44:21,941] {logging_mixin.py:109} INFO - [2022-01-19 00:44:21,941] {dag.py:2396} INFO - Sync 1 DAGs
[2022-01-19 00:44:21,965] {logging_mixin.py:109} INFO - [2022-01-19 00:44:21,964] {dag.py:2935} INFO - Setting next_dagrun for example_sla_dag to 2022-01-19T00:42:00+00:00
[2022-01-19 00:44:21,974] {processor.py:171} INFO - Processing /home/airflow/.local/lib/python3.6/site-packages/airflow/example_dags/example_sla_dag.py took 0.097 seconds
[2022-01-19 00:44:52,239] {processor.py:163} INFO - Started process (PID=1072) to work on /home/airflow/.local/lib/python3.6/site-packages/airflow/example_dags/example_sla_dag.py
[2022-01-19 00:44:52,241] {processor.py:642} INFO - Processing file /home/airflow/.local/lib/python3.6/site-packages/airflow/example_dags/example_sla_dag.py for tasks to queue
[2022-01-19 00:44:52,243] {logging_mixin.py:109} INFO - [2022-01-19 00:44:52,242] {dagbag.py:500} INFO - Filling up the DagBag from /home/airflow/.local/lib/python3.6/site-packages/airflow/example_dags/example_sla_dag.py
[2022-01-19 00:44:52,289] {processor.py:654} INFO - DAG(s) dict_keys(['example_sla_dag']) retrieved from /home/airflow/.local/lib/python3.6/site-packages/airflow/example_dags/example_sla_dag.py
[2022-01-19 00:44:52,301] {logging_mixin.py:109} INFO - [2022-01-19 00:44:52,300] {dag.py:2396} INFO - Sync 1 DAGs
[2022-01-19 00:44:52,320] {logging_mixin.py:109} INFO - [2022-01-19 00:44:52,320] {dag.py:2935} INFO - Setting next_dagrun for example_sla_dag to 2022-01-19T00:42:00+00:00
[2022-01-19 00:44:52,332] {processor.py:171} INFO - Processing /home/airflow/.local/lib/python3.6/site-packages/airflow/example_dags/example_sla_dag.py took 0.097 seconds
[2022-01-19 00:45:22,459] {processor.py:163} INFO - Started process (PID=1125) to work on /home/airflow/.local/lib/python3.6/site-packages/airflow/example_dags/example_sla_dag.py
[2022-01-19 00:45:22,461] {processor.py:642} INFO - Processing file /home/airflow/.local/lib/python3.6/site-packages/airflow/example_dags/example_sla_dag.py for tasks to queue
[2022-01-19 00:45:22,463] {logging_mixin.py:109} INFO - [2022-01-19 00:45:22,463] {dagbag.py:500} INFO - Filling up the DagBag from /home/airflow/.local/lib/python3.6/site-packages/airflow/example_dags/example_sla_dag.py
[2022-01-19 00:45:22,498] {processor.py:654} INFO - DAG(s) dict_keys(['example_sla_dag']) retrieved from /home/airflow/.local/lib/python3.6/site-packages/airflow/example_dags/example_sla_dag.py
[2022-01-19 00:45:22,510] {logging_mixin.py:109} INFO - [2022-01-19 00:45:22,510] {dag.py:2396} INFO - Sync 1 DAGs
[2022-01-19 00:45:22,533] {logging_mixin.py:109} INFO - [2022-01-19 00:45:22,533] {dag.py:2935} INFO - Setting next_dagrun for example_sla_dag to 2022-01-19T00:42:00+00:00
[2022-01-19 00:45:22,544] {processor.py:171} INFO - Processing /home/airflow/.local/lib/python3.6/site-packages/airflow/example_dags/example_sla_dag.py took 0.092 seconds
