[2022-01-19 00:37:03,690] {processor.py:163} INFO - Started process (PID=139) to work on /home/airflow/.local/lib/python3.6/site-packages/airflow/example_dags/example_complex.py
[2022-01-19 00:37:03,692] {processor.py:642} INFO - Processing file /home/airflow/.local/lib/python3.6/site-packages/airflow/example_dags/example_complex.py for tasks to queue
[2022-01-19 00:37:03,694] {logging_mixin.py:109} INFO - [2022-01-19 00:37:03,693] {dagbag.py:500} INFO - Filling up the DagBag from /home/airflow/.local/lib/python3.6/site-packages/airflow/example_dags/example_complex.py
[2022-01-19 00:37:03,740] {processor.py:654} INFO - DAG(s) dict_keys(['example_complex']) retrieved from /home/airflow/.local/lib/python3.6/site-packages/airflow/example_dags/example_complex.py
[2022-01-19 00:37:05,735] {logging_mixin.py:109} INFO - [2022-01-19 00:37:05,735] {manager.py:496} INFO - Created Permission View: can read on DAG:example_complex
[2022-01-19 00:37:05,750] {logging_mixin.py:109} INFO - [2022-01-19 00:37:05,750] {manager.py:496} INFO - Created Permission View: can edit on DAG:example_complex
[2022-01-19 00:37:05,754] {logging_mixin.py:109} INFO - [2022-01-19 00:37:05,751] {dag.py:2396} INFO - Sync 1 DAGs
[2022-01-19 00:37:05,773] {logging_mixin.py:109} INFO - [2022-01-19 00:37:05,772] {dag.py:2415} INFO - Creating ORM DAG for example_complex
[2022-01-19 00:37:05,784] {logging_mixin.py:109} INFO - [2022-01-19 00:37:05,784] {dag.py:2935} INFO - Setting next_dagrun for example_complex to None
[2022-01-19 00:37:05,809] {processor.py:171} INFO - Processing /home/airflow/.local/lib/python3.6/site-packages/airflow/example_dags/example_complex.py took 2.123 seconds
[2022-01-19 00:37:36,756] {processor.py:163} INFO - Started process (PID=254) to work on /home/airflow/.local/lib/python3.6/site-packages/airflow/example_dags/example_complex.py
[2022-01-19 00:37:36,758] {processor.py:642} INFO - Processing file /home/airflow/.local/lib/python3.6/site-packages/airflow/example_dags/example_complex.py for tasks to queue
[2022-01-19 00:37:36,762] {logging_mixin.py:109} INFO - [2022-01-19 00:37:36,762] {dagbag.py:500} INFO - Filling up the DagBag from /home/airflow/.local/lib/python3.6/site-packages/airflow/example_dags/example_complex.py
[2022-01-19 00:37:36,863] {processor.py:654} INFO - DAG(s) dict_keys(['example_complex']) retrieved from /home/airflow/.local/lib/python3.6/site-packages/airflow/example_dags/example_complex.py
[2022-01-19 00:37:36,888] {logging_mixin.py:109} INFO - [2022-01-19 00:37:36,888] {dag.py:2396} INFO - Sync 1 DAGs
[2022-01-19 00:37:36,917] {logging_mixin.py:109} INFO - [2022-01-19 00:37:36,917] {dag.py:2935} INFO - Setting next_dagrun for example_complex to None
[2022-01-19 00:37:36,952] {processor.py:171} INFO - Processing /home/airflow/.local/lib/python3.6/site-packages/airflow/example_dags/example_complex.py took 0.200 seconds
[2022-01-19 00:38:07,592] {processor.py:163} INFO - Started process (PID=320) to work on /home/airflow/.local/lib/python3.6/site-packages/airflow/example_dags/example_complex.py
[2022-01-19 00:38:07,595] {processor.py:642} INFO - Processing file /home/airflow/.local/lib/python3.6/site-packages/airflow/example_dags/example_complex.py for tasks to queue
[2022-01-19 00:38:07,597] {logging_mixin.py:109} INFO - [2022-01-19 00:38:07,596] {dagbag.py:500} INFO - Filling up the DagBag from /home/airflow/.local/lib/python3.6/site-packages/airflow/example_dags/example_complex.py
[2022-01-19 00:38:07,643] {processor.py:654} INFO - DAG(s) dict_keys(['example_complex']) retrieved from /home/airflow/.local/lib/python3.6/site-packages/airflow/example_dags/example_complex.py
[2022-01-19 00:38:07,659] {logging_mixin.py:109} INFO - [2022-01-19 00:38:07,659] {dag.py:2396} INFO - Sync 1 DAGs
[2022-01-19 00:38:07,680] {logging_mixin.py:109} INFO - [2022-01-19 00:38:07,680] {dag.py:2935} INFO - Setting next_dagrun for example_complex to None
[2022-01-19 00:38:07,697] {processor.py:171} INFO - Processing /home/airflow/.local/lib/python3.6/site-packages/airflow/example_dags/example_complex.py took 0.113 seconds
[2022-01-19 00:38:38,024] {processor.py:163} INFO - Started process (PID=374) to work on /home/airflow/.local/lib/python3.6/site-packages/airflow/example_dags/example_complex.py
[2022-01-19 00:38:38,029] {processor.py:642} INFO - Processing file /home/airflow/.local/lib/python3.6/site-packages/airflow/example_dags/example_complex.py for tasks to queue
[2022-01-19 00:38:38,033] {logging_mixin.py:109} INFO - [2022-01-19 00:38:38,033] {dagbag.py:500} INFO - Filling up the DagBag from /home/airflow/.local/lib/python3.6/site-packages/airflow/example_dags/example_complex.py
[2022-01-19 00:38:38,113] {processor.py:654} INFO - DAG(s) dict_keys(['example_complex']) retrieved from /home/airflow/.local/lib/python3.6/site-packages/airflow/example_dags/example_complex.py
[2022-01-19 00:38:38,132] {logging_mixin.py:109} INFO - [2022-01-19 00:38:38,132] {dag.py:2396} INFO - Sync 1 DAGs
[2022-01-19 00:38:38,156] {logging_mixin.py:109} INFO - [2022-01-19 00:38:38,156] {dag.py:2935} INFO - Setting next_dagrun for example_complex to None
[2022-01-19 00:38:38,173] {processor.py:171} INFO - Processing /home/airflow/.local/lib/python3.6/site-packages/airflow/example_dags/example_complex.py took 0.158 seconds
[2022-01-19 00:39:08,256] {processor.py:163} INFO - Started process (PID=440) to work on /home/airflow/.local/lib/python3.6/site-packages/airflow/example_dags/example_complex.py
[2022-01-19 00:39:08,258] {processor.py:642} INFO - Processing file /home/airflow/.local/lib/python3.6/site-packages/airflow/example_dags/example_complex.py for tasks to queue
[2022-01-19 00:39:08,260] {logging_mixin.py:109} INFO - [2022-01-19 00:39:08,260] {dagbag.py:500} INFO - Filling up the DagBag from /home/airflow/.local/lib/python3.6/site-packages/airflow/example_dags/example_complex.py
[2022-01-19 00:39:08,304] {processor.py:654} INFO - DAG(s) dict_keys(['example_complex']) retrieved from /home/airflow/.local/lib/python3.6/site-packages/airflow/example_dags/example_complex.py
[2022-01-19 00:39:08,333] {logging_mixin.py:109} INFO - [2022-01-19 00:39:08,333] {dag.py:2396} INFO - Sync 1 DAGs
[2022-01-19 00:39:08,377] {logging_mixin.py:109} INFO - [2022-01-19 00:39:08,376] {dag.py:2935} INFO - Setting next_dagrun for example_complex to None
[2022-01-19 00:39:08,393] {processor.py:171} INFO - Processing /home/airflow/.local/lib/python3.6/site-packages/airflow/example_dags/example_complex.py took 0.144 seconds
[2022-01-19 00:39:38,577] {processor.py:163} INFO - Started process (PID=494) to work on /home/airflow/.local/lib/python3.6/site-packages/airflow/example_dags/example_complex.py
[2022-01-19 00:39:38,580] {processor.py:642} INFO - Processing file /home/airflow/.local/lib/python3.6/site-packages/airflow/example_dags/example_complex.py for tasks to queue
[2022-01-19 00:39:38,581] {logging_mixin.py:109} INFO - [2022-01-19 00:39:38,581] {dagbag.py:500} INFO - Filling up the DagBag from /home/airflow/.local/lib/python3.6/site-packages/airflow/example_dags/example_complex.py
[2022-01-19 00:39:38,627] {processor.py:654} INFO - DAG(s) dict_keys(['example_complex']) retrieved from /home/airflow/.local/lib/python3.6/site-packages/airflow/example_dags/example_complex.py
[2022-01-19 00:39:38,657] {logging_mixin.py:109} INFO - [2022-01-19 00:39:38,657] {dag.py:2396} INFO - Sync 1 DAGs
[2022-01-19 00:39:38,704] {logging_mixin.py:109} INFO - [2022-01-19 00:39:38,703] {dag.py:2935} INFO - Setting next_dagrun for example_complex to None
[2022-01-19 00:39:38,732] {processor.py:171} INFO - Processing /home/airflow/.local/lib/python3.6/site-packages/airflow/example_dags/example_complex.py took 0.159 seconds
[2022-01-19 00:40:09,146] {processor.py:163} INFO - Started process (PID=549) to work on /home/airflow/.local/lib/python3.6/site-packages/airflow/example_dags/example_complex.py
[2022-01-19 00:40:09,162] {processor.py:642} INFO - Processing file /home/airflow/.local/lib/python3.6/site-packages/airflow/example_dags/example_complex.py for tasks to queue
[2022-01-19 00:40:09,173] {logging_mixin.py:109} INFO - [2022-01-19 00:40:09,173] {dagbag.py:500} INFO - Filling up the DagBag from /home/airflow/.local/lib/python3.6/site-packages/airflow/example_dags/example_complex.py
[2022-01-19 00:40:09,325] {processor.py:654} INFO - DAG(s) dict_keys(['example_complex']) retrieved from /home/airflow/.local/lib/python3.6/site-packages/airflow/example_dags/example_complex.py
[2022-01-19 00:40:09,370] {logging_mixin.py:109} INFO - [2022-01-19 00:40:09,370] {dag.py:2396} INFO - Sync 1 DAGs
[2022-01-19 00:40:09,408] {logging_mixin.py:109} INFO - [2022-01-19 00:40:09,408] {dag.py:2935} INFO - Setting next_dagrun for example_complex to None
[2022-01-19 00:40:09,438] {processor.py:171} INFO - Processing /home/airflow/.local/lib/python3.6/site-packages/airflow/example_dags/example_complex.py took 0.299 seconds
[2022-01-19 00:40:39,991] {processor.py:163} INFO - Started process (PID=603) to work on /home/airflow/.local/lib/python3.6/site-packages/airflow/example_dags/example_complex.py
[2022-01-19 00:40:39,994] {processor.py:642} INFO - Processing file /home/airflow/.local/lib/python3.6/site-packages/airflow/example_dags/example_complex.py for tasks to queue
[2022-01-19 00:40:39,996] {logging_mixin.py:109} INFO - [2022-01-19 00:40:39,995] {dagbag.py:500} INFO - Filling up the DagBag from /home/airflow/.local/lib/python3.6/site-packages/airflow/example_dags/example_complex.py
[2022-01-19 00:40:40,040] {processor.py:654} INFO - DAG(s) dict_keys(['example_complex']) retrieved from /home/airflow/.local/lib/python3.6/site-packages/airflow/example_dags/example_complex.py
[2022-01-19 00:40:40,067] {logging_mixin.py:109} INFO - [2022-01-19 00:40:40,067] {dag.py:2396} INFO - Sync 1 DAGs
[2022-01-19 00:40:40,107] {logging_mixin.py:109} INFO - [2022-01-19 00:40:40,107] {dag.py:2935} INFO - Setting next_dagrun for example_complex to None
[2022-01-19 00:40:40,131] {processor.py:171} INFO - Processing /home/airflow/.local/lib/python3.6/site-packages/airflow/example_dags/example_complex.py took 0.146 seconds
[2022-01-19 00:41:10,596] {processor.py:163} INFO - Started process (PID=656) to work on /home/airflow/.local/lib/python3.6/site-packages/airflow/example_dags/example_complex.py
[2022-01-19 00:41:10,600] {processor.py:642} INFO - Processing file /home/airflow/.local/lib/python3.6/site-packages/airflow/example_dags/example_complex.py for tasks to queue
[2022-01-19 00:41:10,601] {logging_mixin.py:109} INFO - [2022-01-19 00:41:10,601] {dagbag.py:500} INFO - Filling up the DagBag from /home/airflow/.local/lib/python3.6/site-packages/airflow/example_dags/example_complex.py
[2022-01-19 00:41:10,650] {processor.py:654} INFO - DAG(s) dict_keys(['example_complex']) retrieved from /home/airflow/.local/lib/python3.6/site-packages/airflow/example_dags/example_complex.py
[2022-01-19 00:41:10,667] {logging_mixin.py:109} INFO - [2022-01-19 00:41:10,666] {dag.py:2396} INFO - Sync 1 DAGs
[2022-01-19 00:41:10,687] {logging_mixin.py:109} INFO - [2022-01-19 00:41:10,687] {dag.py:2935} INFO - Setting next_dagrun for example_complex to None
[2022-01-19 00:41:10,698] {processor.py:171} INFO - Processing /home/airflow/.local/lib/python3.6/site-packages/airflow/example_dags/example_complex.py took 0.107 seconds
[2022-01-19 00:41:41,211] {processor.py:163} INFO - Started process (PID=721) to work on /home/airflow/.local/lib/python3.6/site-packages/airflow/example_dags/example_complex.py
[2022-01-19 00:41:41,214] {processor.py:642} INFO - Processing file /home/airflow/.local/lib/python3.6/site-packages/airflow/example_dags/example_complex.py for tasks to queue
[2022-01-19 00:41:41,216] {logging_mixin.py:109} INFO - [2022-01-19 00:41:41,216] {dagbag.py:500} INFO - Filling up the DagBag from /home/airflow/.local/lib/python3.6/site-packages/airflow/example_dags/example_complex.py
[2022-01-19 00:41:41,266] {processor.py:654} INFO - DAG(s) dict_keys(['example_complex']) retrieved from /home/airflow/.local/lib/python3.6/site-packages/airflow/example_dags/example_complex.py
[2022-01-19 00:41:41,284] {logging_mixin.py:109} INFO - [2022-01-19 00:41:41,284] {dag.py:2396} INFO - Sync 1 DAGs
[2022-01-19 00:41:41,306] {logging_mixin.py:109} INFO - [2022-01-19 00:41:41,306] {dag.py:2935} INFO - Setting next_dagrun for example_complex to None
[2022-01-19 00:41:41,328] {processor.py:171} INFO - Processing /home/airflow/.local/lib/python3.6/site-packages/airflow/example_dags/example_complex.py took 0.122 seconds
[2022-01-19 00:42:11,529] {processor.py:163} INFO - Started process (PID=774) to work on /home/airflow/.local/lib/python3.6/site-packages/airflow/example_dags/example_complex.py
[2022-01-19 00:42:11,531] {processor.py:642} INFO - Processing file /home/airflow/.local/lib/python3.6/site-packages/airflow/example_dags/example_complex.py for tasks to queue
[2022-01-19 00:42:11,532] {logging_mixin.py:109} INFO - [2022-01-19 00:42:11,532] {dagbag.py:500} INFO - Filling up the DagBag from /home/airflow/.local/lib/python3.6/site-packages/airflow/example_dags/example_complex.py
[2022-01-19 00:42:11,575] {processor.py:654} INFO - DAG(s) dict_keys(['example_complex']) retrieved from /home/airflow/.local/lib/python3.6/site-packages/airflow/example_dags/example_complex.py
[2022-01-19 00:42:11,610] {logging_mixin.py:109} INFO - [2022-01-19 00:42:11,610] {dag.py:2396} INFO - Sync 1 DAGs
[2022-01-19 00:42:11,644] {logging_mixin.py:109} INFO - [2022-01-19 00:42:11,643] {dag.py:2935} INFO - Setting next_dagrun for example_complex to None
[2022-01-19 00:42:11,659] {processor.py:171} INFO - Processing /home/airflow/.local/lib/python3.6/site-packages/airflow/example_dags/example_complex.py took 0.134 seconds
[2022-01-19 00:42:42,263] {processor.py:163} INFO - Started process (PID=827) to work on /home/airflow/.local/lib/python3.6/site-packages/airflow/example_dags/example_complex.py
[2022-01-19 00:42:42,269] {processor.py:642} INFO - Processing file /home/airflow/.local/lib/python3.6/site-packages/airflow/example_dags/example_complex.py for tasks to queue
[2022-01-19 00:42:42,273] {logging_mixin.py:109} INFO - [2022-01-19 00:42:42,273] {dagbag.py:500} INFO - Filling up the DagBag from /home/airflow/.local/lib/python3.6/site-packages/airflow/example_dags/example_complex.py
[2022-01-19 00:42:42,418] {processor.py:654} INFO - DAG(s) dict_keys(['example_complex']) retrieved from /home/airflow/.local/lib/python3.6/site-packages/airflow/example_dags/example_complex.py
[2022-01-19 00:42:42,488] {logging_mixin.py:109} INFO - [2022-01-19 00:42:42,488] {dag.py:2396} INFO - Sync 1 DAGs
[2022-01-19 00:42:42,566] {logging_mixin.py:109} INFO - [2022-01-19 00:42:42,566] {dag.py:2935} INFO - Setting next_dagrun for example_complex to None
[2022-01-19 00:42:42,593] {processor.py:171} INFO - Processing /home/airflow/.local/lib/python3.6/site-packages/airflow/example_dags/example_complex.py took 0.340 seconds
[2022-01-19 00:43:12,636] {processor.py:163} INFO - Started process (PID=879) to work on /home/airflow/.local/lib/python3.6/site-packages/airflow/example_dags/example_complex.py
[2022-01-19 00:43:12,640] {processor.py:642} INFO - Processing file /home/airflow/.local/lib/python3.6/site-packages/airflow/example_dags/example_complex.py for tasks to queue
[2022-01-19 00:43:12,643] {logging_mixin.py:109} INFO - [2022-01-19 00:43:12,643] {dagbag.py:500} INFO - Filling up the DagBag from /home/airflow/.local/lib/python3.6/site-packages/airflow/example_dags/example_complex.py
[2022-01-19 00:43:12,705] {processor.py:654} INFO - DAG(s) dict_keys(['example_complex']) retrieved from /home/airflow/.local/lib/python3.6/site-packages/airflow/example_dags/example_complex.py
[2022-01-19 00:43:12,726] {logging_mixin.py:109} INFO - [2022-01-19 00:43:12,726] {dag.py:2396} INFO - Sync 1 DAGs
[2022-01-19 00:43:12,750] {logging_mixin.py:109} INFO - [2022-01-19 00:43:12,750] {dag.py:2935} INFO - Setting next_dagrun for example_complex to None
[2022-01-19 00:43:12,766] {processor.py:171} INFO - Processing /home/airflow/.local/lib/python3.6/site-packages/airflow/example_dags/example_complex.py took 0.138 seconds
[2022-01-19 00:43:42,880] {processor.py:163} INFO - Started process (PID=942) to work on /home/airflow/.local/lib/python3.6/site-packages/airflow/example_dags/example_complex.py
[2022-01-19 00:43:42,882] {processor.py:642} INFO - Processing file /home/airflow/.local/lib/python3.6/site-packages/airflow/example_dags/example_complex.py for tasks to queue
[2022-01-19 00:43:42,884] {logging_mixin.py:109} INFO - [2022-01-19 00:43:42,884] {dagbag.py:500} INFO - Filling up the DagBag from /home/airflow/.local/lib/python3.6/site-packages/airflow/example_dags/example_complex.py
[2022-01-19 00:43:42,926] {processor.py:654} INFO - DAG(s) dict_keys(['example_complex']) retrieved from /home/airflow/.local/lib/python3.6/site-packages/airflow/example_dags/example_complex.py
[2022-01-19 00:43:42,943] {logging_mixin.py:109} INFO - [2022-01-19 00:43:42,943] {dag.py:2396} INFO - Sync 1 DAGs
[2022-01-19 00:43:42,967] {logging_mixin.py:109} INFO - [2022-01-19 00:43:42,967] {dag.py:2935} INFO - Setting next_dagrun for example_complex to None
[2022-01-19 00:43:42,980] {processor.py:171} INFO - Processing /home/airflow/.local/lib/python3.6/site-packages/airflow/example_dags/example_complex.py took 0.104 seconds
[2022-01-19 00:44:13,127] {processor.py:163} INFO - Started process (PID=998) to work on /home/airflow/.local/lib/python3.6/site-packages/airflow/example_dags/example_complex.py
[2022-01-19 00:44:13,131] {processor.py:642} INFO - Processing file /home/airflow/.local/lib/python3.6/site-packages/airflow/example_dags/example_complex.py for tasks to queue
[2022-01-19 00:44:13,133] {logging_mixin.py:109} INFO - [2022-01-19 00:44:13,133] {dagbag.py:500} INFO - Filling up the DagBag from /home/airflow/.local/lib/python3.6/site-packages/airflow/example_dags/example_complex.py
[2022-01-19 00:44:13,218] {processor.py:654} INFO - DAG(s) dict_keys(['example_complex']) retrieved from /home/airflow/.local/lib/python3.6/site-packages/airflow/example_dags/example_complex.py
[2022-01-19 00:44:13,248] {logging_mixin.py:109} INFO - [2022-01-19 00:44:13,248] {dag.py:2396} INFO - Sync 1 DAGs
[2022-01-19 00:44:13,283] {logging_mixin.py:109} INFO - [2022-01-19 00:44:13,283] {dag.py:2935} INFO - Setting next_dagrun for example_complex to None
[2022-01-19 00:44:13,299] {processor.py:171} INFO - Processing /home/airflow/.local/lib/python3.6/site-packages/airflow/example_dags/example_complex.py took 0.179 seconds
[2022-01-19 00:44:44,249] {processor.py:163} INFO - Started process (PID=1053) to work on /home/airflow/.local/lib/python3.6/site-packages/airflow/example_dags/example_complex.py
[2022-01-19 00:44:44,252] {processor.py:642} INFO - Processing file /home/airflow/.local/lib/python3.6/site-packages/airflow/example_dags/example_complex.py for tasks to queue
[2022-01-19 00:44:44,254] {logging_mixin.py:109} INFO - [2022-01-19 00:44:44,254] {dagbag.py:500} INFO - Filling up the DagBag from /home/airflow/.local/lib/python3.6/site-packages/airflow/example_dags/example_complex.py
[2022-01-19 00:44:44,307] {processor.py:654} INFO - DAG(s) dict_keys(['example_complex']) retrieved from /home/airflow/.local/lib/python3.6/site-packages/airflow/example_dags/example_complex.py
[2022-01-19 00:44:44,335] {logging_mixin.py:109} INFO - [2022-01-19 00:44:44,335] {dag.py:2396} INFO - Sync 1 DAGs
[2022-01-19 00:44:44,364] {logging_mixin.py:109} INFO - [2022-01-19 00:44:44,363] {dag.py:2935} INFO - Setting next_dagrun for example_complex to None
[2022-01-19 00:44:44,376] {processor.py:171} INFO - Processing /home/airflow/.local/lib/python3.6/site-packages/airflow/example_dags/example_complex.py took 0.135 seconds
[2022-01-19 00:45:14,786] {processor.py:163} INFO - Started process (PID=1116) to work on /home/airflow/.local/lib/python3.6/site-packages/airflow/example_dags/example_complex.py
[2022-01-19 00:45:14,788] {processor.py:642} INFO - Processing file /home/airflow/.local/lib/python3.6/site-packages/airflow/example_dags/example_complex.py for tasks to queue
[2022-01-19 00:45:14,789] {logging_mixin.py:109} INFO - [2022-01-19 00:45:14,789] {dagbag.py:500} INFO - Filling up the DagBag from /home/airflow/.local/lib/python3.6/site-packages/airflow/example_dags/example_complex.py
[2022-01-19 00:45:14,831] {processor.py:654} INFO - DAG(s) dict_keys(['example_complex']) retrieved from /home/airflow/.local/lib/python3.6/site-packages/airflow/example_dags/example_complex.py
[2022-01-19 00:45:14,860] {logging_mixin.py:109} INFO - [2022-01-19 00:45:14,860] {dag.py:2396} INFO - Sync 1 DAGs
[2022-01-19 00:45:14,878] {logging_mixin.py:109} INFO - [2022-01-19 00:45:14,878] {dag.py:2935} INFO - Setting next_dagrun for example_complex to None
[2022-01-19 00:45:14,888] {processor.py:171} INFO - Processing /home/airflow/.local/lib/python3.6/site-packages/airflow/example_dags/example_complex.py took 0.106 seconds
[2022-01-19 00:45:45,336] {processor.py:163} INFO - Started process (PID=1171) to work on /home/airflow/.local/lib/python3.6/site-packages/airflow/example_dags/example_complex.py
[2022-01-19 00:45:45,339] {processor.py:642} INFO - Processing file /home/airflow/.local/lib/python3.6/site-packages/airflow/example_dags/example_complex.py for tasks to queue
[2022-01-19 00:45:45,342] {logging_mixin.py:109} INFO - [2022-01-19 00:45:45,342] {dagbag.py:500} INFO - Filling up the DagBag from /home/airflow/.local/lib/python3.6/site-packages/airflow/example_dags/example_complex.py
[2022-01-19 00:45:45,420] {processor.py:654} INFO - DAG(s) dict_keys(['example_complex']) retrieved from /home/airflow/.local/lib/python3.6/site-packages/airflow/example_dags/example_complex.py
[2022-01-19 00:45:45,452] {logging_mixin.py:109} INFO - [2022-01-19 00:45:45,452] {dag.py:2396} INFO - Sync 1 DAGs
[2022-01-19 00:45:45,494] {logging_mixin.py:109} INFO - [2022-01-19 00:45:45,494] {dag.py:2935} INFO - Setting next_dagrun for example_complex to None
[2022-01-19 00:45:45,520] {processor.py:171} INFO - Processing /home/airflow/.local/lib/python3.6/site-packages/airflow/example_dags/example_complex.py took 0.192 seconds
[2022-01-19 00:46:15,984] {processor.py:163} INFO - Started process (PID=1225) to work on /home/airflow/.local/lib/python3.6/site-packages/airflow/example_dags/example_complex.py
[2022-01-19 00:46:15,996] {processor.py:642} INFO - Processing file /home/airflow/.local/lib/python3.6/site-packages/airflow/example_dags/example_complex.py for tasks to queue
[2022-01-19 00:46:15,999] {logging_mixin.py:109} INFO - [2022-01-19 00:46:15,999] {dagbag.py:500} INFO - Filling up the DagBag from /home/airflow/.local/lib/python3.6/site-packages/airflow/example_dags/example_complex.py
[2022-01-19 00:46:16,109] {processor.py:654} INFO - DAG(s) dict_keys(['example_complex']) retrieved from /home/airflow/.local/lib/python3.6/site-packages/airflow/example_dags/example_complex.py
[2022-01-19 00:46:16,139] {logging_mixin.py:109} INFO - [2022-01-19 00:46:16,139] {dag.py:2396} INFO - Sync 1 DAGs
[2022-01-19 00:46:16,171] {logging_mixin.py:109} INFO - [2022-01-19 00:46:16,171] {dag.py:2935} INFO - Setting next_dagrun for example_complex to None
[2022-01-19 00:46:16,191] {processor.py:171} INFO - Processing /home/airflow/.local/lib/python3.6/site-packages/airflow/example_dags/example_complex.py took 0.215 seconds
[2022-01-19 00:46:46,523] {processor.py:163} INFO - Started process (PID=1281) to work on /home/airflow/.local/lib/python3.6/site-packages/airflow/example_dags/example_complex.py
[2022-01-19 00:46:46,526] {processor.py:642} INFO - Processing file /home/airflow/.local/lib/python3.6/site-packages/airflow/example_dags/example_complex.py for tasks to queue
[2022-01-19 00:46:46,529] {logging_mixin.py:109} INFO - [2022-01-19 00:46:46,528] {dagbag.py:500} INFO - Filling up the DagBag from /home/airflow/.local/lib/python3.6/site-packages/airflow/example_dags/example_complex.py
[2022-01-19 00:46:46,594] {processor.py:654} INFO - DAG(s) dict_keys(['example_complex']) retrieved from /home/airflow/.local/lib/python3.6/site-packages/airflow/example_dags/example_complex.py
[2022-01-19 00:46:46,617] {logging_mixin.py:109} INFO - [2022-01-19 00:46:46,617] {dag.py:2396} INFO - Sync 1 DAGs
[2022-01-19 00:46:46,674] {logging_mixin.py:109} INFO - [2022-01-19 00:46:46,674] {dag.py:2935} INFO - Setting next_dagrun for example_complex to None
[2022-01-19 00:46:46,720] {processor.py:171} INFO - Processing /home/airflow/.local/lib/python3.6/site-packages/airflow/example_dags/example_complex.py took 0.224 seconds
[2022-01-19 00:47:16,900] {processor.py:163} INFO - Started process (PID=1334) to work on /home/airflow/.local/lib/python3.6/site-packages/airflow/example_dags/example_complex.py
[2022-01-19 00:47:16,905] {processor.py:642} INFO - Processing file /home/airflow/.local/lib/python3.6/site-packages/airflow/example_dags/example_complex.py for tasks to queue
[2022-01-19 00:47:16,906] {logging_mixin.py:109} INFO - [2022-01-19 00:47:16,906] {dagbag.py:500} INFO - Filling up the DagBag from /home/airflow/.local/lib/python3.6/site-packages/airflow/example_dags/example_complex.py
[2022-01-19 00:47:16,943] {processor.py:654} INFO - DAG(s) dict_keys(['example_complex']) retrieved from /home/airflow/.local/lib/python3.6/site-packages/airflow/example_dags/example_complex.py
[2022-01-19 00:47:16,958] {logging_mixin.py:109} INFO - [2022-01-19 00:47:16,958] {dag.py:2396} INFO - Sync 1 DAGs
[2022-01-19 00:47:16,976] {logging_mixin.py:109} INFO - [2022-01-19 00:47:16,976] {dag.py:2935} INFO - Setting next_dagrun for example_complex to None
[2022-01-19 00:47:16,991] {processor.py:171} INFO - Processing /home/airflow/.local/lib/python3.6/site-packages/airflow/example_dags/example_complex.py took 0.095 seconds
[2022-01-19 00:47:47,369] {processor.py:163} INFO - Started process (PID=1387) to work on /home/airflow/.local/lib/python3.6/site-packages/airflow/example_dags/example_complex.py
[2022-01-19 00:47:47,373] {processor.py:642} INFO - Processing file /home/airflow/.local/lib/python3.6/site-packages/airflow/example_dags/example_complex.py for tasks to queue
[2022-01-19 00:47:47,376] {logging_mixin.py:109} INFO - [2022-01-19 00:47:47,375] {dagbag.py:500} INFO - Filling up the DagBag from /home/airflow/.local/lib/python3.6/site-packages/airflow/example_dags/example_complex.py
[2022-01-19 00:47:47,470] {processor.py:654} INFO - DAG(s) dict_keys(['example_complex']) retrieved from /home/airflow/.local/lib/python3.6/site-packages/airflow/example_dags/example_complex.py
[2022-01-19 00:47:47,520] {logging_mixin.py:109} INFO - [2022-01-19 00:47:47,519] {dag.py:2396} INFO - Sync 1 DAGs
[2022-01-19 00:47:47,581] {logging_mixin.py:109} INFO - [2022-01-19 00:47:47,580] {dag.py:2935} INFO - Setting next_dagrun for example_complex to None
[2022-01-19 00:47:47,616] {processor.py:171} INFO - Processing /home/airflow/.local/lib/python3.6/site-packages/airflow/example_dags/example_complex.py took 0.255 seconds
[2022-01-19 00:48:17,925] {processor.py:163} INFO - Started process (PID=1453) to work on /home/airflow/.local/lib/python3.6/site-packages/airflow/example_dags/example_complex.py
[2022-01-19 00:48:17,928] {processor.py:642} INFO - Processing file /home/airflow/.local/lib/python3.6/site-packages/airflow/example_dags/example_complex.py for tasks to queue
[2022-01-19 00:48:17,929] {logging_mixin.py:109} INFO - [2022-01-19 00:48:17,929] {dagbag.py:500} INFO - Filling up the DagBag from /home/airflow/.local/lib/python3.6/site-packages/airflow/example_dags/example_complex.py
[2022-01-19 00:48:17,968] {processor.py:654} INFO - DAG(s) dict_keys(['example_complex']) retrieved from /home/airflow/.local/lib/python3.6/site-packages/airflow/example_dags/example_complex.py
[2022-01-19 00:48:17,987] {logging_mixin.py:109} INFO - [2022-01-19 00:48:17,987] {dag.py:2396} INFO - Sync 1 DAGs
[2022-01-19 00:48:18,005] {logging_mixin.py:109} INFO - [2022-01-19 00:48:18,005] {dag.py:2935} INFO - Setting next_dagrun for example_complex to None
[2022-01-19 00:48:18,015] {processor.py:171} INFO - Processing /home/airflow/.local/lib/python3.6/site-packages/airflow/example_dags/example_complex.py took 0.095 seconds
[2022-01-19 00:48:48,313] {processor.py:163} INFO - Started process (PID=1508) to work on /home/airflow/.local/lib/python3.6/site-packages/airflow/example_dags/example_complex.py
[2022-01-19 00:48:48,316] {processor.py:642} INFO - Processing file /home/airflow/.local/lib/python3.6/site-packages/airflow/example_dags/example_complex.py for tasks to queue
[2022-01-19 00:48:48,318] {logging_mixin.py:109} INFO - [2022-01-19 00:48:48,318] {dagbag.py:500} INFO - Filling up the DagBag from /home/airflow/.local/lib/python3.6/site-packages/airflow/example_dags/example_complex.py
[2022-01-19 00:48:48,374] {processor.py:654} INFO - DAG(s) dict_keys(['example_complex']) retrieved from /home/airflow/.local/lib/python3.6/site-packages/airflow/example_dags/example_complex.py
[2022-01-19 00:48:48,395] {logging_mixin.py:109} INFO - [2022-01-19 00:48:48,395] {dag.py:2396} INFO - Sync 1 DAGs
[2022-01-19 00:48:48,436] {logging_mixin.py:109} INFO - [2022-01-19 00:48:48,436] {dag.py:2935} INFO - Setting next_dagrun for example_complex to None
[2022-01-19 00:48:48,455] {processor.py:171} INFO - Processing /home/airflow/.local/lib/python3.6/site-packages/airflow/example_dags/example_complex.py took 0.149 seconds
