[2022-01-19 00:36:29,256] {processor.py:163} INFO - Started process (PID=48) to work on /home/airflow/.local/lib/python3.6/site-packages/airflow/example_dags/example_branch_python_dop_operator_3.py
[2022-01-19 00:36:29,259] {processor.py:642} INFO - Processing file /home/airflow/.local/lib/python3.6/site-packages/airflow/example_dags/example_branch_python_dop_operator_3.py for tasks to queue
[2022-01-19 00:36:29,260] {logging_mixin.py:109} INFO - [2022-01-19 00:36:29,260] {dagbag.py:500} INFO - Filling up the DagBag from /home/airflow/.local/lib/python3.6/site-packages/airflow/example_dags/example_branch_python_dop_operator_3.py
[2022-01-19 00:36:29,343] {processor.py:654} INFO - DAG(s) dict_keys(['example_branch_dop_operator_v3']) retrieved from /home/airflow/.local/lib/python3.6/site-packages/airflow/example_dags/example_branch_python_dop_operator_3.py
[2022-01-19 00:36:43,298] {logging_mixin.py:109} INFO - [2022-01-19 00:36:43,298] {manager.py:496} INFO - Created Permission View: can read on DAG:example_branch_dop_operator_v3
[2022-01-19 00:36:43,334] {logging_mixin.py:109} INFO - [2022-01-19 00:36:43,334] {manager.py:496} INFO - Created Permission View: can edit on DAG:example_branch_dop_operator_v3
[2022-01-19 00:36:43,337] {logging_mixin.py:109} INFO - [2022-01-19 00:36:43,335] {dag.py:2396} INFO - Sync 1 DAGs
[2022-01-19 00:36:43,376] {logging_mixin.py:109} INFO - [2022-01-19 00:36:43,373] {dag.py:2415} INFO - Creating ORM DAG for example_branch_dop_operator_v3
[2022-01-19 00:36:43,401] {logging_mixin.py:109} INFO - [2022-01-19 00:36:43,401] {dag.py:2935} INFO - Setting next_dagrun for example_branch_dop_operator_v3 to 2022-01-19T00:35:00+00:00
[2022-01-19 00:36:43,468] {processor.py:171} INFO - Processing /home/airflow/.local/lib/python3.6/site-packages/airflow/example_dags/example_branch_python_dop_operator_3.py took 14.216 seconds
[2022-01-19 00:37:23,595] {processor.py:163} INFO - Started process (PID=231) to work on /home/airflow/.local/lib/python3.6/site-packages/airflow/example_dags/example_branch_python_dop_operator_3.py
[2022-01-19 00:37:23,597] {processor.py:642} INFO - Processing file /home/airflow/.local/lib/python3.6/site-packages/airflow/example_dags/example_branch_python_dop_operator_3.py for tasks to queue
[2022-01-19 00:37:23,598] {logging_mixin.py:109} INFO - [2022-01-19 00:37:23,598] {dagbag.py:500} INFO - Filling up the DagBag from /home/airflow/.local/lib/python3.6/site-packages/airflow/example_dags/example_branch_python_dop_operator_3.py
[2022-01-19 00:37:23,646] {processor.py:654} INFO - DAG(s) dict_keys(['example_branch_dop_operator_v3']) retrieved from /home/airflow/.local/lib/python3.6/site-packages/airflow/example_dags/example_branch_python_dop_operator_3.py
[2022-01-19 00:37:23,662] {logging_mixin.py:109} INFO - [2022-01-19 00:37:23,662] {dag.py:2396} INFO - Sync 1 DAGs
[2022-01-19 00:37:23,690] {logging_mixin.py:109} INFO - [2022-01-19 00:37:23,690] {dag.py:2935} INFO - Setting next_dagrun for example_branch_dop_operator_v3 to 2022-01-19T00:36:00+00:00
[2022-01-19 00:37:23,702] {processor.py:171} INFO - Processing /home/airflow/.local/lib/python3.6/site-packages/airflow/example_dags/example_branch_python_dop_operator_3.py took 0.111 seconds
[2022-01-19 00:37:54,096] {processor.py:163} INFO - Started process (PID=291) to work on /home/airflow/.local/lib/python3.6/site-packages/airflow/example_dags/example_branch_python_dop_operator_3.py
[2022-01-19 00:37:54,099] {processor.py:642} INFO - Processing file /home/airflow/.local/lib/python3.6/site-packages/airflow/example_dags/example_branch_python_dop_operator_3.py for tasks to queue
[2022-01-19 00:37:54,101] {logging_mixin.py:109} INFO - [2022-01-19 00:37:54,101] {dagbag.py:500} INFO - Filling up the DagBag from /home/airflow/.local/lib/python3.6/site-packages/airflow/example_dags/example_branch_python_dop_operator_3.py
[2022-01-19 00:37:54,138] {processor.py:654} INFO - DAG(s) dict_keys(['example_branch_dop_operator_v3']) retrieved from /home/airflow/.local/lib/python3.6/site-packages/airflow/example_dags/example_branch_python_dop_operator_3.py
[2022-01-19 00:37:54,153] {logging_mixin.py:109} INFO - [2022-01-19 00:37:54,153] {dag.py:2396} INFO - Sync 1 DAGs
[2022-01-19 00:37:54,178] {logging_mixin.py:109} INFO - [2022-01-19 00:37:54,177] {dag.py:2935} INFO - Setting next_dagrun for example_branch_dop_operator_v3 to 2022-01-19T00:36:00+00:00
[2022-01-19 00:37:54,188] {processor.py:171} INFO - Processing /home/airflow/.local/lib/python3.6/site-packages/airflow/example_dags/example_branch_python_dop_operator_3.py took 0.100 seconds
[2022-01-19 00:38:24,388] {processor.py:163} INFO - Started process (PID=345) to work on /home/airflow/.local/lib/python3.6/site-packages/airflow/example_dags/example_branch_python_dop_operator_3.py
[2022-01-19 00:38:24,391] {processor.py:642} INFO - Processing file /home/airflow/.local/lib/python3.6/site-packages/airflow/example_dags/example_branch_python_dop_operator_3.py for tasks to queue
[2022-01-19 00:38:24,392] {logging_mixin.py:109} INFO - [2022-01-19 00:38:24,392] {dagbag.py:500} INFO - Filling up the DagBag from /home/airflow/.local/lib/python3.6/site-packages/airflow/example_dags/example_branch_python_dop_operator_3.py
[2022-01-19 00:38:24,434] {processor.py:654} INFO - DAG(s) dict_keys(['example_branch_dop_operator_v3']) retrieved from /home/airflow/.local/lib/python3.6/site-packages/airflow/example_dags/example_branch_python_dop_operator_3.py
[2022-01-19 00:38:24,455] {logging_mixin.py:109} INFO - [2022-01-19 00:38:24,455] {dag.py:2396} INFO - Sync 1 DAGs
[2022-01-19 00:38:24,478] {logging_mixin.py:109} INFO - [2022-01-19 00:38:24,478] {dag.py:2935} INFO - Setting next_dagrun for example_branch_dop_operator_v3 to 2022-01-19T00:37:00+00:00
[2022-01-19 00:38:24,488] {processor.py:171} INFO - Processing /home/airflow/.local/lib/python3.6/site-packages/airflow/example_dags/example_branch_python_dop_operator_3.py took 0.104 seconds
[2022-01-19 00:38:54,894] {processor.py:163} INFO - Started process (PID=410) to work on /home/airflow/.local/lib/python3.6/site-packages/airflow/example_dags/example_branch_python_dop_operator_3.py
[2022-01-19 00:38:54,896] {processor.py:642} INFO - Processing file /home/airflow/.local/lib/python3.6/site-packages/airflow/example_dags/example_branch_python_dop_operator_3.py for tasks to queue
[2022-01-19 00:38:54,897] {logging_mixin.py:109} INFO - [2022-01-19 00:38:54,897] {dagbag.py:500} INFO - Filling up the DagBag from /home/airflow/.local/lib/python3.6/site-packages/airflow/example_dags/example_branch_python_dop_operator_3.py
[2022-01-19 00:38:54,934] {processor.py:654} INFO - DAG(s) dict_keys(['example_branch_dop_operator_v3']) retrieved from /home/airflow/.local/lib/python3.6/site-packages/airflow/example_dags/example_branch_python_dop_operator_3.py
[2022-01-19 00:38:54,946] {logging_mixin.py:109} INFO - [2022-01-19 00:38:54,946] {dag.py:2396} INFO - Sync 1 DAGs
[2022-01-19 00:38:54,968] {logging_mixin.py:109} INFO - [2022-01-19 00:38:54,968] {dag.py:2935} INFO - Setting next_dagrun for example_branch_dop_operator_v3 to 2022-01-19T00:37:00+00:00
[2022-01-19 00:38:54,978] {processor.py:171} INFO - Processing /home/airflow/.local/lib/python3.6/site-packages/airflow/example_dags/example_branch_python_dop_operator_3.py took 0.088 seconds
[2022-01-19 00:39:25,222] {processor.py:163} INFO - Started process (PID=465) to work on /home/airflow/.local/lib/python3.6/site-packages/airflow/example_dags/example_branch_python_dop_operator_3.py
[2022-01-19 00:39:25,225] {processor.py:642} INFO - Processing file /home/airflow/.local/lib/python3.6/site-packages/airflow/example_dags/example_branch_python_dop_operator_3.py for tasks to queue
[2022-01-19 00:39:25,227] {logging_mixin.py:109} INFO - [2022-01-19 00:39:25,227] {dagbag.py:500} INFO - Filling up the DagBag from /home/airflow/.local/lib/python3.6/site-packages/airflow/example_dags/example_branch_python_dop_operator_3.py
[2022-01-19 00:39:25,291] {processor.py:654} INFO - DAG(s) dict_keys(['example_branch_dop_operator_v3']) retrieved from /home/airflow/.local/lib/python3.6/site-packages/airflow/example_dags/example_branch_python_dop_operator_3.py
[2022-01-19 00:39:25,312] {logging_mixin.py:109} INFO - [2022-01-19 00:39:25,312] {dag.py:2396} INFO - Sync 1 DAGs
[2022-01-19 00:39:25,355] {logging_mixin.py:109} INFO - [2022-01-19 00:39:25,355] {dag.py:2935} INFO - Setting next_dagrun for example_branch_dop_operator_v3 to 2022-01-19T00:38:00+00:00
[2022-01-19 00:39:25,373] {processor.py:171} INFO - Processing /home/airflow/.local/lib/python3.6/site-packages/airflow/example_dags/example_branch_python_dop_operator_3.py took 0.162 seconds
[2022-01-19 00:39:55,639] {processor.py:163} INFO - Started process (PID=520) to work on /home/airflow/.local/lib/python3.6/site-packages/airflow/example_dags/example_branch_python_dop_operator_3.py
[2022-01-19 00:39:55,652] {processor.py:642} INFO - Processing file /home/airflow/.local/lib/python3.6/site-packages/airflow/example_dags/example_branch_python_dop_operator_3.py for tasks to queue
[2022-01-19 00:39:55,654] {logging_mixin.py:109} INFO - [2022-01-19 00:39:55,653] {dagbag.py:500} INFO - Filling up the DagBag from /home/airflow/.local/lib/python3.6/site-packages/airflow/example_dags/example_branch_python_dop_operator_3.py
[2022-01-19 00:39:55,716] {processor.py:654} INFO - DAG(s) dict_keys(['example_branch_dop_operator_v3']) retrieved from /home/airflow/.local/lib/python3.6/site-packages/airflow/example_dags/example_branch_python_dop_operator_3.py
[2022-01-19 00:39:55,742] {logging_mixin.py:109} INFO - [2022-01-19 00:39:55,742] {dag.py:2396} INFO - Sync 1 DAGs
[2022-01-19 00:39:55,800] {logging_mixin.py:109} INFO - [2022-01-19 00:39:55,800] {dag.py:2935} INFO - Setting next_dagrun for example_branch_dop_operator_v3 to 2022-01-19T00:38:00+00:00
[2022-01-19 00:39:55,827] {processor.py:171} INFO - Processing /home/airflow/.local/lib/python3.6/site-packages/airflow/example_dags/example_branch_python_dop_operator_3.py took 0.195 seconds
[2022-01-19 00:40:26,384] {processor.py:163} INFO - Started process (PID=574) to work on /home/airflow/.local/lib/python3.6/site-packages/airflow/example_dags/example_branch_python_dop_operator_3.py
[2022-01-19 00:40:26,389] {processor.py:642} INFO - Processing file /home/airflow/.local/lib/python3.6/site-packages/airflow/example_dags/example_branch_python_dop_operator_3.py for tasks to queue
[2022-01-19 00:40:26,393] {logging_mixin.py:109} INFO - [2022-01-19 00:40:26,392] {dagbag.py:500} INFO - Filling up the DagBag from /home/airflow/.local/lib/python3.6/site-packages/airflow/example_dags/example_branch_python_dop_operator_3.py
[2022-01-19 00:40:26,479] {processor.py:654} INFO - DAG(s) dict_keys(['example_branch_dop_operator_v3']) retrieved from /home/airflow/.local/lib/python3.6/site-packages/airflow/example_dags/example_branch_python_dop_operator_3.py
[2022-01-19 00:40:26,517] {logging_mixin.py:109} INFO - [2022-01-19 00:40:26,517] {dag.py:2396} INFO - Sync 1 DAGs
[2022-01-19 00:40:26,582] {logging_mixin.py:109} INFO - [2022-01-19 00:40:26,581] {dag.py:2935} INFO - Setting next_dagrun for example_branch_dop_operator_v3 to 2022-01-19T00:39:00+00:00
[2022-01-19 00:40:26,612] {processor.py:171} INFO - Processing /home/airflow/.local/lib/python3.6/site-packages/airflow/example_dags/example_branch_python_dop_operator_3.py took 0.238 seconds
[2022-01-19 00:40:57,187] {processor.py:163} INFO - Started process (PID=628) to work on /home/airflow/.local/lib/python3.6/site-packages/airflow/example_dags/example_branch_python_dop_operator_3.py
[2022-01-19 00:40:57,189] {processor.py:642} INFO - Processing file /home/airflow/.local/lib/python3.6/site-packages/airflow/example_dags/example_branch_python_dop_operator_3.py for tasks to queue
[2022-01-19 00:40:57,190] {logging_mixin.py:109} INFO - [2022-01-19 00:40:57,190] {dagbag.py:500} INFO - Filling up the DagBag from /home/airflow/.local/lib/python3.6/site-packages/airflow/example_dags/example_branch_python_dop_operator_3.py
[2022-01-19 00:40:57,233] {processor.py:654} INFO - DAG(s) dict_keys(['example_branch_dop_operator_v3']) retrieved from /home/airflow/.local/lib/python3.6/site-packages/airflow/example_dags/example_branch_python_dop_operator_3.py
[2022-01-19 00:40:57,248] {logging_mixin.py:109} INFO - [2022-01-19 00:40:57,248] {dag.py:2396} INFO - Sync 1 DAGs
[2022-01-19 00:40:57,273] {logging_mixin.py:109} INFO - [2022-01-19 00:40:57,273] {dag.py:2935} INFO - Setting next_dagrun for example_branch_dop_operator_v3 to 2022-01-19T00:39:00+00:00
[2022-01-19 00:40:57,291] {processor.py:171} INFO - Processing /home/airflow/.local/lib/python3.6/site-packages/airflow/example_dags/example_branch_python_dop_operator_3.py took 0.111 seconds
[2022-01-19 00:41:27,532] {processor.py:163} INFO - Started process (PID=692) to work on /home/airflow/.local/lib/python3.6/site-packages/airflow/example_dags/example_branch_python_dop_operator_3.py
[2022-01-19 00:41:27,535] {processor.py:642} INFO - Processing file /home/airflow/.local/lib/python3.6/site-packages/airflow/example_dags/example_branch_python_dop_operator_3.py for tasks to queue
[2022-01-19 00:41:27,538] {logging_mixin.py:109} INFO - [2022-01-19 00:41:27,537] {dagbag.py:500} INFO - Filling up the DagBag from /home/airflow/.local/lib/python3.6/site-packages/airflow/example_dags/example_branch_python_dop_operator_3.py
[2022-01-19 00:41:27,588] {processor.py:654} INFO - DAG(s) dict_keys(['example_branch_dop_operator_v3']) retrieved from /home/airflow/.local/lib/python3.6/site-packages/airflow/example_dags/example_branch_python_dop_operator_3.py
[2022-01-19 00:41:27,605] {logging_mixin.py:109} INFO - [2022-01-19 00:41:27,605] {dag.py:2396} INFO - Sync 1 DAGs
[2022-01-19 00:41:27,635] {logging_mixin.py:109} INFO - [2022-01-19 00:41:27,634] {dag.py:2935} INFO - Setting next_dagrun for example_branch_dop_operator_v3 to 2022-01-19T00:40:00+00:00
[2022-01-19 00:41:27,651] {processor.py:171} INFO - Processing /home/airflow/.local/lib/python3.6/site-packages/airflow/example_dags/example_branch_python_dop_operator_3.py took 0.124 seconds
[2022-01-19 00:41:57,957] {processor.py:163} INFO - Started process (PID=746) to work on /home/airflow/.local/lib/python3.6/site-packages/airflow/example_dags/example_branch_python_dop_operator_3.py
[2022-01-19 00:41:57,960] {processor.py:642} INFO - Processing file /home/airflow/.local/lib/python3.6/site-packages/airflow/example_dags/example_branch_python_dop_operator_3.py for tasks to queue
[2022-01-19 00:41:57,962] {logging_mixin.py:109} INFO - [2022-01-19 00:41:57,962] {dagbag.py:500} INFO - Filling up the DagBag from /home/airflow/.local/lib/python3.6/site-packages/airflow/example_dags/example_branch_python_dop_operator_3.py
[2022-01-19 00:41:58,010] {processor.py:654} INFO - DAG(s) dict_keys(['example_branch_dop_operator_v3']) retrieved from /home/airflow/.local/lib/python3.6/site-packages/airflow/example_dags/example_branch_python_dop_operator_3.py
[2022-01-19 00:41:58,034] {logging_mixin.py:109} INFO - [2022-01-19 00:41:58,034] {dag.py:2396} INFO - Sync 1 DAGs
[2022-01-19 00:41:58,068] {logging_mixin.py:109} INFO - [2022-01-19 00:41:58,068] {dag.py:2935} INFO - Setting next_dagrun for example_branch_dop_operator_v3 to 2022-01-19T00:40:00+00:00
[2022-01-19 00:41:58,080] {processor.py:171} INFO - Processing /home/airflow/.local/lib/python3.6/site-packages/airflow/example_dags/example_branch_python_dop_operator_3.py took 0.129 seconds
[2022-01-19 00:42:28,617] {processor.py:163} INFO - Started process (PID=799) to work on /home/airflow/.local/lib/python3.6/site-packages/airflow/example_dags/example_branch_python_dop_operator_3.py
[2022-01-19 00:42:28,621] {processor.py:642} INFO - Processing file /home/airflow/.local/lib/python3.6/site-packages/airflow/example_dags/example_branch_python_dop_operator_3.py for tasks to queue
[2022-01-19 00:42:28,625] {logging_mixin.py:109} INFO - [2022-01-19 00:42:28,625] {dagbag.py:500} INFO - Filling up the DagBag from /home/airflow/.local/lib/python3.6/site-packages/airflow/example_dags/example_branch_python_dop_operator_3.py
[2022-01-19 00:42:28,762] {processor.py:654} INFO - DAG(s) dict_keys(['example_branch_dop_operator_v3']) retrieved from /home/airflow/.local/lib/python3.6/site-packages/airflow/example_dags/example_branch_python_dop_operator_3.py
[2022-01-19 00:42:28,779] {logging_mixin.py:109} INFO - [2022-01-19 00:42:28,779] {dag.py:2396} INFO - Sync 1 DAGs
[2022-01-19 00:42:28,821] {logging_mixin.py:109} INFO - [2022-01-19 00:42:28,821] {dag.py:2935} INFO - Setting next_dagrun for example_branch_dop_operator_v3 to 2022-01-19T00:41:00+00:00
[2022-01-19 00:42:28,840] {processor.py:171} INFO - Processing /home/airflow/.local/lib/python3.6/site-packages/airflow/example_dags/example_branch_python_dop_operator_3.py took 0.237 seconds
[2022-01-19 00:42:59,182] {processor.py:163} INFO - Started process (PID=852) to work on /home/airflow/.local/lib/python3.6/site-packages/airflow/example_dags/example_branch_python_dop_operator_3.py
[2022-01-19 00:42:59,185] {processor.py:642} INFO - Processing file /home/airflow/.local/lib/python3.6/site-packages/airflow/example_dags/example_branch_python_dop_operator_3.py for tasks to queue
[2022-01-19 00:42:59,189] {logging_mixin.py:109} INFO - [2022-01-19 00:42:59,188] {dagbag.py:500} INFO - Filling up the DagBag from /home/airflow/.local/lib/python3.6/site-packages/airflow/example_dags/example_branch_python_dop_operator_3.py
[2022-01-19 00:42:59,243] {processor.py:654} INFO - DAG(s) dict_keys(['example_branch_dop_operator_v3']) retrieved from /home/airflow/.local/lib/python3.6/site-packages/airflow/example_dags/example_branch_python_dop_operator_3.py
[2022-01-19 00:42:59,265] {logging_mixin.py:109} INFO - [2022-01-19 00:42:59,264] {dag.py:2396} INFO - Sync 1 DAGs
[2022-01-19 00:42:59,313] {logging_mixin.py:109} INFO - [2022-01-19 00:42:59,312] {dag.py:2935} INFO - Setting next_dagrun for example_branch_dop_operator_v3 to 2022-01-19T00:41:00+00:00
[2022-01-19 00:42:59,343] {processor.py:171} INFO - Processing /home/airflow/.local/lib/python3.6/site-packages/airflow/example_dags/example_branch_python_dop_operator_3.py took 0.167 seconds
[2022-01-19 00:43:29,413] {processor.py:163} INFO - Started process (PID=914) to work on /home/airflow/.local/lib/python3.6/site-packages/airflow/example_dags/example_branch_python_dop_operator_3.py
[2022-01-19 00:43:29,415] {processor.py:642} INFO - Processing file /home/airflow/.local/lib/python3.6/site-packages/airflow/example_dags/example_branch_python_dop_operator_3.py for tasks to queue
[2022-01-19 00:43:29,417] {logging_mixin.py:109} INFO - [2022-01-19 00:43:29,417] {dagbag.py:500} INFO - Filling up the DagBag from /home/airflow/.local/lib/python3.6/site-packages/airflow/example_dags/example_branch_python_dop_operator_3.py
[2022-01-19 00:43:29,505] {processor.py:654} INFO - DAG(s) dict_keys(['example_branch_dop_operator_v3']) retrieved from /home/airflow/.local/lib/python3.6/site-packages/airflow/example_dags/example_branch_python_dop_operator_3.py
[2022-01-19 00:43:29,518] {logging_mixin.py:109} INFO - [2022-01-19 00:43:29,517] {dag.py:2396} INFO - Sync 1 DAGs
[2022-01-19 00:43:29,547] {logging_mixin.py:109} INFO - [2022-01-19 00:43:29,547] {dag.py:2935} INFO - Setting next_dagrun for example_branch_dop_operator_v3 to 2022-01-19T00:42:00+00:00
[2022-01-19 00:43:29,561] {processor.py:171} INFO - Processing /home/airflow/.local/lib/python3.6/site-packages/airflow/example_dags/example_branch_python_dop_operator_3.py took 0.152 seconds
[2022-01-19 00:43:59,688] {processor.py:163} INFO - Started process (PID=968) to work on /home/airflow/.local/lib/python3.6/site-packages/airflow/example_dags/example_branch_python_dop_operator_3.py
[2022-01-19 00:43:59,691] {processor.py:642} INFO - Processing file /home/airflow/.local/lib/python3.6/site-packages/airflow/example_dags/example_branch_python_dop_operator_3.py for tasks to queue
[2022-01-19 00:43:59,694] {logging_mixin.py:109} INFO - [2022-01-19 00:43:59,694] {dagbag.py:500} INFO - Filling up the DagBag from /home/airflow/.local/lib/python3.6/site-packages/airflow/example_dags/example_branch_python_dop_operator_3.py
[2022-01-19 00:43:59,742] {processor.py:654} INFO - DAG(s) dict_keys(['example_branch_dop_operator_v3']) retrieved from /home/airflow/.local/lib/python3.6/site-packages/airflow/example_dags/example_branch_python_dop_operator_3.py
[2022-01-19 00:43:59,754] {logging_mixin.py:109} INFO - [2022-01-19 00:43:59,754] {dag.py:2396} INFO - Sync 1 DAGs
[2022-01-19 00:43:59,779] {logging_mixin.py:109} INFO - [2022-01-19 00:43:59,779] {dag.py:2935} INFO - Setting next_dagrun for example_branch_dop_operator_v3 to 2022-01-19T00:42:00+00:00
[2022-01-19 00:43:59,801] {processor.py:171} INFO - Processing /home/airflow/.local/lib/python3.6/site-packages/airflow/example_dags/example_branch_python_dop_operator_3.py took 0.118 seconds
[2022-01-19 00:44:30,468] {processor.py:163} INFO - Started process (PID=1024) to work on /home/airflow/.local/lib/python3.6/site-packages/airflow/example_dags/example_branch_python_dop_operator_3.py
[2022-01-19 00:44:30,471] {processor.py:642} INFO - Processing file /home/airflow/.local/lib/python3.6/site-packages/airflow/example_dags/example_branch_python_dop_operator_3.py for tasks to queue
[2022-01-19 00:44:30,474] {logging_mixin.py:109} INFO - [2022-01-19 00:44:30,473] {dagbag.py:500} INFO - Filling up the DagBag from /home/airflow/.local/lib/python3.6/site-packages/airflow/example_dags/example_branch_python_dop_operator_3.py
[2022-01-19 00:44:30,538] {processor.py:654} INFO - DAG(s) dict_keys(['example_branch_dop_operator_v3']) retrieved from /home/airflow/.local/lib/python3.6/site-packages/airflow/example_dags/example_branch_python_dop_operator_3.py
[2022-01-19 00:44:30,562] {logging_mixin.py:109} INFO - [2022-01-19 00:44:30,562] {dag.py:2396} INFO - Sync 1 DAGs
[2022-01-19 00:44:30,600] {logging_mixin.py:109} INFO - [2022-01-19 00:44:30,600] {dag.py:2935} INFO - Setting next_dagrun for example_branch_dop_operator_v3 to 2022-01-19T00:43:00+00:00
[2022-01-19 00:44:30,613] {processor.py:171} INFO - Processing /home/airflow/.local/lib/python3.6/site-packages/airflow/example_dags/example_branch_python_dop_operator_3.py took 0.152 seconds
[2022-01-19 00:45:01,538] {processor.py:163} INFO - Started process (PID=1085) to work on /home/airflow/.local/lib/python3.6/site-packages/airflow/example_dags/example_branch_python_dop_operator_3.py
[2022-01-19 00:45:01,539] {processor.py:642} INFO - Processing file /home/airflow/.local/lib/python3.6/site-packages/airflow/example_dags/example_branch_python_dop_operator_3.py for tasks to queue
[2022-01-19 00:45:01,541] {logging_mixin.py:109} INFO - [2022-01-19 00:45:01,541] {dagbag.py:500} INFO - Filling up the DagBag from /home/airflow/.local/lib/python3.6/site-packages/airflow/example_dags/example_branch_python_dop_operator_3.py
[2022-01-19 00:45:01,587] {processor.py:654} INFO - DAG(s) dict_keys(['example_branch_dop_operator_v3']) retrieved from /home/airflow/.local/lib/python3.6/site-packages/airflow/example_dags/example_branch_python_dop_operator_3.py
[2022-01-19 00:45:01,604] {logging_mixin.py:109} INFO - [2022-01-19 00:45:01,604] {dag.py:2396} INFO - Sync 1 DAGs
[2022-01-19 00:45:01,632] {logging_mixin.py:109} INFO - [2022-01-19 00:45:01,632] {dag.py:2935} INFO - Setting next_dagrun for example_branch_dop_operator_v3 to 2022-01-19T00:44:00+00:00
[2022-01-19 00:45:01,653] {processor.py:171} INFO - Processing /home/airflow/.local/lib/python3.6/site-packages/airflow/example_dags/example_branch_python_dop_operator_3.py took 0.121 seconds
[2022-01-19 00:45:31,755] {processor.py:163} INFO - Started process (PID=1142) to work on /home/airflow/.local/lib/python3.6/site-packages/airflow/example_dags/example_branch_python_dop_operator_3.py
[2022-01-19 00:45:31,758] {processor.py:642} INFO - Processing file /home/airflow/.local/lib/python3.6/site-packages/airflow/example_dags/example_branch_python_dop_operator_3.py for tasks to queue
[2022-01-19 00:45:31,760] {logging_mixin.py:109} INFO - [2022-01-19 00:45:31,760] {dagbag.py:500} INFO - Filling up the DagBag from /home/airflow/.local/lib/python3.6/site-packages/airflow/example_dags/example_branch_python_dop_operator_3.py
[2022-01-19 00:45:31,803] {processor.py:654} INFO - DAG(s) dict_keys(['example_branch_dop_operator_v3']) retrieved from /home/airflow/.local/lib/python3.6/site-packages/airflow/example_dags/example_branch_python_dop_operator_3.py
[2022-01-19 00:45:31,822] {logging_mixin.py:109} INFO - [2022-01-19 00:45:31,822] {dag.py:2396} INFO - Sync 1 DAGs
[2022-01-19 00:45:31,854] {logging_mixin.py:109} INFO - [2022-01-19 00:45:31,854] {dag.py:2935} INFO - Setting next_dagrun for example_branch_dop_operator_v3 to 2022-01-19T00:44:00+00:00
[2022-01-19 00:45:31,870] {processor.py:171} INFO - Processing /home/airflow/.local/lib/python3.6/site-packages/airflow/example_dags/example_branch_python_dop_operator_3.py took 0.122 seconds
[2022-01-19 00:46:02,221] {processor.py:163} INFO - Started process (PID=1196) to work on /home/airflow/.local/lib/python3.6/site-packages/airflow/example_dags/example_branch_python_dop_operator_3.py
[2022-01-19 00:46:02,225] {processor.py:642} INFO - Processing file /home/airflow/.local/lib/python3.6/site-packages/airflow/example_dags/example_branch_python_dop_operator_3.py for tasks to queue
[2022-01-19 00:46:02,227] {logging_mixin.py:109} INFO - [2022-01-19 00:46:02,227] {dagbag.py:500} INFO - Filling up the DagBag from /home/airflow/.local/lib/python3.6/site-packages/airflow/example_dags/example_branch_python_dop_operator_3.py
[2022-01-19 00:46:02,285] {processor.py:654} INFO - DAG(s) dict_keys(['example_branch_dop_operator_v3']) retrieved from /home/airflow/.local/lib/python3.6/site-packages/airflow/example_dags/example_branch_python_dop_operator_3.py
[2022-01-19 00:46:02,321] {logging_mixin.py:109} INFO - [2022-01-19 00:46:02,321] {dag.py:2396} INFO - Sync 1 DAGs
[2022-01-19 00:46:02,364] {logging_mixin.py:109} INFO - [2022-01-19 00:46:02,364] {dag.py:2935} INFO - Setting next_dagrun for example_branch_dop_operator_v3 to 2022-01-19T00:45:00+00:00
[2022-01-19 00:46:02,416] {processor.py:171} INFO - Processing /home/airflow/.local/lib/python3.6/site-packages/airflow/example_dags/example_branch_python_dop_operator_3.py took 0.200 seconds
[2022-01-19 00:46:32,560] {processor.py:163} INFO - Started process (PID=1252) to work on /home/airflow/.local/lib/python3.6/site-packages/airflow/example_dags/example_branch_python_dop_operator_3.py
[2022-01-19 00:46:32,565] {processor.py:642} INFO - Processing file /home/airflow/.local/lib/python3.6/site-packages/airflow/example_dags/example_branch_python_dop_operator_3.py for tasks to queue
[2022-01-19 00:46:32,569] {logging_mixin.py:109} INFO - [2022-01-19 00:46:32,568] {dagbag.py:500} INFO - Filling up the DagBag from /home/airflow/.local/lib/python3.6/site-packages/airflow/example_dags/example_branch_python_dop_operator_3.py
[2022-01-19 00:46:32,627] {processor.py:654} INFO - DAG(s) dict_keys(['example_branch_dop_operator_v3']) retrieved from /home/airflow/.local/lib/python3.6/site-packages/airflow/example_dags/example_branch_python_dop_operator_3.py
[2022-01-19 00:46:32,647] {logging_mixin.py:109} INFO - [2022-01-19 00:46:32,647] {dag.py:2396} INFO - Sync 1 DAGs
[2022-01-19 00:46:32,690] {logging_mixin.py:109} INFO - [2022-01-19 00:46:32,690] {dag.py:2935} INFO - Setting next_dagrun for example_branch_dop_operator_v3 to 2022-01-19T00:45:00+00:00
[2022-01-19 00:46:32,706] {processor.py:171} INFO - Processing /home/airflow/.local/lib/python3.6/site-packages/airflow/example_dags/example_branch_python_dop_operator_3.py took 0.159 seconds
[2022-01-19 00:47:03,089] {processor.py:163} INFO - Started process (PID=1305) to work on /home/airflow/.local/lib/python3.6/site-packages/airflow/example_dags/example_branch_python_dop_operator_3.py
[2022-01-19 00:47:03,092] {processor.py:642} INFO - Processing file /home/airflow/.local/lib/python3.6/site-packages/airflow/example_dags/example_branch_python_dop_operator_3.py for tasks to queue
[2022-01-19 00:47:03,095] {logging_mixin.py:109} INFO - [2022-01-19 00:47:03,094] {dagbag.py:500} INFO - Filling up the DagBag from /home/airflow/.local/lib/python3.6/site-packages/airflow/example_dags/example_branch_python_dop_operator_3.py
[2022-01-19 00:47:03,134] {processor.py:654} INFO - DAG(s) dict_keys(['example_branch_dop_operator_v3']) retrieved from /home/airflow/.local/lib/python3.6/site-packages/airflow/example_dags/example_branch_python_dop_operator_3.py
[2022-01-19 00:47:03,153] {logging_mixin.py:109} INFO - [2022-01-19 00:47:03,153] {dag.py:2396} INFO - Sync 1 DAGs
[2022-01-19 00:47:03,185] {logging_mixin.py:109} INFO - [2022-01-19 00:47:03,185] {dag.py:2935} INFO - Setting next_dagrun for example_branch_dop_operator_v3 to 2022-01-19T00:46:00+00:00
[2022-01-19 00:47:03,212] {processor.py:171} INFO - Processing /home/airflow/.local/lib/python3.6/site-packages/airflow/example_dags/example_branch_python_dop_operator_3.py took 0.132 seconds
[2022-01-19 00:47:33,576] {processor.py:163} INFO - Started process (PID=1359) to work on /home/airflow/.local/lib/python3.6/site-packages/airflow/example_dags/example_branch_python_dop_operator_3.py
[2022-01-19 00:47:33,580] {processor.py:642} INFO - Processing file /home/airflow/.local/lib/python3.6/site-packages/airflow/example_dags/example_branch_python_dop_operator_3.py for tasks to queue
[2022-01-19 00:47:33,583] {logging_mixin.py:109} INFO - [2022-01-19 00:47:33,583] {dagbag.py:500} INFO - Filling up the DagBag from /home/airflow/.local/lib/python3.6/site-packages/airflow/example_dags/example_branch_python_dop_operator_3.py
[2022-01-19 00:47:33,728] {processor.py:654} INFO - DAG(s) dict_keys(['example_branch_dop_operator_v3']) retrieved from /home/airflow/.local/lib/python3.6/site-packages/airflow/example_dags/example_branch_python_dop_operator_3.py
[2022-01-19 00:47:33,785] {logging_mixin.py:109} INFO - [2022-01-19 00:47:33,785] {dag.py:2396} INFO - Sync 1 DAGs
[2022-01-19 00:47:33,868] {logging_mixin.py:109} INFO - [2022-01-19 00:47:33,867] {dag.py:2935} INFO - Setting next_dagrun for example_branch_dop_operator_v3 to 2022-01-19T00:46:00+00:00
[2022-01-19 00:47:33,950] {processor.py:171} INFO - Processing /home/airflow/.local/lib/python3.6/site-packages/airflow/example_dags/example_branch_python_dop_operator_3.py took 0.380 seconds
[2022-01-19 00:48:04,094] {processor.py:163} INFO - Started process (PID=1423) to work on /home/airflow/.local/lib/python3.6/site-packages/airflow/example_dags/example_branch_python_dop_operator_3.py
[2022-01-19 00:48:04,097] {processor.py:642} INFO - Processing file /home/airflow/.local/lib/python3.6/site-packages/airflow/example_dags/example_branch_python_dop_operator_3.py for tasks to queue
[2022-01-19 00:48:04,099] {logging_mixin.py:109} INFO - [2022-01-19 00:48:04,099] {dagbag.py:500} INFO - Filling up the DagBag from /home/airflow/.local/lib/python3.6/site-packages/airflow/example_dags/example_branch_python_dop_operator_3.py
[2022-01-19 00:48:04,144] {processor.py:654} INFO - DAG(s) dict_keys(['example_branch_dop_operator_v3']) retrieved from /home/airflow/.local/lib/python3.6/site-packages/airflow/example_dags/example_branch_python_dop_operator_3.py
[2022-01-19 00:48:04,158] {logging_mixin.py:109} INFO - [2022-01-19 00:48:04,157] {dag.py:2396} INFO - Sync 1 DAGs
[2022-01-19 00:48:04,183] {logging_mixin.py:109} INFO - [2022-01-19 00:48:04,183] {dag.py:2935} INFO - Setting next_dagrun for example_branch_dop_operator_v3 to 2022-01-19T00:47:00+00:00
[2022-01-19 00:48:04,193] {processor.py:171} INFO - Processing /home/airflow/.local/lib/python3.6/site-packages/airflow/example_dags/example_branch_python_dop_operator_3.py took 0.105 seconds
[2022-01-19 00:48:34,470] {processor.py:163} INFO - Started process (PID=1479) to work on /home/airflow/.local/lib/python3.6/site-packages/airflow/example_dags/example_branch_python_dop_operator_3.py
[2022-01-19 00:48:34,473] {processor.py:642} INFO - Processing file /home/airflow/.local/lib/python3.6/site-packages/airflow/example_dags/example_branch_python_dop_operator_3.py for tasks to queue
[2022-01-19 00:48:34,474] {logging_mixin.py:109} INFO - [2022-01-19 00:48:34,474] {dagbag.py:500} INFO - Filling up the DagBag from /home/airflow/.local/lib/python3.6/site-packages/airflow/example_dags/example_branch_python_dop_operator_3.py
[2022-01-19 00:48:34,521] {processor.py:654} INFO - DAG(s) dict_keys(['example_branch_dop_operator_v3']) retrieved from /home/airflow/.local/lib/python3.6/site-packages/airflow/example_dags/example_branch_python_dop_operator_3.py
[2022-01-19 00:48:34,549] {logging_mixin.py:109} INFO - [2022-01-19 00:48:34,549] {dag.py:2396} INFO - Sync 1 DAGs
[2022-01-19 00:48:34,607] {logging_mixin.py:109} INFO - [2022-01-19 00:48:34,606] {dag.py:2935} INFO - Setting next_dagrun for example_branch_dop_operator_v3 to 2022-01-19T00:47:00+00:00
[2022-01-19 00:48:34,636] {processor.py:171} INFO - Processing /home/airflow/.local/lib/python3.6/site-packages/airflow/example_dags/example_branch_python_dop_operator_3.py took 0.172 seconds
