[2022-01-19 00:37:21,344] {processor.py:163} INFO - Started process (PID=220) to work on /home/airflow/.local/lib/python3.6/site-packages/airflow/example_dags/example_skip_dag.py
[2022-01-19 00:37:21,346] {processor.py:642} INFO - Processing file /home/airflow/.local/lib/python3.6/site-packages/airflow/example_dags/example_skip_dag.py for tasks to queue
[2022-01-19 00:37:21,348] {logging_mixin.py:109} INFO - [2022-01-19 00:37:21,348] {dagbag.py:500} INFO - Filling up the DagBag from /home/airflow/.local/lib/python3.6/site-packages/airflow/example_dags/example_skip_dag.py
[2022-01-19 00:37:21,384] {processor.py:654} INFO - DAG(s) dict_keys(['example_skip_dag']) retrieved from /home/airflow/.local/lib/python3.6/site-packages/airflow/example_dags/example_skip_dag.py
[2022-01-19 00:37:23,412] {logging_mixin.py:109} INFO - [2022-01-19 00:37:23,412] {manager.py:496} INFO - Created Permission View: can read on DAG:example_skip_dag
[2022-01-19 00:37:23,447] {logging_mixin.py:109} INFO - [2022-01-19 00:37:23,447] {manager.py:496} INFO - Created Permission View: can edit on DAG:example_skip_dag
[2022-01-19 00:37:23,450] {logging_mixin.py:109} INFO - [2022-01-19 00:37:23,448] {dag.py:2396} INFO - Sync 1 DAGs
[2022-01-19 00:37:23,466] {logging_mixin.py:109} INFO - [2022-01-19 00:37:23,464] {dag.py:2415} INFO - Creating ORM DAG for example_skip_dag
[2022-01-19 00:37:23,491] {logging_mixin.py:109} INFO - [2022-01-19 00:37:23,491] {dag.py:2935} INFO - Setting next_dagrun for example_skip_dag to 2022-01-18T00:37:23.491299+00:00
[2022-01-19 00:37:23,521] {processor.py:171} INFO - Processing /home/airflow/.local/lib/python3.6/site-packages/airflow/example_dags/example_skip_dag.py took 2.182 seconds
[2022-01-19 00:37:54,344] {processor.py:163} INFO - Started process (PID=295) to work on /home/airflow/.local/lib/python3.6/site-packages/airflow/example_dags/example_skip_dag.py
[2022-01-19 00:37:54,347] {processor.py:642} INFO - Processing file /home/airflow/.local/lib/python3.6/site-packages/airflow/example_dags/example_skip_dag.py for tasks to queue
[2022-01-19 00:37:54,348] {logging_mixin.py:109} INFO - [2022-01-19 00:37:54,348] {dagbag.py:500} INFO - Filling up the DagBag from /home/airflow/.local/lib/python3.6/site-packages/airflow/example_dags/example_skip_dag.py
[2022-01-19 00:37:54,383] {processor.py:654} INFO - DAG(s) dict_keys(['example_skip_dag']) retrieved from /home/airflow/.local/lib/python3.6/site-packages/airflow/example_dags/example_skip_dag.py
[2022-01-19 00:37:54,398] {logging_mixin.py:109} INFO - [2022-01-19 00:37:54,398] {dag.py:2396} INFO - Sync 1 DAGs
[2022-01-19 00:37:54,419] {logging_mixin.py:109} INFO - [2022-01-19 00:37:54,419] {dag.py:2935} INFO - Setting next_dagrun for example_skip_dag to 2022-01-18T00:37:54.419439+00:00
[2022-01-19 00:37:54,432] {processor.py:171} INFO - Processing /home/airflow/.local/lib/python3.6/site-packages/airflow/example_dags/example_skip_dag.py took 0.092 seconds
[2022-01-19 00:38:24,550] {processor.py:163} INFO - Started process (PID=348) to work on /home/airflow/.local/lib/python3.6/site-packages/airflow/example_dags/example_skip_dag.py
[2022-01-19 00:38:24,553] {processor.py:642} INFO - Processing file /home/airflow/.local/lib/python3.6/site-packages/airflow/example_dags/example_skip_dag.py for tasks to queue
[2022-01-19 00:38:24,554] {logging_mixin.py:109} INFO - [2022-01-19 00:38:24,554] {dagbag.py:500} INFO - Filling up the DagBag from /home/airflow/.local/lib/python3.6/site-packages/airflow/example_dags/example_skip_dag.py
[2022-01-19 00:38:24,595] {processor.py:654} INFO - DAG(s) dict_keys(['example_skip_dag']) retrieved from /home/airflow/.local/lib/python3.6/site-packages/airflow/example_dags/example_skip_dag.py
[2022-01-19 00:38:24,612] {logging_mixin.py:109} INFO - [2022-01-19 00:38:24,612] {dag.py:2396} INFO - Sync 1 DAGs
[2022-01-19 00:38:24,640] {logging_mixin.py:109} INFO - [2022-01-19 00:38:24,639] {dag.py:2935} INFO - Setting next_dagrun for example_skip_dag to 2022-01-18T00:38:24.639356+00:00
[2022-01-19 00:38:24,652] {processor.py:171} INFO - Processing /home/airflow/.local/lib/python3.6/site-packages/airflow/example_dags/example_skip_dag.py took 0.106 seconds
[2022-01-19 00:38:55,111] {processor.py:163} INFO - Started process (PID=413) to work on /home/airflow/.local/lib/python3.6/site-packages/airflow/example_dags/example_skip_dag.py
[2022-01-19 00:38:55,128] {processor.py:642} INFO - Processing file /home/airflow/.local/lib/python3.6/site-packages/airflow/example_dags/example_skip_dag.py for tasks to queue
[2022-01-19 00:38:55,130] {logging_mixin.py:109} INFO - [2022-01-19 00:38:55,129] {dagbag.py:500} INFO - Filling up the DagBag from /home/airflow/.local/lib/python3.6/site-packages/airflow/example_dags/example_skip_dag.py
[2022-01-19 00:38:55,195] {processor.py:654} INFO - DAG(s) dict_keys(['example_skip_dag']) retrieved from /home/airflow/.local/lib/python3.6/site-packages/airflow/example_dags/example_skip_dag.py
[2022-01-19 00:38:55,209] {logging_mixin.py:109} INFO - [2022-01-19 00:38:55,209] {dag.py:2396} INFO - Sync 1 DAGs
[2022-01-19 00:38:55,239] {logging_mixin.py:109} INFO - [2022-01-19 00:38:55,238] {dag.py:2935} INFO - Setting next_dagrun for example_skip_dag to 2022-01-18T00:38:55.238580+00:00
[2022-01-19 00:38:55,271] {processor.py:171} INFO - Processing /home/airflow/.local/lib/python3.6/site-packages/airflow/example_dags/example_skip_dag.py took 0.167 seconds
[2022-01-19 00:39:25,441] {processor.py:163} INFO - Started process (PID=468) to work on /home/airflow/.local/lib/python3.6/site-packages/airflow/example_dags/example_skip_dag.py
[2022-01-19 00:39:25,444] {processor.py:642} INFO - Processing file /home/airflow/.local/lib/python3.6/site-packages/airflow/example_dags/example_skip_dag.py for tasks to queue
[2022-01-19 00:39:25,446] {logging_mixin.py:109} INFO - [2022-01-19 00:39:25,446] {dagbag.py:500} INFO - Filling up the DagBag from /home/airflow/.local/lib/python3.6/site-packages/airflow/example_dags/example_skip_dag.py
[2022-01-19 00:39:25,504] {processor.py:654} INFO - DAG(s) dict_keys(['example_skip_dag']) retrieved from /home/airflow/.local/lib/python3.6/site-packages/airflow/example_dags/example_skip_dag.py
[2022-01-19 00:39:25,526] {logging_mixin.py:109} INFO - [2022-01-19 00:39:25,525] {dag.py:2396} INFO - Sync 1 DAGs
[2022-01-19 00:39:25,562] {logging_mixin.py:109} INFO - [2022-01-19 00:39:25,562] {dag.py:2935} INFO - Setting next_dagrun for example_skip_dag to 2022-01-18T00:39:25.561762+00:00
[2022-01-19 00:39:25,580] {processor.py:171} INFO - Processing /home/airflow/.local/lib/python3.6/site-packages/airflow/example_dags/example_skip_dag.py took 0.146 seconds
[2022-01-19 00:39:55,875] {processor.py:163} INFO - Started process (PID=523) to work on /home/airflow/.local/lib/python3.6/site-packages/airflow/example_dags/example_skip_dag.py
[2022-01-19 00:39:55,879] {processor.py:642} INFO - Processing file /home/airflow/.local/lib/python3.6/site-packages/airflow/example_dags/example_skip_dag.py for tasks to queue
[2022-01-19 00:39:55,882] {logging_mixin.py:109} INFO - [2022-01-19 00:39:55,881] {dagbag.py:500} INFO - Filling up the DagBag from /home/airflow/.local/lib/python3.6/site-packages/airflow/example_dags/example_skip_dag.py
[2022-01-19 00:39:55,942] {processor.py:654} INFO - DAG(s) dict_keys(['example_skip_dag']) retrieved from /home/airflow/.local/lib/python3.6/site-packages/airflow/example_dags/example_skip_dag.py
[2022-01-19 00:39:55,958] {logging_mixin.py:109} INFO - [2022-01-19 00:39:55,958] {dag.py:2396} INFO - Sync 1 DAGs
[2022-01-19 00:39:55,993] {logging_mixin.py:109} INFO - [2022-01-19 00:39:55,992] {dag.py:2935} INFO - Setting next_dagrun for example_skip_dag to 2022-01-18T00:39:55.992213+00:00
[2022-01-19 00:39:56,015] {processor.py:171} INFO - Processing /home/airflow/.local/lib/python3.6/site-packages/airflow/example_dags/example_skip_dag.py took 0.147 seconds
[2022-01-19 00:40:26,764] {processor.py:163} INFO - Started process (PID=577) to work on /home/airflow/.local/lib/python3.6/site-packages/airflow/example_dags/example_skip_dag.py
[2022-01-19 00:40:26,781] {processor.py:642} INFO - Processing file /home/airflow/.local/lib/python3.6/site-packages/airflow/example_dags/example_skip_dag.py for tasks to queue
[2022-01-19 00:40:26,786] {logging_mixin.py:109} INFO - [2022-01-19 00:40:26,786] {dagbag.py:500} INFO - Filling up the DagBag from /home/airflow/.local/lib/python3.6/site-packages/airflow/example_dags/example_skip_dag.py
[2022-01-19 00:40:26,893] {processor.py:654} INFO - DAG(s) dict_keys(['example_skip_dag']) retrieved from /home/airflow/.local/lib/python3.6/site-packages/airflow/example_dags/example_skip_dag.py
[2022-01-19 00:40:26,931] {logging_mixin.py:109} INFO - [2022-01-19 00:40:26,931] {dag.py:2396} INFO - Sync 1 DAGs
[2022-01-19 00:40:26,996] {logging_mixin.py:109} INFO - [2022-01-19 00:40:26,996] {dag.py:2935} INFO - Setting next_dagrun for example_skip_dag to 2022-01-18T00:40:26.995238+00:00
[2022-01-19 00:40:27,025] {processor.py:171} INFO - Processing /home/airflow/.local/lib/python3.6/site-packages/airflow/example_dags/example_skip_dag.py took 0.288 seconds
[2022-01-19 00:40:57,355] {processor.py:163} INFO - Started process (PID=631) to work on /home/airflow/.local/lib/python3.6/site-packages/airflow/example_dags/example_skip_dag.py
[2022-01-19 00:40:57,358] {processor.py:642} INFO - Processing file /home/airflow/.local/lib/python3.6/site-packages/airflow/example_dags/example_skip_dag.py for tasks to queue
[2022-01-19 00:40:57,361] {logging_mixin.py:109} INFO - [2022-01-19 00:40:57,360] {dagbag.py:500} INFO - Filling up the DagBag from /home/airflow/.local/lib/python3.6/site-packages/airflow/example_dags/example_skip_dag.py
[2022-01-19 00:40:57,411] {processor.py:654} INFO - DAG(s) dict_keys(['example_skip_dag']) retrieved from /home/airflow/.local/lib/python3.6/site-packages/airflow/example_dags/example_skip_dag.py
[2022-01-19 00:40:57,434] {logging_mixin.py:109} INFO - [2022-01-19 00:40:57,434] {dag.py:2396} INFO - Sync 1 DAGs
[2022-01-19 00:40:57,473] {logging_mixin.py:109} INFO - [2022-01-19 00:40:57,472] {dag.py:2935} INFO - Setting next_dagrun for example_skip_dag to 2022-01-18T00:40:57.472141+00:00
[2022-01-19 00:40:57,500] {processor.py:171} INFO - Processing /home/airflow/.local/lib/python3.6/site-packages/airflow/example_dags/example_skip_dag.py took 0.150 seconds
[2022-01-19 00:41:27,714] {processor.py:163} INFO - Started process (PID=695) to work on /home/airflow/.local/lib/python3.6/site-packages/airflow/example_dags/example_skip_dag.py
[2022-01-19 00:41:27,716] {processor.py:642} INFO - Processing file /home/airflow/.local/lib/python3.6/site-packages/airflow/example_dags/example_skip_dag.py for tasks to queue
[2022-01-19 00:41:27,719] {logging_mixin.py:109} INFO - [2022-01-19 00:41:27,718] {dagbag.py:500} INFO - Filling up the DagBag from /home/airflow/.local/lib/python3.6/site-packages/airflow/example_dags/example_skip_dag.py
[2022-01-19 00:41:27,770] {processor.py:654} INFO - DAG(s) dict_keys(['example_skip_dag']) retrieved from /home/airflow/.local/lib/python3.6/site-packages/airflow/example_dags/example_skip_dag.py
[2022-01-19 00:41:27,792] {logging_mixin.py:109} INFO - [2022-01-19 00:41:27,792] {dag.py:2396} INFO - Sync 1 DAGs
[2022-01-19 00:41:27,815] {logging_mixin.py:109} INFO - [2022-01-19 00:41:27,815] {dag.py:2935} INFO - Setting next_dagrun for example_skip_dag to 2022-01-18T00:41:27.814687+00:00
[2022-01-19 00:41:27,830] {processor.py:171} INFO - Processing /home/airflow/.local/lib/python3.6/site-packages/airflow/example_dags/example_skip_dag.py took 0.121 seconds
[2022-01-19 00:41:58,111] {processor.py:163} INFO - Started process (PID=749) to work on /home/airflow/.local/lib/python3.6/site-packages/airflow/example_dags/example_skip_dag.py
[2022-01-19 00:41:58,115] {processor.py:642} INFO - Processing file /home/airflow/.local/lib/python3.6/site-packages/airflow/example_dags/example_skip_dag.py for tasks to queue
[2022-01-19 00:41:58,118] {logging_mixin.py:109} INFO - [2022-01-19 00:41:58,117] {dagbag.py:500} INFO - Filling up the DagBag from /home/airflow/.local/lib/python3.6/site-packages/airflow/example_dags/example_skip_dag.py
[2022-01-19 00:41:58,169] {processor.py:654} INFO - DAG(s) dict_keys(['example_skip_dag']) retrieved from /home/airflow/.local/lib/python3.6/site-packages/airflow/example_dags/example_skip_dag.py
[2022-01-19 00:41:58,183] {logging_mixin.py:109} INFO - [2022-01-19 00:41:58,183] {dag.py:2396} INFO - Sync 1 DAGs
[2022-01-19 00:41:58,229] {logging_mixin.py:109} INFO - [2022-01-19 00:41:58,228] {dag.py:2935} INFO - Setting next_dagrun for example_skip_dag to 2022-01-18T00:41:58.228060+00:00
[2022-01-19 00:41:58,259] {processor.py:171} INFO - Processing /home/airflow/.local/lib/python3.6/site-packages/airflow/example_dags/example_skip_dag.py took 0.155 seconds
[2022-01-19 00:42:28,878] {processor.py:163} INFO - Started process (PID=802) to work on /home/airflow/.local/lib/python3.6/site-packages/airflow/example_dags/example_skip_dag.py
[2022-01-19 00:42:28,881] {processor.py:642} INFO - Processing file /home/airflow/.local/lib/python3.6/site-packages/airflow/example_dags/example_skip_dag.py for tasks to queue
[2022-01-19 00:42:28,883] {logging_mixin.py:109} INFO - [2022-01-19 00:42:28,882] {dagbag.py:500} INFO - Filling up the DagBag from /home/airflow/.local/lib/python3.6/site-packages/airflow/example_dags/example_skip_dag.py
[2022-01-19 00:42:28,944] {processor.py:654} INFO - DAG(s) dict_keys(['example_skip_dag']) retrieved from /home/airflow/.local/lib/python3.6/site-packages/airflow/example_dags/example_skip_dag.py
[2022-01-19 00:42:28,966] {logging_mixin.py:109} INFO - [2022-01-19 00:42:28,966] {dag.py:2396} INFO - Sync 1 DAGs
[2022-01-19 00:42:29,008] {logging_mixin.py:109} INFO - [2022-01-19 00:42:29,007] {dag.py:2935} INFO - Setting next_dagrun for example_skip_dag to 2022-01-18T00:42:29.007404+00:00
[2022-01-19 00:42:29,022] {processor.py:171} INFO - Processing /home/airflow/.local/lib/python3.6/site-packages/airflow/example_dags/example_skip_dag.py took 0.155 seconds
[2022-01-19 00:42:59,411] {processor.py:163} INFO - Started process (PID=855) to work on /home/airflow/.local/lib/python3.6/site-packages/airflow/example_dags/example_skip_dag.py
[2022-01-19 00:42:59,415] {processor.py:642} INFO - Processing file /home/airflow/.local/lib/python3.6/site-packages/airflow/example_dags/example_skip_dag.py for tasks to queue
[2022-01-19 00:42:59,417] {logging_mixin.py:109} INFO - [2022-01-19 00:42:59,417] {dagbag.py:500} INFO - Filling up the DagBag from /home/airflow/.local/lib/python3.6/site-packages/airflow/example_dags/example_skip_dag.py
[2022-01-19 00:42:59,493] {processor.py:654} INFO - DAG(s) dict_keys(['example_skip_dag']) retrieved from /home/airflow/.local/lib/python3.6/site-packages/airflow/example_dags/example_skip_dag.py
[2022-01-19 00:42:59,518] {logging_mixin.py:109} INFO - [2022-01-19 00:42:59,518] {dag.py:2396} INFO - Sync 1 DAGs
[2022-01-19 00:42:59,547] {logging_mixin.py:109} INFO - [2022-01-19 00:42:59,547] {dag.py:2935} INFO - Setting next_dagrun for example_skip_dag to 2022-01-18T00:42:59.547210+00:00
[2022-01-19 00:42:59,568] {processor.py:171} INFO - Processing /home/airflow/.local/lib/python3.6/site-packages/airflow/example_dags/example_skip_dag.py took 0.162 seconds
[2022-01-19 00:43:29,864] {processor.py:163} INFO - Started process (PID=918) to work on /home/airflow/.local/lib/python3.6/site-packages/airflow/example_dags/example_skip_dag.py
[2022-01-19 00:43:29,869] {processor.py:642} INFO - Processing file /home/airflow/.local/lib/python3.6/site-packages/airflow/example_dags/example_skip_dag.py for tasks to queue
[2022-01-19 00:43:29,883] {logging_mixin.py:109} INFO - [2022-01-19 00:43:29,882] {dagbag.py:500} INFO - Filling up the DagBag from /home/airflow/.local/lib/python3.6/site-packages/airflow/example_dags/example_skip_dag.py
[2022-01-19 00:43:29,959] {processor.py:654} INFO - DAG(s) dict_keys(['example_skip_dag']) retrieved from /home/airflow/.local/lib/python3.6/site-packages/airflow/example_dags/example_skip_dag.py
[2022-01-19 00:43:30,020] {logging_mixin.py:109} INFO - [2022-01-19 00:43:30,019] {dag.py:2396} INFO - Sync 1 DAGs
[2022-01-19 00:43:30,081] {logging_mixin.py:109} INFO - [2022-01-19 00:43:30,081] {dag.py:2935} INFO - Setting next_dagrun for example_skip_dag to 2022-01-18T00:43:30.078550+00:00
[2022-01-19 00:43:30,098] {processor.py:171} INFO - Processing /home/airflow/.local/lib/python3.6/site-packages/airflow/example_dags/example_skip_dag.py took 0.238 seconds
[2022-01-19 00:44:00,479] {processor.py:163} INFO - Started process (PID=972) to work on /home/airflow/.local/lib/python3.6/site-packages/airflow/example_dags/example_skip_dag.py
[2022-01-19 00:44:00,483] {processor.py:642} INFO - Processing file /home/airflow/.local/lib/python3.6/site-packages/airflow/example_dags/example_skip_dag.py for tasks to queue
[2022-01-19 00:44:00,486] {logging_mixin.py:109} INFO - [2022-01-19 00:44:00,485] {dagbag.py:500} INFO - Filling up the DagBag from /home/airflow/.local/lib/python3.6/site-packages/airflow/example_dags/example_skip_dag.py
[2022-01-19 00:44:00,555] {processor.py:654} INFO - DAG(s) dict_keys(['example_skip_dag']) retrieved from /home/airflow/.local/lib/python3.6/site-packages/airflow/example_dags/example_skip_dag.py
[2022-01-19 00:44:00,594] {logging_mixin.py:109} INFO - [2022-01-19 00:44:00,594] {dag.py:2396} INFO - Sync 1 DAGs
[2022-01-19 00:44:00,651] {logging_mixin.py:109} INFO - [2022-01-19 00:44:00,651] {dag.py:2935} INFO - Setting next_dagrun for example_skip_dag to 2022-01-18T00:44:00.650340+00:00
[2022-01-19 00:44:00,677] {processor.py:171} INFO - Processing /home/airflow/.local/lib/python3.6/site-packages/airflow/example_dags/example_skip_dag.py took 0.204 seconds
[2022-01-19 00:44:30,961] {processor.py:163} INFO - Started process (PID=1028) to work on /home/airflow/.local/lib/python3.6/site-packages/airflow/example_dags/example_skip_dag.py
[2022-01-19 00:44:30,966] {processor.py:642} INFO - Processing file /home/airflow/.local/lib/python3.6/site-packages/airflow/example_dags/example_skip_dag.py for tasks to queue
[2022-01-19 00:44:30,968] {logging_mixin.py:109} INFO - [2022-01-19 00:44:30,968] {dagbag.py:500} INFO - Filling up the DagBag from /home/airflow/.local/lib/python3.6/site-packages/airflow/example_dags/example_skip_dag.py
[2022-01-19 00:44:31,042] {processor.py:654} INFO - DAG(s) dict_keys(['example_skip_dag']) retrieved from /home/airflow/.local/lib/python3.6/site-packages/airflow/example_dags/example_skip_dag.py
[2022-01-19 00:44:31,079] {logging_mixin.py:109} INFO - [2022-01-19 00:44:31,079] {dag.py:2396} INFO - Sync 1 DAGs
[2022-01-19 00:44:31,136] {logging_mixin.py:109} INFO - [2022-01-19 00:44:31,135] {dag.py:2935} INFO - Setting next_dagrun for example_skip_dag to 2022-01-18T00:44:31.134790+00:00
[2022-01-19 00:44:31,174] {processor.py:171} INFO - Processing /home/airflow/.local/lib/python3.6/site-packages/airflow/example_dags/example_skip_dag.py took 0.218 seconds
[2022-01-19 00:45:01,809] {processor.py:163} INFO - Started process (PID=1090) to work on /home/airflow/.local/lib/python3.6/site-packages/airflow/example_dags/example_skip_dag.py
[2022-01-19 00:45:01,811] {processor.py:642} INFO - Processing file /home/airflow/.local/lib/python3.6/site-packages/airflow/example_dags/example_skip_dag.py for tasks to queue
[2022-01-19 00:45:01,813] {logging_mixin.py:109} INFO - [2022-01-19 00:45:01,813] {dagbag.py:500} INFO - Filling up the DagBag from /home/airflow/.local/lib/python3.6/site-packages/airflow/example_dags/example_skip_dag.py
[2022-01-19 00:45:01,847] {processor.py:654} INFO - DAG(s) dict_keys(['example_skip_dag']) retrieved from /home/airflow/.local/lib/python3.6/site-packages/airflow/example_dags/example_skip_dag.py
[2022-01-19 00:45:01,861] {logging_mixin.py:109} INFO - [2022-01-19 00:45:01,860] {dag.py:2396} INFO - Sync 1 DAGs
[2022-01-19 00:45:01,881] {logging_mixin.py:109} INFO - [2022-01-19 00:45:01,881] {dag.py:2935} INFO - Setting next_dagrun for example_skip_dag to 2022-01-18T00:45:01.881008+00:00
[2022-01-19 00:45:01,894] {processor.py:171} INFO - Processing /home/airflow/.local/lib/python3.6/site-packages/airflow/example_dags/example_skip_dag.py took 0.088 seconds
[2022-01-19 00:45:32,043] {processor.py:163} INFO - Started process (PID=1145) to work on /home/airflow/.local/lib/python3.6/site-packages/airflow/example_dags/example_skip_dag.py
[2022-01-19 00:45:32,047] {processor.py:642} INFO - Processing file /home/airflow/.local/lib/python3.6/site-packages/airflow/example_dags/example_skip_dag.py for tasks to queue
[2022-01-19 00:45:32,049] {logging_mixin.py:109} INFO - [2022-01-19 00:45:32,049] {dagbag.py:500} INFO - Filling up the DagBag from /home/airflow/.local/lib/python3.6/site-packages/airflow/example_dags/example_skip_dag.py
[2022-01-19 00:45:32,102] {processor.py:654} INFO - DAG(s) dict_keys(['example_skip_dag']) retrieved from /home/airflow/.local/lib/python3.6/site-packages/airflow/example_dags/example_skip_dag.py
[2022-01-19 00:45:32,140] {logging_mixin.py:109} INFO - [2022-01-19 00:45:32,140] {dag.py:2396} INFO - Sync 1 DAGs
[2022-01-19 00:45:32,198] {logging_mixin.py:109} INFO - [2022-01-19 00:45:32,198] {dag.py:2935} INFO - Setting next_dagrun for example_skip_dag to 2022-01-18T00:45:32.197688+00:00
[2022-01-19 00:45:32,219] {processor.py:171} INFO - Processing /home/airflow/.local/lib/python3.6/site-packages/airflow/example_dags/example_skip_dag.py took 0.182 seconds
[2022-01-19 00:46:02,671] {processor.py:163} INFO - Started process (PID=1200) to work on /home/airflow/.local/lib/python3.6/site-packages/airflow/example_dags/example_skip_dag.py
[2022-01-19 00:46:02,690] {processor.py:642} INFO - Processing file /home/airflow/.local/lib/python3.6/site-packages/airflow/example_dags/example_skip_dag.py for tasks to queue
[2022-01-19 00:46:02,692] {logging_mixin.py:109} INFO - [2022-01-19 00:46:02,692] {dagbag.py:500} INFO - Filling up the DagBag from /home/airflow/.local/lib/python3.6/site-packages/airflow/example_dags/example_skip_dag.py
[2022-01-19 00:46:02,761] {processor.py:654} INFO - DAG(s) dict_keys(['example_skip_dag']) retrieved from /home/airflow/.local/lib/python3.6/site-packages/airflow/example_dags/example_skip_dag.py
[2022-01-19 00:46:02,788] {logging_mixin.py:109} INFO - [2022-01-19 00:46:02,787] {dag.py:2396} INFO - Sync 1 DAGs
[2022-01-19 00:46:02,825] {logging_mixin.py:109} INFO - [2022-01-19 00:46:02,824] {dag.py:2935} INFO - Setting next_dagrun for example_skip_dag to 2022-01-18T00:46:02.824611+00:00
[2022-01-19 00:46:02,841] {processor.py:171} INFO - Processing /home/airflow/.local/lib/python3.6/site-packages/airflow/example_dags/example_skip_dag.py took 0.181 seconds
[2022-01-19 00:46:32,911] {processor.py:163} INFO - Started process (PID=1257) to work on /home/airflow/.local/lib/python3.6/site-packages/airflow/example_dags/example_skip_dag.py
[2022-01-19 00:46:32,914] {processor.py:642} INFO - Processing file /home/airflow/.local/lib/python3.6/site-packages/airflow/example_dags/example_skip_dag.py for tasks to queue
[2022-01-19 00:46:32,916] {logging_mixin.py:109} INFO - [2022-01-19 00:46:32,916] {dagbag.py:500} INFO - Filling up the DagBag from /home/airflow/.local/lib/python3.6/site-packages/airflow/example_dags/example_skip_dag.py
[2022-01-19 00:46:32,974] {processor.py:654} INFO - DAG(s) dict_keys(['example_skip_dag']) retrieved from /home/airflow/.local/lib/python3.6/site-packages/airflow/example_dags/example_skip_dag.py
[2022-01-19 00:46:33,001] {logging_mixin.py:109} INFO - [2022-01-19 00:46:33,001] {dag.py:2396} INFO - Sync 1 DAGs
[2022-01-19 00:46:33,038] {logging_mixin.py:109} INFO - [2022-01-19 00:46:33,037] {dag.py:2935} INFO - Setting next_dagrun for example_skip_dag to 2022-01-18T00:46:33.037498+00:00
[2022-01-19 00:46:33,056] {processor.py:171} INFO - Processing /home/airflow/.local/lib/python3.6/site-packages/airflow/example_dags/example_skip_dag.py took 0.149 seconds
[2022-01-19 00:47:03,401] {processor.py:163} INFO - Started process (PID=1310) to work on /home/airflow/.local/lib/python3.6/site-packages/airflow/example_dags/example_skip_dag.py
[2022-01-19 00:47:03,403] {processor.py:642} INFO - Processing file /home/airflow/.local/lib/python3.6/site-packages/airflow/example_dags/example_skip_dag.py for tasks to queue
[2022-01-19 00:47:03,404] {logging_mixin.py:109} INFO - [2022-01-19 00:47:03,404] {dagbag.py:500} INFO - Filling up the DagBag from /home/airflow/.local/lib/python3.6/site-packages/airflow/example_dags/example_skip_dag.py
[2022-01-19 00:47:03,440] {processor.py:654} INFO - DAG(s) dict_keys(['example_skip_dag']) retrieved from /home/airflow/.local/lib/python3.6/site-packages/airflow/example_dags/example_skip_dag.py
[2022-01-19 00:47:03,456] {logging_mixin.py:109} INFO - [2022-01-19 00:47:03,456] {dag.py:2396} INFO - Sync 1 DAGs
[2022-01-19 00:47:03,475] {logging_mixin.py:109} INFO - [2022-01-19 00:47:03,474] {dag.py:2935} INFO - Setting next_dagrun for example_skip_dag to 2022-01-18T00:47:03.474672+00:00
[2022-01-19 00:47:03,488] {processor.py:171} INFO - Processing /home/airflow/.local/lib/python3.6/site-packages/airflow/example_dags/example_skip_dag.py took 0.091 seconds
[2022-01-19 00:47:34,112] {processor.py:163} INFO - Started process (PID=1362) to work on /home/airflow/.local/lib/python3.6/site-packages/airflow/example_dags/example_skip_dag.py
[2022-01-19 00:47:34,116] {processor.py:642} INFO - Processing file /home/airflow/.local/lib/python3.6/site-packages/airflow/example_dags/example_skip_dag.py for tasks to queue
[2022-01-19 00:47:34,119] {logging_mixin.py:109} INFO - [2022-01-19 00:47:34,119] {dagbag.py:500} INFO - Filling up the DagBag from /home/airflow/.local/lib/python3.6/site-packages/airflow/example_dags/example_skip_dag.py
[2022-01-19 00:47:34,220] {processor.py:654} INFO - DAG(s) dict_keys(['example_skip_dag']) retrieved from /home/airflow/.local/lib/python3.6/site-packages/airflow/example_dags/example_skip_dag.py
[2022-01-19 00:47:34,259] {logging_mixin.py:109} INFO - [2022-01-19 00:47:34,259] {dag.py:2396} INFO - Sync 1 DAGs
[2022-01-19 00:47:34,314] {logging_mixin.py:109} INFO - [2022-01-19 00:47:34,314] {dag.py:2935} INFO - Setting next_dagrun for example_skip_dag to 2022-01-18T00:47:34.313228+00:00
[2022-01-19 00:47:34,358] {processor.py:171} INFO - Processing /home/airflow/.local/lib/python3.6/site-packages/airflow/example_dags/example_skip_dag.py took 0.266 seconds
[2022-01-19 00:48:05,260] {processor.py:163} INFO - Started process (PID=1426) to work on /home/airflow/.local/lib/python3.6/site-packages/airflow/example_dags/example_skip_dag.py
[2022-01-19 00:48:05,262] {processor.py:642} INFO - Processing file /home/airflow/.local/lib/python3.6/site-packages/airflow/example_dags/example_skip_dag.py for tasks to queue
[2022-01-19 00:48:05,263] {logging_mixin.py:109} INFO - [2022-01-19 00:48:05,263] {dagbag.py:500} INFO - Filling up the DagBag from /home/airflow/.local/lib/python3.6/site-packages/airflow/example_dags/example_skip_dag.py
[2022-01-19 00:48:05,311] {processor.py:654} INFO - DAG(s) dict_keys(['example_skip_dag']) retrieved from /home/airflow/.local/lib/python3.6/site-packages/airflow/example_dags/example_skip_dag.py
[2022-01-19 00:48:05,336] {logging_mixin.py:109} INFO - [2022-01-19 00:48:05,336] {dag.py:2396} INFO - Sync 1 DAGs
[2022-01-19 00:48:05,419] {logging_mixin.py:109} INFO - [2022-01-19 00:48:05,418] {dag.py:2935} INFO - Setting next_dagrun for example_skip_dag to 2022-01-18T00:48:05.417796+00:00
[2022-01-19 00:48:05,460] {processor.py:171} INFO - Processing /home/airflow/.local/lib/python3.6/site-packages/airflow/example_dags/example_skip_dag.py took 0.205 seconds
[2022-01-19 00:48:35,724] {processor.py:163} INFO - Started process (PID=1482) to work on /home/airflow/.local/lib/python3.6/site-packages/airflow/example_dags/example_skip_dag.py
[2022-01-19 00:48:35,731] {processor.py:642} INFO - Processing file /home/airflow/.local/lib/python3.6/site-packages/airflow/example_dags/example_skip_dag.py for tasks to queue
[2022-01-19 00:48:35,738] {logging_mixin.py:109} INFO - [2022-01-19 00:48:35,737] {dagbag.py:500} INFO - Filling up the DagBag from /home/airflow/.local/lib/python3.6/site-packages/airflow/example_dags/example_skip_dag.py
[2022-01-19 00:48:35,852] {processor.py:654} INFO - DAG(s) dict_keys(['example_skip_dag']) retrieved from /home/airflow/.local/lib/python3.6/site-packages/airflow/example_dags/example_skip_dag.py
[2022-01-19 00:48:35,886] {logging_mixin.py:109} INFO - [2022-01-19 00:48:35,886] {dag.py:2396} INFO - Sync 1 DAGs
[2022-01-19 00:48:35,917] {logging_mixin.py:109} INFO - [2022-01-19 00:48:35,917] {dag.py:2935} INFO - Setting next_dagrun for example_skip_dag to 2022-01-18T00:48:35.916945+00:00
[2022-01-19 00:48:35,932] {processor.py:171} INFO - Processing /home/airflow/.local/lib/python3.6/site-packages/airflow/example_dags/example_skip_dag.py took 0.214 seconds
