[2022-01-19 00:36:52,885] {processor.py:163} INFO - Started process (PID=90) to work on /home/airflow/.local/lib/python3.6/site-packages/airflow/example_dags/example_branch_datetime_operator.py
[2022-01-19 00:36:52,890] {processor.py:642} INFO - Processing file /home/airflow/.local/lib/python3.6/site-packages/airflow/example_dags/example_branch_datetime_operator.py for tasks to queue
[2022-01-19 00:36:52,892] {logging_mixin.py:109} INFO - [2022-01-19 00:36:52,892] {dagbag.py:500} INFO - Filling up the DagBag from /home/airflow/.local/lib/python3.6/site-packages/airflow/example_dags/example_branch_datetime_operator.py
[2022-01-19 00:36:52,975] {processor.py:654} INFO - DAG(s) dict_keys(['example_branch_datetime_operator_2']) retrieved from /home/airflow/.local/lib/python3.6/site-packages/airflow/example_dags/example_branch_datetime_operator.py
[2022-01-19 00:36:56,799] {logging_mixin.py:109} INFO - [2022-01-19 00:36:56,798] {manager.py:496} INFO - Created Permission View: can read on DAG:example_branch_datetime_operator_2
[2022-01-19 00:36:56,848] {logging_mixin.py:109} INFO - [2022-01-19 00:36:56,847] {manager.py:496} INFO - Created Permission View: can edit on DAG:example_branch_datetime_operator_2
[2022-01-19 00:36:56,852] {logging_mixin.py:109} INFO - [2022-01-19 00:36:56,849] {dag.py:2396} INFO - Sync 1 DAGs
[2022-01-19 00:36:56,879] {logging_mixin.py:109} INFO - [2022-01-19 00:36:56,874] {dag.py:2415} INFO - Creating ORM DAG for example_branch_datetime_operator_2
[2022-01-19 00:36:56,912] {logging_mixin.py:109} INFO - [2022-01-19 00:36:56,912] {dag.py:2935} INFO - Setting next_dagrun for example_branch_datetime_operator_2 to 2022-01-18 00:00:00+00:00
[2022-01-19 00:36:56,951] {processor.py:171} INFO - Processing /home/airflow/.local/lib/python3.6/site-packages/airflow/example_dags/example_branch_datetime_operator.py took 4.070 seconds
[2022-01-19 00:37:27,278] {processor.py:163} INFO - Started process (PID=247) to work on /home/airflow/.local/lib/python3.6/site-packages/airflow/example_dags/example_branch_datetime_operator.py
[2022-01-19 00:37:27,280] {processor.py:642} INFO - Processing file /home/airflow/.local/lib/python3.6/site-packages/airflow/example_dags/example_branch_datetime_operator.py for tasks to queue
[2022-01-19 00:37:27,281] {logging_mixin.py:109} INFO - [2022-01-19 00:37:27,281] {dagbag.py:500} INFO - Filling up the DagBag from /home/airflow/.local/lib/python3.6/site-packages/airflow/example_dags/example_branch_datetime_operator.py
[2022-01-19 00:37:27,326] {processor.py:654} INFO - DAG(s) dict_keys(['example_branch_datetime_operator_2']) retrieved from /home/airflow/.local/lib/python3.6/site-packages/airflow/example_dags/example_branch_datetime_operator.py
[2022-01-19 00:37:27,340] {logging_mixin.py:109} INFO - [2022-01-19 00:37:27,339] {dag.py:2396} INFO - Sync 1 DAGs
[2022-01-19 00:37:27,361] {logging_mixin.py:109} INFO - [2022-01-19 00:37:27,361] {dag.py:2935} INFO - Setting next_dagrun for example_branch_datetime_operator_2 to 2022-01-18 00:00:00+00:00
[2022-01-19 00:37:27,372] {processor.py:171} INFO - Processing /home/airflow/.local/lib/python3.6/site-packages/airflow/example_dags/example_branch_datetime_operator.py took 0.102 seconds
[2022-01-19 00:37:58,018] {processor.py:163} INFO - Started process (PID=302) to work on /home/airflow/.local/lib/python3.6/site-packages/airflow/example_dags/example_branch_datetime_operator.py
[2022-01-19 00:37:58,020] {processor.py:642} INFO - Processing file /home/airflow/.local/lib/python3.6/site-packages/airflow/example_dags/example_branch_datetime_operator.py for tasks to queue
[2022-01-19 00:37:58,022] {logging_mixin.py:109} INFO - [2022-01-19 00:37:58,022] {dagbag.py:500} INFO - Filling up the DagBag from /home/airflow/.local/lib/python3.6/site-packages/airflow/example_dags/example_branch_datetime_operator.py
[2022-01-19 00:37:58,052] {processor.py:654} INFO - DAG(s) dict_keys(['example_branch_datetime_operator_2']) retrieved from /home/airflow/.local/lib/python3.6/site-packages/airflow/example_dags/example_branch_datetime_operator.py
[2022-01-19 00:37:58,063] {logging_mixin.py:109} INFO - [2022-01-19 00:37:58,063] {dag.py:2396} INFO - Sync 1 DAGs
[2022-01-19 00:37:58,083] {logging_mixin.py:109} INFO - [2022-01-19 00:37:58,083] {dag.py:2935} INFO - Setting next_dagrun for example_branch_datetime_operator_2 to 2022-01-18 00:00:00+00:00
[2022-01-19 00:37:58,096] {processor.py:171} INFO - Processing /home/airflow/.local/lib/python3.6/site-packages/airflow/example_dags/example_branch_datetime_operator.py took 0.083 seconds
[2022-01-19 00:38:28,427] {processor.py:163} INFO - Started process (PID=366) to work on /home/airflow/.local/lib/python3.6/site-packages/airflow/example_dags/example_branch_datetime_operator.py
[2022-01-19 00:38:28,429] {processor.py:642} INFO - Processing file /home/airflow/.local/lib/python3.6/site-packages/airflow/example_dags/example_branch_datetime_operator.py for tasks to queue
[2022-01-19 00:38:28,430] {logging_mixin.py:109} INFO - [2022-01-19 00:38:28,430] {dagbag.py:500} INFO - Filling up the DagBag from /home/airflow/.local/lib/python3.6/site-packages/airflow/example_dags/example_branch_datetime_operator.py
[2022-01-19 00:38:28,471] {processor.py:654} INFO - DAG(s) dict_keys(['example_branch_datetime_operator_2']) retrieved from /home/airflow/.local/lib/python3.6/site-packages/airflow/example_dags/example_branch_datetime_operator.py
[2022-01-19 00:38:28,506] {logging_mixin.py:109} INFO - [2022-01-19 00:38:28,506] {dag.py:2396} INFO - Sync 1 DAGs
[2022-01-19 00:38:28,538] {logging_mixin.py:109} INFO - [2022-01-19 00:38:28,537] {dag.py:2935} INFO - Setting next_dagrun for example_branch_datetime_operator_2 to 2022-01-18 00:00:00+00:00
[2022-01-19 00:38:28,549] {processor.py:171} INFO - Processing /home/airflow/.local/lib/python3.6/site-packages/airflow/example_dags/example_branch_datetime_operator.py took 0.126 seconds
[2022-01-19 00:38:58,590] {processor.py:163} INFO - Started process (PID=421) to work on /home/airflow/.local/lib/python3.6/site-packages/airflow/example_dags/example_branch_datetime_operator.py
[2022-01-19 00:38:58,593] {processor.py:642} INFO - Processing file /home/airflow/.local/lib/python3.6/site-packages/airflow/example_dags/example_branch_datetime_operator.py for tasks to queue
[2022-01-19 00:38:58,595] {logging_mixin.py:109} INFO - [2022-01-19 00:38:58,595] {dagbag.py:500} INFO - Filling up the DagBag from /home/airflow/.local/lib/python3.6/site-packages/airflow/example_dags/example_branch_datetime_operator.py
[2022-01-19 00:38:58,653] {processor.py:654} INFO - DAG(s) dict_keys(['example_branch_datetime_operator_2']) retrieved from /home/airflow/.local/lib/python3.6/site-packages/airflow/example_dags/example_branch_datetime_operator.py
[2022-01-19 00:38:58,670] {logging_mixin.py:109} INFO - [2022-01-19 00:38:58,669] {dag.py:2396} INFO - Sync 1 DAGs
[2022-01-19 00:38:58,703] {logging_mixin.py:109} INFO - [2022-01-19 00:38:58,703] {dag.py:2935} INFO - Setting next_dagrun for example_branch_datetime_operator_2 to 2022-01-18 00:00:00+00:00
[2022-01-19 00:38:58,719] {processor.py:171} INFO - Processing /home/airflow/.local/lib/python3.6/site-packages/airflow/example_dags/example_branch_datetime_operator.py took 0.135 seconds
[2022-01-19 00:39:29,168] {processor.py:163} INFO - Started process (PID=476) to work on /home/airflow/.local/lib/python3.6/site-packages/airflow/example_dags/example_branch_datetime_operator.py
[2022-01-19 00:39:29,171] {processor.py:642} INFO - Processing file /home/airflow/.local/lib/python3.6/site-packages/airflow/example_dags/example_branch_datetime_operator.py for tasks to queue
[2022-01-19 00:39:29,173] {logging_mixin.py:109} INFO - [2022-01-19 00:39:29,173] {dagbag.py:500} INFO - Filling up the DagBag from /home/airflow/.local/lib/python3.6/site-packages/airflow/example_dags/example_branch_datetime_operator.py
[2022-01-19 00:39:29,209] {processor.py:654} INFO - DAG(s) dict_keys(['example_branch_datetime_operator_2']) retrieved from /home/airflow/.local/lib/python3.6/site-packages/airflow/example_dags/example_branch_datetime_operator.py
[2022-01-19 00:39:29,220] {logging_mixin.py:109} INFO - [2022-01-19 00:39:29,220] {dag.py:2396} INFO - Sync 1 DAGs
[2022-01-19 00:39:29,242] {logging_mixin.py:109} INFO - [2022-01-19 00:39:29,241] {dag.py:2935} INFO - Setting next_dagrun for example_branch_datetime_operator_2 to 2022-01-18 00:00:00+00:00
[2022-01-19 00:39:29,255] {processor.py:171} INFO - Processing /home/airflow/.local/lib/python3.6/site-packages/airflow/example_dags/example_branch_datetime_operator.py took 0.092 seconds
[2022-01-19 00:39:59,907] {processor.py:163} INFO - Started process (PID=531) to work on /home/airflow/.local/lib/python3.6/site-packages/airflow/example_dags/example_branch_datetime_operator.py
[2022-01-19 00:39:59,910] {processor.py:642} INFO - Processing file /home/airflow/.local/lib/python3.6/site-packages/airflow/example_dags/example_branch_datetime_operator.py for tasks to queue
[2022-01-19 00:39:59,912] {logging_mixin.py:109} INFO - [2022-01-19 00:39:59,912] {dagbag.py:500} INFO - Filling up the DagBag from /home/airflow/.local/lib/python3.6/site-packages/airflow/example_dags/example_branch_datetime_operator.py
[2022-01-19 00:39:59,953] {processor.py:654} INFO - DAG(s) dict_keys(['example_branch_datetime_operator_2']) retrieved from /home/airflow/.local/lib/python3.6/site-packages/airflow/example_dags/example_branch_datetime_operator.py
[2022-01-19 00:39:59,969] {logging_mixin.py:109} INFO - [2022-01-19 00:39:59,969] {dag.py:2396} INFO - Sync 1 DAGs
[2022-01-19 00:40:00,000] {logging_mixin.py:109} INFO - [2022-01-19 00:40:00,000] {dag.py:2935} INFO - Setting next_dagrun for example_branch_datetime_operator_2 to 2022-01-18 00:00:00+00:00
[2022-01-19 00:40:00,025] {processor.py:171} INFO - Processing /home/airflow/.local/lib/python3.6/site-packages/airflow/example_dags/example_branch_datetime_operator.py took 0.120 seconds
[2022-01-19 00:40:30,433] {processor.py:163} INFO - Started process (PID=596) to work on /home/airflow/.local/lib/python3.6/site-packages/airflow/example_dags/example_branch_datetime_operator.py
[2022-01-19 00:40:30,436] {processor.py:642} INFO - Processing file /home/airflow/.local/lib/python3.6/site-packages/airflow/example_dags/example_branch_datetime_operator.py for tasks to queue
[2022-01-19 00:40:30,438] {logging_mixin.py:109} INFO - [2022-01-19 00:40:30,437] {dagbag.py:500} INFO - Filling up the DagBag from /home/airflow/.local/lib/python3.6/site-packages/airflow/example_dags/example_branch_datetime_operator.py
[2022-01-19 00:40:30,481] {processor.py:654} INFO - DAG(s) dict_keys(['example_branch_datetime_operator_2']) retrieved from /home/airflow/.local/lib/python3.6/site-packages/airflow/example_dags/example_branch_datetime_operator.py
[2022-01-19 00:40:30,498] {logging_mixin.py:109} INFO - [2022-01-19 00:40:30,498] {dag.py:2396} INFO - Sync 1 DAGs
[2022-01-19 00:40:30,533] {logging_mixin.py:109} INFO - [2022-01-19 00:40:30,533] {dag.py:2935} INFO - Setting next_dagrun for example_branch_datetime_operator_2 to 2022-01-18 00:00:00+00:00
[2022-01-19 00:40:30,557] {processor.py:171} INFO - Processing /home/airflow/.local/lib/python3.6/site-packages/airflow/example_dags/example_branch_datetime_operator.py took 0.129 seconds
[2022-01-19 00:41:00,942] {processor.py:163} INFO - Started process (PID=650) to work on /home/airflow/.local/lib/python3.6/site-packages/airflow/example_dags/example_branch_datetime_operator.py
[2022-01-19 00:41:00,948] {processor.py:642} INFO - Processing file /home/airflow/.local/lib/python3.6/site-packages/airflow/example_dags/example_branch_datetime_operator.py for tasks to queue
[2022-01-19 00:41:00,952] {logging_mixin.py:109} INFO - [2022-01-19 00:41:00,951] {dagbag.py:500} INFO - Filling up the DagBag from /home/airflow/.local/lib/python3.6/site-packages/airflow/example_dags/example_branch_datetime_operator.py
[2022-01-19 00:41:01,075] {processor.py:654} INFO - DAG(s) dict_keys(['example_branch_datetime_operator_2']) retrieved from /home/airflow/.local/lib/python3.6/site-packages/airflow/example_dags/example_branch_datetime_operator.py
[2022-01-19 00:41:01,097] {logging_mixin.py:109} INFO - [2022-01-19 00:41:01,097] {dag.py:2396} INFO - Sync 1 DAGs
[2022-01-19 00:41:01,174] {logging_mixin.py:109} INFO - [2022-01-19 00:41:01,173] {dag.py:2935} INFO - Setting next_dagrun for example_branch_datetime_operator_2 to 2022-01-18 00:00:00+00:00
[2022-01-19 00:41:01,192] {processor.py:171} INFO - Processing /home/airflow/.local/lib/python3.6/site-packages/airflow/example_dags/example_branch_datetime_operator.py took 0.267 seconds
[2022-01-19 00:41:31,518] {processor.py:163} INFO - Started process (PID=702) to work on /home/airflow/.local/lib/python3.6/site-packages/airflow/example_dags/example_branch_datetime_operator.py
[2022-01-19 00:41:31,521] {processor.py:642} INFO - Processing file /home/airflow/.local/lib/python3.6/site-packages/airflow/example_dags/example_branch_datetime_operator.py for tasks to queue
[2022-01-19 00:41:31,523] {logging_mixin.py:109} INFO - [2022-01-19 00:41:31,523] {dagbag.py:500} INFO - Filling up the DagBag from /home/airflow/.local/lib/python3.6/site-packages/airflow/example_dags/example_branch_datetime_operator.py
[2022-01-19 00:41:31,580] {processor.py:654} INFO - DAG(s) dict_keys(['example_branch_datetime_operator_2']) retrieved from /home/airflow/.local/lib/python3.6/site-packages/airflow/example_dags/example_branch_datetime_operator.py
[2022-01-19 00:41:31,594] {logging_mixin.py:109} INFO - [2022-01-19 00:41:31,594] {dag.py:2396} INFO - Sync 1 DAGs
[2022-01-19 00:41:31,617] {logging_mixin.py:109} INFO - [2022-01-19 00:41:31,617] {dag.py:2935} INFO - Setting next_dagrun for example_branch_datetime_operator_2 to 2022-01-18 00:00:00+00:00
[2022-01-19 00:41:31,632] {processor.py:171} INFO - Processing /home/airflow/.local/lib/python3.6/site-packages/airflow/example_dags/example_branch_datetime_operator.py took 0.117 seconds
[2022-01-19 00:42:02,083] {processor.py:163} INFO - Started process (PID=756) to work on /home/airflow/.local/lib/python3.6/site-packages/airflow/example_dags/example_branch_datetime_operator.py
[2022-01-19 00:42:02,086] {processor.py:642} INFO - Processing file /home/airflow/.local/lib/python3.6/site-packages/airflow/example_dags/example_branch_datetime_operator.py for tasks to queue
[2022-01-19 00:42:02,088] {logging_mixin.py:109} INFO - [2022-01-19 00:42:02,088] {dagbag.py:500} INFO - Filling up the DagBag from /home/airflow/.local/lib/python3.6/site-packages/airflow/example_dags/example_branch_datetime_operator.py
[2022-01-19 00:42:02,160] {processor.py:654} INFO - DAG(s) dict_keys(['example_branch_datetime_operator_2']) retrieved from /home/airflow/.local/lib/python3.6/site-packages/airflow/example_dags/example_branch_datetime_operator.py
[2022-01-19 00:42:02,188] {logging_mixin.py:109} INFO - [2022-01-19 00:42:02,188] {dag.py:2396} INFO - Sync 1 DAGs
[2022-01-19 00:42:02,241] {logging_mixin.py:109} INFO - [2022-01-19 00:42:02,241] {dag.py:2935} INFO - Setting next_dagrun for example_branch_datetime_operator_2 to 2022-01-18 00:00:00+00:00
[2022-01-19 00:42:02,264] {processor.py:171} INFO - Processing /home/airflow/.local/lib/python3.6/site-packages/airflow/example_dags/example_branch_datetime_operator.py took 0.186 seconds
[2022-01-19 00:42:32,748] {processor.py:163} INFO - Started process (PID=818) to work on /home/airflow/.local/lib/python3.6/site-packages/airflow/example_dags/example_branch_datetime_operator.py
[2022-01-19 00:42:32,751] {processor.py:642} INFO - Processing file /home/airflow/.local/lib/python3.6/site-packages/airflow/example_dags/example_branch_datetime_operator.py for tasks to queue
[2022-01-19 00:42:32,754] {logging_mixin.py:109} INFO - [2022-01-19 00:42:32,754] {dagbag.py:500} INFO - Filling up the DagBag from /home/airflow/.local/lib/python3.6/site-packages/airflow/example_dags/example_branch_datetime_operator.py
[2022-01-19 00:42:32,806] {processor.py:654} INFO - DAG(s) dict_keys(['example_branch_datetime_operator_2']) retrieved from /home/airflow/.local/lib/python3.6/site-packages/airflow/example_dags/example_branch_datetime_operator.py
[2022-01-19 00:42:32,825] {logging_mixin.py:109} INFO - [2022-01-19 00:42:32,825] {dag.py:2396} INFO - Sync 1 DAGs
[2022-01-19 00:42:32,852] {logging_mixin.py:109} INFO - [2022-01-19 00:42:32,852] {dag.py:2935} INFO - Setting next_dagrun for example_branch_datetime_operator_2 to 2022-01-18 00:00:00+00:00
[2022-01-19 00:42:32,872] {processor.py:171} INFO - Processing /home/airflow/.local/lib/python3.6/site-packages/airflow/example_dags/example_branch_datetime_operator.py took 0.128 seconds
[2022-01-19 00:43:03,831] {processor.py:163} INFO - Started process (PID=872) to work on /home/airflow/.local/lib/python3.6/site-packages/airflow/example_dags/example_branch_datetime_operator.py
[2022-01-19 00:43:03,839] {processor.py:642} INFO - Processing file /home/airflow/.local/lib/python3.6/site-packages/airflow/example_dags/example_branch_datetime_operator.py for tasks to queue
[2022-01-19 00:43:03,856] {logging_mixin.py:109} INFO - [2022-01-19 00:43:03,855] {dagbag.py:500} INFO - Filling up the DagBag from /home/airflow/.local/lib/python3.6/site-packages/airflow/example_dags/example_branch_datetime_operator.py
[2022-01-19 00:43:03,930] {processor.py:654} INFO - DAG(s) dict_keys(['example_branch_datetime_operator_2']) retrieved from /home/airflow/.local/lib/python3.6/site-packages/airflow/example_dags/example_branch_datetime_operator.py
[2022-01-19 00:43:03,958] {logging_mixin.py:109} INFO - [2022-01-19 00:43:03,957] {dag.py:2396} INFO - Sync 1 DAGs
[2022-01-19 00:43:04,017] {logging_mixin.py:109} INFO - [2022-01-19 00:43:04,017] {dag.py:2935} INFO - Setting next_dagrun for example_branch_datetime_operator_2 to 2022-01-18 00:00:00+00:00
[2022-01-19 00:43:04,050] {processor.py:171} INFO - Processing /home/airflow/.local/lib/python3.6/site-packages/airflow/example_dags/example_branch_datetime_operator.py took 0.235 seconds
[2022-01-19 00:43:34,741] {processor.py:163} INFO - Started process (PID=925) to work on /home/airflow/.local/lib/python3.6/site-packages/airflow/example_dags/example_branch_datetime_operator.py
[2022-01-19 00:43:34,745] {processor.py:642} INFO - Processing file /home/airflow/.local/lib/python3.6/site-packages/airflow/example_dags/example_branch_datetime_operator.py for tasks to queue
[2022-01-19 00:43:34,748] {logging_mixin.py:109} INFO - [2022-01-19 00:43:34,748] {dagbag.py:500} INFO - Filling up the DagBag from /home/airflow/.local/lib/python3.6/site-packages/airflow/example_dags/example_branch_datetime_operator.py
[2022-01-19 00:43:34,829] {processor.py:654} INFO - DAG(s) dict_keys(['example_branch_datetime_operator_2']) retrieved from /home/airflow/.local/lib/python3.6/site-packages/airflow/example_dags/example_branch_datetime_operator.py
[2022-01-19 00:43:34,857] {logging_mixin.py:109} INFO - [2022-01-19 00:43:34,857] {dag.py:2396} INFO - Sync 1 DAGs
[2022-01-19 00:43:34,905] {logging_mixin.py:109} INFO - [2022-01-19 00:43:34,904] {dag.py:2935} INFO - Setting next_dagrun for example_branch_datetime_operator_2 to 2022-01-18 00:00:00+00:00
[2022-01-19 00:43:34,923] {processor.py:171} INFO - Processing /home/airflow/.local/lib/python3.6/site-packages/airflow/example_dags/example_branch_datetime_operator.py took 0.190 seconds
[2022-01-19 00:44:05,072] {processor.py:163} INFO - Started process (PID=978) to work on /home/airflow/.local/lib/python3.6/site-packages/airflow/example_dags/example_branch_datetime_operator.py
[2022-01-19 00:44:05,075] {processor.py:642} INFO - Processing file /home/airflow/.local/lib/python3.6/site-packages/airflow/example_dags/example_branch_datetime_operator.py for tasks to queue
[2022-01-19 00:44:05,077] {logging_mixin.py:109} INFO - [2022-01-19 00:44:05,076] {dagbag.py:500} INFO - Filling up the DagBag from /home/airflow/.local/lib/python3.6/site-packages/airflow/example_dags/example_branch_datetime_operator.py
[2022-01-19 00:44:05,118] {processor.py:654} INFO - DAG(s) dict_keys(['example_branch_datetime_operator_2']) retrieved from /home/airflow/.local/lib/python3.6/site-packages/airflow/example_dags/example_branch_datetime_operator.py
[2022-01-19 00:44:05,134] {logging_mixin.py:109} INFO - [2022-01-19 00:44:05,134] {dag.py:2396} INFO - Sync 1 DAGs
[2022-01-19 00:44:05,164] {logging_mixin.py:109} INFO - [2022-01-19 00:44:05,164] {dag.py:2935} INFO - Setting next_dagrun for example_branch_datetime_operator_2 to 2022-01-18 00:00:00+00:00
[2022-01-19 00:44:05,182] {processor.py:171} INFO - Processing /home/airflow/.local/lib/python3.6/site-packages/airflow/example_dags/example_branch_datetime_operator.py took 0.116 seconds
[2022-01-19 00:44:35,229] {processor.py:163} INFO - Started process (PID=1033) to work on /home/airflow/.local/lib/python3.6/site-packages/airflow/example_dags/example_branch_datetime_operator.py
[2022-01-19 00:44:35,231] {processor.py:642} INFO - Processing file /home/airflow/.local/lib/python3.6/site-packages/airflow/example_dags/example_branch_datetime_operator.py for tasks to queue
[2022-01-19 00:44:35,232] {logging_mixin.py:109} INFO - [2022-01-19 00:44:35,232] {dagbag.py:500} INFO - Filling up the DagBag from /home/airflow/.local/lib/python3.6/site-packages/airflow/example_dags/example_branch_datetime_operator.py
[2022-01-19 00:44:35,274] {processor.py:654} INFO - DAG(s) dict_keys(['example_branch_datetime_operator_2']) retrieved from /home/airflow/.local/lib/python3.6/site-packages/airflow/example_dags/example_branch_datetime_operator.py
[2022-01-19 00:44:35,294] {logging_mixin.py:109} INFO - [2022-01-19 00:44:35,293] {dag.py:2396} INFO - Sync 1 DAGs
[2022-01-19 00:44:35,332] {logging_mixin.py:109} INFO - [2022-01-19 00:44:35,332] {dag.py:2935} INFO - Setting next_dagrun for example_branch_datetime_operator_2 to 2022-01-18 00:00:00+00:00
[2022-01-19 00:44:35,350] {processor.py:171} INFO - Processing /home/airflow/.local/lib/python3.6/site-packages/airflow/example_dags/example_branch_datetime_operator.py took 0.126 seconds
[2022-01-19 00:45:06,222] {processor.py:163} INFO - Started process (PID=1099) to work on /home/airflow/.local/lib/python3.6/site-packages/airflow/example_dags/example_branch_datetime_operator.py
[2022-01-19 00:45:06,225] {processor.py:642} INFO - Processing file /home/airflow/.local/lib/python3.6/site-packages/airflow/example_dags/example_branch_datetime_operator.py for tasks to queue
[2022-01-19 00:45:06,226] {logging_mixin.py:109} INFO - [2022-01-19 00:45:06,226] {dagbag.py:500} INFO - Filling up the DagBag from /home/airflow/.local/lib/python3.6/site-packages/airflow/example_dags/example_branch_datetime_operator.py
[2022-01-19 00:45:06,262] {processor.py:654} INFO - DAG(s) dict_keys(['example_branch_datetime_operator_2']) retrieved from /home/airflow/.local/lib/python3.6/site-packages/airflow/example_dags/example_branch_datetime_operator.py
[2022-01-19 00:45:06,278] {logging_mixin.py:109} INFO - [2022-01-19 00:45:06,278] {dag.py:2396} INFO - Sync 1 DAGs
[2022-01-19 00:45:06,302] {logging_mixin.py:109} INFO - [2022-01-19 00:45:06,301] {dag.py:2935} INFO - Setting next_dagrun for example_branch_datetime_operator_2 to 2022-01-18 00:00:00+00:00
[2022-01-19 00:45:06,316] {processor.py:171} INFO - Processing /home/airflow/.local/lib/python3.6/site-packages/airflow/example_dags/example_branch_datetime_operator.py took 0.097 seconds
