[2022-01-19 00:37:15,103] {processor.py:163} INFO - Started process (PID=190) to work on /home/airflow/.local/lib/python3.6/site-packages/airflow/example_dags/example_bash_operator.py
[2022-01-19 00:37:15,106] {processor.py:642} INFO - Processing file /home/airflow/.local/lib/python3.6/site-packages/airflow/example_dags/example_bash_operator.py for tasks to queue
[2022-01-19 00:37:15,107] {logging_mixin.py:109} INFO - [2022-01-19 00:37:15,107] {dagbag.py:500} INFO - Filling up the DagBag from /home/airflow/.local/lib/python3.6/site-packages/airflow/example_dags/example_bash_operator.py
[2022-01-19 00:37:15,151] {processor.py:654} INFO - DAG(s) dict_keys(['example_bash_operator']) retrieved from /home/airflow/.local/lib/python3.6/site-packages/airflow/example_dags/example_bash_operator.py
[2022-01-19 00:37:17,131] {logging_mixin.py:109} INFO - [2022-01-19 00:37:17,131] {manager.py:496} INFO - Created Permission View: can read on DAG:example_bash_operator
[2022-01-19 00:37:17,141] {logging_mixin.py:109} INFO - [2022-01-19 00:37:17,141] {manager.py:496} INFO - Created Permission View: can edit on DAG:example_bash_operator
[2022-01-19 00:37:17,143] {logging_mixin.py:109} INFO - [2022-01-19 00:37:17,142] {dag.py:2396} INFO - Sync 1 DAGs
[2022-01-19 00:37:17,154] {logging_mixin.py:109} INFO - [2022-01-19 00:37:17,153] {dag.py:2415} INFO - Creating ORM DAG for example_bash_operator
[2022-01-19 00:37:17,173] {logging_mixin.py:109} INFO - [2022-01-19 00:37:17,173] {dag.py:2935} INFO - Setting next_dagrun for example_bash_operator to 2022-01-18 00:00:00+00:00
[2022-01-19 00:37:17,190] {processor.py:171} INFO - Processing /home/airflow/.local/lib/python3.6/site-packages/airflow/example_dags/example_bash_operator.py took 2.112 seconds
[2022-01-19 00:37:47,702] {processor.py:163} INFO - Started process (PID=275) to work on /home/airflow/.local/lib/python3.6/site-packages/airflow/example_dags/example_bash_operator.py
[2022-01-19 00:37:47,705] {processor.py:642} INFO - Processing file /home/airflow/.local/lib/python3.6/site-packages/airflow/example_dags/example_bash_operator.py for tasks to queue
[2022-01-19 00:37:47,706] {logging_mixin.py:109} INFO - [2022-01-19 00:37:47,706] {dagbag.py:500} INFO - Filling up the DagBag from /home/airflow/.local/lib/python3.6/site-packages/airflow/example_dags/example_bash_operator.py
[2022-01-19 00:37:47,754] {processor.py:654} INFO - DAG(s) dict_keys(['example_bash_operator']) retrieved from /home/airflow/.local/lib/python3.6/site-packages/airflow/example_dags/example_bash_operator.py
[2022-01-19 00:37:47,766] {logging_mixin.py:109} INFO - [2022-01-19 00:37:47,765] {dag.py:2396} INFO - Sync 1 DAGs
[2022-01-19 00:37:47,790] {logging_mixin.py:109} INFO - [2022-01-19 00:37:47,790] {dag.py:2935} INFO - Setting next_dagrun for example_bash_operator to 2022-01-18 00:00:00+00:00
[2022-01-19 00:37:47,802] {processor.py:171} INFO - Processing /home/airflow/.local/lib/python3.6/site-packages/airflow/example_dags/example_bash_operator.py took 0.105 seconds
[2022-01-19 00:38:18,092] {processor.py:163} INFO - Started process (PID=340) to work on /home/airflow/.local/lib/python3.6/site-packages/airflow/example_dags/example_bash_operator.py
[2022-01-19 00:38:18,094] {processor.py:642} INFO - Processing file /home/airflow/.local/lib/python3.6/site-packages/airflow/example_dags/example_bash_operator.py for tasks to queue
[2022-01-19 00:38:18,096] {logging_mixin.py:109} INFO - [2022-01-19 00:38:18,096] {dagbag.py:500} INFO - Filling up the DagBag from /home/airflow/.local/lib/python3.6/site-packages/airflow/example_dags/example_bash_operator.py
[2022-01-19 00:38:18,137] {processor.py:654} INFO - DAG(s) dict_keys(['example_bash_operator']) retrieved from /home/airflow/.local/lib/python3.6/site-packages/airflow/example_dags/example_bash_operator.py
[2022-01-19 00:38:18,149] {logging_mixin.py:109} INFO - [2022-01-19 00:38:18,149] {dag.py:2396} INFO - Sync 1 DAGs
[2022-01-19 00:38:18,176] {logging_mixin.py:109} INFO - [2022-01-19 00:38:18,175] {dag.py:2935} INFO - Setting next_dagrun for example_bash_operator to 2022-01-18 00:00:00+00:00
[2022-01-19 00:38:18,191] {processor.py:171} INFO - Processing /home/airflow/.local/lib/python3.6/site-packages/airflow/example_dags/example_bash_operator.py took 0.102 seconds
[2022-01-19 00:38:48,631] {processor.py:163} INFO - Started process (PID=395) to work on /home/airflow/.local/lib/python3.6/site-packages/airflow/example_dags/example_bash_operator.py
[2022-01-19 00:38:48,634] {processor.py:642} INFO - Processing file /home/airflow/.local/lib/python3.6/site-packages/airflow/example_dags/example_bash_operator.py for tasks to queue
[2022-01-19 00:38:48,636] {logging_mixin.py:109} INFO - [2022-01-19 00:38:48,636] {dagbag.py:500} INFO - Filling up the DagBag from /home/airflow/.local/lib/python3.6/site-packages/airflow/example_dags/example_bash_operator.py
[2022-01-19 00:38:48,681] {processor.py:654} INFO - DAG(s) dict_keys(['example_bash_operator']) retrieved from /home/airflow/.local/lib/python3.6/site-packages/airflow/example_dags/example_bash_operator.py
[2022-01-19 00:38:48,701] {logging_mixin.py:109} INFO - [2022-01-19 00:38:48,700] {dag.py:2396} INFO - Sync 1 DAGs
[2022-01-19 00:38:48,720] {logging_mixin.py:109} INFO - [2022-01-19 00:38:48,720] {dag.py:2935} INFO - Setting next_dagrun for example_bash_operator to 2022-01-18 00:00:00+00:00
[2022-01-19 00:38:48,735] {processor.py:171} INFO - Processing /home/airflow/.local/lib/python3.6/site-packages/airflow/example_dags/example_bash_operator.py took 0.108 seconds
[2022-01-19 00:39:18,824] {processor.py:163} INFO - Started process (PID=449) to work on /home/airflow/.local/lib/python3.6/site-packages/airflow/example_dags/example_bash_operator.py
[2022-01-19 00:39:18,827] {processor.py:642} INFO - Processing file /home/airflow/.local/lib/python3.6/site-packages/airflow/example_dags/example_bash_operator.py for tasks to queue
[2022-01-19 00:39:18,831] {logging_mixin.py:109} INFO - [2022-01-19 00:39:18,831] {dagbag.py:500} INFO - Filling up the DagBag from /home/airflow/.local/lib/python3.6/site-packages/airflow/example_dags/example_bash_operator.py
[2022-01-19 00:39:18,874] {processor.py:654} INFO - DAG(s) dict_keys(['example_bash_operator']) retrieved from /home/airflow/.local/lib/python3.6/site-packages/airflow/example_dags/example_bash_operator.py
[2022-01-19 00:39:18,886] {logging_mixin.py:109} INFO - [2022-01-19 00:39:18,885] {dag.py:2396} INFO - Sync 1 DAGs
[2022-01-19 00:39:18,905] {logging_mixin.py:109} INFO - [2022-01-19 00:39:18,904] {dag.py:2935} INFO - Setting next_dagrun for example_bash_operator to 2022-01-18 00:00:00+00:00
[2022-01-19 00:39:18,915] {processor.py:171} INFO - Processing /home/airflow/.local/lib/python3.6/site-packages/airflow/example_dags/example_bash_operator.py took 0.097 seconds
[2022-01-19 00:39:49,197] {processor.py:163} INFO - Started process (PID=515) to work on /home/airflow/.local/lib/python3.6/site-packages/airflow/example_dags/example_bash_operator.py
[2022-01-19 00:39:49,202] {processor.py:642} INFO - Processing file /home/airflow/.local/lib/python3.6/site-packages/airflow/example_dags/example_bash_operator.py for tasks to queue
[2022-01-19 00:39:49,210] {logging_mixin.py:109} INFO - [2022-01-19 00:39:49,207] {dagbag.py:500} INFO - Filling up the DagBag from /home/airflow/.local/lib/python3.6/site-packages/airflow/example_dags/example_bash_operator.py
[2022-01-19 00:39:49,297] {processor.py:654} INFO - DAG(s) dict_keys(['example_bash_operator']) retrieved from /home/airflow/.local/lib/python3.6/site-packages/airflow/example_dags/example_bash_operator.py
[2022-01-19 00:39:49,317] {logging_mixin.py:109} INFO - [2022-01-19 00:39:49,317] {dag.py:2396} INFO - Sync 1 DAGs
[2022-01-19 00:39:49,354] {logging_mixin.py:109} INFO - [2022-01-19 00:39:49,354] {dag.py:2935} INFO - Setting next_dagrun for example_bash_operator to 2022-01-18 00:00:00+00:00
[2022-01-19 00:39:49,381] {processor.py:171} INFO - Processing /home/airflow/.local/lib/python3.6/site-packages/airflow/example_dags/example_bash_operator.py took 0.196 seconds
[2022-01-19 00:40:20,010] {processor.py:163} INFO - Started process (PID=569) to work on /home/airflow/.local/lib/python3.6/site-packages/airflow/example_dags/example_bash_operator.py
[2022-01-19 00:40:20,024] {processor.py:642} INFO - Processing file /home/airflow/.local/lib/python3.6/site-packages/airflow/example_dags/example_bash_operator.py for tasks to queue
[2022-01-19 00:40:20,027] {logging_mixin.py:109} INFO - [2022-01-19 00:40:20,027] {dagbag.py:500} INFO - Filling up the DagBag from /home/airflow/.local/lib/python3.6/site-packages/airflow/example_dags/example_bash_operator.py
[2022-01-19 00:40:20,139] {processor.py:654} INFO - DAG(s) dict_keys(['example_bash_operator']) retrieved from /home/airflow/.local/lib/python3.6/site-packages/airflow/example_dags/example_bash_operator.py
[2022-01-19 00:40:20,169] {logging_mixin.py:109} INFO - [2022-01-19 00:40:20,169] {dag.py:2396} INFO - Sync 1 DAGs
[2022-01-19 00:40:20,223] {logging_mixin.py:109} INFO - [2022-01-19 00:40:20,223] {dag.py:2935} INFO - Setting next_dagrun for example_bash_operator to 2022-01-18 00:00:00+00:00
[2022-01-19 00:40:20,258] {processor.py:171} INFO - Processing /home/airflow/.local/lib/python3.6/site-packages/airflow/example_dags/example_bash_operator.py took 0.256 seconds
[2022-01-19 00:40:50,515] {processor.py:163} INFO - Started process (PID=623) to work on /home/airflow/.local/lib/python3.6/site-packages/airflow/example_dags/example_bash_operator.py
[2022-01-19 00:40:50,518] {processor.py:642} INFO - Processing file /home/airflow/.local/lib/python3.6/site-packages/airflow/example_dags/example_bash_operator.py for tasks to queue
[2022-01-19 00:40:50,520] {logging_mixin.py:109} INFO - [2022-01-19 00:40:50,520] {dagbag.py:500} INFO - Filling up the DagBag from /home/airflow/.local/lib/python3.6/site-packages/airflow/example_dags/example_bash_operator.py
[2022-01-19 00:40:50,568] {processor.py:654} INFO - DAG(s) dict_keys(['example_bash_operator']) retrieved from /home/airflow/.local/lib/python3.6/site-packages/airflow/example_dags/example_bash_operator.py
[2022-01-19 00:40:50,587] {logging_mixin.py:109} INFO - [2022-01-19 00:40:50,586] {dag.py:2396} INFO - Sync 1 DAGs
[2022-01-19 00:40:50,608] {logging_mixin.py:109} INFO - [2022-01-19 00:40:50,608] {dag.py:2935} INFO - Setting next_dagrun for example_bash_operator to 2022-01-18 00:00:00+00:00
[2022-01-19 00:40:50,621] {processor.py:171} INFO - Processing /home/airflow/.local/lib/python3.6/site-packages/airflow/example_dags/example_bash_operator.py took 0.109 seconds
[2022-01-19 00:41:20,815] {processor.py:163} INFO - Started process (PID=676) to work on /home/airflow/.local/lib/python3.6/site-packages/airflow/example_dags/example_bash_operator.py
[2022-01-19 00:41:20,818] {processor.py:642} INFO - Processing file /home/airflow/.local/lib/python3.6/site-packages/airflow/example_dags/example_bash_operator.py for tasks to queue
[2022-01-19 00:41:20,822] {logging_mixin.py:109} INFO - [2022-01-19 00:41:20,821] {dagbag.py:500} INFO - Filling up the DagBag from /home/airflow/.local/lib/python3.6/site-packages/airflow/example_dags/example_bash_operator.py
[2022-01-19 00:41:20,898] {processor.py:654} INFO - DAG(s) dict_keys(['example_bash_operator']) retrieved from /home/airflow/.local/lib/python3.6/site-packages/airflow/example_dags/example_bash_operator.py
[2022-01-19 00:41:20,916] {logging_mixin.py:109} INFO - [2022-01-19 00:41:20,916] {dag.py:2396} INFO - Sync 1 DAGs
[2022-01-19 00:41:20,945] {logging_mixin.py:109} INFO - [2022-01-19 00:41:20,944] {dag.py:2935} INFO - Setting next_dagrun for example_bash_operator to 2022-01-18 00:00:00+00:00
[2022-01-19 00:41:20,961] {processor.py:171} INFO - Processing /home/airflow/.local/lib/python3.6/site-packages/airflow/example_dags/example_bash_operator.py took 0.151 seconds
[2022-01-19 00:41:51,132] {processor.py:163} INFO - Started process (PID=730) to work on /home/airflow/.local/lib/python3.6/site-packages/airflow/example_dags/example_bash_operator.py
[2022-01-19 00:41:51,136] {processor.py:642} INFO - Processing file /home/airflow/.local/lib/python3.6/site-packages/airflow/example_dags/example_bash_operator.py for tasks to queue
[2022-01-19 00:41:51,139] {logging_mixin.py:109} INFO - [2022-01-19 00:41:51,139] {dagbag.py:500} INFO - Filling up the DagBag from /home/airflow/.local/lib/python3.6/site-packages/airflow/example_dags/example_bash_operator.py
[2022-01-19 00:41:51,200] {processor.py:654} INFO - DAG(s) dict_keys(['example_bash_operator']) retrieved from /home/airflow/.local/lib/python3.6/site-packages/airflow/example_dags/example_bash_operator.py
[2022-01-19 00:41:51,215] {logging_mixin.py:109} INFO - [2022-01-19 00:41:51,215] {dag.py:2396} INFO - Sync 1 DAGs
[2022-01-19 00:41:51,239] {logging_mixin.py:109} INFO - [2022-01-19 00:41:51,238] {dag.py:2935} INFO - Setting next_dagrun for example_bash_operator to 2022-01-18 00:00:00+00:00
[2022-01-19 00:41:51,250] {processor.py:171} INFO - Processing /home/airflow/.local/lib/python3.6/site-packages/airflow/example_dags/example_bash_operator.py took 0.123 seconds
[2022-01-19 00:42:21,389] {processor.py:163} INFO - Started process (PID=794) to work on /home/airflow/.local/lib/python3.6/site-packages/airflow/example_dags/example_bash_operator.py
[2022-01-19 00:42:21,394] {processor.py:642} INFO - Processing file /home/airflow/.local/lib/python3.6/site-packages/airflow/example_dags/example_bash_operator.py for tasks to queue
[2022-01-19 00:42:21,400] {logging_mixin.py:109} INFO - [2022-01-19 00:42:21,399] {dagbag.py:500} INFO - Filling up the DagBag from /home/airflow/.local/lib/python3.6/site-packages/airflow/example_dags/example_bash_operator.py
[2022-01-19 00:42:21,495] {processor.py:654} INFO - DAG(s) dict_keys(['example_bash_operator']) retrieved from /home/airflow/.local/lib/python3.6/site-packages/airflow/example_dags/example_bash_operator.py
[2022-01-19 00:42:21,522] {logging_mixin.py:109} INFO - [2022-01-19 00:42:21,522] {dag.py:2396} INFO - Sync 1 DAGs
[2022-01-19 00:42:21,557] {logging_mixin.py:109} INFO - [2022-01-19 00:42:21,557] {dag.py:2935} INFO - Setting next_dagrun for example_bash_operator to 2022-01-18 00:00:00+00:00
[2022-01-19 00:42:21,569] {processor.py:171} INFO - Processing /home/airflow/.local/lib/python3.6/site-packages/airflow/example_dags/example_bash_operator.py took 0.188 seconds
[2022-01-19 00:42:52,420] {processor.py:163} INFO - Started process (PID=847) to work on /home/airflow/.local/lib/python3.6/site-packages/airflow/example_dags/example_bash_operator.py
[2022-01-19 00:42:52,422] {processor.py:642} INFO - Processing file /home/airflow/.local/lib/python3.6/site-packages/airflow/example_dags/example_bash_operator.py for tasks to queue
[2022-01-19 00:42:52,424] {logging_mixin.py:109} INFO - [2022-01-19 00:42:52,424] {dagbag.py:500} INFO - Filling up the DagBag from /home/airflow/.local/lib/python3.6/site-packages/airflow/example_dags/example_bash_operator.py
[2022-01-19 00:42:52,493] {processor.py:654} INFO - DAG(s) dict_keys(['example_bash_operator']) retrieved from /home/airflow/.local/lib/python3.6/site-packages/airflow/example_dags/example_bash_operator.py
[2022-01-19 00:42:52,515] {logging_mixin.py:109} INFO - [2022-01-19 00:42:52,515] {dag.py:2396} INFO - Sync 1 DAGs
[2022-01-19 00:42:52,542] {logging_mixin.py:109} INFO - [2022-01-19 00:42:52,542] {dag.py:2935} INFO - Setting next_dagrun for example_bash_operator to 2022-01-18 00:00:00+00:00
[2022-01-19 00:42:52,563] {processor.py:171} INFO - Processing /home/airflow/.local/lib/python3.6/site-packages/airflow/example_dags/example_bash_operator.py took 0.149 seconds
[2022-01-19 00:43:22,993] {processor.py:163} INFO - Started process (PID=900) to work on /home/airflow/.local/lib/python3.6/site-packages/airflow/example_dags/example_bash_operator.py
[2022-01-19 00:43:22,995] {processor.py:642} INFO - Processing file /home/airflow/.local/lib/python3.6/site-packages/airflow/example_dags/example_bash_operator.py for tasks to queue
[2022-01-19 00:43:22,997] {logging_mixin.py:109} INFO - [2022-01-19 00:43:22,997] {dagbag.py:500} INFO - Filling up the DagBag from /home/airflow/.local/lib/python3.6/site-packages/airflow/example_dags/example_bash_operator.py
[2022-01-19 00:43:23,040] {processor.py:654} INFO - DAG(s) dict_keys(['example_bash_operator']) retrieved from /home/airflow/.local/lib/python3.6/site-packages/airflow/example_dags/example_bash_operator.py
[2022-01-19 00:43:23,053] {logging_mixin.py:109} INFO - [2022-01-19 00:43:23,053] {dag.py:2396} INFO - Sync 1 DAGs
[2022-01-19 00:43:23,071] {logging_mixin.py:109} INFO - [2022-01-19 00:43:23,071] {dag.py:2935} INFO - Setting next_dagrun for example_bash_operator to 2022-01-18 00:00:00+00:00
[2022-01-19 00:43:23,082] {processor.py:171} INFO - Processing /home/airflow/.local/lib/python3.6/site-packages/airflow/example_dags/example_bash_operator.py took 0.092 seconds
[2022-01-19 00:43:53,389] {processor.py:163} INFO - Started process (PID=953) to work on /home/airflow/.local/lib/python3.6/site-packages/airflow/example_dags/example_bash_operator.py
[2022-01-19 00:43:53,391] {processor.py:642} INFO - Processing file /home/airflow/.local/lib/python3.6/site-packages/airflow/example_dags/example_bash_operator.py for tasks to queue
[2022-01-19 00:43:53,394] {logging_mixin.py:109} INFO - [2022-01-19 00:43:53,394] {dagbag.py:500} INFO - Filling up the DagBag from /home/airflow/.local/lib/python3.6/site-packages/airflow/example_dags/example_bash_operator.py
[2022-01-19 00:43:53,436] {processor.py:654} INFO - DAG(s) dict_keys(['example_bash_operator']) retrieved from /home/airflow/.local/lib/python3.6/site-packages/airflow/example_dags/example_bash_operator.py
[2022-01-19 00:43:53,450] {logging_mixin.py:109} INFO - [2022-01-19 00:43:53,450] {dag.py:2396} INFO - Sync 1 DAGs
[2022-01-19 00:43:53,468] {logging_mixin.py:109} INFO - [2022-01-19 00:43:53,468] {dag.py:2935} INFO - Setting next_dagrun for example_bash_operator to 2022-01-18 00:00:00+00:00
[2022-01-19 00:43:53,479] {processor.py:171} INFO - Processing /home/airflow/.local/lib/python3.6/site-packages/airflow/example_dags/example_bash_operator.py took 0.096 seconds
[2022-01-19 00:44:23,992] {processor.py:163} INFO - Started process (PID=1020) to work on /home/airflow/.local/lib/python3.6/site-packages/airflow/example_dags/example_bash_operator.py
[2022-01-19 00:44:23,993] {processor.py:642} INFO - Processing file /home/airflow/.local/lib/python3.6/site-packages/airflow/example_dags/example_bash_operator.py for tasks to queue
[2022-01-19 00:44:23,995] {logging_mixin.py:109} INFO - [2022-01-19 00:44:23,995] {dagbag.py:500} INFO - Filling up the DagBag from /home/airflow/.local/lib/python3.6/site-packages/airflow/example_dags/example_bash_operator.py
[2022-01-19 00:44:24,030] {processor.py:654} INFO - DAG(s) dict_keys(['example_bash_operator']) retrieved from /home/airflow/.local/lib/python3.6/site-packages/airflow/example_dags/example_bash_operator.py
[2022-01-19 00:44:24,042] {logging_mixin.py:109} INFO - [2022-01-19 00:44:24,042] {dag.py:2396} INFO - Sync 1 DAGs
[2022-01-19 00:44:24,061] {logging_mixin.py:109} INFO - [2022-01-19 00:44:24,060] {dag.py:2935} INFO - Setting next_dagrun for example_bash_operator to 2022-01-18 00:00:00+00:00
[2022-01-19 00:44:24,084] {processor.py:171} INFO - Processing /home/airflow/.local/lib/python3.6/site-packages/airflow/example_dags/example_bash_operator.py took 0.100 seconds
[2022-01-19 00:44:54,267] {processor.py:163} INFO - Started process (PID=1074) to work on /home/airflow/.local/lib/python3.6/site-packages/airflow/example_dags/example_bash_operator.py
[2022-01-19 00:44:54,269] {processor.py:642} INFO - Processing file /home/airflow/.local/lib/python3.6/site-packages/airflow/example_dags/example_bash_operator.py for tasks to queue
[2022-01-19 00:44:54,271] {logging_mixin.py:109} INFO - [2022-01-19 00:44:54,271] {dagbag.py:500} INFO - Filling up the DagBag from /home/airflow/.local/lib/python3.6/site-packages/airflow/example_dags/example_bash_operator.py
[2022-01-19 00:44:54,308] {processor.py:654} INFO - DAG(s) dict_keys(['example_bash_operator']) retrieved from /home/airflow/.local/lib/python3.6/site-packages/airflow/example_dags/example_bash_operator.py
[2022-01-19 00:44:54,320] {logging_mixin.py:109} INFO - [2022-01-19 00:44:54,319] {dag.py:2396} INFO - Sync 1 DAGs
[2022-01-19 00:44:54,339] {logging_mixin.py:109} INFO - [2022-01-19 00:44:54,339] {dag.py:2935} INFO - Setting next_dagrun for example_bash_operator to 2022-01-18 00:00:00+00:00
[2022-01-19 00:44:54,349] {processor.py:171} INFO - Processing /home/airflow/.local/lib/python3.6/site-packages/airflow/example_dags/example_bash_operator.py took 0.087 seconds
[2022-01-19 00:45:24,492] {processor.py:163} INFO - Started process (PID=1127) to work on /home/airflow/.local/lib/python3.6/site-packages/airflow/example_dags/example_bash_operator.py
[2022-01-19 00:45:24,494] {processor.py:642} INFO - Processing file /home/airflow/.local/lib/python3.6/site-packages/airflow/example_dags/example_bash_operator.py for tasks to queue
[2022-01-19 00:45:24,496] {logging_mixin.py:109} INFO - [2022-01-19 00:45:24,496] {dagbag.py:500} INFO - Filling up the DagBag from /home/airflow/.local/lib/python3.6/site-packages/airflow/example_dags/example_bash_operator.py
[2022-01-19 00:45:24,544] {processor.py:654} INFO - DAG(s) dict_keys(['example_bash_operator']) retrieved from /home/airflow/.local/lib/python3.6/site-packages/airflow/example_dags/example_bash_operator.py
[2022-01-19 00:45:24,557] {logging_mixin.py:109} INFO - [2022-01-19 00:45:24,557] {dag.py:2396} INFO - Sync 1 DAGs
[2022-01-19 00:45:24,576] {logging_mixin.py:109} INFO - [2022-01-19 00:45:24,575] {dag.py:2935} INFO - Setting next_dagrun for example_bash_operator to 2022-01-18 00:00:00+00:00
[2022-01-19 00:45:24,591] {processor.py:171} INFO - Processing /home/airflow/.local/lib/python3.6/site-packages/airflow/example_dags/example_bash_operator.py took 0.105 seconds
