[2022-01-19 00:36:29,299] {processor.py:163} INFO - Started process (PID=49) to work on /home/airflow/.local/lib/python3.6/site-packages/airflow/example_dags/example_python_operator.py
[2022-01-19 00:36:29,303] {processor.py:642} INFO - Processing file /home/airflow/.local/lib/python3.6/site-packages/airflow/example_dags/example_python_operator.py for tasks to queue
[2022-01-19 00:36:29,322] {logging_mixin.py:109} INFO - [2022-01-19 00:36:29,321] {dagbag.py:500} INFO - Filling up the DagBag from /home/airflow/.local/lib/python3.6/site-packages/airflow/example_dags/example_python_operator.py
[2022-01-19 00:36:29,491] {processor.py:654} INFO - DAG(s) dict_keys(['example_python_operator']) retrieved from /home/airflow/.local/lib/python3.6/site-packages/airflow/example_dags/example_python_operator.py
[2022-01-19 00:36:43,299] {logging_mixin.py:109} INFO - [2022-01-19 00:36:43,299] {manager.py:496} INFO - Created Permission View: can read on DAG:example_python_operator
[2022-01-19 00:36:43,332] {logging_mixin.py:109} INFO - [2022-01-19 00:36:43,332] {manager.py:496} INFO - Created Permission View: can edit on DAG:example_python_operator
[2022-01-19 00:36:43,338] {logging_mixin.py:109} INFO - [2022-01-19 00:36:43,334] {dag.py:2396} INFO - Sync 1 DAGs
[2022-01-19 00:36:43,358] {logging_mixin.py:109} INFO - [2022-01-19 00:36:43,357] {dag.py:2415} INFO - Creating ORM DAG for example_python_operator
[2022-01-19 00:36:43,389] {logging_mixin.py:109} INFO - [2022-01-19 00:36:43,389] {dag.py:2935} INFO - Setting next_dagrun for example_python_operator to None
[2022-01-19 00:36:43,434] {processor.py:171} INFO - Processing /home/airflow/.local/lib/python3.6/site-packages/airflow/example_dags/example_python_operator.py took 14.151 seconds
[2022-01-19 00:37:23,656] {processor.py:163} INFO - Started process (PID=232) to work on /home/airflow/.local/lib/python3.6/site-packages/airflow/example_dags/example_python_operator.py
[2022-01-19 00:37:23,658] {processor.py:642} INFO - Processing file /home/airflow/.local/lib/python3.6/site-packages/airflow/example_dags/example_python_operator.py for tasks to queue
[2022-01-19 00:37:23,659] {logging_mixin.py:109} INFO - [2022-01-19 00:37:23,659] {dagbag.py:500} INFO - Filling up the DagBag from /home/airflow/.local/lib/python3.6/site-packages/airflow/example_dags/example_python_operator.py
[2022-01-19 00:37:23,714] {processor.py:654} INFO - DAG(s) dict_keys(['example_python_operator']) retrieved from /home/airflow/.local/lib/python3.6/site-packages/airflow/example_dags/example_python_operator.py
[2022-01-19 00:37:23,728] {logging_mixin.py:109} INFO - [2022-01-19 00:37:23,728] {dag.py:2396} INFO - Sync 1 DAGs
[2022-01-19 00:37:23,748] {logging_mixin.py:109} INFO - [2022-01-19 00:37:23,748] {dag.py:2935} INFO - Setting next_dagrun for example_python_operator to None
[2022-01-19 00:37:23,765] {processor.py:171} INFO - Processing /home/airflow/.local/lib/python3.6/site-packages/airflow/example_dags/example_python_operator.py took 0.113 seconds
[2022-01-19 00:37:54,100] {processor.py:163} INFO - Started process (PID=292) to work on /home/airflow/.local/lib/python3.6/site-packages/airflow/example_dags/example_python_operator.py
[2022-01-19 00:37:54,103] {processor.py:642} INFO - Processing file /home/airflow/.local/lib/python3.6/site-packages/airflow/example_dags/example_python_operator.py for tasks to queue
[2022-01-19 00:37:54,105] {logging_mixin.py:109} INFO - [2022-01-19 00:37:54,104] {dagbag.py:500} INFO - Filling up the DagBag from /home/airflow/.local/lib/python3.6/site-packages/airflow/example_dags/example_python_operator.py
[2022-01-19 00:37:54,146] {processor.py:654} INFO - DAG(s) dict_keys(['example_python_operator']) retrieved from /home/airflow/.local/lib/python3.6/site-packages/airflow/example_dags/example_python_operator.py
[2022-01-19 00:37:54,158] {logging_mixin.py:109} INFO - [2022-01-19 00:37:54,158] {dag.py:2396} INFO - Sync 1 DAGs
[2022-01-19 00:37:54,175] {logging_mixin.py:109} INFO - [2022-01-19 00:37:54,175] {dag.py:2935} INFO - Setting next_dagrun for example_python_operator to None
[2022-01-19 00:37:54,188] {processor.py:171} INFO - Processing /home/airflow/.local/lib/python3.6/site-packages/airflow/example_dags/example_python_operator.py took 0.093 seconds
[2022-01-19 00:38:24,390] {processor.py:163} INFO - Started process (PID=346) to work on /home/airflow/.local/lib/python3.6/site-packages/airflow/example_dags/example_python_operator.py
[2022-01-19 00:38:24,392] {processor.py:642} INFO - Processing file /home/airflow/.local/lib/python3.6/site-packages/airflow/example_dags/example_python_operator.py for tasks to queue
[2022-01-19 00:38:24,394] {logging_mixin.py:109} INFO - [2022-01-19 00:38:24,393] {dagbag.py:500} INFO - Filling up the DagBag from /home/airflow/.local/lib/python3.6/site-packages/airflow/example_dags/example_python_operator.py
[2022-01-19 00:38:24,455] {processor.py:654} INFO - DAG(s) dict_keys(['example_python_operator']) retrieved from /home/airflow/.local/lib/python3.6/site-packages/airflow/example_dags/example_python_operator.py
[2022-01-19 00:38:24,471] {logging_mixin.py:109} INFO - [2022-01-19 00:38:24,471] {dag.py:2396} INFO - Sync 1 DAGs
[2022-01-19 00:38:24,500] {logging_mixin.py:109} INFO - [2022-01-19 00:38:24,500] {dag.py:2935} INFO - Setting next_dagrun for example_python_operator to None
[2022-01-19 00:38:24,521] {processor.py:171} INFO - Processing /home/airflow/.local/lib/python3.6/site-packages/airflow/example_dags/example_python_operator.py took 0.135 seconds
[2022-01-19 00:38:54,896] {processor.py:163} INFO - Started process (PID=411) to work on /home/airflow/.local/lib/python3.6/site-packages/airflow/example_dags/example_python_operator.py
[2022-01-19 00:38:54,899] {processor.py:642} INFO - Processing file /home/airflow/.local/lib/python3.6/site-packages/airflow/example_dags/example_python_operator.py for tasks to queue
[2022-01-19 00:38:54,901] {logging_mixin.py:109} INFO - [2022-01-19 00:38:54,901] {dagbag.py:500} INFO - Filling up the DagBag from /home/airflow/.local/lib/python3.6/site-packages/airflow/example_dags/example_python_operator.py
[2022-01-19 00:38:54,964] {processor.py:654} INFO - DAG(s) dict_keys(['example_python_operator']) retrieved from /home/airflow/.local/lib/python3.6/site-packages/airflow/example_dags/example_python_operator.py
[2022-01-19 00:38:54,987] {logging_mixin.py:109} INFO - [2022-01-19 00:38:54,987] {dag.py:2396} INFO - Sync 1 DAGs
[2022-01-19 00:38:55,022] {logging_mixin.py:109} INFO - [2022-01-19 00:38:55,021] {dag.py:2935} INFO - Setting next_dagrun for example_python_operator to None
[2022-01-19 00:38:55,053] {processor.py:171} INFO - Processing /home/airflow/.local/lib/python3.6/site-packages/airflow/example_dags/example_python_operator.py took 0.163 seconds
[2022-01-19 00:39:25,231] {processor.py:163} INFO - Started process (PID=466) to work on /home/airflow/.local/lib/python3.6/site-packages/airflow/example_dags/example_python_operator.py
[2022-01-19 00:39:25,234] {processor.py:642} INFO - Processing file /home/airflow/.local/lib/python3.6/site-packages/airflow/example_dags/example_python_operator.py for tasks to queue
[2022-01-19 00:39:25,237] {logging_mixin.py:109} INFO - [2022-01-19 00:39:25,237] {dagbag.py:500} INFO - Filling up the DagBag from /home/airflow/.local/lib/python3.6/site-packages/airflow/example_dags/example_python_operator.py
[2022-01-19 00:39:25,316] {processor.py:654} INFO - DAG(s) dict_keys(['example_python_operator']) retrieved from /home/airflow/.local/lib/python3.6/site-packages/airflow/example_dags/example_python_operator.py
[2022-01-19 00:39:25,342] {logging_mixin.py:109} INFO - [2022-01-19 00:39:25,342] {dag.py:2396} INFO - Sync 1 DAGs
[2022-01-19 00:39:25,381] {logging_mixin.py:109} INFO - [2022-01-19 00:39:25,381] {dag.py:2935} INFO - Setting next_dagrun for example_python_operator to None
[2022-01-19 00:39:25,406] {processor.py:171} INFO - Processing /home/airflow/.local/lib/python3.6/site-packages/airflow/example_dags/example_python_operator.py took 0.184 seconds
[2022-01-19 00:39:55,644] {processor.py:163} INFO - Started process (PID=521) to work on /home/airflow/.local/lib/python3.6/site-packages/airflow/example_dags/example_python_operator.py
[2022-01-19 00:39:55,654] {processor.py:642} INFO - Processing file /home/airflow/.local/lib/python3.6/site-packages/airflow/example_dags/example_python_operator.py for tasks to queue
[2022-01-19 00:39:55,656] {logging_mixin.py:109} INFO - [2022-01-19 00:39:55,656] {dagbag.py:500} INFO - Filling up the DagBag from /home/airflow/.local/lib/python3.6/site-packages/airflow/example_dags/example_python_operator.py
[2022-01-19 00:39:55,726] {processor.py:654} INFO - DAG(s) dict_keys(['example_python_operator']) retrieved from /home/airflow/.local/lib/python3.6/site-packages/airflow/example_dags/example_python_operator.py
[2022-01-19 00:39:55,748] {logging_mixin.py:109} INFO - [2022-01-19 00:39:55,747] {dag.py:2396} INFO - Sync 1 DAGs
[2022-01-19 00:39:55,789] {logging_mixin.py:109} INFO - [2022-01-19 00:39:55,789] {dag.py:2935} INFO - Setting next_dagrun for example_python_operator to None
[2022-01-19 00:39:55,810] {processor.py:171} INFO - Processing /home/airflow/.local/lib/python3.6/site-packages/airflow/example_dags/example_python_operator.py took 0.172 seconds
[2022-01-19 00:40:26,396] {processor.py:163} INFO - Started process (PID=575) to work on /home/airflow/.local/lib/python3.6/site-packages/airflow/example_dags/example_python_operator.py
[2022-01-19 00:40:26,401] {processor.py:642} INFO - Processing file /home/airflow/.local/lib/python3.6/site-packages/airflow/example_dags/example_python_operator.py for tasks to queue
[2022-01-19 00:40:26,405] {logging_mixin.py:109} INFO - [2022-01-19 00:40:26,405] {dagbag.py:500} INFO - Filling up the DagBag from /home/airflow/.local/lib/python3.6/site-packages/airflow/example_dags/example_python_operator.py
[2022-01-19 00:40:26,511] {processor.py:654} INFO - DAG(s) dict_keys(['example_python_operator']) retrieved from /home/airflow/.local/lib/python3.6/site-packages/airflow/example_dags/example_python_operator.py
[2022-01-19 00:40:26,548] {logging_mixin.py:109} INFO - [2022-01-19 00:40:26,548] {dag.py:2396} INFO - Sync 1 DAGs
[2022-01-19 00:40:26,599] {logging_mixin.py:109} INFO - [2022-01-19 00:40:26,599] {dag.py:2935} INFO - Setting next_dagrun for example_python_operator to None
[2022-01-19 00:40:26,643] {processor.py:171} INFO - Processing /home/airflow/.local/lib/python3.6/site-packages/airflow/example_dags/example_python_operator.py took 0.257 seconds
[2022-01-19 00:40:57,191] {processor.py:163} INFO - Started process (PID=629) to work on /home/airflow/.local/lib/python3.6/site-packages/airflow/example_dags/example_python_operator.py
[2022-01-19 00:40:57,194] {processor.py:642} INFO - Processing file /home/airflow/.local/lib/python3.6/site-packages/airflow/example_dags/example_python_operator.py for tasks to queue
[2022-01-19 00:40:57,196] {logging_mixin.py:109} INFO - [2022-01-19 00:40:57,196] {dagbag.py:500} INFO - Filling up the DagBag from /home/airflow/.local/lib/python3.6/site-packages/airflow/example_dags/example_python_operator.py
[2022-01-19 00:40:57,246] {processor.py:654} INFO - DAG(s) dict_keys(['example_python_operator']) retrieved from /home/airflow/.local/lib/python3.6/site-packages/airflow/example_dags/example_python_operator.py
[2022-01-19 00:40:57,262] {logging_mixin.py:109} INFO - [2022-01-19 00:40:57,262] {dag.py:2396} INFO - Sync 1 DAGs
[2022-01-19 00:40:57,290] {logging_mixin.py:109} INFO - [2022-01-19 00:40:57,289] {dag.py:2935} INFO - Setting next_dagrun for example_python_operator to None
[2022-01-19 00:40:57,313] {processor.py:171} INFO - Processing /home/airflow/.local/lib/python3.6/site-packages/airflow/example_dags/example_python_operator.py took 0.126 seconds
[2022-01-19 00:41:27,558] {processor.py:163} INFO - Started process (PID=693) to work on /home/airflow/.local/lib/python3.6/site-packages/airflow/example_dags/example_python_operator.py
[2022-01-19 00:41:27,561] {processor.py:642} INFO - Processing file /home/airflow/.local/lib/python3.6/site-packages/airflow/example_dags/example_python_operator.py for tasks to queue
[2022-01-19 00:41:27,562] {logging_mixin.py:109} INFO - [2022-01-19 00:41:27,562] {dagbag.py:500} INFO - Filling up the DagBag from /home/airflow/.local/lib/python3.6/site-packages/airflow/example_dags/example_python_operator.py
[2022-01-19 00:41:27,616] {processor.py:654} INFO - DAG(s) dict_keys(['example_python_operator']) retrieved from /home/airflow/.local/lib/python3.6/site-packages/airflow/example_dags/example_python_operator.py
[2022-01-19 00:41:27,634] {logging_mixin.py:109} INFO - [2022-01-19 00:41:27,634] {dag.py:2396} INFO - Sync 1 DAGs
[2022-01-19 00:41:27,665] {logging_mixin.py:109} INFO - [2022-01-19 00:41:27,664] {dag.py:2935} INFO - Setting next_dagrun for example_python_operator to None
[2022-01-19 00:41:27,680] {processor.py:171} INFO - Processing /home/airflow/.local/lib/python3.6/site-packages/airflow/example_dags/example_python_operator.py took 0.128 seconds
[2022-01-19 00:41:57,963] {processor.py:163} INFO - Started process (PID=747) to work on /home/airflow/.local/lib/python3.6/site-packages/airflow/example_dags/example_python_operator.py
[2022-01-19 00:41:57,966] {processor.py:642} INFO - Processing file /home/airflow/.local/lib/python3.6/site-packages/airflow/example_dags/example_python_operator.py for tasks to queue
[2022-01-19 00:41:57,969] {logging_mixin.py:109} INFO - [2022-01-19 00:41:57,968] {dagbag.py:500} INFO - Filling up the DagBag from /home/airflow/.local/lib/python3.6/site-packages/airflow/example_dags/example_python_operator.py
[2022-01-19 00:41:58,021] {processor.py:654} INFO - DAG(s) dict_keys(['example_python_operator']) retrieved from /home/airflow/.local/lib/python3.6/site-packages/airflow/example_dags/example_python_operator.py
[2022-01-19 00:41:58,039] {logging_mixin.py:109} INFO - [2022-01-19 00:41:58,039] {dag.py:2396} INFO - Sync 1 DAGs
[2022-01-19 00:41:58,059] {logging_mixin.py:109} INFO - [2022-01-19 00:41:58,059] {dag.py:2935} INFO - Setting next_dagrun for example_python_operator to None
[2022-01-19 00:41:58,074] {processor.py:171} INFO - Processing /home/airflow/.local/lib/python3.6/site-packages/airflow/example_dags/example_python_operator.py took 0.118 seconds
[2022-01-19 00:42:28,623] {processor.py:163} INFO - Started process (PID=800) to work on /home/airflow/.local/lib/python3.6/site-packages/airflow/example_dags/example_python_operator.py
[2022-01-19 00:42:28,628] {processor.py:642} INFO - Processing file /home/airflow/.local/lib/python3.6/site-packages/airflow/example_dags/example_python_operator.py for tasks to queue
[2022-01-19 00:42:28,631] {logging_mixin.py:109} INFO - [2022-01-19 00:42:28,630] {dagbag.py:500} INFO - Filling up the DagBag from /home/airflow/.local/lib/python3.6/site-packages/airflow/example_dags/example_python_operator.py
[2022-01-19 00:42:28,705] {processor.py:654} INFO - DAG(s) dict_keys(['example_python_operator']) retrieved from /home/airflow/.local/lib/python3.6/site-packages/airflow/example_dags/example_python_operator.py
[2022-01-19 00:42:28,735] {logging_mixin.py:109} INFO - [2022-01-19 00:42:28,735] {dag.py:2396} INFO - Sync 1 DAGs
[2022-01-19 00:42:28,770] {logging_mixin.py:109} INFO - [2022-01-19 00:42:28,770] {dag.py:2935} INFO - Setting next_dagrun for example_python_operator to None
[2022-01-19 00:42:28,786] {processor.py:171} INFO - Processing /home/airflow/.local/lib/python3.6/site-packages/airflow/example_dags/example_python_operator.py took 0.171 seconds
[2022-01-19 00:42:59,194] {processor.py:163} INFO - Started process (PID=853) to work on /home/airflow/.local/lib/python3.6/site-packages/airflow/example_dags/example_python_operator.py
[2022-01-19 00:42:59,197] {processor.py:642} INFO - Processing file /home/airflow/.local/lib/python3.6/site-packages/airflow/example_dags/example_python_operator.py for tasks to queue
[2022-01-19 00:42:59,200] {logging_mixin.py:109} INFO - [2022-01-19 00:42:59,200] {dagbag.py:500} INFO - Filling up the DagBag from /home/airflow/.local/lib/python3.6/site-packages/airflow/example_dags/example_python_operator.py
[2022-01-19 00:42:59,258] {processor.py:654} INFO - DAG(s) dict_keys(['example_python_operator']) retrieved from /home/airflow/.local/lib/python3.6/site-packages/airflow/example_dags/example_python_operator.py
[2022-01-19 00:42:59,288] {logging_mixin.py:109} INFO - [2022-01-19 00:42:59,287] {dag.py:2396} INFO - Sync 1 DAGs
[2022-01-19 00:42:59,336] {logging_mixin.py:109} INFO - [2022-01-19 00:42:59,335] {dag.py:2935} INFO - Setting next_dagrun for example_python_operator to None
[2022-01-19 00:42:59,363] {processor.py:171} INFO - Processing /home/airflow/.local/lib/python3.6/site-packages/airflow/example_dags/example_python_operator.py took 0.179 seconds
[2022-01-19 00:43:29,592] {processor.py:163} INFO - Started process (PID=915) to work on /home/airflow/.local/lib/python3.6/site-packages/airflow/example_dags/example_python_operator.py
[2022-01-19 00:43:29,594] {processor.py:642} INFO - Processing file /home/airflow/.local/lib/python3.6/site-packages/airflow/example_dags/example_python_operator.py for tasks to queue
[2022-01-19 00:43:29,596] {logging_mixin.py:109} INFO - [2022-01-19 00:43:29,596] {dagbag.py:500} INFO - Filling up the DagBag from /home/airflow/.local/lib/python3.6/site-packages/airflow/example_dags/example_python_operator.py
[2022-01-19 00:43:29,681] {processor.py:654} INFO - DAG(s) dict_keys(['example_python_operator']) retrieved from /home/airflow/.local/lib/python3.6/site-packages/airflow/example_dags/example_python_operator.py
[2022-01-19 00:43:29,708] {logging_mixin.py:109} INFO - [2022-01-19 00:43:29,707] {dag.py:2396} INFO - Sync 1 DAGs
[2022-01-19 00:43:29,766] {logging_mixin.py:109} INFO - [2022-01-19 00:43:29,766] {dag.py:2935} INFO - Setting next_dagrun for example_python_operator to None
[2022-01-19 00:43:29,813] {processor.py:171} INFO - Processing /home/airflow/.local/lib/python3.6/site-packages/airflow/example_dags/example_python_operator.py took 0.226 seconds
