[2022-01-19 00:37:19,165] {processor.py:163} INFO - Started process (PID=209) to work on /home/airflow/.local/lib/python3.6/site-packages/airflow/example_dags/example_time_delta_sensor_async.py
[2022-01-19 00:37:19,168] {processor.py:642} INFO - Processing file /home/airflow/.local/lib/python3.6/site-packages/airflow/example_dags/example_time_delta_sensor_async.py for tasks to queue
[2022-01-19 00:37:19,169] {logging_mixin.py:109} INFO - [2022-01-19 00:37:19,169] {dagbag.py:500} INFO - Filling up the DagBag from /home/airflow/.local/lib/python3.6/site-packages/airflow/example_dags/example_time_delta_sensor_async.py
[2022-01-19 00:37:19,208] {processor.py:654} INFO - DAG(s) dict_keys(['example_time_delta_sensor_async']) retrieved from /home/airflow/.local/lib/python3.6/site-packages/airflow/example_dags/example_time_delta_sensor_async.py
[2022-01-19 00:37:21,063] {logging_mixin.py:109} INFO - [2022-01-19 00:37:21,063] {manager.py:496} INFO - Created Permission View: can read on DAG:example_time_delta_sensor_async
[2022-01-19 00:37:21,079] {logging_mixin.py:109} INFO - [2022-01-19 00:37:21,079] {manager.py:496} INFO - Created Permission View: can edit on DAG:example_time_delta_sensor_async
[2022-01-19 00:37:21,101] {logging_mixin.py:109} INFO - [2022-01-19 00:37:21,099] {dag.py:2396} INFO - Sync 1 DAGs
[2022-01-19 00:37:21,117] {logging_mixin.py:109} INFO - [2022-01-19 00:37:21,115] {dag.py:2415} INFO - Creating ORM DAG for example_time_delta_sensor_async
[2022-01-19 00:37:21,132] {logging_mixin.py:109} INFO - [2022-01-19 00:37:21,132] {dag.py:2935} INFO - Setting next_dagrun for example_time_delta_sensor_async to None
[2022-01-19 00:37:21,150] {processor.py:171} INFO - Processing /home/airflow/.local/lib/python3.6/site-packages/airflow/example_dags/example_time_delta_sensor_async.py took 1.990 seconds
[2022-01-19 00:37:51,953] {processor.py:163} INFO - Started process (PID=289) to work on /home/airflow/.local/lib/python3.6/site-packages/airflow/example_dags/example_time_delta_sensor_async.py
[2022-01-19 00:37:51,955] {processor.py:642} INFO - Processing file /home/airflow/.local/lib/python3.6/site-packages/airflow/example_dags/example_time_delta_sensor_async.py for tasks to queue
[2022-01-19 00:37:51,957] {logging_mixin.py:109} INFO - [2022-01-19 00:37:51,957] {dagbag.py:500} INFO - Filling up the DagBag from /home/airflow/.local/lib/python3.6/site-packages/airflow/example_dags/example_time_delta_sensor_async.py
[2022-01-19 00:37:52,001] {processor.py:654} INFO - DAG(s) dict_keys(['example_time_delta_sensor_async']) retrieved from /home/airflow/.local/lib/python3.6/site-packages/airflow/example_dags/example_time_delta_sensor_async.py
[2022-01-19 00:37:52,016] {logging_mixin.py:109} INFO - [2022-01-19 00:37:52,015] {dag.py:2396} INFO - Sync 1 DAGs
[2022-01-19 00:37:52,038] {logging_mixin.py:109} INFO - [2022-01-19 00:37:52,037] {dag.py:2935} INFO - Setting next_dagrun for example_time_delta_sensor_async to None
[2022-01-19 00:37:52,049] {processor.py:171} INFO - Processing /home/airflow/.local/lib/python3.6/site-packages/airflow/example_dags/example_time_delta_sensor_async.py took 0.100 seconds
[2022-01-19 00:38:22,255] {processor.py:163} INFO - Started process (PID=343) to work on /home/airflow/.local/lib/python3.6/site-packages/airflow/example_dags/example_time_delta_sensor_async.py
[2022-01-19 00:38:22,258] {processor.py:642} INFO - Processing file /home/airflow/.local/lib/python3.6/site-packages/airflow/example_dags/example_time_delta_sensor_async.py for tasks to queue
[2022-01-19 00:38:22,259] {logging_mixin.py:109} INFO - [2022-01-19 00:38:22,259] {dagbag.py:500} INFO - Filling up the DagBag from /home/airflow/.local/lib/python3.6/site-packages/airflow/example_dags/example_time_delta_sensor_async.py
[2022-01-19 00:38:22,290] {processor.py:654} INFO - DAG(s) dict_keys(['example_time_delta_sensor_async']) retrieved from /home/airflow/.local/lib/python3.6/site-packages/airflow/example_dags/example_time_delta_sensor_async.py
[2022-01-19 00:38:22,301] {logging_mixin.py:109} INFO - [2022-01-19 00:38:22,301] {dag.py:2396} INFO - Sync 1 DAGs
[2022-01-19 00:38:22,318] {logging_mixin.py:109} INFO - [2022-01-19 00:38:22,318] {dag.py:2935} INFO - Setting next_dagrun for example_time_delta_sensor_async to None
[2022-01-19 00:38:22,329] {processor.py:171} INFO - Processing /home/airflow/.local/lib/python3.6/site-packages/airflow/example_dags/example_time_delta_sensor_async.py took 0.079 seconds
[2022-01-19 00:38:52,786] {processor.py:163} INFO - Started process (PID=398) to work on /home/airflow/.local/lib/python3.6/site-packages/airflow/example_dags/example_time_delta_sensor_async.py
[2022-01-19 00:38:52,788] {processor.py:642} INFO - Processing file /home/airflow/.local/lib/python3.6/site-packages/airflow/example_dags/example_time_delta_sensor_async.py for tasks to queue
[2022-01-19 00:38:52,789] {logging_mixin.py:109} INFO - [2022-01-19 00:38:52,789] {dagbag.py:500} INFO - Filling up the DagBag from /home/airflow/.local/lib/python3.6/site-packages/airflow/example_dags/example_time_delta_sensor_async.py
[2022-01-19 00:38:52,819] {processor.py:654} INFO - DAG(s) dict_keys(['example_time_delta_sensor_async']) retrieved from /home/airflow/.local/lib/python3.6/site-packages/airflow/example_dags/example_time_delta_sensor_async.py
[2022-01-19 00:38:52,833] {logging_mixin.py:109} INFO - [2022-01-19 00:38:52,833] {dag.py:2396} INFO - Sync 1 DAGs
[2022-01-19 00:38:52,854] {logging_mixin.py:109} INFO - [2022-01-19 00:38:52,854] {dag.py:2935} INFO - Setting next_dagrun for example_time_delta_sensor_async to None
[2022-01-19 00:38:52,865] {processor.py:171} INFO - Processing /home/airflow/.local/lib/python3.6/site-packages/airflow/example_dags/example_time_delta_sensor_async.py took 0.082 seconds
[2022-01-19 00:39:23,056] {processor.py:163} INFO - Started process (PID=463) to work on /home/airflow/.local/lib/python3.6/site-packages/airflow/example_dags/example_time_delta_sensor_async.py
[2022-01-19 00:39:23,059] {processor.py:642} INFO - Processing file /home/airflow/.local/lib/python3.6/site-packages/airflow/example_dags/example_time_delta_sensor_async.py for tasks to queue
[2022-01-19 00:39:23,060] {logging_mixin.py:109} INFO - [2022-01-19 00:39:23,060] {dagbag.py:500} INFO - Filling up the DagBag from /home/airflow/.local/lib/python3.6/site-packages/airflow/example_dags/example_time_delta_sensor_async.py
[2022-01-19 00:39:23,097] {processor.py:654} INFO - DAG(s) dict_keys(['example_time_delta_sensor_async']) retrieved from /home/airflow/.local/lib/python3.6/site-packages/airflow/example_dags/example_time_delta_sensor_async.py
[2022-01-19 00:39:23,113] {logging_mixin.py:109} INFO - [2022-01-19 00:39:23,112] {dag.py:2396} INFO - Sync 1 DAGs
[2022-01-19 00:39:23,141] {logging_mixin.py:109} INFO - [2022-01-19 00:39:23,141] {dag.py:2935} INFO - Setting next_dagrun for example_time_delta_sensor_async to None
[2022-01-19 00:39:23,160] {processor.py:171} INFO - Processing /home/airflow/.local/lib/python3.6/site-packages/airflow/example_dags/example_time_delta_sensor_async.py took 0.107 seconds
[2022-01-19 00:39:53,495] {processor.py:163} INFO - Started process (PID=518) to work on /home/airflow/.local/lib/python3.6/site-packages/airflow/example_dags/example_time_delta_sensor_async.py
[2022-01-19 00:39:53,497] {processor.py:642} INFO - Processing file /home/airflow/.local/lib/python3.6/site-packages/airflow/example_dags/example_time_delta_sensor_async.py for tasks to queue
[2022-01-19 00:39:53,499] {logging_mixin.py:109} INFO - [2022-01-19 00:39:53,499] {dagbag.py:500} INFO - Filling up the DagBag from /home/airflow/.local/lib/python3.6/site-packages/airflow/example_dags/example_time_delta_sensor_async.py
[2022-01-19 00:39:53,537] {processor.py:654} INFO - DAG(s) dict_keys(['example_time_delta_sensor_async']) retrieved from /home/airflow/.local/lib/python3.6/site-packages/airflow/example_dags/example_time_delta_sensor_async.py
[2022-01-19 00:39:53,552] {logging_mixin.py:109} INFO - [2022-01-19 00:39:53,552] {dag.py:2396} INFO - Sync 1 DAGs
[2022-01-19 00:39:53,574] {logging_mixin.py:109} INFO - [2022-01-19 00:39:53,574] {dag.py:2935} INFO - Setting next_dagrun for example_time_delta_sensor_async to None
[2022-01-19 00:39:53,597] {processor.py:171} INFO - Processing /home/airflow/.local/lib/python3.6/site-packages/airflow/example_dags/example_time_delta_sensor_async.py took 0.111 seconds
[2022-01-19 00:40:24,384] {processor.py:163} INFO - Started process (PID=572) to work on /home/airflow/.local/lib/python3.6/site-packages/airflow/example_dags/example_time_delta_sensor_async.py
[2022-01-19 00:40:24,389] {processor.py:642} INFO - Processing file /home/airflow/.local/lib/python3.6/site-packages/airflow/example_dags/example_time_delta_sensor_async.py for tasks to queue
[2022-01-19 00:40:24,392] {logging_mixin.py:109} INFO - [2022-01-19 00:40:24,392] {dagbag.py:500} INFO - Filling up the DagBag from /home/airflow/.local/lib/python3.6/site-packages/airflow/example_dags/example_time_delta_sensor_async.py
[2022-01-19 00:40:24,456] {processor.py:654} INFO - DAG(s) dict_keys(['example_time_delta_sensor_async']) retrieved from /home/airflow/.local/lib/python3.6/site-packages/airflow/example_dags/example_time_delta_sensor_async.py
[2022-01-19 00:40:24,531] {logging_mixin.py:109} INFO - [2022-01-19 00:40:24,530] {dag.py:2396} INFO - Sync 1 DAGs
[2022-01-19 00:40:24,598] {logging_mixin.py:109} INFO - [2022-01-19 00:40:24,597] {dag.py:2935} INFO - Setting next_dagrun for example_time_delta_sensor_async to None
[2022-01-19 00:40:24,689] {processor.py:171} INFO - Processing /home/airflow/.local/lib/python3.6/site-packages/airflow/example_dags/example_time_delta_sensor_async.py took 0.311 seconds
[2022-01-19 00:40:54,911] {processor.py:163} INFO - Started process (PID=626) to work on /home/airflow/.local/lib/python3.6/site-packages/airflow/example_dags/example_time_delta_sensor_async.py
[2022-01-19 00:40:54,915] {processor.py:642} INFO - Processing file /home/airflow/.local/lib/python3.6/site-packages/airflow/example_dags/example_time_delta_sensor_async.py for tasks to queue
[2022-01-19 00:40:54,918] {logging_mixin.py:109} INFO - [2022-01-19 00:40:54,918] {dagbag.py:500} INFO - Filling up the DagBag from /home/airflow/.local/lib/python3.6/site-packages/airflow/example_dags/example_time_delta_sensor_async.py
[2022-01-19 00:40:55,011] {processor.py:654} INFO - DAG(s) dict_keys(['example_time_delta_sensor_async']) retrieved from /home/airflow/.local/lib/python3.6/site-packages/airflow/example_dags/example_time_delta_sensor_async.py
[2022-01-19 00:40:55,042] {logging_mixin.py:109} INFO - [2022-01-19 00:40:55,041] {dag.py:2396} INFO - Sync 1 DAGs
[2022-01-19 00:40:55,109] {logging_mixin.py:109} INFO - [2022-01-19 00:40:55,109] {dag.py:2935} INFO - Setting next_dagrun for example_time_delta_sensor_async to None
[2022-01-19 00:40:55,137] {processor.py:171} INFO - Processing /home/airflow/.local/lib/python3.6/site-packages/airflow/example_dags/example_time_delta_sensor_async.py took 0.232 seconds
[2022-01-19 00:41:26,018] {processor.py:163} INFO - Started process (PID=689) to work on /home/airflow/.local/lib/python3.6/site-packages/airflow/example_dags/example_time_delta_sensor_async.py
[2022-01-19 00:41:26,021] {processor.py:642} INFO - Processing file /home/airflow/.local/lib/python3.6/site-packages/airflow/example_dags/example_time_delta_sensor_async.py for tasks to queue
[2022-01-19 00:41:26,023] {logging_mixin.py:109} INFO - [2022-01-19 00:41:26,023] {dagbag.py:500} INFO - Filling up the DagBag from /home/airflow/.local/lib/python3.6/site-packages/airflow/example_dags/example_time_delta_sensor_async.py
[2022-01-19 00:41:26,068] {processor.py:654} INFO - DAG(s) dict_keys(['example_time_delta_sensor_async']) retrieved from /home/airflow/.local/lib/python3.6/site-packages/airflow/example_dags/example_time_delta_sensor_async.py
[2022-01-19 00:41:26,084] {logging_mixin.py:109} INFO - [2022-01-19 00:41:26,084] {dag.py:2396} INFO - Sync 1 DAGs
[2022-01-19 00:41:26,114] {logging_mixin.py:109} INFO - [2022-01-19 00:41:26,114] {dag.py:2935} INFO - Setting next_dagrun for example_time_delta_sensor_async to None
[2022-01-19 00:41:26,130] {processor.py:171} INFO - Processing /home/airflow/.local/lib/python3.6/site-packages/airflow/example_dags/example_time_delta_sensor_async.py took 0.116 seconds
[2022-01-19 00:41:56,449] {processor.py:163} INFO - Started process (PID=744) to work on /home/airflow/.local/lib/python3.6/site-packages/airflow/example_dags/example_time_delta_sensor_async.py
[2022-01-19 00:41:56,455] {processor.py:642} INFO - Processing file /home/airflow/.local/lib/python3.6/site-packages/airflow/example_dags/example_time_delta_sensor_async.py for tasks to queue
[2022-01-19 00:41:56,458] {logging_mixin.py:109} INFO - [2022-01-19 00:41:56,457] {dagbag.py:500} INFO - Filling up the DagBag from /home/airflow/.local/lib/python3.6/site-packages/airflow/example_dags/example_time_delta_sensor_async.py
[2022-01-19 00:41:56,509] {processor.py:654} INFO - DAG(s) dict_keys(['example_time_delta_sensor_async']) retrieved from /home/airflow/.local/lib/python3.6/site-packages/airflow/example_dags/example_time_delta_sensor_async.py
[2022-01-19 00:41:56,527] {logging_mixin.py:109} INFO - [2022-01-19 00:41:56,527] {dag.py:2396} INFO - Sync 1 DAGs
[2022-01-19 00:41:56,564] {logging_mixin.py:109} INFO - [2022-01-19 00:41:56,563] {dag.py:2935} INFO - Setting next_dagrun for example_time_delta_sensor_async to None
[2022-01-19 00:41:56,584] {processor.py:171} INFO - Processing /home/airflow/.local/lib/python3.6/site-packages/airflow/example_dags/example_time_delta_sensor_async.py took 0.143 seconds
[2022-01-19 00:42:26,884] {processor.py:163} INFO - Started process (PID=797) to work on /home/airflow/.local/lib/python3.6/site-packages/airflow/example_dags/example_time_delta_sensor_async.py
[2022-01-19 00:42:26,886] {processor.py:642} INFO - Processing file /home/airflow/.local/lib/python3.6/site-packages/airflow/example_dags/example_time_delta_sensor_async.py for tasks to queue
[2022-01-19 00:42:26,887] {logging_mixin.py:109} INFO - [2022-01-19 00:42:26,887] {dagbag.py:500} INFO - Filling up the DagBag from /home/airflow/.local/lib/python3.6/site-packages/airflow/example_dags/example_time_delta_sensor_async.py
[2022-01-19 00:42:26,950] {processor.py:654} INFO - DAG(s) dict_keys(['example_time_delta_sensor_async']) retrieved from /home/airflow/.local/lib/python3.6/site-packages/airflow/example_dags/example_time_delta_sensor_async.py
[2022-01-19 00:42:26,967] {logging_mixin.py:109} INFO - [2022-01-19 00:42:26,967] {dag.py:2396} INFO - Sync 1 DAGs
[2022-01-19 00:42:26,996] {logging_mixin.py:109} INFO - [2022-01-19 00:42:26,995] {dag.py:2935} INFO - Setting next_dagrun for example_time_delta_sensor_async to None
[2022-01-19 00:42:27,014] {processor.py:171} INFO - Processing /home/airflow/.local/lib/python3.6/site-packages/airflow/example_dags/example_time_delta_sensor_async.py took 0.134 seconds
[2022-01-19 00:42:57,686] {processor.py:163} INFO - Started process (PID=850) to work on /home/airflow/.local/lib/python3.6/site-packages/airflow/example_dags/example_time_delta_sensor_async.py
[2022-01-19 00:42:57,689] {processor.py:642} INFO - Processing file /home/airflow/.local/lib/python3.6/site-packages/airflow/example_dags/example_time_delta_sensor_async.py for tasks to queue
[2022-01-19 00:42:57,691] {logging_mixin.py:109} INFO - [2022-01-19 00:42:57,690] {dagbag.py:500} INFO - Filling up the DagBag from /home/airflow/.local/lib/python3.6/site-packages/airflow/example_dags/example_time_delta_sensor_async.py
[2022-01-19 00:42:57,724] {processor.py:654} INFO - DAG(s) dict_keys(['example_time_delta_sensor_async']) retrieved from /home/airflow/.local/lib/python3.6/site-packages/airflow/example_dags/example_time_delta_sensor_async.py
[2022-01-19 00:42:57,738] {logging_mixin.py:109} INFO - [2022-01-19 00:42:57,738] {dag.py:2396} INFO - Sync 1 DAGs
[2022-01-19 00:42:57,759] {logging_mixin.py:109} INFO - [2022-01-19 00:42:57,758] {dag.py:2935} INFO - Setting next_dagrun for example_time_delta_sensor_async to None
[2022-01-19 00:42:57,772] {processor.py:171} INFO - Processing /home/airflow/.local/lib/python3.6/site-packages/airflow/example_dags/example_time_delta_sensor_async.py took 0.089 seconds
[2022-01-19 00:43:28,285] {processor.py:163} INFO - Started process (PID=903) to work on /home/airflow/.local/lib/python3.6/site-packages/airflow/example_dags/example_time_delta_sensor_async.py
[2022-01-19 00:43:28,289] {processor.py:642} INFO - Processing file /home/airflow/.local/lib/python3.6/site-packages/airflow/example_dags/example_time_delta_sensor_async.py for tasks to queue
[2022-01-19 00:43:28,292] {logging_mixin.py:109} INFO - [2022-01-19 00:43:28,292] {dagbag.py:500} INFO - Filling up the DagBag from /home/airflow/.local/lib/python3.6/site-packages/airflow/example_dags/example_time_delta_sensor_async.py
[2022-01-19 00:43:28,328] {processor.py:654} INFO - DAG(s) dict_keys(['example_time_delta_sensor_async']) retrieved from /home/airflow/.local/lib/python3.6/site-packages/airflow/example_dags/example_time_delta_sensor_async.py
[2022-01-19 00:43:28,343] {logging_mixin.py:109} INFO - [2022-01-19 00:43:28,343] {dag.py:2396} INFO - Sync 1 DAGs
[2022-01-19 00:43:28,365] {logging_mixin.py:109} INFO - [2022-01-19 00:43:28,365] {dag.py:2935} INFO - Setting next_dagrun for example_time_delta_sensor_async to None
[2022-01-19 00:43:28,380] {processor.py:171} INFO - Processing /home/airflow/.local/lib/python3.6/site-packages/airflow/example_dags/example_time_delta_sensor_async.py took 0.106 seconds
