[2022-01-19 00:37:21,227] {processor.py:163} INFO - Started process (PID=219) to work on /home/airflow/.local/lib/python3.6/site-packages/airflow/example_dags/example_dag_decorator.py
[2022-01-19 00:37:21,230] {processor.py:642} INFO - Processing file /home/airflow/.local/lib/python3.6/site-packages/airflow/example_dags/example_dag_decorator.py for tasks to queue
[2022-01-19 00:37:21,232] {logging_mixin.py:109} INFO - [2022-01-19 00:37:21,232] {dagbag.py:500} INFO - Filling up the DagBag from /home/airflow/.local/lib/python3.6/site-packages/airflow/example_dags/example_dag_decorator.py
[2022-01-19 00:37:21,310] {processor.py:654} INFO - DAG(s) dict_keys(['example_dag_decorator']) retrieved from /home/airflow/.local/lib/python3.6/site-packages/airflow/example_dags/example_dag_decorator.py
[2022-01-19 00:37:23,301] {logging_mixin.py:109} INFO - [2022-01-19 00:37:23,301] {manager.py:496} INFO - Created Permission View: can read on DAG:example_dag_decorator
[2022-01-19 00:37:23,322] {logging_mixin.py:109} INFO - [2022-01-19 00:37:23,322] {manager.py:496} INFO - Created Permission View: can edit on DAG:example_dag_decorator
[2022-01-19 00:37:23,329] {logging_mixin.py:109} INFO - [2022-01-19 00:37:23,324] {dag.py:2396} INFO - Sync 1 DAGs
[2022-01-19 00:37:23,350] {logging_mixin.py:109} INFO - [2022-01-19 00:37:23,349] {dag.py:2415} INFO - Creating ORM DAG for example_dag_decorator
[2022-01-19 00:37:23,362] {logging_mixin.py:109} INFO - [2022-01-19 00:37:23,362] {dag.py:2935} INFO - Setting next_dagrun for example_dag_decorator to None
[2022-01-19 00:37:23,386] {processor.py:171} INFO - Processing /home/airflow/.local/lib/python3.6/site-packages/airflow/example_dags/example_dag_decorator.py took 2.164 seconds
[2022-01-19 00:37:54,215] {processor.py:163} INFO - Started process (PID=294) to work on /home/airflow/.local/lib/python3.6/site-packages/airflow/example_dags/example_dag_decorator.py
[2022-01-19 00:37:54,217] {processor.py:642} INFO - Processing file /home/airflow/.local/lib/python3.6/site-packages/airflow/example_dags/example_dag_decorator.py for tasks to queue
[2022-01-19 00:37:54,218] {logging_mixin.py:109} INFO - [2022-01-19 00:37:54,218] {dagbag.py:500} INFO - Filling up the DagBag from /home/airflow/.local/lib/python3.6/site-packages/airflow/example_dags/example_dag_decorator.py
[2022-01-19 00:37:54,265] {processor.py:654} INFO - DAG(s) dict_keys(['example_dag_decorator']) retrieved from /home/airflow/.local/lib/python3.6/site-packages/airflow/example_dags/example_dag_decorator.py
[2022-01-19 00:37:54,515] {logging_mixin.py:109} INFO - [2022-01-19 00:37:54,515] {dag.py:2396} INFO - Sync 1 DAGs
[2022-01-19 00:37:54,539] {logging_mixin.py:109} INFO - [2022-01-19 00:37:54,539] {dag.py:2935} INFO - Setting next_dagrun for example_dag_decorator to None
[2022-01-19 00:37:54,552] {processor.py:171} INFO - Processing /home/airflow/.local/lib/python3.6/site-packages/airflow/example_dags/example_dag_decorator.py took 0.341 seconds
[2022-01-19 00:38:24,677] {processor.py:163} INFO - Started process (PID=350) to work on /home/airflow/.local/lib/python3.6/site-packages/airflow/example_dags/example_dag_decorator.py
[2022-01-19 00:38:24,680] {processor.py:642} INFO - Processing file /home/airflow/.local/lib/python3.6/site-packages/airflow/example_dags/example_dag_decorator.py for tasks to queue
[2022-01-19 00:38:24,682] {logging_mixin.py:109} INFO - [2022-01-19 00:38:24,681] {dagbag.py:500} INFO - Filling up the DagBag from /home/airflow/.local/lib/python3.6/site-packages/airflow/example_dags/example_dag_decorator.py
[2022-01-19 00:38:24,726] {processor.py:654} INFO - DAG(s) dict_keys(['example_dag_decorator']) retrieved from /home/airflow/.local/lib/python3.6/site-packages/airflow/example_dags/example_dag_decorator.py
[2022-01-19 00:38:24,905] {logging_mixin.py:109} INFO - [2022-01-19 00:38:24,905] {dag.py:2396} INFO - Sync 1 DAGs
[2022-01-19 00:38:24,924] {logging_mixin.py:109} INFO - [2022-01-19 00:38:24,924] {dag.py:2935} INFO - Setting next_dagrun for example_dag_decorator to None
[2022-01-19 00:38:24,935] {processor.py:171} INFO - Processing /home/airflow/.local/lib/python3.6/site-packages/airflow/example_dags/example_dag_decorator.py took 0.263 seconds
[2022-01-19 00:38:55,379] {processor.py:163} INFO - Started process (PID=417) to work on /home/airflow/.local/lib/python3.6/site-packages/airflow/example_dags/example_dag_decorator.py
[2022-01-19 00:38:55,382] {processor.py:642} INFO - Processing file /home/airflow/.local/lib/python3.6/site-packages/airflow/example_dags/example_dag_decorator.py for tasks to queue
[2022-01-19 00:38:55,385] {logging_mixin.py:109} INFO - [2022-01-19 00:38:55,385] {dagbag.py:500} INFO - Filling up the DagBag from /home/airflow/.local/lib/python3.6/site-packages/airflow/example_dags/example_dag_decorator.py
[2022-01-19 00:38:55,464] {processor.py:654} INFO - DAG(s) dict_keys(['example_dag_decorator']) retrieved from /home/airflow/.local/lib/python3.6/site-packages/airflow/example_dags/example_dag_decorator.py
[2022-01-19 00:38:55,862] {logging_mixin.py:109} INFO - [2022-01-19 00:38:55,861] {dag.py:2396} INFO - Sync 1 DAGs
[2022-01-19 00:38:55,937] {logging_mixin.py:109} INFO - [2022-01-19 00:38:55,937] {dag.py:2935} INFO - Setting next_dagrun for example_dag_decorator to None
[2022-01-19 00:38:55,957] {processor.py:171} INFO - Processing /home/airflow/.local/lib/python3.6/site-packages/airflow/example_dags/example_dag_decorator.py took 0.585 seconds
[2022-01-19 00:39:27,138] {processor.py:163} INFO - Started process (PID=474) to work on /home/airflow/.local/lib/python3.6/site-packages/airflow/example_dags/example_dag_decorator.py
[2022-01-19 00:39:27,140] {processor.py:642} INFO - Processing file /home/airflow/.local/lib/python3.6/site-packages/airflow/example_dags/example_dag_decorator.py for tasks to queue
[2022-01-19 00:39:27,142] {logging_mixin.py:109} INFO - [2022-01-19 00:39:27,142] {dagbag.py:500} INFO - Filling up the DagBag from /home/airflow/.local/lib/python3.6/site-packages/airflow/example_dags/example_dag_decorator.py
[2022-01-19 00:39:27,181] {processor.py:654} INFO - DAG(s) dict_keys(['example_dag_decorator']) retrieved from /home/airflow/.local/lib/python3.6/site-packages/airflow/example_dags/example_dag_decorator.py
[2022-01-19 00:39:27,412] {logging_mixin.py:109} INFO - [2022-01-19 00:39:27,411] {dag.py:2396} INFO - Sync 1 DAGs
[2022-01-19 00:39:27,431] {logging_mixin.py:109} INFO - [2022-01-19 00:39:27,431] {dag.py:2935} INFO - Setting next_dagrun for example_dag_decorator to None
[2022-01-19 00:39:27,446] {processor.py:171} INFO - Processing /home/airflow/.local/lib/python3.6/site-packages/airflow/example_dags/example_dag_decorator.py took 0.312 seconds
[2022-01-19 00:39:57,762] {processor.py:163} INFO - Started process (PID=529) to work on /home/airflow/.local/lib/python3.6/site-packages/airflow/example_dags/example_dag_decorator.py
[2022-01-19 00:39:57,766] {processor.py:642} INFO - Processing file /home/airflow/.local/lib/python3.6/site-packages/airflow/example_dags/example_dag_decorator.py for tasks to queue
[2022-01-19 00:39:57,768] {logging_mixin.py:109} INFO - [2022-01-19 00:39:57,768] {dagbag.py:500} INFO - Filling up the DagBag from /home/airflow/.local/lib/python3.6/site-packages/airflow/example_dags/example_dag_decorator.py
[2022-01-19 00:39:57,832] {processor.py:654} INFO - DAG(s) dict_keys(['example_dag_decorator']) retrieved from /home/airflow/.local/lib/python3.6/site-packages/airflow/example_dags/example_dag_decorator.py
[2022-01-19 00:39:58,121] {logging_mixin.py:109} INFO - [2022-01-19 00:39:58,121] {dag.py:2396} INFO - Sync 1 DAGs
[2022-01-19 00:39:58,145] {logging_mixin.py:109} INFO - [2022-01-19 00:39:58,145] {dag.py:2935} INFO - Setting next_dagrun for example_dag_decorator to None
[2022-01-19 00:39:58,162] {processor.py:171} INFO - Processing /home/airflow/.local/lib/python3.6/site-packages/airflow/example_dags/example_dag_decorator.py took 0.411 seconds
[2022-01-19 00:40:29,014] {processor.py:163} INFO - Started process (PID=593) to work on /home/airflow/.local/lib/python3.6/site-packages/airflow/example_dags/example_dag_decorator.py
[2022-01-19 00:40:29,017] {processor.py:642} INFO - Processing file /home/airflow/.local/lib/python3.6/site-packages/airflow/example_dags/example_dag_decorator.py for tasks to queue
[2022-01-19 00:40:29,020] {logging_mixin.py:109} INFO - [2022-01-19 00:40:29,020] {dagbag.py:500} INFO - Filling up the DagBag from /home/airflow/.local/lib/python3.6/site-packages/airflow/example_dags/example_dag_decorator.py
[2022-01-19 00:40:29,079] {processor.py:654} INFO - DAG(s) dict_keys(['example_dag_decorator']) retrieved from /home/airflow/.local/lib/python3.6/site-packages/airflow/example_dags/example_dag_decorator.py
[2022-01-19 00:40:29,356] {logging_mixin.py:109} INFO - [2022-01-19 00:40:29,356] {dag.py:2396} INFO - Sync 1 DAGs
[2022-01-19 00:40:29,376] {logging_mixin.py:109} INFO - [2022-01-19 00:40:29,376] {dag.py:2935} INFO - Setting next_dagrun for example_dag_decorator to None
[2022-01-19 00:40:29,394] {processor.py:171} INFO - Processing /home/airflow/.local/lib/python3.6/site-packages/airflow/example_dags/example_dag_decorator.py took 0.383 seconds
[2022-01-19 00:41:00,559] {processor.py:163} INFO - Started process (PID=648) to work on /home/airflow/.local/lib/python3.6/site-packages/airflow/example_dags/example_dag_decorator.py
[2022-01-19 00:41:00,564] {processor.py:642} INFO - Processing file /home/airflow/.local/lib/python3.6/site-packages/airflow/example_dags/example_dag_decorator.py for tasks to queue
[2022-01-19 00:41:00,567] {logging_mixin.py:109} INFO - [2022-01-19 00:41:00,567] {dagbag.py:500} INFO - Filling up the DagBag from /home/airflow/.local/lib/python3.6/site-packages/airflow/example_dags/example_dag_decorator.py
[2022-01-19 00:41:00,644] {processor.py:654} INFO - DAG(s) dict_keys(['example_dag_decorator']) retrieved from /home/airflow/.local/lib/python3.6/site-packages/airflow/example_dags/example_dag_decorator.py
[2022-01-19 00:41:01,098] {logging_mixin.py:109} INFO - [2022-01-19 00:41:01,097] {dag.py:2396} INFO - Sync 1 DAGs
[2022-01-19 00:41:01,147] {logging_mixin.py:109} INFO - [2022-01-19 00:41:01,147] {dag.py:2935} INFO - Setting next_dagrun for example_dag_decorator to None
[2022-01-19 00:41:01,165] {processor.py:171} INFO - Processing /home/airflow/.local/lib/python3.6/site-packages/airflow/example_dags/example_dag_decorator.py took 0.614 seconds
[2022-01-19 00:41:31,523] {processor.py:163} INFO - Started process (PID=703) to work on /home/airflow/.local/lib/python3.6/site-packages/airflow/example_dags/example_dag_decorator.py
[2022-01-19 00:41:31,526] {processor.py:642} INFO - Processing file /home/airflow/.local/lib/python3.6/site-packages/airflow/example_dags/example_dag_decorator.py for tasks to queue
[2022-01-19 00:41:31,528] {logging_mixin.py:109} INFO - [2022-01-19 00:41:31,528] {dagbag.py:500} INFO - Filling up the DagBag from /home/airflow/.local/lib/python3.6/site-packages/airflow/example_dags/example_dag_decorator.py
[2022-01-19 00:41:31,603] {processor.py:654} INFO - DAG(s) dict_keys(['example_dag_decorator']) retrieved from /home/airflow/.local/lib/python3.6/site-packages/airflow/example_dags/example_dag_decorator.py
[2022-01-19 00:41:31,823] {logging_mixin.py:109} INFO - [2022-01-19 00:41:31,823] {dag.py:2396} INFO - Sync 1 DAGs
[2022-01-19 00:41:31,842] {logging_mixin.py:109} INFO - [2022-01-19 00:41:31,841] {dag.py:2935} INFO - Setting next_dagrun for example_dag_decorator to None
[2022-01-19 00:41:31,859] {processor.py:171} INFO - Processing /home/airflow/.local/lib/python3.6/site-packages/airflow/example_dags/example_dag_decorator.py took 0.342 seconds
[2022-01-19 00:42:02,254] {processor.py:163} INFO - Started process (PID=757) to work on /home/airflow/.local/lib/python3.6/site-packages/airflow/example_dags/example_dag_decorator.py
[2022-01-19 00:42:02,257] {processor.py:642} INFO - Processing file /home/airflow/.local/lib/python3.6/site-packages/airflow/example_dags/example_dag_decorator.py for tasks to queue
[2022-01-19 00:42:02,259] {logging_mixin.py:109} INFO - [2022-01-19 00:42:02,259] {dagbag.py:500} INFO - Filling up the DagBag from /home/airflow/.local/lib/python3.6/site-packages/airflow/example_dags/example_dag_decorator.py
[2022-01-19 00:42:02,337] {processor.py:654} INFO - DAG(s) dict_keys(['example_dag_decorator']) retrieved from /home/airflow/.local/lib/python3.6/site-packages/airflow/example_dags/example_dag_decorator.py
[2022-01-19 00:42:02,649] {logging_mixin.py:109} INFO - [2022-01-19 00:42:02,648] {dag.py:2396} INFO - Sync 1 DAGs
[2022-01-19 00:42:02,669] {logging_mixin.py:109} INFO - [2022-01-19 00:42:02,669] {dag.py:2935} INFO - Setting next_dagrun for example_dag_decorator to None
[2022-01-19 00:42:02,686] {processor.py:171} INFO - Processing /home/airflow/.local/lib/python3.6/site-packages/airflow/example_dags/example_dag_decorator.py took 0.438 seconds
[2022-01-19 00:42:32,777] {processor.py:163} INFO - Started process (PID=819) to work on /home/airflow/.local/lib/python3.6/site-packages/airflow/example_dags/example_dag_decorator.py
[2022-01-19 00:42:32,779] {processor.py:642} INFO - Processing file /home/airflow/.local/lib/python3.6/site-packages/airflow/example_dags/example_dag_decorator.py for tasks to queue
[2022-01-19 00:42:32,781] {logging_mixin.py:109} INFO - [2022-01-19 00:42:32,781] {dagbag.py:500} INFO - Filling up the DagBag from /home/airflow/.local/lib/python3.6/site-packages/airflow/example_dags/example_dag_decorator.py
[2022-01-19 00:42:32,850] {processor.py:654} INFO - DAG(s) dict_keys(['example_dag_decorator']) retrieved from /home/airflow/.local/lib/python3.6/site-packages/airflow/example_dags/example_dag_decorator.py
[2022-01-19 00:42:33,206] {logging_mixin.py:109} INFO - [2022-01-19 00:42:33,206] {dag.py:2396} INFO - Sync 1 DAGs
[2022-01-19 00:42:33,238] {logging_mixin.py:109} INFO - [2022-01-19 00:42:33,238] {dag.py:2935} INFO - Setting next_dagrun for example_dag_decorator to None
[2022-01-19 00:42:33,261] {processor.py:171} INFO - Processing /home/airflow/.local/lib/python3.6/site-packages/airflow/example_dags/example_dag_decorator.py took 0.488 seconds
[2022-01-19 00:43:03,872] {processor.py:163} INFO - Started process (PID=873) to work on /home/airflow/.local/lib/python3.6/site-packages/airflow/example_dags/example_dag_decorator.py
[2022-01-19 00:43:03,876] {processor.py:642} INFO - Processing file /home/airflow/.local/lib/python3.6/site-packages/airflow/example_dags/example_dag_decorator.py for tasks to queue
[2022-01-19 00:43:03,879] {logging_mixin.py:109} INFO - [2022-01-19 00:43:03,879] {dagbag.py:500} INFO - Filling up the DagBag from /home/airflow/.local/lib/python3.6/site-packages/airflow/example_dags/example_dag_decorator.py
[2022-01-19 00:43:03,994] {processor.py:654} INFO - DAG(s) dict_keys(['example_dag_decorator']) retrieved from /home/airflow/.local/lib/python3.6/site-packages/airflow/example_dags/example_dag_decorator.py
[2022-01-19 00:43:04,491] {logging_mixin.py:109} INFO - [2022-01-19 00:43:04,491] {dag.py:2396} INFO - Sync 1 DAGs
[2022-01-19 00:43:04,514] {logging_mixin.py:109} INFO - [2022-01-19 00:43:04,513] {dag.py:2935} INFO - Setting next_dagrun for example_dag_decorator to None
[2022-01-19 00:43:04,530] {processor.py:171} INFO - Processing /home/airflow/.local/lib/python3.6/site-packages/airflow/example_dags/example_dag_decorator.py took 0.664 seconds
[2022-01-19 00:43:34,961] {processor.py:163} INFO - Started process (PID=926) to work on /home/airflow/.local/lib/python3.6/site-packages/airflow/example_dags/example_dag_decorator.py
[2022-01-19 00:43:34,965] {processor.py:642} INFO - Processing file /home/airflow/.local/lib/python3.6/site-packages/airflow/example_dags/example_dag_decorator.py for tasks to queue
[2022-01-19 00:43:34,967] {logging_mixin.py:109} INFO - [2022-01-19 00:43:34,967] {dagbag.py:500} INFO - Filling up the DagBag from /home/airflow/.local/lib/python3.6/site-packages/airflow/example_dags/example_dag_decorator.py
[2022-01-19 00:43:35,020] {processor.py:654} INFO - DAG(s) dict_keys(['example_dag_decorator']) retrieved from /home/airflow/.local/lib/python3.6/site-packages/airflow/example_dags/example_dag_decorator.py
[2022-01-19 00:43:35,317] {logging_mixin.py:109} INFO - [2022-01-19 00:43:35,317] {dag.py:2396} INFO - Sync 1 DAGs
[2022-01-19 00:43:35,333] {logging_mixin.py:109} INFO - [2022-01-19 00:43:35,333] {dag.py:2935} INFO - Setting next_dagrun for example_dag_decorator to None
[2022-01-19 00:43:35,348] {processor.py:171} INFO - Processing /home/airflow/.local/lib/python3.6/site-packages/airflow/example_dags/example_dag_decorator.py took 0.392 seconds
