[2022-01-19 00:36:56,875] {processor.py:163} INFO - Started process (PID=109) to work on /home/airflow/.local/lib/python3.6/site-packages/airflow/example_dags/example_latest_only.py
[2022-01-19 00:36:56,880] {processor.py:642} INFO - Processing file /home/airflow/.local/lib/python3.6/site-packages/airflow/example_dags/example_latest_only.py for tasks to queue
[2022-01-19 00:36:56,883] {logging_mixin.py:109} INFO - [2022-01-19 00:36:56,882] {dagbag.py:500} INFO - Filling up the DagBag from /home/airflow/.local/lib/python3.6/site-packages/airflow/example_dags/example_latest_only.py
[2022-01-19 00:36:56,989] {processor.py:654} INFO - DAG(s) dict_keys(['latest_only']) retrieved from /home/airflow/.local/lib/python3.6/site-packages/airflow/example_dags/example_latest_only.py
[2022-01-19 00:36:59,315] {logging_mixin.py:109} INFO - [2022-01-19 00:36:59,315] {manager.py:496} INFO - Created Permission View: can read on DAG:latest_only
[2022-01-19 00:36:59,327] {logging_mixin.py:109} INFO - [2022-01-19 00:36:59,327] {manager.py:496} INFO - Created Permission View: can edit on DAG:latest_only
[2022-01-19 00:36:59,330] {logging_mixin.py:109} INFO - [2022-01-19 00:36:59,328] {dag.py:2396} INFO - Sync 1 DAGs
[2022-01-19 00:36:59,341] {logging_mixin.py:109} INFO - [2022-01-19 00:36:59,339] {dag.py:2415} INFO - Creating ORM DAG for latest_only
[2022-01-19 00:36:59,349] {logging_mixin.py:109} INFO - [2022-01-19 00:36:59,349] {dag.py:2935} INFO - Setting next_dagrun for latest_only to 2022-01-18T20:36:59.349233+00:00
[2022-01-19 00:36:59,362] {processor.py:171} INFO - Processing /home/airflow/.local/lib/python3.6/site-packages/airflow/example_dags/example_latest_only.py took 2.523 seconds
[2022-01-19 00:37:30,406] {processor.py:163} INFO - Started process (PID=248) to work on /home/airflow/.local/lib/python3.6/site-packages/airflow/example_dags/example_latest_only.py
[2022-01-19 00:37:30,409] {processor.py:642} INFO - Processing file /home/airflow/.local/lib/python3.6/site-packages/airflow/example_dags/example_latest_only.py for tasks to queue
[2022-01-19 00:37:30,411] {logging_mixin.py:109} INFO - [2022-01-19 00:37:30,411] {dagbag.py:500} INFO - Filling up the DagBag from /home/airflow/.local/lib/python3.6/site-packages/airflow/example_dags/example_latest_only.py
[2022-01-19 00:37:30,446] {processor.py:654} INFO - DAG(s) dict_keys(['latest_only']) retrieved from /home/airflow/.local/lib/python3.6/site-packages/airflow/example_dags/example_latest_only.py
[2022-01-19 00:37:30,457] {logging_mixin.py:109} INFO - [2022-01-19 00:37:30,457] {dag.py:2396} INFO - Sync 1 DAGs
[2022-01-19 00:37:30,477] {logging_mixin.py:109} INFO - [2022-01-19 00:37:30,476] {dag.py:2935} INFO - Setting next_dagrun for latest_only to 2022-01-18T20:37:30.476692+00:00
[2022-01-19 00:37:30,490] {processor.py:171} INFO - Processing /home/airflow/.local/lib/python3.6/site-packages/airflow/example_dags/example_latest_only.py took 0.089 seconds
[2022-01-19 00:38:01,160] {processor.py:163} INFO - Started process (PID=303) to work on /home/airflow/.local/lib/python3.6/site-packages/airflow/example_dags/example_latest_only.py
[2022-01-19 00:38:01,164] {processor.py:642} INFO - Processing file /home/airflow/.local/lib/python3.6/site-packages/airflow/example_dags/example_latest_only.py for tasks to queue
[2022-01-19 00:38:01,166] {logging_mixin.py:109} INFO - [2022-01-19 00:38:01,165] {dagbag.py:500} INFO - Filling up the DagBag from /home/airflow/.local/lib/python3.6/site-packages/airflow/example_dags/example_latest_only.py
[2022-01-19 00:38:01,197] {processor.py:654} INFO - DAG(s) dict_keys(['latest_only']) retrieved from /home/airflow/.local/lib/python3.6/site-packages/airflow/example_dags/example_latest_only.py
[2022-01-19 00:38:01,210] {logging_mixin.py:109} INFO - [2022-01-19 00:38:01,210] {dag.py:2396} INFO - Sync 1 DAGs
[2022-01-19 00:38:01,228] {logging_mixin.py:109} INFO - [2022-01-19 00:38:01,228] {dag.py:2935} INFO - Setting next_dagrun for latest_only to 2022-01-18T20:38:01.228107+00:00
[2022-01-19 00:38:01,240] {processor.py:171} INFO - Processing /home/airflow/.local/lib/python3.6/site-packages/airflow/example_dags/example_latest_only.py took 0.084 seconds
[2022-01-19 00:38:31,567] {processor.py:163} INFO - Started process (PID=368) to work on /home/airflow/.local/lib/python3.6/site-packages/airflow/example_dags/example_latest_only.py
[2022-01-19 00:38:31,571] {processor.py:642} INFO - Processing file /home/airflow/.local/lib/python3.6/site-packages/airflow/example_dags/example_latest_only.py for tasks to queue
[2022-01-19 00:38:31,573] {logging_mixin.py:109} INFO - [2022-01-19 00:38:31,573] {dagbag.py:500} INFO - Filling up the DagBag from /home/airflow/.local/lib/python3.6/site-packages/airflow/example_dags/example_latest_only.py
[2022-01-19 00:38:31,612] {processor.py:654} INFO - DAG(s) dict_keys(['latest_only']) retrieved from /home/airflow/.local/lib/python3.6/site-packages/airflow/example_dags/example_latest_only.py
[2022-01-19 00:38:31,625] {logging_mixin.py:109} INFO - [2022-01-19 00:38:31,625] {dag.py:2396} INFO - Sync 1 DAGs
[2022-01-19 00:38:31,651] {logging_mixin.py:109} INFO - [2022-01-19 00:38:31,650] {dag.py:2935} INFO - Setting next_dagrun for latest_only to 2022-01-18T20:38:31.650540+00:00
[2022-01-19 00:38:31,663] {processor.py:171} INFO - Processing /home/airflow/.local/lib/python3.6/site-packages/airflow/example_dags/example_latest_only.py took 0.104 seconds
[2022-01-19 00:39:01,747] {processor.py:163} INFO - Started process (PID=422) to work on /home/airflow/.local/lib/python3.6/site-packages/airflow/example_dags/example_latest_only.py
[2022-01-19 00:39:01,750] {processor.py:642} INFO - Processing file /home/airflow/.local/lib/python3.6/site-packages/airflow/example_dags/example_latest_only.py for tasks to queue
[2022-01-19 00:39:01,753] {logging_mixin.py:109} INFO - [2022-01-19 00:39:01,752] {dagbag.py:500} INFO - Filling up the DagBag from /home/airflow/.local/lib/python3.6/site-packages/airflow/example_dags/example_latest_only.py
[2022-01-19 00:39:01,815] {processor.py:654} INFO - DAG(s) dict_keys(['latest_only']) retrieved from /home/airflow/.local/lib/python3.6/site-packages/airflow/example_dags/example_latest_only.py
[2022-01-19 00:39:01,841] {logging_mixin.py:109} INFO - [2022-01-19 00:39:01,841] {dag.py:2396} INFO - Sync 1 DAGs
[2022-01-19 00:39:01,872] {logging_mixin.py:109} INFO - [2022-01-19 00:39:01,872] {dag.py:2935} INFO - Setting next_dagrun for latest_only to 2022-01-18T20:39:01.872275+00:00
[2022-01-19 00:39:01,889] {processor.py:171} INFO - Processing /home/airflow/.local/lib/python3.6/site-packages/airflow/example_dags/example_latest_only.py took 0.150 seconds
[2022-01-19 00:39:32,317] {processor.py:163} INFO - Started process (PID=477) to work on /home/airflow/.local/lib/python3.6/site-packages/airflow/example_dags/example_latest_only.py
[2022-01-19 00:39:32,319] {processor.py:642} INFO - Processing file /home/airflow/.local/lib/python3.6/site-packages/airflow/example_dags/example_latest_only.py for tasks to queue
[2022-01-19 00:39:32,321] {logging_mixin.py:109} INFO - [2022-01-19 00:39:32,321] {dagbag.py:500} INFO - Filling up the DagBag from /home/airflow/.local/lib/python3.6/site-packages/airflow/example_dags/example_latest_only.py
[2022-01-19 00:39:32,361] {processor.py:654} INFO - DAG(s) dict_keys(['latest_only']) retrieved from /home/airflow/.local/lib/python3.6/site-packages/airflow/example_dags/example_latest_only.py
[2022-01-19 00:39:32,374] {logging_mixin.py:109} INFO - [2022-01-19 00:39:32,374] {dag.py:2396} INFO - Sync 1 DAGs
[2022-01-19 00:39:32,393] {logging_mixin.py:109} INFO - [2022-01-19 00:39:32,393] {dag.py:2935} INFO - Setting next_dagrun for latest_only to 2022-01-18T20:39:32.393256+00:00
[2022-01-19 00:39:32,405] {processor.py:171} INFO - Processing /home/airflow/.local/lib/python3.6/site-packages/airflow/example_dags/example_latest_only.py took 0.096 seconds
[2022-01-19 00:40:03,085] {processor.py:163} INFO - Started process (PID=543) to work on /home/airflow/.local/lib/python3.6/site-packages/airflow/example_dags/example_latest_only.py
[2022-01-19 00:40:03,088] {processor.py:642} INFO - Processing file /home/airflow/.local/lib/python3.6/site-packages/airflow/example_dags/example_latest_only.py for tasks to queue
[2022-01-19 00:40:03,091] {logging_mixin.py:109} INFO - [2022-01-19 00:40:03,091] {dagbag.py:500} INFO - Filling up the DagBag from /home/airflow/.local/lib/python3.6/site-packages/airflow/example_dags/example_latest_only.py
[2022-01-19 00:40:03,133] {processor.py:654} INFO - DAG(s) dict_keys(['latest_only']) retrieved from /home/airflow/.local/lib/python3.6/site-packages/airflow/example_dags/example_latest_only.py
[2022-01-19 00:40:03,158] {logging_mixin.py:109} INFO - [2022-01-19 00:40:03,158] {dag.py:2396} INFO - Sync 1 DAGs
[2022-01-19 00:40:03,191] {logging_mixin.py:109} INFO - [2022-01-19 00:40:03,191] {dag.py:2935} INFO - Setting next_dagrun for latest_only to 2022-01-18T20:40:03.191384+00:00
[2022-01-19 00:40:03,209] {processor.py:171} INFO - Processing /home/airflow/.local/lib/python3.6/site-packages/airflow/example_dags/example_latest_only.py took 0.132 seconds
[2022-01-19 00:40:33,626] {processor.py:163} INFO - Started process (PID=597) to work on /home/airflow/.local/lib/python3.6/site-packages/airflow/example_dags/example_latest_only.py
[2022-01-19 00:40:33,630] {processor.py:642} INFO - Processing file /home/airflow/.local/lib/python3.6/site-packages/airflow/example_dags/example_latest_only.py for tasks to queue
[2022-01-19 00:40:33,632] {logging_mixin.py:109} INFO - [2022-01-19 00:40:33,632] {dagbag.py:500} INFO - Filling up the DagBag from /home/airflow/.local/lib/python3.6/site-packages/airflow/example_dags/example_latest_only.py
[2022-01-19 00:40:33,670] {processor.py:654} INFO - DAG(s) dict_keys(['latest_only']) retrieved from /home/airflow/.local/lib/python3.6/site-packages/airflow/example_dags/example_latest_only.py
[2022-01-19 00:40:33,684] {logging_mixin.py:109} INFO - [2022-01-19 00:40:33,684] {dag.py:2396} INFO - Sync 1 DAGs
[2022-01-19 00:40:33,705] {logging_mixin.py:109} INFO - [2022-01-19 00:40:33,705] {dag.py:2935} INFO - Setting next_dagrun for latest_only to 2022-01-18T20:40:33.705087+00:00
[2022-01-19 00:40:33,718] {processor.py:171} INFO - Processing /home/airflow/.local/lib/python3.6/site-packages/airflow/example_dags/example_latest_only.py took 0.098 seconds
[2022-01-19 00:41:04,229] {processor.py:163} INFO - Started process (PID=651) to work on /home/airflow/.local/lib/python3.6/site-packages/airflow/example_dags/example_latest_only.py
[2022-01-19 00:41:04,234] {processor.py:642} INFO - Processing file /home/airflow/.local/lib/python3.6/site-packages/airflow/example_dags/example_latest_only.py for tasks to queue
[2022-01-19 00:41:04,240] {logging_mixin.py:109} INFO - [2022-01-19 00:41:04,240] {dagbag.py:500} INFO - Filling up the DagBag from /home/airflow/.local/lib/python3.6/site-packages/airflow/example_dags/example_latest_only.py
[2022-01-19 00:41:04,312] {processor.py:654} INFO - DAG(s) dict_keys(['latest_only']) retrieved from /home/airflow/.local/lib/python3.6/site-packages/airflow/example_dags/example_latest_only.py
[2022-01-19 00:41:04,335] {logging_mixin.py:109} INFO - [2022-01-19 00:41:04,335] {dag.py:2396} INFO - Sync 1 DAGs
[2022-01-19 00:41:04,361] {logging_mixin.py:109} INFO - [2022-01-19 00:41:04,361] {dag.py:2935} INFO - Setting next_dagrun for latest_only to 2022-01-18T20:41:04.361376+00:00
[2022-01-19 00:41:04,376] {processor.py:171} INFO - Processing /home/airflow/.local/lib/python3.6/site-packages/airflow/example_dags/example_latest_only.py took 0.154 seconds
[2022-01-19 00:41:34,676] {processor.py:163} INFO - Started process (PID=704) to work on /home/airflow/.local/lib/python3.6/site-packages/airflow/example_dags/example_latest_only.py
[2022-01-19 00:41:34,681] {processor.py:642} INFO - Processing file /home/airflow/.local/lib/python3.6/site-packages/airflow/example_dags/example_latest_only.py for tasks to queue
[2022-01-19 00:41:34,685] {logging_mixin.py:109} INFO - [2022-01-19 00:41:34,684] {dagbag.py:500} INFO - Filling up the DagBag from /home/airflow/.local/lib/python3.6/site-packages/airflow/example_dags/example_latest_only.py
[2022-01-19 00:41:34,783] {processor.py:654} INFO - DAG(s) dict_keys(['latest_only']) retrieved from /home/airflow/.local/lib/python3.6/site-packages/airflow/example_dags/example_latest_only.py
[2022-01-19 00:41:34,815] {logging_mixin.py:109} INFO - [2022-01-19 00:41:34,814] {dag.py:2396} INFO - Sync 1 DAGs
[2022-01-19 00:41:34,862] {logging_mixin.py:109} INFO - [2022-01-19 00:41:34,862] {dag.py:2935} INFO - Setting next_dagrun for latest_only to 2022-01-18T20:41:34.861457+00:00
[2022-01-19 00:41:34,885] {processor.py:171} INFO - Processing /home/airflow/.local/lib/python3.6/site-packages/airflow/example_dags/example_latest_only.py took 0.214 seconds
[2022-01-19 00:42:05,316] {processor.py:163} INFO - Started process (PID=768) to work on /home/airflow/.local/lib/python3.6/site-packages/airflow/example_dags/example_latest_only.py
[2022-01-19 00:42:05,319] {processor.py:642} INFO - Processing file /home/airflow/.local/lib/python3.6/site-packages/airflow/example_dags/example_latest_only.py for tasks to queue
[2022-01-19 00:42:05,321] {logging_mixin.py:109} INFO - [2022-01-19 00:42:05,321] {dagbag.py:500} INFO - Filling up the DagBag from /home/airflow/.local/lib/python3.6/site-packages/airflow/example_dags/example_latest_only.py
[2022-01-19 00:42:05,363] {processor.py:654} INFO - DAG(s) dict_keys(['latest_only']) retrieved from /home/airflow/.local/lib/python3.6/site-packages/airflow/example_dags/example_latest_only.py
[2022-01-19 00:42:05,387] {logging_mixin.py:109} INFO - [2022-01-19 00:42:05,387] {dag.py:2396} INFO - Sync 1 DAGs
[2022-01-19 00:42:05,426] {logging_mixin.py:109} INFO - [2022-01-19 00:42:05,426] {dag.py:2935} INFO - Setting next_dagrun for latest_only to 2022-01-18T20:42:05.425687+00:00
[2022-01-19 00:42:05,446] {processor.py:171} INFO - Processing /home/airflow/.local/lib/python3.6/site-packages/airflow/example_dags/example_latest_only.py took 0.135 seconds
[2022-01-19 00:42:35,930] {processor.py:163} INFO - Started process (PID=821) to work on /home/airflow/.local/lib/python3.6/site-packages/airflow/example_dags/example_latest_only.py
[2022-01-19 00:42:35,933] {processor.py:642} INFO - Processing file /home/airflow/.local/lib/python3.6/site-packages/airflow/example_dags/example_latest_only.py for tasks to queue
[2022-01-19 00:42:35,935] {logging_mixin.py:109} INFO - [2022-01-19 00:42:35,935] {dagbag.py:500} INFO - Filling up the DagBag from /home/airflow/.local/lib/python3.6/site-packages/airflow/example_dags/example_latest_only.py
[2022-01-19 00:42:35,972] {processor.py:654} INFO - DAG(s) dict_keys(['latest_only']) retrieved from /home/airflow/.local/lib/python3.6/site-packages/airflow/example_dags/example_latest_only.py
[2022-01-19 00:42:35,985] {logging_mixin.py:109} INFO - [2022-01-19 00:42:35,985] {dag.py:2396} INFO - Sync 1 DAGs
[2022-01-19 00:42:36,006] {logging_mixin.py:109} INFO - [2022-01-19 00:42:36,006] {dag.py:2935} INFO - Setting next_dagrun for latest_only to 2022-01-18T20:42:36.005866+00:00
[2022-01-19 00:42:36,019] {processor.py:171} INFO - Processing /home/airflow/.local/lib/python3.6/site-packages/airflow/example_dags/example_latest_only.py took 0.095 seconds
[2022-01-19 00:43:06,136] {processor.py:163} INFO - Started process (PID=874) to work on /home/airflow/.local/lib/python3.6/site-packages/airflow/example_dags/example_latest_only.py
[2022-01-19 00:43:06,138] {processor.py:642} INFO - Processing file /home/airflow/.local/lib/python3.6/site-packages/airflow/example_dags/example_latest_only.py for tasks to queue
[2022-01-19 00:43:06,140] {logging_mixin.py:109} INFO - [2022-01-19 00:43:06,140] {dagbag.py:500} INFO - Filling up the DagBag from /home/airflow/.local/lib/python3.6/site-packages/airflow/example_dags/example_latest_only.py
[2022-01-19 00:43:06,184] {processor.py:654} INFO - DAG(s) dict_keys(['latest_only']) retrieved from /home/airflow/.local/lib/python3.6/site-packages/airflow/example_dags/example_latest_only.py
[2022-01-19 00:43:06,204] {logging_mixin.py:109} INFO - [2022-01-19 00:43:06,204] {dag.py:2396} INFO - Sync 1 DAGs
[2022-01-19 00:43:06,231] {logging_mixin.py:109} INFO - [2022-01-19 00:43:06,231] {dag.py:2935} INFO - Setting next_dagrun for latest_only to 2022-01-18T20:43:06.230919+00:00
[2022-01-19 00:43:06,252] {processor.py:171} INFO - Processing /home/airflow/.local/lib/python3.6/site-packages/airflow/example_dags/example_latest_only.py took 0.120 seconds
[2022-01-19 00:43:36,385] {processor.py:163} INFO - Started process (PID=927) to work on /home/airflow/.local/lib/python3.6/site-packages/airflow/example_dags/example_latest_only.py
[2022-01-19 00:43:36,389] {processor.py:642} INFO - Processing file /home/airflow/.local/lib/python3.6/site-packages/airflow/example_dags/example_latest_only.py for tasks to queue
[2022-01-19 00:43:36,392] {logging_mixin.py:109} INFO - [2022-01-19 00:43:36,391] {dagbag.py:500} INFO - Filling up the DagBag from /home/airflow/.local/lib/python3.6/site-packages/airflow/example_dags/example_latest_only.py
[2022-01-19 00:43:36,447] {processor.py:654} INFO - DAG(s) dict_keys(['latest_only']) retrieved from /home/airflow/.local/lib/python3.6/site-packages/airflow/example_dags/example_latest_only.py
[2022-01-19 00:43:36,460] {logging_mixin.py:109} INFO - [2022-01-19 00:43:36,460] {dag.py:2396} INFO - Sync 1 DAGs
[2022-01-19 00:43:36,481] {logging_mixin.py:109} INFO - [2022-01-19 00:43:36,481] {dag.py:2935} INFO - Setting next_dagrun for latest_only to 2022-01-18T20:43:36.480746+00:00
[2022-01-19 00:43:36,497] {processor.py:171} INFO - Processing /home/airflow/.local/lib/python3.6/site-packages/airflow/example_dags/example_latest_only.py took 0.121 seconds
[2022-01-19 00:44:06,699] {processor.py:163} INFO - Started process (PID=981) to work on /home/airflow/.local/lib/python3.6/site-packages/airflow/example_dags/example_latest_only.py
[2022-01-19 00:44:06,702] {processor.py:642} INFO - Processing file /home/airflow/.local/lib/python3.6/site-packages/airflow/example_dags/example_latest_only.py for tasks to queue
[2022-01-19 00:44:06,704] {logging_mixin.py:109} INFO - [2022-01-19 00:44:06,704] {dagbag.py:500} INFO - Filling up the DagBag from /home/airflow/.local/lib/python3.6/site-packages/airflow/example_dags/example_latest_only.py
[2022-01-19 00:44:06,750] {processor.py:654} INFO - DAG(s) dict_keys(['latest_only']) retrieved from /home/airflow/.local/lib/python3.6/site-packages/airflow/example_dags/example_latest_only.py
[2022-01-19 00:44:06,773] {logging_mixin.py:109} INFO - [2022-01-19 00:44:06,773] {dag.py:2396} INFO - Sync 1 DAGs
[2022-01-19 00:44:06,809] {logging_mixin.py:109} INFO - [2022-01-19 00:44:06,809] {dag.py:2935} INFO - Setting next_dagrun for latest_only to 2022-01-18T20:44:06.808643+00:00
[2022-01-19 00:44:06,829] {processor.py:171} INFO - Processing /home/airflow/.local/lib/python3.6/site-packages/airflow/example_dags/example_latest_only.py took 0.138 seconds
[2022-01-19 00:44:37,800] {processor.py:163} INFO - Started process (PID=1048) to work on /home/airflow/.local/lib/python3.6/site-packages/airflow/example_dags/example_latest_only.py
[2022-01-19 00:44:37,806] {processor.py:642} INFO - Processing file /home/airflow/.local/lib/python3.6/site-packages/airflow/example_dags/example_latest_only.py for tasks to queue
[2022-01-19 00:44:37,809] {logging_mixin.py:109} INFO - [2022-01-19 00:44:37,809] {dagbag.py:500} INFO - Filling up the DagBag from /home/airflow/.local/lib/python3.6/site-packages/airflow/example_dags/example_latest_only.py
[2022-01-19 00:44:37,876] {processor.py:654} INFO - DAG(s) dict_keys(['latest_only']) retrieved from /home/airflow/.local/lib/python3.6/site-packages/airflow/example_dags/example_latest_only.py
[2022-01-19 00:44:37,894] {logging_mixin.py:109} INFO - [2022-01-19 00:44:37,893] {dag.py:2396} INFO - Sync 1 DAGs
[2022-01-19 00:44:37,926] {logging_mixin.py:109} INFO - [2022-01-19 00:44:37,925] {dag.py:2935} INFO - Setting next_dagrun for latest_only to 2022-01-18T20:44:37.925333+00:00
[2022-01-19 00:44:37,949] {processor.py:171} INFO - Processing /home/airflow/.local/lib/python3.6/site-packages/airflow/example_dags/example_latest_only.py took 0.160 seconds
[2022-01-19 00:45:08,497] {processor.py:163} INFO - Started process (PID=1102) to work on /home/airflow/.local/lib/python3.6/site-packages/airflow/example_dags/example_latest_only.py
[2022-01-19 00:45:08,500] {processor.py:642} INFO - Processing file /home/airflow/.local/lib/python3.6/site-packages/airflow/example_dags/example_latest_only.py for tasks to queue
[2022-01-19 00:45:08,502] {logging_mixin.py:109} INFO - [2022-01-19 00:45:08,502] {dagbag.py:500} INFO - Filling up the DagBag from /home/airflow/.local/lib/python3.6/site-packages/airflow/example_dags/example_latest_only.py
[2022-01-19 00:45:08,533] {processor.py:654} INFO - DAG(s) dict_keys(['latest_only']) retrieved from /home/airflow/.local/lib/python3.6/site-packages/airflow/example_dags/example_latest_only.py
[2022-01-19 00:45:08,546] {logging_mixin.py:109} INFO - [2022-01-19 00:45:08,546] {dag.py:2396} INFO - Sync 1 DAGs
[2022-01-19 00:45:08,567] {logging_mixin.py:109} INFO - [2022-01-19 00:45:08,567] {dag.py:2935} INFO - Setting next_dagrun for latest_only to 2022-01-18T20:45:08.566942+00:00
[2022-01-19 00:45:08,579] {processor.py:171} INFO - Processing /home/airflow/.local/lib/python3.6/site-packages/airflow/example_dags/example_latest_only.py took 0.089 seconds
