[2022-01-19 00:36:59,424] {processor.py:163} INFO - Started process (PID=119) to work on /home/airflow/.local/lib/python3.6/site-packages/airflow/example_dags/example_branch_operator.py
[2022-01-19 00:36:59,428] {processor.py:642} INFO - Processing file /home/airflow/.local/lib/python3.6/site-packages/airflow/example_dags/example_branch_operator.py for tasks to queue
[2022-01-19 00:36:59,433] {logging_mixin.py:109} INFO - [2022-01-19 00:36:59,431] {dagbag.py:500} INFO - Filling up the DagBag from /home/airflow/.local/lib/python3.6/site-packages/airflow/example_dags/example_branch_operator.py
[2022-01-19 00:36:59,500] {processor.py:654} INFO - DAG(s) dict_keys(['example_branch_operator']) retrieved from /home/airflow/.local/lib/python3.6/site-packages/airflow/example_dags/example_branch_operator.py
[2022-01-19 00:37:01,432] {logging_mixin.py:109} INFO - [2022-01-19 00:37:01,432] {manager.py:496} INFO - Created Permission View: can read on DAG:example_branch_operator
[2022-01-19 00:37:01,444] {logging_mixin.py:109} INFO - [2022-01-19 00:37:01,444] {manager.py:496} INFO - Created Permission View: can edit on DAG:example_branch_operator
[2022-01-19 00:37:01,447] {logging_mixin.py:109} INFO - [2022-01-19 00:37:01,446] {dag.py:2396} INFO - Sync 1 DAGs
[2022-01-19 00:37:01,459] {logging_mixin.py:109} INFO - [2022-01-19 00:37:01,458] {dag.py:2415} INFO - Creating ORM DAG for example_branch_operator
[2022-01-19 00:37:01,470] {logging_mixin.py:109} INFO - [2022-01-19 00:37:01,470] {dag.py:2935} INFO - Setting next_dagrun for example_branch_operator to 2022-01-18 00:00:00+00:00
[2022-01-19 00:37:01,490] {processor.py:171} INFO - Processing /home/airflow/.local/lib/python3.6/site-packages/airflow/example_dags/example_branch_operator.py took 2.073 seconds
[2022-01-19 00:37:32,542] {processor.py:163} INFO - Started process (PID=250) to work on /home/airflow/.local/lib/python3.6/site-packages/airflow/example_dags/example_branch_operator.py
[2022-01-19 00:37:32,545] {processor.py:642} INFO - Processing file /home/airflow/.local/lib/python3.6/site-packages/airflow/example_dags/example_branch_operator.py for tasks to queue
[2022-01-19 00:37:32,547] {logging_mixin.py:109} INFO - [2022-01-19 00:37:32,546] {dagbag.py:500} INFO - Filling up the DagBag from /home/airflow/.local/lib/python3.6/site-packages/airflow/example_dags/example_branch_operator.py
[2022-01-19 00:37:32,582] {processor.py:654} INFO - DAG(s) dict_keys(['example_branch_operator']) retrieved from /home/airflow/.local/lib/python3.6/site-packages/airflow/example_dags/example_branch_operator.py
[2022-01-19 00:37:32,596] {logging_mixin.py:109} INFO - [2022-01-19 00:37:32,595] {dag.py:2396} INFO - Sync 1 DAGs
[2022-01-19 00:37:32,616] {logging_mixin.py:109} INFO - [2022-01-19 00:37:32,616] {dag.py:2935} INFO - Setting next_dagrun for example_branch_operator to 2022-01-18 00:00:00+00:00
[2022-01-19 00:37:32,627] {processor.py:171} INFO - Processing /home/airflow/.local/lib/python3.6/site-packages/airflow/example_dags/example_branch_operator.py took 0.089 seconds
[2022-01-19 00:38:03,282] {processor.py:163} INFO - Started process (PID=316) to work on /home/airflow/.local/lib/python3.6/site-packages/airflow/example_dags/example_branch_operator.py
[2022-01-19 00:38:03,286] {processor.py:642} INFO - Processing file /home/airflow/.local/lib/python3.6/site-packages/airflow/example_dags/example_branch_operator.py for tasks to queue
[2022-01-19 00:38:03,289] {logging_mixin.py:109} INFO - [2022-01-19 00:38:03,288] {dagbag.py:500} INFO - Filling up the DagBag from /home/airflow/.local/lib/python3.6/site-packages/airflow/example_dags/example_branch_operator.py
[2022-01-19 00:38:03,360] {processor.py:654} INFO - DAG(s) dict_keys(['example_branch_operator']) retrieved from /home/airflow/.local/lib/python3.6/site-packages/airflow/example_dags/example_branch_operator.py
[2022-01-19 00:38:03,386] {logging_mixin.py:109} INFO - [2022-01-19 00:38:03,386] {dag.py:2396} INFO - Sync 1 DAGs
[2022-01-19 00:38:03,409] {logging_mixin.py:109} INFO - [2022-01-19 00:38:03,409] {dag.py:2935} INFO - Setting next_dagrun for example_branch_operator to 2022-01-18 00:00:00+00:00
[2022-01-19 00:38:03,421] {processor.py:171} INFO - Processing /home/airflow/.local/lib/python3.6/site-packages/airflow/example_dags/example_branch_operator.py took 0.144 seconds
[2022-01-19 00:38:33,619] {processor.py:163} INFO - Started process (PID=370) to work on /home/airflow/.local/lib/python3.6/site-packages/airflow/example_dags/example_branch_operator.py
[2022-01-19 00:38:33,625] {processor.py:642} INFO - Processing file /home/airflow/.local/lib/python3.6/site-packages/airflow/example_dags/example_branch_operator.py for tasks to queue
[2022-01-19 00:38:33,634] {logging_mixin.py:109} INFO - [2022-01-19 00:38:33,633] {dagbag.py:500} INFO - Filling up the DagBag from /home/airflow/.local/lib/python3.6/site-packages/airflow/example_dags/example_branch_operator.py
[2022-01-19 00:38:33,705] {processor.py:654} INFO - DAG(s) dict_keys(['example_branch_operator']) retrieved from /home/airflow/.local/lib/python3.6/site-packages/airflow/example_dags/example_branch_operator.py
[2022-01-19 00:38:33,727] {logging_mixin.py:109} INFO - [2022-01-19 00:38:33,726] {dag.py:2396} INFO - Sync 1 DAGs
[2022-01-19 00:38:33,765] {logging_mixin.py:109} INFO - [2022-01-19 00:38:33,764] {dag.py:2935} INFO - Setting next_dagrun for example_branch_operator to 2022-01-18 00:00:00+00:00
[2022-01-19 00:38:33,784] {processor.py:171} INFO - Processing /home/airflow/.local/lib/python3.6/site-packages/airflow/example_dags/example_branch_operator.py took 0.174 seconds
[2022-01-19 00:39:03,919] {processor.py:163} INFO - Started process (PID=424) to work on /home/airflow/.local/lib/python3.6/site-packages/airflow/example_dags/example_branch_operator.py
[2022-01-19 00:39:03,921] {processor.py:642} INFO - Processing file /home/airflow/.local/lib/python3.6/site-packages/airflow/example_dags/example_branch_operator.py for tasks to queue
[2022-01-19 00:39:03,923] {logging_mixin.py:109} INFO - [2022-01-19 00:39:03,923] {dagbag.py:500} INFO - Filling up the DagBag from /home/airflow/.local/lib/python3.6/site-packages/airflow/example_dags/example_branch_operator.py
[2022-01-19 00:39:03,974] {processor.py:654} INFO - DAG(s) dict_keys(['example_branch_operator']) retrieved from /home/airflow/.local/lib/python3.6/site-packages/airflow/example_dags/example_branch_operator.py
[2022-01-19 00:39:03,993] {logging_mixin.py:109} INFO - [2022-01-19 00:39:03,992] {dag.py:2396} INFO - Sync 1 DAGs
[2022-01-19 00:39:04,029] {logging_mixin.py:109} INFO - [2022-01-19 00:39:04,028] {dag.py:2935} INFO - Setting next_dagrun for example_branch_operator to 2022-01-18 00:00:00+00:00
[2022-01-19 00:39:04,052] {processor.py:171} INFO - Processing /home/airflow/.local/lib/python3.6/site-packages/airflow/example_dags/example_branch_operator.py took 0.138 seconds
[2022-01-19 00:39:34,440] {processor.py:163} INFO - Started process (PID=490) to work on /home/airflow/.local/lib/python3.6/site-packages/airflow/example_dags/example_branch_operator.py
[2022-01-19 00:39:34,442] {processor.py:642} INFO - Processing file /home/airflow/.local/lib/python3.6/site-packages/airflow/example_dags/example_branch_operator.py for tasks to queue
[2022-01-19 00:39:34,444] {logging_mixin.py:109} INFO - [2022-01-19 00:39:34,444] {dagbag.py:500} INFO - Filling up the DagBag from /home/airflow/.local/lib/python3.6/site-packages/airflow/example_dags/example_branch_operator.py
[2022-01-19 00:39:34,484] {processor.py:654} INFO - DAG(s) dict_keys(['example_branch_operator']) retrieved from /home/airflow/.local/lib/python3.6/site-packages/airflow/example_dags/example_branch_operator.py
[2022-01-19 00:39:34,504] {logging_mixin.py:109} INFO - [2022-01-19 00:39:34,503] {dag.py:2396} INFO - Sync 1 DAGs
[2022-01-19 00:39:34,528] {logging_mixin.py:109} INFO - [2022-01-19 00:39:34,528] {dag.py:2935} INFO - Setting next_dagrun for example_branch_operator to 2022-01-18 00:00:00+00:00
[2022-01-19 00:39:34,547] {processor.py:171} INFO - Processing /home/airflow/.local/lib/python3.6/site-packages/airflow/example_dags/example_branch_operator.py took 0.113 seconds
[2022-01-19 00:40:05,254] {processor.py:163} INFO - Started process (PID=545) to work on /home/airflow/.local/lib/python3.6/site-packages/airflow/example_dags/example_branch_operator.py
[2022-01-19 00:40:05,260] {processor.py:642} INFO - Processing file /home/airflow/.local/lib/python3.6/site-packages/airflow/example_dags/example_branch_operator.py for tasks to queue
[2022-01-19 00:40:05,264] {logging_mixin.py:109} INFO - [2022-01-19 00:40:05,263] {dagbag.py:500} INFO - Filling up the DagBag from /home/airflow/.local/lib/python3.6/site-packages/airflow/example_dags/example_branch_operator.py
[2022-01-19 00:40:05,350] {processor.py:654} INFO - DAG(s) dict_keys(['example_branch_operator']) retrieved from /home/airflow/.local/lib/python3.6/site-packages/airflow/example_dags/example_branch_operator.py
[2022-01-19 00:40:05,387] {logging_mixin.py:109} INFO - [2022-01-19 00:40:05,386] {dag.py:2396} INFO - Sync 1 DAGs
[2022-01-19 00:40:05,446] {logging_mixin.py:109} INFO - [2022-01-19 00:40:05,446] {dag.py:2935} INFO - Setting next_dagrun for example_branch_operator to 2022-01-18 00:00:00+00:00
[2022-01-19 00:40:05,477] {processor.py:171} INFO - Processing /home/airflow/.local/lib/python3.6/site-packages/airflow/example_dags/example_branch_operator.py took 0.232 seconds
[2022-01-19 00:40:35,757] {processor.py:163} INFO - Started process (PID=599) to work on /home/airflow/.local/lib/python3.6/site-packages/airflow/example_dags/example_branch_operator.py
[2022-01-19 00:40:35,761] {processor.py:642} INFO - Processing file /home/airflow/.local/lib/python3.6/site-packages/airflow/example_dags/example_branch_operator.py for tasks to queue
[2022-01-19 00:40:35,764] {logging_mixin.py:109} INFO - [2022-01-19 00:40:35,763] {dagbag.py:500} INFO - Filling up the DagBag from /home/airflow/.local/lib/python3.6/site-packages/airflow/example_dags/example_branch_operator.py
[2022-01-19 00:40:35,826] {processor.py:654} INFO - DAG(s) dict_keys(['example_branch_operator']) retrieved from /home/airflow/.local/lib/python3.6/site-packages/airflow/example_dags/example_branch_operator.py
[2022-01-19 00:40:35,850] {logging_mixin.py:109} INFO - [2022-01-19 00:40:35,850] {dag.py:2396} INFO - Sync 1 DAGs
[2022-01-19 00:40:35,891] {logging_mixin.py:109} INFO - [2022-01-19 00:40:35,890] {dag.py:2935} INFO - Setting next_dagrun for example_branch_operator to 2022-01-18 00:00:00+00:00
[2022-01-19 00:40:35,908] {processor.py:171} INFO - Processing /home/airflow/.local/lib/python3.6/site-packages/airflow/example_dags/example_branch_operator.py took 0.162 seconds
[2022-01-19 00:41:06,412] {processor.py:163} INFO - Started process (PID=653) to work on /home/airflow/.local/lib/python3.6/site-packages/airflow/example_dags/example_branch_operator.py
[2022-01-19 00:41:06,415] {processor.py:642} INFO - Processing file /home/airflow/.local/lib/python3.6/site-packages/airflow/example_dags/example_branch_operator.py for tasks to queue
[2022-01-19 00:41:06,417] {logging_mixin.py:109} INFO - [2022-01-19 00:41:06,417] {dagbag.py:500} INFO - Filling up the DagBag from /home/airflow/.local/lib/python3.6/site-packages/airflow/example_dags/example_branch_operator.py
[2022-01-19 00:41:06,464] {processor.py:654} INFO - DAG(s) dict_keys(['example_branch_operator']) retrieved from /home/airflow/.local/lib/python3.6/site-packages/airflow/example_dags/example_branch_operator.py
[2022-01-19 00:41:06,491] {logging_mixin.py:109} INFO - [2022-01-19 00:41:06,491] {dag.py:2396} INFO - Sync 1 DAGs
[2022-01-19 00:41:06,524] {logging_mixin.py:109} INFO - [2022-01-19 00:41:06,524] {dag.py:2935} INFO - Setting next_dagrun for example_branch_operator to 2022-01-18 00:00:00+00:00
[2022-01-19 00:41:06,538] {processor.py:171} INFO - Processing /home/airflow/.local/lib/python3.6/site-packages/airflow/example_dags/example_branch_operator.py took 0.132 seconds
[2022-01-19 00:41:36,990] {processor.py:163} INFO - Started process (PID=706) to work on /home/airflow/.local/lib/python3.6/site-packages/airflow/example_dags/example_branch_operator.py
[2022-01-19 00:41:36,994] {processor.py:642} INFO - Processing file /home/airflow/.local/lib/python3.6/site-packages/airflow/example_dags/example_branch_operator.py for tasks to queue
[2022-01-19 00:41:36,998] {logging_mixin.py:109} INFO - [2022-01-19 00:41:36,997] {dagbag.py:500} INFO - Filling up the DagBag from /home/airflow/.local/lib/python3.6/site-packages/airflow/example_dags/example_branch_operator.py
[2022-01-19 00:41:37,060] {processor.py:654} INFO - DAG(s) dict_keys(['example_branch_operator']) retrieved from /home/airflow/.local/lib/python3.6/site-packages/airflow/example_dags/example_branch_operator.py
[2022-01-19 00:41:37,081] {logging_mixin.py:109} INFO - [2022-01-19 00:41:37,080] {dag.py:2396} INFO - Sync 1 DAGs
[2022-01-19 00:41:37,122] {logging_mixin.py:109} INFO - [2022-01-19 00:41:37,122] {dag.py:2935} INFO - Setting next_dagrun for example_branch_operator to 2022-01-18 00:00:00+00:00
[2022-01-19 00:41:37,144] {processor.py:171} INFO - Processing /home/airflow/.local/lib/python3.6/site-packages/airflow/example_dags/example_branch_operator.py took 0.164 seconds
[2022-01-19 00:42:07,467] {processor.py:163} INFO - Started process (PID=771) to work on /home/airflow/.local/lib/python3.6/site-packages/airflow/example_dags/example_branch_operator.py
[2022-01-19 00:42:07,470] {processor.py:642} INFO - Processing file /home/airflow/.local/lib/python3.6/site-packages/airflow/example_dags/example_branch_operator.py for tasks to queue
[2022-01-19 00:42:07,472] {logging_mixin.py:109} INFO - [2022-01-19 00:42:07,472] {dagbag.py:500} INFO - Filling up the DagBag from /home/airflow/.local/lib/python3.6/site-packages/airflow/example_dags/example_branch_operator.py
[2022-01-19 00:42:07,529] {processor.py:654} INFO - DAG(s) dict_keys(['example_branch_operator']) retrieved from /home/airflow/.local/lib/python3.6/site-packages/airflow/example_dags/example_branch_operator.py
[2022-01-19 00:42:07,548] {logging_mixin.py:109} INFO - [2022-01-19 00:42:07,547] {dag.py:2396} INFO - Sync 1 DAGs
[2022-01-19 00:42:07,574] {logging_mixin.py:109} INFO - [2022-01-19 00:42:07,573] {dag.py:2935} INFO - Setting next_dagrun for example_branch_operator to 2022-01-18 00:00:00+00:00
[2022-01-19 00:42:07,585] {processor.py:171} INFO - Processing /home/airflow/.local/lib/python3.6/site-packages/airflow/example_dags/example_branch_operator.py took 0.121 seconds
[2022-01-19 00:42:38,070] {processor.py:163} INFO - Started process (PID=823) to work on /home/airflow/.local/lib/python3.6/site-packages/airflow/example_dags/example_branch_operator.py
[2022-01-19 00:42:38,073] {processor.py:642} INFO - Processing file /home/airflow/.local/lib/python3.6/site-packages/airflow/example_dags/example_branch_operator.py for tasks to queue
[2022-01-19 00:42:38,075] {logging_mixin.py:109} INFO - [2022-01-19 00:42:38,075] {dagbag.py:500} INFO - Filling up the DagBag from /home/airflow/.local/lib/python3.6/site-packages/airflow/example_dags/example_branch_operator.py
[2022-01-19 00:42:38,113] {processor.py:654} INFO - DAG(s) dict_keys(['example_branch_operator']) retrieved from /home/airflow/.local/lib/python3.6/site-packages/airflow/example_dags/example_branch_operator.py
[2022-01-19 00:42:38,127] {logging_mixin.py:109} INFO - [2022-01-19 00:42:38,127] {dag.py:2396} INFO - Sync 1 DAGs
[2022-01-19 00:42:38,150] {logging_mixin.py:109} INFO - [2022-01-19 00:42:38,149] {dag.py:2935} INFO - Setting next_dagrun for example_branch_operator to 2022-01-18 00:00:00+00:00
[2022-01-19 00:42:38,161] {processor.py:171} INFO - Processing /home/airflow/.local/lib/python3.6/site-packages/airflow/example_dags/example_branch_operator.py took 0.099 seconds
[2022-01-19 00:43:08,295] {processor.py:163} INFO - Started process (PID=876) to work on /home/airflow/.local/lib/python3.6/site-packages/airflow/example_dags/example_branch_operator.py
[2022-01-19 00:43:08,302] {processor.py:642} INFO - Processing file /home/airflow/.local/lib/python3.6/site-packages/airflow/example_dags/example_branch_operator.py for tasks to queue
[2022-01-19 00:43:08,313] {logging_mixin.py:109} INFO - [2022-01-19 00:43:08,312] {dagbag.py:500} INFO - Filling up the DagBag from /home/airflow/.local/lib/python3.6/site-packages/airflow/example_dags/example_branch_operator.py
[2022-01-19 00:43:08,409] {processor.py:654} INFO - DAG(s) dict_keys(['example_branch_operator']) retrieved from /home/airflow/.local/lib/python3.6/site-packages/airflow/example_dags/example_branch_operator.py
[2022-01-19 00:43:08,427] {logging_mixin.py:109} INFO - [2022-01-19 00:43:08,427] {dag.py:2396} INFO - Sync 1 DAGs
[2022-01-19 00:43:08,457] {logging_mixin.py:109} INFO - [2022-01-19 00:43:08,457] {dag.py:2935} INFO - Setting next_dagrun for example_branch_operator to 2022-01-18 00:00:00+00:00
[2022-01-19 00:43:08,474] {processor.py:171} INFO - Processing /home/airflow/.local/lib/python3.6/site-packages/airflow/example_dags/example_branch_operator.py took 0.192 seconds
[2022-01-19 00:43:38,544] {processor.py:163} INFO - Started process (PID=929) to work on /home/airflow/.local/lib/python3.6/site-packages/airflow/example_dags/example_branch_operator.py
[2022-01-19 00:43:38,546] {processor.py:642} INFO - Processing file /home/airflow/.local/lib/python3.6/site-packages/airflow/example_dags/example_branch_operator.py for tasks to queue
[2022-01-19 00:43:38,549] {logging_mixin.py:109} INFO - [2022-01-19 00:43:38,549] {dagbag.py:500} INFO - Filling up the DagBag from /home/airflow/.local/lib/python3.6/site-packages/airflow/example_dags/example_branch_operator.py
[2022-01-19 00:43:38,626] {processor.py:654} INFO - DAG(s) dict_keys(['example_branch_operator']) retrieved from /home/airflow/.local/lib/python3.6/site-packages/airflow/example_dags/example_branch_operator.py
[2022-01-19 00:43:38,651] {logging_mixin.py:109} INFO - [2022-01-19 00:43:38,651] {dag.py:2396} INFO - Sync 1 DAGs
[2022-01-19 00:43:38,697] {logging_mixin.py:109} INFO - [2022-01-19 00:43:38,697] {dag.py:2935} INFO - Setting next_dagrun for example_branch_operator to 2022-01-18 00:00:00+00:00
[2022-01-19 00:43:38,712] {processor.py:171} INFO - Processing /home/airflow/.local/lib/python3.6/site-packages/airflow/example_dags/example_branch_operator.py took 0.175 seconds
