[2022-01-19 00:37:08,638] {processor.py:163} INFO - Started process (PID=160) to work on /home/airflow/.local/lib/python3.6/site-packages/airflow/example_dags/example_external_task_marker_dag.py
[2022-01-19 00:37:08,652] {processor.py:642} INFO - Processing file /home/airflow/.local/lib/python3.6/site-packages/airflow/example_dags/example_external_task_marker_dag.py for tasks to queue
[2022-01-19 00:37:08,655] {logging_mixin.py:109} INFO - [2022-01-19 00:37:08,654] {dagbag.py:500} INFO - Filling up the DagBag from /home/airflow/.local/lib/python3.6/site-packages/airflow/example_dags/example_external_task_marker_dag.py
[2022-01-19 00:37:08,708] {processor.py:654} INFO - DAG(s) dict_keys(['example_external_task_marker_parent', 'example_external_task_marker_child']) retrieved from /home/airflow/.local/lib/python3.6/site-packages/airflow/example_dags/example_external_task_marker_dag.py
[2022-01-19 00:37:12,444] {logging_mixin.py:109} INFO - [2022-01-19 00:37:12,444] {manager.py:496} INFO - Created Permission View: can read on DAG:example_external_task_marker_parent
[2022-01-19 00:37:12,459] {logging_mixin.py:109} INFO - [2022-01-19 00:37:12,459] {manager.py:496} INFO - Created Permission View: can edit on DAG:example_external_task_marker_parent
[2022-01-19 00:37:12,508] {logging_mixin.py:109} INFO - [2022-01-19 00:37:12,507] {manager.py:496} INFO - Created Permission View: can read on DAG:example_external_task_marker_child
[2022-01-19 00:37:12,529] {logging_mixin.py:109} INFO - [2022-01-19 00:37:12,529] {manager.py:496} INFO - Created Permission View: can edit on DAG:example_external_task_marker_child
[2022-01-19 00:37:12,532] {logging_mixin.py:109} INFO - [2022-01-19 00:37:12,531] {dag.py:2396} INFO - Sync 2 DAGs
[2022-01-19 00:37:12,559] {logging_mixin.py:109} INFO - [2022-01-19 00:37:12,557] {dag.py:2415} INFO - Creating ORM DAG for example_external_task_marker_parent
[2022-01-19 00:37:12,561] {logging_mixin.py:109} INFO - [2022-01-19 00:37:12,561] {dag.py:2415} INFO - Creating ORM DAG for example_external_task_marker_child
[2022-01-19 00:37:12,575] {logging_mixin.py:109} INFO - [2022-01-19 00:37:12,574] {dag.py:2935} INFO - Setting next_dagrun for example_external_task_marker_child to None
[2022-01-19 00:37:12,578] {logging_mixin.py:109} INFO - [2022-01-19 00:37:12,578] {dag.py:2935} INFO - Setting next_dagrun for example_external_task_marker_parent to None
[2022-01-19 00:37:12,605] {processor.py:171} INFO - Processing /home/airflow/.local/lib/python3.6/site-packages/airflow/example_dags/example_external_task_marker_dag.py took 3.972 seconds
[2022-01-19 00:37:43,412] {processor.py:163} INFO - Started process (PID=271) to work on /home/airflow/.local/lib/python3.6/site-packages/airflow/example_dags/example_external_task_marker_dag.py
[2022-01-19 00:37:43,414] {processor.py:642} INFO - Processing file /home/airflow/.local/lib/python3.6/site-packages/airflow/example_dags/example_external_task_marker_dag.py for tasks to queue
[2022-01-19 00:37:43,416] {logging_mixin.py:109} INFO - [2022-01-19 00:37:43,416] {dagbag.py:500} INFO - Filling up the DagBag from /home/airflow/.local/lib/python3.6/site-packages/airflow/example_dags/example_external_task_marker_dag.py
[2022-01-19 00:37:43,467] {processor.py:654} INFO - DAG(s) dict_keys(['example_external_task_marker_parent', 'example_external_task_marker_child']) retrieved from /home/airflow/.local/lib/python3.6/site-packages/airflow/example_dags/example_external_task_marker_dag.py
[2022-01-19 00:37:43,483] {logging_mixin.py:109} INFO - [2022-01-19 00:37:43,483] {dag.py:2396} INFO - Sync 2 DAGs
[2022-01-19 00:37:43,514] {logging_mixin.py:109} INFO - [2022-01-19 00:37:43,514] {dag.py:2935} INFO - Setting next_dagrun for example_external_task_marker_child to None
[2022-01-19 00:37:43,515] {logging_mixin.py:109} INFO - [2022-01-19 00:37:43,515] {dag.py:2935} INFO - Setting next_dagrun for example_external_task_marker_parent to None
[2022-01-19 00:37:43,528] {processor.py:171} INFO - Processing /home/airflow/.local/lib/python3.6/site-packages/airflow/example_dags/example_external_task_marker_dag.py took 0.121 seconds
[2022-01-19 00:38:13,889] {processor.py:163} INFO - Started process (PID=325) to work on /home/airflow/.local/lib/python3.6/site-packages/airflow/example_dags/example_external_task_marker_dag.py
[2022-01-19 00:38:13,892] {processor.py:642} INFO - Processing file /home/airflow/.local/lib/python3.6/site-packages/airflow/example_dags/example_external_task_marker_dag.py for tasks to queue
[2022-01-19 00:38:13,893] {logging_mixin.py:109} INFO - [2022-01-19 00:38:13,893] {dagbag.py:500} INFO - Filling up the DagBag from /home/airflow/.local/lib/python3.6/site-packages/airflow/example_dags/example_external_task_marker_dag.py
[2022-01-19 00:38:13,924] {processor.py:654} INFO - DAG(s) dict_keys(['example_external_task_marker_parent', 'example_external_task_marker_child']) retrieved from /home/airflow/.local/lib/python3.6/site-packages/airflow/example_dags/example_external_task_marker_dag.py
[2022-01-19 00:38:13,938] {logging_mixin.py:109} INFO - [2022-01-19 00:38:13,938] {dag.py:2396} INFO - Sync 2 DAGs
[2022-01-19 00:38:13,955] {logging_mixin.py:109} INFO - [2022-01-19 00:38:13,955] {dag.py:2935} INFO - Setting next_dagrun for example_external_task_marker_child to None
[2022-01-19 00:38:13,956] {logging_mixin.py:109} INFO - [2022-01-19 00:38:13,956] {dag.py:2935} INFO - Setting next_dagrun for example_external_task_marker_parent to None
[2022-01-19 00:38:13,965] {processor.py:171} INFO - Processing /home/airflow/.local/lib/python3.6/site-packages/airflow/example_dags/example_external_task_marker_dag.py took 0.079 seconds
[2022-01-19 00:38:44,360] {processor.py:163} INFO - Started process (PID=391) to work on /home/airflow/.local/lib/python3.6/site-packages/airflow/example_dags/example_external_task_marker_dag.py
[2022-01-19 00:38:44,364] {processor.py:642} INFO - Processing file /home/airflow/.local/lib/python3.6/site-packages/airflow/example_dags/example_external_task_marker_dag.py for tasks to queue
[2022-01-19 00:38:44,368] {logging_mixin.py:109} INFO - [2022-01-19 00:38:44,368] {dagbag.py:500} INFO - Filling up the DagBag from /home/airflow/.local/lib/python3.6/site-packages/airflow/example_dags/example_external_task_marker_dag.py
[2022-01-19 00:38:44,434] {processor.py:654} INFO - DAG(s) dict_keys(['example_external_task_marker_parent', 'example_external_task_marker_child']) retrieved from /home/airflow/.local/lib/python3.6/site-packages/airflow/example_dags/example_external_task_marker_dag.py
[2022-01-19 00:38:44,459] {logging_mixin.py:109} INFO - [2022-01-19 00:38:44,459] {dag.py:2396} INFO - Sync 2 DAGs
[2022-01-19 00:38:44,479] {logging_mixin.py:109} INFO - [2022-01-19 00:38:44,479] {dag.py:2935} INFO - Setting next_dagrun for example_external_task_marker_child to None
[2022-01-19 00:38:44,480] {logging_mixin.py:109} INFO - [2022-01-19 00:38:44,480] {dag.py:2935} INFO - Setting next_dagrun for example_external_task_marker_parent to None
[2022-01-19 00:38:44,492] {processor.py:171} INFO - Processing /home/airflow/.local/lib/python3.6/site-packages/airflow/example_dags/example_external_task_marker_dag.py took 0.140 seconds
[2022-01-19 00:39:14,563] {processor.py:163} INFO - Started process (PID=445) to work on /home/airflow/.local/lib/python3.6/site-packages/airflow/example_dags/example_external_task_marker_dag.py
[2022-01-19 00:39:14,565] {processor.py:642} INFO - Processing file /home/airflow/.local/lib/python3.6/site-packages/airflow/example_dags/example_external_task_marker_dag.py for tasks to queue
[2022-01-19 00:39:14,567] {logging_mixin.py:109} INFO - [2022-01-19 00:39:14,567] {dagbag.py:500} INFO - Filling up the DagBag from /home/airflow/.local/lib/python3.6/site-packages/airflow/example_dags/example_external_task_marker_dag.py
[2022-01-19 00:39:14,601] {processor.py:654} INFO - DAG(s) dict_keys(['example_external_task_marker_parent', 'example_external_task_marker_child']) retrieved from /home/airflow/.local/lib/python3.6/site-packages/airflow/example_dags/example_external_task_marker_dag.py
[2022-01-19 00:39:14,625] {logging_mixin.py:109} INFO - [2022-01-19 00:39:14,625] {dag.py:2396} INFO - Sync 2 DAGs
[2022-01-19 00:39:14,661] {logging_mixin.py:109} INFO - [2022-01-19 00:39:14,661] {dag.py:2935} INFO - Setting next_dagrun for example_external_task_marker_child to None
[2022-01-19 00:39:14,662] {logging_mixin.py:109} INFO - [2022-01-19 00:39:14,662] {dag.py:2935} INFO - Setting next_dagrun for example_external_task_marker_parent to None
[2022-01-19 00:39:14,673] {processor.py:171} INFO - Processing /home/airflow/.local/lib/python3.6/site-packages/airflow/example_dags/example_external_task_marker_dag.py took 0.115 seconds
[2022-01-19 00:39:44,939] {processor.py:163} INFO - Started process (PID=499) to work on /home/airflow/.local/lib/python3.6/site-packages/airflow/example_dags/example_external_task_marker_dag.py
[2022-01-19 00:39:44,942] {processor.py:642} INFO - Processing file /home/airflow/.local/lib/python3.6/site-packages/airflow/example_dags/example_external_task_marker_dag.py for tasks to queue
[2022-01-19 00:39:44,943] {logging_mixin.py:109} INFO - [2022-01-19 00:39:44,943] {dagbag.py:500} INFO - Filling up the DagBag from /home/airflow/.local/lib/python3.6/site-packages/airflow/example_dags/example_external_task_marker_dag.py
[2022-01-19 00:39:44,974] {processor.py:654} INFO - DAG(s) dict_keys(['example_external_task_marker_parent', 'example_external_task_marker_child']) retrieved from /home/airflow/.local/lib/python3.6/site-packages/airflow/example_dags/example_external_task_marker_dag.py
[2022-01-19 00:39:44,992] {logging_mixin.py:109} INFO - [2022-01-19 00:39:44,991] {dag.py:2396} INFO - Sync 2 DAGs
[2022-01-19 00:39:45,009] {logging_mixin.py:109} INFO - [2022-01-19 00:39:45,009] {dag.py:2935} INFO - Setting next_dagrun for example_external_task_marker_child to None
[2022-01-19 00:39:45,011] {logging_mixin.py:109} INFO - [2022-01-19 00:39:45,011] {dag.py:2935} INFO - Setting next_dagrun for example_external_task_marker_parent to None
[2022-01-19 00:39:45,025] {processor.py:171} INFO - Processing /home/airflow/.local/lib/python3.6/site-packages/airflow/example_dags/example_external_task_marker_dag.py took 0.091 seconds
[2022-01-19 00:40:15,660] {processor.py:163} INFO - Started process (PID=564) to work on /home/airflow/.local/lib/python3.6/site-packages/airflow/example_dags/example_external_task_marker_dag.py
[2022-01-19 00:40:15,664] {processor.py:642} INFO - Processing file /home/airflow/.local/lib/python3.6/site-packages/airflow/example_dags/example_external_task_marker_dag.py for tasks to queue
[2022-01-19 00:40:15,666] {logging_mixin.py:109} INFO - [2022-01-19 00:40:15,666] {dagbag.py:500} INFO - Filling up the DagBag from /home/airflow/.local/lib/python3.6/site-packages/airflow/example_dags/example_external_task_marker_dag.py
[2022-01-19 00:40:15,718] {processor.py:654} INFO - DAG(s) dict_keys(['example_external_task_marker_parent', 'example_external_task_marker_child']) retrieved from /home/airflow/.local/lib/python3.6/site-packages/airflow/example_dags/example_external_task_marker_dag.py
[2022-01-19 00:40:15,741] {logging_mixin.py:109} INFO - [2022-01-19 00:40:15,741] {dag.py:2396} INFO - Sync 2 DAGs
[2022-01-19 00:40:15,772] {logging_mixin.py:109} INFO - [2022-01-19 00:40:15,772] {dag.py:2935} INFO - Setting next_dagrun for example_external_task_marker_child to None
[2022-01-19 00:40:15,774] {logging_mixin.py:109} INFO - [2022-01-19 00:40:15,774] {dag.py:2935} INFO - Setting next_dagrun for example_external_task_marker_parent to None
[2022-01-19 00:40:15,793] {processor.py:171} INFO - Processing /home/airflow/.local/lib/python3.6/site-packages/airflow/example_dags/example_external_task_marker_dag.py took 0.143 seconds
[2022-01-19 00:40:46,115] {processor.py:163} INFO - Started process (PID=619) to work on /home/airflow/.local/lib/python3.6/site-packages/airflow/example_dags/example_external_task_marker_dag.py
[2022-01-19 00:40:46,123] {processor.py:642} INFO - Processing file /home/airflow/.local/lib/python3.6/site-packages/airflow/example_dags/example_external_task_marker_dag.py for tasks to queue
[2022-01-19 00:40:46,126] {logging_mixin.py:109} INFO - [2022-01-19 00:40:46,126] {dagbag.py:500} INFO - Filling up the DagBag from /home/airflow/.local/lib/python3.6/site-packages/airflow/example_dags/example_external_task_marker_dag.py
[2022-01-19 00:40:46,207] {processor.py:654} INFO - DAG(s) dict_keys(['example_external_task_marker_parent', 'example_external_task_marker_child']) retrieved from /home/airflow/.local/lib/python3.6/site-packages/airflow/example_dags/example_external_task_marker_dag.py
[2022-01-19 00:40:46,241] {logging_mixin.py:109} INFO - [2022-01-19 00:40:46,240] {dag.py:2396} INFO - Sync 2 DAGs
[2022-01-19 00:40:46,285] {logging_mixin.py:109} INFO - [2022-01-19 00:40:46,285] {dag.py:2935} INFO - Setting next_dagrun for example_external_task_marker_child to None
[2022-01-19 00:40:46,287] {logging_mixin.py:109} INFO - [2022-01-19 00:40:46,287] {dag.py:2935} INFO - Setting next_dagrun for example_external_task_marker_parent to None
[2022-01-19 00:40:46,309] {processor.py:171} INFO - Processing /home/airflow/.local/lib/python3.6/site-packages/airflow/example_dags/example_external_task_marker_dag.py took 0.201 seconds
[2022-01-19 00:41:16,500] {processor.py:163} INFO - Started process (PID=672) to work on /home/airflow/.local/lib/python3.6/site-packages/airflow/example_dags/example_external_task_marker_dag.py
[2022-01-19 00:41:16,502] {processor.py:642} INFO - Processing file /home/airflow/.local/lib/python3.6/site-packages/airflow/example_dags/example_external_task_marker_dag.py for tasks to queue
[2022-01-19 00:41:16,505] {logging_mixin.py:109} INFO - [2022-01-19 00:41:16,504] {dagbag.py:500} INFO - Filling up the DagBag from /home/airflow/.local/lib/python3.6/site-packages/airflow/example_dags/example_external_task_marker_dag.py
[2022-01-19 00:41:16,544] {processor.py:654} INFO - DAG(s) dict_keys(['example_external_task_marker_parent', 'example_external_task_marker_child']) retrieved from /home/airflow/.local/lib/python3.6/site-packages/airflow/example_dags/example_external_task_marker_dag.py
[2022-01-19 00:41:16,562] {logging_mixin.py:109} INFO - [2022-01-19 00:41:16,562] {dag.py:2396} INFO - Sync 2 DAGs
[2022-01-19 00:41:16,588] {logging_mixin.py:109} INFO - [2022-01-19 00:41:16,587] {dag.py:2935} INFO - Setting next_dagrun for example_external_task_marker_child to None
[2022-01-19 00:41:16,589] {logging_mixin.py:109} INFO - [2022-01-19 00:41:16,589] {dag.py:2935} INFO - Setting next_dagrun for example_external_task_marker_parent to None
[2022-01-19 00:41:16,600] {processor.py:171} INFO - Processing /home/airflow/.local/lib/python3.6/site-packages/airflow/example_dags/example_external_task_marker_dag.py took 0.109 seconds
[2022-01-19 00:41:46,781] {processor.py:163} INFO - Started process (PID=726) to work on /home/airflow/.local/lib/python3.6/site-packages/airflow/example_dags/example_external_task_marker_dag.py
[2022-01-19 00:41:46,784] {processor.py:642} INFO - Processing file /home/airflow/.local/lib/python3.6/site-packages/airflow/example_dags/example_external_task_marker_dag.py for tasks to queue
[2022-01-19 00:41:46,790] {logging_mixin.py:109} INFO - [2022-01-19 00:41:46,790] {dagbag.py:500} INFO - Filling up the DagBag from /home/airflow/.local/lib/python3.6/site-packages/airflow/example_dags/example_external_task_marker_dag.py
[2022-01-19 00:41:46,821] {processor.py:654} INFO - DAG(s) dict_keys(['example_external_task_marker_parent', 'example_external_task_marker_child']) retrieved from /home/airflow/.local/lib/python3.6/site-packages/airflow/example_dags/example_external_task_marker_dag.py
[2022-01-19 00:41:46,839] {logging_mixin.py:109} INFO - [2022-01-19 00:41:46,838] {dag.py:2396} INFO - Sync 2 DAGs
[2022-01-19 00:41:46,860] {logging_mixin.py:109} INFO - [2022-01-19 00:41:46,860] {dag.py:2935} INFO - Setting next_dagrun for example_external_task_marker_child to None
[2022-01-19 00:41:46,861] {logging_mixin.py:109} INFO - [2022-01-19 00:41:46,861] {dag.py:2935} INFO - Setting next_dagrun for example_external_task_marker_parent to None
[2022-01-19 00:41:46,878] {processor.py:171} INFO - Processing /home/airflow/.local/lib/python3.6/site-packages/airflow/example_dags/example_external_task_marker_dag.py took 0.123 seconds
[2022-01-19 00:42:16,955] {processor.py:163} INFO - Started process (PID=780) to work on /home/airflow/.local/lib/python3.6/site-packages/airflow/example_dags/example_external_task_marker_dag.py
[2022-01-19 00:42:16,959] {processor.py:642} INFO - Processing file /home/airflow/.local/lib/python3.6/site-packages/airflow/example_dags/example_external_task_marker_dag.py for tasks to queue
[2022-01-19 00:42:16,962] {logging_mixin.py:109} INFO - [2022-01-19 00:42:16,961] {dagbag.py:500} INFO - Filling up the DagBag from /home/airflow/.local/lib/python3.6/site-packages/airflow/example_dags/example_external_task_marker_dag.py
[2022-01-19 00:42:17,002] {processor.py:654} INFO - DAG(s) dict_keys(['example_external_task_marker_parent', 'example_external_task_marker_child']) retrieved from /home/airflow/.local/lib/python3.6/site-packages/airflow/example_dags/example_external_task_marker_dag.py
[2022-01-19 00:42:17,025] {logging_mixin.py:109} INFO - [2022-01-19 00:42:17,025] {dag.py:2396} INFO - Sync 2 DAGs
[2022-01-19 00:42:17,047] {logging_mixin.py:109} INFO - [2022-01-19 00:42:17,046] {dag.py:2935} INFO - Setting next_dagrun for example_external_task_marker_child to None
[2022-01-19 00:42:17,048] {logging_mixin.py:109} INFO - [2022-01-19 00:42:17,048] {dag.py:2935} INFO - Setting next_dagrun for example_external_task_marker_parent to None
[2022-01-19 00:42:17,065] {processor.py:171} INFO - Processing /home/airflow/.local/lib/python3.6/site-packages/airflow/example_dags/example_external_task_marker_dag.py took 0.119 seconds
[2022-01-19 00:42:47,220] {processor.py:163} INFO - Started process (PID=842) to work on /home/airflow/.local/lib/python3.6/site-packages/airflow/example_dags/example_external_task_marker_dag.py
[2022-01-19 00:42:47,223] {processor.py:642} INFO - Processing file /home/airflow/.local/lib/python3.6/site-packages/airflow/example_dags/example_external_task_marker_dag.py for tasks to queue
[2022-01-19 00:42:47,225] {logging_mixin.py:109} INFO - [2022-01-19 00:42:47,224] {dagbag.py:500} INFO - Filling up the DagBag from /home/airflow/.local/lib/python3.6/site-packages/airflow/example_dags/example_external_task_marker_dag.py
[2022-01-19 00:42:47,258] {processor.py:654} INFO - DAG(s) dict_keys(['example_external_task_marker_parent', 'example_external_task_marker_child']) retrieved from /home/airflow/.local/lib/python3.6/site-packages/airflow/example_dags/example_external_task_marker_dag.py
[2022-01-19 00:42:47,273] {logging_mixin.py:109} INFO - [2022-01-19 00:42:47,273] {dag.py:2396} INFO - Sync 2 DAGs
[2022-01-19 00:42:47,306] {logging_mixin.py:109} INFO - [2022-01-19 00:42:47,306] {dag.py:2935} INFO - Setting next_dagrun for example_external_task_marker_child to None
[2022-01-19 00:42:47,308] {logging_mixin.py:109} INFO - [2022-01-19 00:42:47,308] {dag.py:2935} INFO - Setting next_dagrun for example_external_task_marker_parent to None
[2022-01-19 00:42:47,325] {processor.py:171} INFO - Processing /home/airflow/.local/lib/python3.6/site-packages/airflow/example_dags/example_external_task_marker_dag.py took 0.108 seconds
[2022-01-19 00:43:17,688] {processor.py:163} INFO - Started process (PID=895) to work on /home/airflow/.local/lib/python3.6/site-packages/airflow/example_dags/example_external_task_marker_dag.py
[2022-01-19 00:43:17,690] {processor.py:642} INFO - Processing file /home/airflow/.local/lib/python3.6/site-packages/airflow/example_dags/example_external_task_marker_dag.py for tasks to queue
[2022-01-19 00:43:17,692] {logging_mixin.py:109} INFO - [2022-01-19 00:43:17,692] {dagbag.py:500} INFO - Filling up the DagBag from /home/airflow/.local/lib/python3.6/site-packages/airflow/example_dags/example_external_task_marker_dag.py
[2022-01-19 00:43:17,735] {processor.py:654} INFO - DAG(s) dict_keys(['example_external_task_marker_parent', 'example_external_task_marker_child']) retrieved from /home/airflow/.local/lib/python3.6/site-packages/airflow/example_dags/example_external_task_marker_dag.py
[2022-01-19 00:43:17,752] {logging_mixin.py:109} INFO - [2022-01-19 00:43:17,752] {dag.py:2396} INFO - Sync 2 DAGs
[2022-01-19 00:43:17,783] {logging_mixin.py:109} INFO - [2022-01-19 00:43:17,783] {dag.py:2935} INFO - Setting next_dagrun for example_external_task_marker_child to None
[2022-01-19 00:43:17,784] {logging_mixin.py:109} INFO - [2022-01-19 00:43:17,784] {dag.py:2935} INFO - Setting next_dagrun for example_external_task_marker_parent to None
[2022-01-19 00:43:17,797] {processor.py:171} INFO - Processing /home/airflow/.local/lib/python3.6/site-packages/airflow/example_dags/example_external_task_marker_dag.py took 0.113 seconds
[2022-01-19 00:43:48,235] {processor.py:163} INFO - Started process (PID=948) to work on /home/airflow/.local/lib/python3.6/site-packages/airflow/example_dags/example_external_task_marker_dag.py
[2022-01-19 00:43:48,238] {processor.py:642} INFO - Processing file /home/airflow/.local/lib/python3.6/site-packages/airflow/example_dags/example_external_task_marker_dag.py for tasks to queue
[2022-01-19 00:43:48,239] {logging_mixin.py:109} INFO - [2022-01-19 00:43:48,239] {dagbag.py:500} INFO - Filling up the DagBag from /home/airflow/.local/lib/python3.6/site-packages/airflow/example_dags/example_external_task_marker_dag.py
[2022-01-19 00:43:48,270] {processor.py:654} INFO - DAG(s) dict_keys(['example_external_task_marker_parent', 'example_external_task_marker_child']) retrieved from /home/airflow/.local/lib/python3.6/site-packages/airflow/example_dags/example_external_task_marker_dag.py
[2022-01-19 00:43:48,285] {logging_mixin.py:109} INFO - [2022-01-19 00:43:48,284] {dag.py:2396} INFO - Sync 2 DAGs
[2022-01-19 00:43:48,305] {logging_mixin.py:109} INFO - [2022-01-19 00:43:48,305] {dag.py:2935} INFO - Setting next_dagrun for example_external_task_marker_child to None
[2022-01-19 00:43:48,307] {logging_mixin.py:109} INFO - [2022-01-19 00:43:48,307] {dag.py:2935} INFO - Setting next_dagrun for example_external_task_marker_parent to None
[2022-01-19 00:43:48,318] {processor.py:171} INFO - Processing /home/airflow/.local/lib/python3.6/site-packages/airflow/example_dags/example_external_task_marker_dag.py took 0.088 seconds
[2022-01-19 00:44:18,722] {processor.py:163} INFO - Started process (PID=1003) to work on /home/airflow/.local/lib/python3.6/site-packages/airflow/example_dags/example_external_task_marker_dag.py
[2022-01-19 00:44:18,725] {processor.py:642} INFO - Processing file /home/airflow/.local/lib/python3.6/site-packages/airflow/example_dags/example_external_task_marker_dag.py for tasks to queue
[2022-01-19 00:44:18,727] {logging_mixin.py:109} INFO - [2022-01-19 00:44:18,727] {dagbag.py:500} INFO - Filling up the DagBag from /home/airflow/.local/lib/python3.6/site-packages/airflow/example_dags/example_external_task_marker_dag.py
[2022-01-19 00:44:18,768] {processor.py:654} INFO - DAG(s) dict_keys(['example_external_task_marker_parent', 'example_external_task_marker_child']) retrieved from /home/airflow/.local/lib/python3.6/site-packages/airflow/example_dags/example_external_task_marker_dag.py
[2022-01-19 00:44:18,792] {logging_mixin.py:109} INFO - [2022-01-19 00:44:18,791] {dag.py:2396} INFO - Sync 2 DAGs
[2022-01-19 00:44:18,810] {logging_mixin.py:109} INFO - [2022-01-19 00:44:18,810] {dag.py:2935} INFO - Setting next_dagrun for example_external_task_marker_child to None
[2022-01-19 00:44:18,811] {logging_mixin.py:109} INFO - [2022-01-19 00:44:18,811] {dag.py:2935} INFO - Setting next_dagrun for example_external_task_marker_parent to None
[2022-01-19 00:44:18,822] {processor.py:171} INFO - Processing /home/airflow/.local/lib/python3.6/site-packages/airflow/example_dags/example_external_task_marker_dag.py took 0.106 seconds
[2022-01-19 00:44:48,998] {processor.py:163} INFO - Started process (PID=1066) to work on /home/airflow/.local/lib/python3.6/site-packages/airflow/example_dags/example_external_task_marker_dag.py
[2022-01-19 00:44:48,999] {processor.py:642} INFO - Processing file /home/airflow/.local/lib/python3.6/site-packages/airflow/example_dags/example_external_task_marker_dag.py for tasks to queue
[2022-01-19 00:44:49,004] {logging_mixin.py:109} INFO - [2022-01-19 00:44:49,003] {dagbag.py:500} INFO - Filling up the DagBag from /home/airflow/.local/lib/python3.6/site-packages/airflow/example_dags/example_external_task_marker_dag.py
[2022-01-19 00:44:49,037] {processor.py:654} INFO - DAG(s) dict_keys(['example_external_task_marker_parent', 'example_external_task_marker_child']) retrieved from /home/airflow/.local/lib/python3.6/site-packages/airflow/example_dags/example_external_task_marker_dag.py
[2022-01-19 00:44:49,053] {logging_mixin.py:109} INFO - [2022-01-19 00:44:49,053] {dag.py:2396} INFO - Sync 2 DAGs
[2022-01-19 00:44:49,075] {logging_mixin.py:109} INFO - [2022-01-19 00:44:49,075] {dag.py:2935} INFO - Setting next_dagrun for example_external_task_marker_child to None
[2022-01-19 00:44:49,076] {logging_mixin.py:109} INFO - [2022-01-19 00:44:49,076] {dag.py:2935} INFO - Setting next_dagrun for example_external_task_marker_parent to None
[2022-01-19 00:44:49,088] {processor.py:171} INFO - Processing /home/airflow/.local/lib/python3.6/site-packages/airflow/example_dags/example_external_task_marker_dag.py took 0.094 seconds
[2022-01-19 00:45:19,282] {processor.py:163} INFO - Started process (PID=1122) to work on /home/airflow/.local/lib/python3.6/site-packages/airflow/example_dags/example_external_task_marker_dag.py
[2022-01-19 00:45:19,284] {processor.py:642} INFO - Processing file /home/airflow/.local/lib/python3.6/site-packages/airflow/example_dags/example_external_task_marker_dag.py for tasks to queue
[2022-01-19 00:45:19,285] {logging_mixin.py:109} INFO - [2022-01-19 00:45:19,285] {dagbag.py:500} INFO - Filling up the DagBag from /home/airflow/.local/lib/python3.6/site-packages/airflow/example_dags/example_external_task_marker_dag.py
[2022-01-19 00:45:19,317] {processor.py:654} INFO - DAG(s) dict_keys(['example_external_task_marker_parent', 'example_external_task_marker_child']) retrieved from /home/airflow/.local/lib/python3.6/site-packages/airflow/example_dags/example_external_task_marker_dag.py
[2022-01-19 00:45:19,337] {logging_mixin.py:109} INFO - [2022-01-19 00:45:19,337] {dag.py:2396} INFO - Sync 2 DAGs
[2022-01-19 00:45:19,360] {logging_mixin.py:109} INFO - [2022-01-19 00:45:19,360] {dag.py:2935} INFO - Setting next_dagrun for example_external_task_marker_child to None
[2022-01-19 00:45:19,361] {logging_mixin.py:109} INFO - [2022-01-19 00:45:19,361] {dag.py:2935} INFO - Setting next_dagrun for example_external_task_marker_parent to None
[2022-01-19 00:45:19,372] {processor.py:171} INFO - Processing /home/airflow/.local/lib/python3.6/site-packages/airflow/example_dags/example_external_task_marker_dag.py took 0.094 seconds
