[2022-01-19 00:36:43,587] {processor.py:163} INFO - Started process (PID=70) to work on /home/airflow/.local/lib/python3.6/site-packages/airflow/example_dags/example_xcom.py
[2022-01-19 00:36:43,595] {processor.py:642} INFO - Processing file /home/airflow/.local/lib/python3.6/site-packages/airflow/example_dags/example_xcom.py for tasks to queue
[2022-01-19 00:36:43,601] {logging_mixin.py:109} INFO - [2022-01-19 00:36:43,600] {dagbag.py:500} INFO - Filling up the DagBag from /home/airflow/.local/lib/python3.6/site-packages/airflow/example_dags/example_xcom.py
[2022-01-19 00:36:43,692] {processor.py:654} INFO - DAG(s) dict_keys(['example_xcom']) retrieved from /home/airflow/.local/lib/python3.6/site-packages/airflow/example_dags/example_xcom.py
[2022-01-19 00:36:48,708] {logging_mixin.py:109} INFO - [2022-01-19 00:36:48,708] {manager.py:496} INFO - Created Permission View: can read on DAG:example_xcom
[2022-01-19 00:36:48,722] {logging_mixin.py:109} INFO - [2022-01-19 00:36:48,722] {manager.py:496} INFO - Created Permission View: can edit on DAG:example_xcom
[2022-01-19 00:36:48,724] {logging_mixin.py:109} INFO - [2022-01-19 00:36:48,723] {dag.py:2396} INFO - Sync 1 DAGs
[2022-01-19 00:36:48,737] {logging_mixin.py:109} INFO - [2022-01-19 00:36:48,736] {dag.py:2415} INFO - Creating ORM DAG for example_xcom
[2022-01-19 00:36:48,752] {logging_mixin.py:109} INFO - [2022-01-19 00:36:48,751] {dag.py:2935} INFO - Setting next_dagrun for example_xcom to 2021-01-01T00:00:00+00:00
[2022-01-19 00:36:48,772] {processor.py:171} INFO - Processing /home/airflow/.local/lib/python3.6/site-packages/airflow/example_dags/example_xcom.py took 5.209 seconds
[2022-01-19 00:37:23,791] {processor.py:163} INFO - Started process (PID=234) to work on /home/airflow/.local/lib/python3.6/site-packages/airflow/example_dags/example_xcom.py
[2022-01-19 00:37:23,793] {processor.py:642} INFO - Processing file /home/airflow/.local/lib/python3.6/site-packages/airflow/example_dags/example_xcom.py for tasks to queue
[2022-01-19 00:37:23,794] {logging_mixin.py:109} INFO - [2022-01-19 00:37:23,794] {dagbag.py:500} INFO - Filling up the DagBag from /home/airflow/.local/lib/python3.6/site-packages/airflow/example_dags/example_xcom.py
[2022-01-19 00:37:23,855] {processor.py:654} INFO - DAG(s) dict_keys(['example_xcom']) retrieved from /home/airflow/.local/lib/python3.6/site-packages/airflow/example_dags/example_xcom.py
[2022-01-19 00:37:24,121] {logging_mixin.py:109} INFO - [2022-01-19 00:37:24,121] {dag.py:2396} INFO - Sync 1 DAGs
[2022-01-19 00:37:24,140] {logging_mixin.py:109} INFO - [2022-01-19 00:37:24,139] {dag.py:2935} INFO - Setting next_dagrun for example_xcom to 2021-01-01T00:00:00+00:00
[2022-01-19 00:37:24,153] {processor.py:171} INFO - Processing /home/airflow/.local/lib/python3.6/site-packages/airflow/example_dags/example_xcom.py took 0.366 seconds
[2022-01-19 00:37:54,578] {processor.py:163} INFO - Started process (PID=298) to work on /home/airflow/.local/lib/python3.6/site-packages/airflow/example_dags/example_xcom.py
[2022-01-19 00:37:54,581] {processor.py:642} INFO - Processing file /home/airflow/.local/lib/python3.6/site-packages/airflow/example_dags/example_xcom.py for tasks to queue
[2022-01-19 00:37:54,583] {logging_mixin.py:109} INFO - [2022-01-19 00:37:54,583] {dagbag.py:500} INFO - Filling up the DagBag from /home/airflow/.local/lib/python3.6/site-packages/airflow/example_dags/example_xcom.py
[2022-01-19 00:37:54,625] {processor.py:654} INFO - DAG(s) dict_keys(['example_xcom']) retrieved from /home/airflow/.local/lib/python3.6/site-packages/airflow/example_dags/example_xcom.py
[2022-01-19 00:37:54,812] {logging_mixin.py:109} INFO - [2022-01-19 00:37:54,812] {dag.py:2396} INFO - Sync 1 DAGs
[2022-01-19 00:37:54,831] {logging_mixin.py:109} INFO - [2022-01-19 00:37:54,831] {dag.py:2935} INFO - Setting next_dagrun for example_xcom to 2021-01-01T00:00:00+00:00
[2022-01-19 00:37:54,846] {processor.py:171} INFO - Processing /home/airflow/.local/lib/python3.6/site-packages/airflow/example_dags/example_xcom.py took 0.272 seconds
[2022-01-19 00:38:24,961] {processor.py:163} INFO - Started process (PID=352) to work on /home/airflow/.local/lib/python3.6/site-packages/airflow/example_dags/example_xcom.py
[2022-01-19 00:38:24,964] {processor.py:642} INFO - Processing file /home/airflow/.local/lib/python3.6/site-packages/airflow/example_dags/example_xcom.py for tasks to queue
[2022-01-19 00:38:24,965] {logging_mixin.py:109} INFO - [2022-01-19 00:38:24,965] {dagbag.py:500} INFO - Filling up the DagBag from /home/airflow/.local/lib/python3.6/site-packages/airflow/example_dags/example_xcom.py
[2022-01-19 00:38:25,002] {processor.py:654} INFO - DAG(s) dict_keys(['example_xcom']) retrieved from /home/airflow/.local/lib/python3.6/site-packages/airflow/example_dags/example_xcom.py
[2022-01-19 00:38:25,228] {logging_mixin.py:109} INFO - [2022-01-19 00:38:25,228] {dag.py:2396} INFO - Sync 1 DAGs
[2022-01-19 00:38:25,247] {logging_mixin.py:109} INFO - [2022-01-19 00:38:25,247] {dag.py:2935} INFO - Setting next_dagrun for example_xcom to 2021-01-01T00:00:00+00:00
[2022-01-19 00:38:25,259] {processor.py:171} INFO - Processing /home/airflow/.local/lib/python3.6/site-packages/airflow/example_dags/example_xcom.py took 0.302 seconds
[2022-01-19 00:38:55,313] {processor.py:163} INFO - Started process (PID=416) to work on /home/airflow/.local/lib/python3.6/site-packages/airflow/example_dags/example_xcom.py
[2022-01-19 00:38:55,317] {processor.py:642} INFO - Processing file /home/airflow/.local/lib/python3.6/site-packages/airflow/example_dags/example_xcom.py for tasks to queue
[2022-01-19 00:38:55,321] {logging_mixin.py:109} INFO - [2022-01-19 00:38:55,320] {dagbag.py:500} INFO - Filling up the DagBag from /home/airflow/.local/lib/python3.6/site-packages/airflow/example_dags/example_xcom.py
[2022-01-19 00:38:55,406] {processor.py:654} INFO - DAG(s) dict_keys(['example_xcom']) retrieved from /home/airflow/.local/lib/python3.6/site-packages/airflow/example_dags/example_xcom.py
[2022-01-19 00:38:55,902] {logging_mixin.py:109} INFO - [2022-01-19 00:38:55,902] {dag.py:2396} INFO - Sync 1 DAGs
[2022-01-19 00:38:55,947] {logging_mixin.py:109} INFO - [2022-01-19 00:38:55,946] {dag.py:2935} INFO - Setting next_dagrun for example_xcom to 2021-01-01T00:00:00+00:00
[2022-01-19 00:38:55,960] {processor.py:171} INFO - Processing /home/airflow/.local/lib/python3.6/site-packages/airflow/example_dags/example_xcom.py took 0.654 seconds
[2022-01-19 00:39:26,656] {processor.py:163} INFO - Started process (PID=471) to work on /home/airflow/.local/lib/python3.6/site-packages/airflow/example_dags/example_xcom.py
[2022-01-19 00:39:26,659] {processor.py:642} INFO - Processing file /home/airflow/.local/lib/python3.6/site-packages/airflow/example_dags/example_xcom.py for tasks to queue
[2022-01-19 00:39:26,661] {logging_mixin.py:109} INFO - [2022-01-19 00:39:26,661] {dagbag.py:500} INFO - Filling up the DagBag from /home/airflow/.local/lib/python3.6/site-packages/airflow/example_dags/example_xcom.py
[2022-01-19 00:39:26,710] {processor.py:654} INFO - DAG(s) dict_keys(['example_xcom']) retrieved from /home/airflow/.local/lib/python3.6/site-packages/airflow/example_dags/example_xcom.py
[2022-01-19 00:39:26,925] {logging_mixin.py:109} INFO - [2022-01-19 00:39:26,925] {dag.py:2396} INFO - Sync 1 DAGs
[2022-01-19 00:39:26,954] {logging_mixin.py:109} INFO - [2022-01-19 00:39:26,954] {dag.py:2935} INFO - Setting next_dagrun for example_xcom to 2021-01-01T00:00:00+00:00
[2022-01-19 00:39:26,969] {processor.py:171} INFO - Processing /home/airflow/.local/lib/python3.6/site-packages/airflow/example_dags/example_xcom.py took 0.324 seconds
[2022-01-19 00:39:57,148] {processor.py:163} INFO - Started process (PID=526) to work on /home/airflow/.local/lib/python3.6/site-packages/airflow/example_dags/example_xcom.py
[2022-01-19 00:39:57,150] {processor.py:642} INFO - Processing file /home/airflow/.local/lib/python3.6/site-packages/airflow/example_dags/example_xcom.py for tasks to queue
[2022-01-19 00:39:57,151] {logging_mixin.py:109} INFO - [2022-01-19 00:39:57,151] {dagbag.py:500} INFO - Filling up the DagBag from /home/airflow/.local/lib/python3.6/site-packages/airflow/example_dags/example_xcom.py
[2022-01-19 00:39:57,196] {processor.py:654} INFO - DAG(s) dict_keys(['example_xcom']) retrieved from /home/airflow/.local/lib/python3.6/site-packages/airflow/example_dags/example_xcom.py
[2022-01-19 00:39:57,476] {logging_mixin.py:109} INFO - [2022-01-19 00:39:57,475] {dag.py:2396} INFO - Sync 1 DAGs
[2022-01-19 00:39:57,505] {logging_mixin.py:109} INFO - [2022-01-19 00:39:57,505] {dag.py:2935} INFO - Setting next_dagrun for example_xcom to 2021-01-01T00:00:00+00:00
[2022-01-19 00:39:57,528] {processor.py:171} INFO - Processing /home/airflow/.local/lib/python3.6/site-packages/airflow/example_dags/example_xcom.py took 0.384 seconds
[2022-01-19 00:40:28,182] {processor.py:163} INFO - Started process (PID=580) to work on /home/airflow/.local/lib/python3.6/site-packages/airflow/example_dags/example_xcom.py
[2022-01-19 00:40:28,189] {processor.py:642} INFO - Processing file /home/airflow/.local/lib/python3.6/site-packages/airflow/example_dags/example_xcom.py for tasks to queue
[2022-01-19 00:40:28,192] {logging_mixin.py:109} INFO - [2022-01-19 00:40:28,191] {dagbag.py:500} INFO - Filling up the DagBag from /home/airflow/.local/lib/python3.6/site-packages/airflow/example_dags/example_xcom.py
[2022-01-19 00:40:28,285] {processor.py:654} INFO - DAG(s) dict_keys(['example_xcom']) retrieved from /home/airflow/.local/lib/python3.6/site-packages/airflow/example_dags/example_xcom.py
[2022-01-19 00:40:28,761] {logging_mixin.py:109} INFO - [2022-01-19 00:40:28,761] {dag.py:2396} INFO - Sync 1 DAGs
[2022-01-19 00:40:28,798] {logging_mixin.py:109} INFO - [2022-01-19 00:40:28,798] {dag.py:2935} INFO - Setting next_dagrun for example_xcom to 2021-01-01T00:00:00+00:00
[2022-01-19 00:40:28,818] {processor.py:171} INFO - Processing /home/airflow/.local/lib/python3.6/site-packages/airflow/example_dags/example_xcom.py took 0.644 seconds
[2022-01-19 00:40:59,666] {processor.py:163} INFO - Started process (PID=645) to work on /home/airflow/.local/lib/python3.6/site-packages/airflow/example_dags/example_xcom.py
[2022-01-19 00:40:59,674] {processor.py:642} INFO - Processing file /home/airflow/.local/lib/python3.6/site-packages/airflow/example_dags/example_xcom.py for tasks to queue
[2022-01-19 00:40:59,680] {logging_mixin.py:109} INFO - [2022-01-19 00:40:59,679] {dagbag.py:500} INFO - Filling up the DagBag from /home/airflow/.local/lib/python3.6/site-packages/airflow/example_dags/example_xcom.py
[2022-01-19 00:40:59,777] {processor.py:654} INFO - DAG(s) dict_keys(['example_xcom']) retrieved from /home/airflow/.local/lib/python3.6/site-packages/airflow/example_dags/example_xcom.py
[2022-01-19 00:41:00,375] {logging_mixin.py:109} INFO - [2022-01-19 00:41:00,375] {dag.py:2396} INFO - Sync 1 DAGs
[2022-01-19 00:41:00,441] {logging_mixin.py:109} INFO - [2022-01-19 00:41:00,440] {dag.py:2935} INFO - Setting next_dagrun for example_xcom to 2021-01-01T00:00:00+00:00
[2022-01-19 00:41:00,468] {processor.py:171} INFO - Processing /home/airflow/.local/lib/python3.6/site-packages/airflow/example_dags/example_xcom.py took 0.810 seconds
[2022-01-19 00:41:30,990] {processor.py:163} INFO - Started process (PID=698) to work on /home/airflow/.local/lib/python3.6/site-packages/airflow/example_dags/example_xcom.py
[2022-01-19 00:41:30,994] {processor.py:642} INFO - Processing file /home/airflow/.local/lib/python3.6/site-packages/airflow/example_dags/example_xcom.py for tasks to queue
[2022-01-19 00:41:30,995] {logging_mixin.py:109} INFO - [2022-01-19 00:41:30,995] {dagbag.py:500} INFO - Filling up the DagBag from /home/airflow/.local/lib/python3.6/site-packages/airflow/example_dags/example_xcom.py
[2022-01-19 00:41:31,040] {processor.py:654} INFO - DAG(s) dict_keys(['example_xcom']) retrieved from /home/airflow/.local/lib/python3.6/site-packages/airflow/example_dags/example_xcom.py
[2022-01-19 00:41:31,265] {logging_mixin.py:109} INFO - [2022-01-19 00:41:31,265] {dag.py:2396} INFO - Sync 1 DAGs
[2022-01-19 00:41:31,288] {logging_mixin.py:109} INFO - [2022-01-19 00:41:31,288] {dag.py:2935} INFO - Setting next_dagrun for example_xcom to 2021-01-01T00:00:00+00:00
[2022-01-19 00:41:31,312] {processor.py:171} INFO - Processing /home/airflow/.local/lib/python3.6/site-packages/airflow/example_dags/example_xcom.py took 0.327 seconds
[2022-01-19 00:42:01,407] {processor.py:163} INFO - Started process (PID=752) to work on /home/airflow/.local/lib/python3.6/site-packages/airflow/example_dags/example_xcom.py
[2022-01-19 00:42:01,409] {processor.py:642} INFO - Processing file /home/airflow/.local/lib/python3.6/site-packages/airflow/example_dags/example_xcom.py for tasks to queue
[2022-01-19 00:42:01,410] {logging_mixin.py:109} INFO - [2022-01-19 00:42:01,410] {dagbag.py:500} INFO - Filling up the DagBag from /home/airflow/.local/lib/python3.6/site-packages/airflow/example_dags/example_xcom.py
[2022-01-19 00:42:01,472] {processor.py:654} INFO - DAG(s) dict_keys(['example_xcom']) retrieved from /home/airflow/.local/lib/python3.6/site-packages/airflow/example_dags/example_xcom.py
[2022-01-19 00:42:01,792] {logging_mixin.py:109} INFO - [2022-01-19 00:42:01,791] {dag.py:2396} INFO - Sync 1 DAGs
[2022-01-19 00:42:01,848] {logging_mixin.py:109} INFO - [2022-01-19 00:42:01,847] {dag.py:2935} INFO - Setting next_dagrun for example_xcom to 2021-01-01T00:00:00+00:00
[2022-01-19 00:42:01,869] {processor.py:171} INFO - Processing /home/airflow/.local/lib/python3.6/site-packages/airflow/example_dags/example_xcom.py took 0.467 seconds
[2022-01-19 00:42:32,136] {processor.py:163} INFO - Started process (PID=807) to work on /home/airflow/.local/lib/python3.6/site-packages/airflow/example_dags/example_xcom.py
[2022-01-19 00:42:32,140] {processor.py:642} INFO - Processing file /home/airflow/.local/lib/python3.6/site-packages/airflow/example_dags/example_xcom.py for tasks to queue
[2022-01-19 00:42:32,142] {logging_mixin.py:109} INFO - [2022-01-19 00:42:32,141] {dagbag.py:500} INFO - Filling up the DagBag from /home/airflow/.local/lib/python3.6/site-packages/airflow/example_dags/example_xcom.py
[2022-01-19 00:42:32,195] {processor.py:654} INFO - DAG(s) dict_keys(['example_xcom']) retrieved from /home/airflow/.local/lib/python3.6/site-packages/airflow/example_dags/example_xcom.py
[2022-01-19 00:42:32,464] {logging_mixin.py:109} INFO - [2022-01-19 00:42:32,464] {dag.py:2396} INFO - Sync 1 DAGs
[2022-01-19 00:42:32,486] {logging_mixin.py:109} INFO - [2022-01-19 00:42:32,486] {dag.py:2935} INFO - Setting next_dagrun for example_xcom to 2021-01-01T00:00:00+00:00
[2022-01-19 00:42:32,504] {processor.py:171} INFO - Processing /home/airflow/.local/lib/python3.6/site-packages/airflow/example_dags/example_xcom.py took 0.371 seconds
[2022-01-19 00:43:02,819] {processor.py:163} INFO - Started process (PID=868) to work on /home/airflow/.local/lib/python3.6/site-packages/airflow/example_dags/example_xcom.py
[2022-01-19 00:43:02,825] {processor.py:642} INFO - Processing file /home/airflow/.local/lib/python3.6/site-packages/airflow/example_dags/example_xcom.py for tasks to queue
[2022-01-19 00:43:02,830] {logging_mixin.py:109} INFO - [2022-01-19 00:43:02,829] {dagbag.py:500} INFO - Filling up the DagBag from /home/airflow/.local/lib/python3.6/site-packages/airflow/example_dags/example_xcom.py
[2022-01-19 00:43:02,953] {processor.py:654} INFO - DAG(s) dict_keys(['example_xcom']) retrieved from /home/airflow/.local/lib/python3.6/site-packages/airflow/example_dags/example_xcom.py
[2022-01-19 00:43:03,013] {logging_mixin.py:109} INFO - [2022-01-19 00:43:03,012] {dag.py:2396} INFO - Sync 1 DAGs
[2022-01-19 00:43:03,083] {logging_mixin.py:109} INFO - [2022-01-19 00:43:03,083] {dag.py:2935} INFO - Setting next_dagrun for example_xcom to 2021-01-01T00:00:00+00:00
[2022-01-19 00:43:03,118] {processor.py:171} INFO - Processing /home/airflow/.local/lib/python3.6/site-packages/airflow/example_dags/example_xcom.py took 0.310 seconds
[2022-01-19 00:43:33,166] {processor.py:163} INFO - Started process (PID=921) to work on /home/airflow/.local/lib/python3.6/site-packages/airflow/example_dags/example_xcom.py
[2022-01-19 00:43:33,168] {processor.py:642} INFO - Processing file /home/airflow/.local/lib/python3.6/site-packages/airflow/example_dags/example_xcom.py for tasks to queue
[2022-01-19 00:43:33,170] {logging_mixin.py:109} INFO - [2022-01-19 00:43:33,170] {dagbag.py:500} INFO - Filling up the DagBag from /home/airflow/.local/lib/python3.6/site-packages/airflow/example_dags/example_xcom.py
[2022-01-19 00:43:33,210] {processor.py:654} INFO - DAG(s) dict_keys(['example_xcom']) retrieved from /home/airflow/.local/lib/python3.6/site-packages/airflow/example_dags/example_xcom.py
[2022-01-19 00:43:33,418] {logging_mixin.py:109} INFO - [2022-01-19 00:43:33,417] {dag.py:2396} INFO - Sync 1 DAGs
[2022-01-19 00:43:33,439] {logging_mixin.py:109} INFO - [2022-01-19 00:43:33,438] {dag.py:2935} INFO - Setting next_dagrun for example_xcom to 2021-01-01T00:00:00+00:00
[2022-01-19 00:43:33,458] {processor.py:171} INFO - Processing /home/airflow/.local/lib/python3.6/site-packages/airflow/example_dags/example_xcom.py took 0.295 seconds
[2022-01-19 00:44:03,825] {processor.py:163} INFO - Started process (PID=975) to work on /home/airflow/.local/lib/python3.6/site-packages/airflow/example_dags/example_xcom.py
[2022-01-19 00:44:03,827] {processor.py:642} INFO - Processing file /home/airflow/.local/lib/python3.6/site-packages/airflow/example_dags/example_xcom.py for tasks to queue
[2022-01-19 00:44:03,829] {logging_mixin.py:109} INFO - [2022-01-19 00:44:03,829] {dagbag.py:500} INFO - Filling up the DagBag from /home/airflow/.local/lib/python3.6/site-packages/airflow/example_dags/example_xcom.py
[2022-01-19 00:44:03,913] {processor.py:654} INFO - DAG(s) dict_keys(['example_xcom']) retrieved from /home/airflow/.local/lib/python3.6/site-packages/airflow/example_dags/example_xcom.py
[2022-01-19 00:44:04,246] {logging_mixin.py:109} INFO - [2022-01-19 00:44:04,246] {dag.py:2396} INFO - Sync 1 DAGs
[2022-01-19 00:44:04,267] {logging_mixin.py:109} INFO - [2022-01-19 00:44:04,267] {dag.py:2935} INFO - Setting next_dagrun for example_xcom to 2021-01-01T00:00:00+00:00
[2022-01-19 00:44:04,283] {processor.py:171} INFO - Processing /home/airflow/.local/lib/python3.6/site-packages/airflow/example_dags/example_xcom.py took 0.464 seconds
[2022-01-19 00:44:35,232] {processor.py:163} INFO - Started process (PID=1032) to work on /home/airflow/.local/lib/python3.6/site-packages/airflow/example_dags/example_xcom.py
[2022-01-19 00:44:35,235] {processor.py:642} INFO - Processing file /home/airflow/.local/lib/python3.6/site-packages/airflow/example_dags/example_xcom.py for tasks to queue
[2022-01-19 00:44:35,237] {logging_mixin.py:109} INFO - [2022-01-19 00:44:35,237] {dagbag.py:500} INFO - Filling up the DagBag from /home/airflow/.local/lib/python3.6/site-packages/airflow/example_dags/example_xcom.py
[2022-01-19 00:44:35,298] {processor.py:654} INFO - DAG(s) dict_keys(['example_xcom']) retrieved from /home/airflow/.local/lib/python3.6/site-packages/airflow/example_dags/example_xcom.py
[2022-01-19 00:44:35,317] {logging_mixin.py:109} INFO - [2022-01-19 00:44:35,317] {dag.py:2396} INFO - Sync 1 DAGs
[2022-01-19 00:44:35,348] {logging_mixin.py:109} INFO - [2022-01-19 00:44:35,348] {dag.py:2935} INFO - Setting next_dagrun for example_xcom to 2021-01-01T00:00:00+00:00
[2022-01-19 00:44:35,365] {processor.py:171} INFO - Processing /home/airflow/.local/lib/python3.6/site-packages/airflow/example_dags/example_xcom.py took 0.140 seconds
[2022-01-19 00:45:06,073] {processor.py:163} INFO - Started process (PID=1097) to work on /home/airflow/.local/lib/python3.6/site-packages/airflow/example_dags/example_xcom.py
[2022-01-19 00:45:06,076] {processor.py:642} INFO - Processing file /home/airflow/.local/lib/python3.6/site-packages/airflow/example_dags/example_xcom.py for tasks to queue
[2022-01-19 00:45:06,077] {logging_mixin.py:109} INFO - [2022-01-19 00:45:06,077] {dagbag.py:500} INFO - Filling up the DagBag from /home/airflow/.local/lib/python3.6/site-packages/airflow/example_dags/example_xcom.py
[2022-01-19 00:45:06,133] {processor.py:654} INFO - DAG(s) dict_keys(['example_xcom']) retrieved from /home/airflow/.local/lib/python3.6/site-packages/airflow/example_dags/example_xcom.py
[2022-01-19 00:45:06,372] {logging_mixin.py:109} INFO - [2022-01-19 00:45:06,372] {dag.py:2396} INFO - Sync 1 DAGs
[2022-01-19 00:45:06,390] {logging_mixin.py:109} INFO - [2022-01-19 00:45:06,390] {dag.py:2935} INFO - Setting next_dagrun for example_xcom to 2021-01-01T00:00:00+00:00
[2022-01-19 00:45:06,406] {processor.py:171} INFO - Processing /home/airflow/.local/lib/python3.6/site-packages/airflow/example_dags/example_xcom.py took 0.339 seconds
[2022-01-19 00:45:36,553] {processor.py:163} INFO - Started process (PID=1152) to work on /home/airflow/.local/lib/python3.6/site-packages/airflow/example_dags/example_xcom.py
[2022-01-19 00:45:36,556] {processor.py:642} INFO - Processing file /home/airflow/.local/lib/python3.6/site-packages/airflow/example_dags/example_xcom.py for tasks to queue
[2022-01-19 00:45:36,559] {logging_mixin.py:109} INFO - [2022-01-19 00:45:36,559] {dagbag.py:500} INFO - Filling up the DagBag from /home/airflow/.local/lib/python3.6/site-packages/airflow/example_dags/example_xcom.py
[2022-01-19 00:45:36,612] {processor.py:654} INFO - DAG(s) dict_keys(['example_xcom']) retrieved from /home/airflow/.local/lib/python3.6/site-packages/airflow/example_dags/example_xcom.py
[2022-01-19 00:45:36,919] {logging_mixin.py:109} INFO - [2022-01-19 00:45:36,919] {dag.py:2396} INFO - Sync 1 DAGs
[2022-01-19 00:45:36,948] {logging_mixin.py:109} INFO - [2022-01-19 00:45:36,948] {dag.py:2935} INFO - Setting next_dagrun for example_xcom to 2021-01-01T00:00:00+00:00
[2022-01-19 00:45:36,972] {processor.py:171} INFO - Processing /home/airflow/.local/lib/python3.6/site-packages/airflow/example_dags/example_xcom.py took 0.426 seconds
[2022-01-19 00:46:07,216] {processor.py:163} INFO - Started process (PID=1206) to work on /home/airflow/.local/lib/python3.6/site-packages/airflow/example_dags/example_xcom.py
[2022-01-19 00:46:07,221] {processor.py:642} INFO - Processing file /home/airflow/.local/lib/python3.6/site-packages/airflow/example_dags/example_xcom.py for tasks to queue
[2022-01-19 00:46:07,223] {logging_mixin.py:109} INFO - [2022-01-19 00:46:07,222] {dagbag.py:500} INFO - Filling up the DagBag from /home/airflow/.local/lib/python3.6/site-packages/airflow/example_dags/example_xcom.py
[2022-01-19 00:46:07,271] {processor.py:654} INFO - DAG(s) dict_keys(['example_xcom']) retrieved from /home/airflow/.local/lib/python3.6/site-packages/airflow/example_dags/example_xcom.py
[2022-01-19 00:46:07,546] {logging_mixin.py:109} INFO - [2022-01-19 00:46:07,546] {dag.py:2396} INFO - Sync 1 DAGs
[2022-01-19 00:46:07,569] {logging_mixin.py:109} INFO - [2022-01-19 00:46:07,569] {dag.py:2935} INFO - Setting next_dagrun for example_xcom to 2021-01-01T00:00:00+00:00
[2022-01-19 00:46:07,587] {processor.py:171} INFO - Processing /home/airflow/.local/lib/python3.6/site-packages/airflow/example_dags/example_xcom.py took 0.381 seconds
[2022-01-19 00:46:38,493] {processor.py:163} INFO - Started process (PID=1270) to work on /home/airflow/.local/lib/python3.6/site-packages/airflow/example_dags/example_xcom.py
[2022-01-19 00:46:38,499] {processor.py:642} INFO - Processing file /home/airflow/.local/lib/python3.6/site-packages/airflow/example_dags/example_xcom.py for tasks to queue
[2022-01-19 00:46:38,504] {logging_mixin.py:109} INFO - [2022-01-19 00:46:38,503] {dagbag.py:500} INFO - Filling up the DagBag from /home/airflow/.local/lib/python3.6/site-packages/airflow/example_dags/example_xcom.py
[2022-01-19 00:46:38,602] {processor.py:654} INFO - DAG(s) dict_keys(['example_xcom']) retrieved from /home/airflow/.local/lib/python3.6/site-packages/airflow/example_dags/example_xcom.py
[2022-01-19 00:46:38,995] {logging_mixin.py:109} INFO - [2022-01-19 00:46:38,994] {dag.py:2396} INFO - Sync 1 DAGs
[2022-01-19 00:46:39,036] {logging_mixin.py:109} INFO - [2022-01-19 00:46:39,036] {dag.py:2935} INFO - Setting next_dagrun for example_xcom to 2021-01-01T00:00:00+00:00
[2022-01-19 00:46:39,067] {processor.py:171} INFO - Processing /home/airflow/.local/lib/python3.6/site-packages/airflow/example_dags/example_xcom.py took 0.587 seconds
[2022-01-19 00:47:09,760] {processor.py:163} INFO - Started process (PID=1325) to work on /home/airflow/.local/lib/python3.6/site-packages/airflow/example_dags/example_xcom.py
[2022-01-19 00:47:09,763] {processor.py:642} INFO - Processing file /home/airflow/.local/lib/python3.6/site-packages/airflow/example_dags/example_xcom.py for tasks to queue
[2022-01-19 00:47:09,764] {logging_mixin.py:109} INFO - [2022-01-19 00:47:09,764] {dagbag.py:500} INFO - Filling up the DagBag from /home/airflow/.local/lib/python3.6/site-packages/airflow/example_dags/example_xcom.py
[2022-01-19 00:47:09,808] {processor.py:654} INFO - DAG(s) dict_keys(['example_xcom']) retrieved from /home/airflow/.local/lib/python3.6/site-packages/airflow/example_dags/example_xcom.py
[2022-01-19 00:47:10,140] {logging_mixin.py:109} INFO - [2022-01-19 00:47:10,140] {dag.py:2396} INFO - Sync 1 DAGs
[2022-01-19 00:47:10,183] {logging_mixin.py:109} INFO - [2022-01-19 00:47:10,182] {dag.py:2935} INFO - Setting next_dagrun for example_xcom to 2021-01-01T00:00:00+00:00
[2022-01-19 00:47:10,213] {processor.py:171} INFO - Processing /home/airflow/.local/lib/python3.6/site-packages/airflow/example_dags/example_xcom.py took 0.458 seconds
[2022-01-19 00:47:41,070] {processor.py:163} INFO - Started process (PID=1379) to work on /home/airflow/.local/lib/python3.6/site-packages/airflow/example_dags/example_xcom.py
[2022-01-19 00:47:41,075] {processor.py:642} INFO - Processing file /home/airflow/.local/lib/python3.6/site-packages/airflow/example_dags/example_xcom.py for tasks to queue
[2022-01-19 00:47:41,078] {logging_mixin.py:109} INFO - [2022-01-19 00:47:41,077] {dagbag.py:500} INFO - Filling up the DagBag from /home/airflow/.local/lib/python3.6/site-packages/airflow/example_dags/example_xcom.py
[2022-01-19 00:47:41,164] {processor.py:654} INFO - DAG(s) dict_keys(['example_xcom']) retrieved from /home/airflow/.local/lib/python3.6/site-packages/airflow/example_dags/example_xcom.py
[2022-01-19 00:47:41,451] {logging_mixin.py:109} INFO - [2022-01-19 00:47:41,451] {dag.py:2396} INFO - Sync 1 DAGs
[2022-01-19 00:47:41,470] {logging_mixin.py:109} INFO - [2022-01-19 00:47:41,470] {dag.py:2935} INFO - Setting next_dagrun for example_xcom to 2021-01-01T00:00:00+00:00
[2022-01-19 00:47:41,500] {processor.py:171} INFO - Processing /home/airflow/.local/lib/python3.6/site-packages/airflow/example_dags/example_xcom.py took 0.439 seconds
[2022-01-19 00:48:12,509] {processor.py:163} INFO - Started process (PID=1433) to work on /home/airflow/.local/lib/python3.6/site-packages/airflow/example_dags/example_xcom.py
[2022-01-19 00:48:12,514] {processor.py:642} INFO - Processing file /home/airflow/.local/lib/python3.6/site-packages/airflow/example_dags/example_xcom.py for tasks to queue
[2022-01-19 00:48:12,518] {logging_mixin.py:109} INFO - [2022-01-19 00:48:12,517] {dagbag.py:500} INFO - Filling up the DagBag from /home/airflow/.local/lib/python3.6/site-packages/airflow/example_dags/example_xcom.py
[2022-01-19 00:48:12,600] {processor.py:654} INFO - DAG(s) dict_keys(['example_xcom']) retrieved from /home/airflow/.local/lib/python3.6/site-packages/airflow/example_dags/example_xcom.py
[2022-01-19 00:48:12,849] {logging_mixin.py:109} INFO - [2022-01-19 00:48:12,848] {dag.py:2396} INFO - Sync 1 DAGs
[2022-01-19 00:48:12,885] {logging_mixin.py:109} INFO - [2022-01-19 00:48:12,884] {dag.py:2935} INFO - Setting next_dagrun for example_xcom to 2021-01-01T00:00:00+00:00
[2022-01-19 00:48:12,916] {processor.py:171} INFO - Processing /home/airflow/.local/lib/python3.6/site-packages/airflow/example_dags/example_xcom.py took 0.416 seconds
[2022-01-19 00:48:42,997] {processor.py:163} INFO - Started process (PID=1489) to work on /home/airflow/.local/lib/python3.6/site-packages/airflow/example_dags/example_xcom.py
[2022-01-19 00:48:43,001] {processor.py:642} INFO - Processing file /home/airflow/.local/lib/python3.6/site-packages/airflow/example_dags/example_xcom.py for tasks to queue
[2022-01-19 00:48:43,003] {logging_mixin.py:109} INFO - [2022-01-19 00:48:43,003] {dagbag.py:500} INFO - Filling up the DagBag from /home/airflow/.local/lib/python3.6/site-packages/airflow/example_dags/example_xcom.py
[2022-01-19 00:48:43,042] {processor.py:654} INFO - DAG(s) dict_keys(['example_xcom']) retrieved from /home/airflow/.local/lib/python3.6/site-packages/airflow/example_dags/example_xcom.py
[2022-01-19 00:48:43,232] {logging_mixin.py:109} INFO - [2022-01-19 00:48:43,232] {dag.py:2396} INFO - Sync 1 DAGs
[2022-01-19 00:48:43,254] {logging_mixin.py:109} INFO - [2022-01-19 00:48:43,254] {dag.py:2935} INFO - Setting next_dagrun for example_xcom to 2021-01-01T00:00:00+00:00
[2022-01-19 00:48:43,265] {processor.py:171} INFO - Processing /home/airflow/.local/lib/python3.6/site-packages/airflow/example_dags/example_xcom.py took 0.275 seconds
