[2022-01-19 00:37:19,329] {processor.py:163} INFO - Started process (PID=210) to work on /home/airflow/.local/lib/python3.6/site-packages/airflow/example_dags/example_task_group_decorator.py
[2022-01-19 00:37:19,332] {processor.py:642} INFO - Processing file /home/airflow/.local/lib/python3.6/site-packages/airflow/example_dags/example_task_group_decorator.py for tasks to queue
[2022-01-19 00:37:19,334] {logging_mixin.py:109} INFO - [2022-01-19 00:37:19,334] {dagbag.py:500} INFO - Filling up the DagBag from /home/airflow/.local/lib/python3.6/site-packages/airflow/example_dags/example_task_group_decorator.py
[2022-01-19 00:37:19,381] {processor.py:654} INFO - DAG(s) dict_keys(['example_task_group_decorator']) retrieved from /home/airflow/.local/lib/python3.6/site-packages/airflow/example_dags/example_task_group_decorator.py
[2022-01-19 00:37:21,216] {logging_mixin.py:109} INFO - [2022-01-19 00:37:21,215] {manager.py:496} INFO - Created Permission View: can read on DAG:example_task_group_decorator
[2022-01-19 00:37:21,230] {logging_mixin.py:109} INFO - [2022-01-19 00:37:21,230] {manager.py:496} INFO - Created Permission View: can edit on DAG:example_task_group_decorator
[2022-01-19 00:37:21,233] {logging_mixin.py:109} INFO - [2022-01-19 00:37:21,231] {dag.py:2396} INFO - Sync 1 DAGs
[2022-01-19 00:37:21,246] {logging_mixin.py:109} INFO - [2022-01-19 00:37:21,245] {dag.py:2415} INFO - Creating ORM DAG for example_task_group_decorator
[2022-01-19 00:37:21,255] {logging_mixin.py:109} INFO - [2022-01-19 00:37:21,254] {dag.py:2935} INFO - Setting next_dagrun for example_task_group_decorator to 2022-01-18T00:37:21.254720+00:00
[2022-01-19 00:37:21,270] {processor.py:171} INFO - Processing /home/airflow/.local/lib/python3.6/site-packages/airflow/example_dags/example_task_group_decorator.py took 1.947 seconds
[2022-01-19 00:37:51,956] {processor.py:163} INFO - Started process (PID=290) to work on /home/airflow/.local/lib/python3.6/site-packages/airflow/example_dags/example_task_group_decorator.py
[2022-01-19 00:37:51,958] {processor.py:642} INFO - Processing file /home/airflow/.local/lib/python3.6/site-packages/airflow/example_dags/example_task_group_decorator.py for tasks to queue
[2022-01-19 00:37:51,960] {logging_mixin.py:109} INFO - [2022-01-19 00:37:51,959] {dagbag.py:500} INFO - Filling up the DagBag from /home/airflow/.local/lib/python3.6/site-packages/airflow/example_dags/example_task_group_decorator.py
[2022-01-19 00:37:52,008] {processor.py:654} INFO - DAG(s) dict_keys(['example_task_group_decorator']) retrieved from /home/airflow/.local/lib/python3.6/site-packages/airflow/example_dags/example_task_group_decorator.py
[2022-01-19 00:37:52,238] {logging_mixin.py:109} INFO - [2022-01-19 00:37:52,238] {dag.py:2396} INFO - Sync 1 DAGs
[2022-01-19 00:37:52,261] {logging_mixin.py:109} INFO - [2022-01-19 00:37:52,261] {dag.py:2935} INFO - Setting next_dagrun for example_task_group_decorator to 2022-01-18T00:37:52.261296+00:00
[2022-01-19 00:37:52,275] {processor.py:171} INFO - Processing /home/airflow/.local/lib/python3.6/site-packages/airflow/example_dags/example_task_group_decorator.py took 0.323 seconds
[2022-01-19 00:38:22,355] {processor.py:163} INFO - Started process (PID=344) to work on /home/airflow/.local/lib/python3.6/site-packages/airflow/example_dags/example_task_group_decorator.py
[2022-01-19 00:38:22,359] {processor.py:642} INFO - Processing file /home/airflow/.local/lib/python3.6/site-packages/airflow/example_dags/example_task_group_decorator.py for tasks to queue
[2022-01-19 00:38:22,361] {logging_mixin.py:109} INFO - [2022-01-19 00:38:22,361] {dagbag.py:500} INFO - Filling up the DagBag from /home/airflow/.local/lib/python3.6/site-packages/airflow/example_dags/example_task_group_decorator.py
[2022-01-19 00:38:22,412] {processor.py:654} INFO - DAG(s) dict_keys(['example_task_group_decorator']) retrieved from /home/airflow/.local/lib/python3.6/site-packages/airflow/example_dags/example_task_group_decorator.py
[2022-01-19 00:38:22,604] {logging_mixin.py:109} INFO - [2022-01-19 00:38:22,604] {dag.py:2396} INFO - Sync 1 DAGs
[2022-01-19 00:38:22,621] {logging_mixin.py:109} INFO - [2022-01-19 00:38:22,621] {dag.py:2935} INFO - Setting next_dagrun for example_task_group_decorator to 2022-01-18T00:38:22.620740+00:00
[2022-01-19 00:38:22,633] {processor.py:171} INFO - Processing /home/airflow/.local/lib/python3.6/site-packages/airflow/example_dags/example_task_group_decorator.py took 0.283 seconds
[2022-01-19 00:38:52,791] {processor.py:163} INFO - Started process (PID=399) to work on /home/airflow/.local/lib/python3.6/site-packages/airflow/example_dags/example_task_group_decorator.py
[2022-01-19 00:38:52,792] {processor.py:642} INFO - Processing file /home/airflow/.local/lib/python3.6/site-packages/airflow/example_dags/example_task_group_decorator.py for tasks to queue
[2022-01-19 00:38:52,794] {logging_mixin.py:109} INFO - [2022-01-19 00:38:52,794] {dagbag.py:500} INFO - Filling up the DagBag from /home/airflow/.local/lib/python3.6/site-packages/airflow/example_dags/example_task_group_decorator.py
[2022-01-19 00:38:52,843] {processor.py:654} INFO - DAG(s) dict_keys(['example_task_group_decorator']) retrieved from /home/airflow/.local/lib/python3.6/site-packages/airflow/example_dags/example_task_group_decorator.py
[2022-01-19 00:38:53,038] {logging_mixin.py:109} INFO - [2022-01-19 00:38:53,038] {dag.py:2396} INFO - Sync 1 DAGs
[2022-01-19 00:38:53,062] {logging_mixin.py:109} INFO - [2022-01-19 00:38:53,062] {dag.py:2935} INFO - Setting next_dagrun for example_task_group_decorator to 2022-01-18T00:38:53.062527+00:00
[2022-01-19 00:38:53,082] {processor.py:171} INFO - Processing /home/airflow/.local/lib/python3.6/site-packages/airflow/example_dags/example_task_group_decorator.py took 0.296 seconds
[2022-01-19 00:39:23,126] {processor.py:163} INFO - Started process (PID=464) to work on /home/airflow/.local/lib/python3.6/site-packages/airflow/example_dags/example_task_group_decorator.py
[2022-01-19 00:39:23,129] {processor.py:642} INFO - Processing file /home/airflow/.local/lib/python3.6/site-packages/airflow/example_dags/example_task_group_decorator.py for tasks to queue
[2022-01-19 00:39:23,131] {logging_mixin.py:109} INFO - [2022-01-19 00:39:23,130] {dagbag.py:500} INFO - Filling up the DagBag from /home/airflow/.local/lib/python3.6/site-packages/airflow/example_dags/example_task_group_decorator.py
[2022-01-19 00:39:23,197] {processor.py:654} INFO - DAG(s) dict_keys(['example_task_group_decorator']) retrieved from /home/airflow/.local/lib/python3.6/site-packages/airflow/example_dags/example_task_group_decorator.py
[2022-01-19 00:39:23,459] {logging_mixin.py:109} INFO - [2022-01-19 00:39:23,459] {dag.py:2396} INFO - Sync 1 DAGs
[2022-01-19 00:39:23,476] {logging_mixin.py:109} INFO - [2022-01-19 00:39:23,476] {dag.py:2935} INFO - Setting next_dagrun for example_task_group_decorator to 2022-01-18T00:39:23.476480+00:00
[2022-01-19 00:39:23,493] {processor.py:171} INFO - Processing /home/airflow/.local/lib/python3.6/site-packages/airflow/example_dags/example_task_group_decorator.py took 0.372 seconds
[2022-01-19 00:39:53,622] {processor.py:163} INFO - Started process (PID=519) to work on /home/airflow/.local/lib/python3.6/site-packages/airflow/example_dags/example_task_group_decorator.py
[2022-01-19 00:39:53,624] {processor.py:642} INFO - Processing file /home/airflow/.local/lib/python3.6/site-packages/airflow/example_dags/example_task_group_decorator.py for tasks to queue
[2022-01-19 00:39:53,626] {logging_mixin.py:109} INFO - [2022-01-19 00:39:53,626] {dagbag.py:500} INFO - Filling up the DagBag from /home/airflow/.local/lib/python3.6/site-packages/airflow/example_dags/example_task_group_decorator.py
[2022-01-19 00:39:53,677] {processor.py:654} INFO - DAG(s) dict_keys(['example_task_group_decorator']) retrieved from /home/airflow/.local/lib/python3.6/site-packages/airflow/example_dags/example_task_group_decorator.py
[2022-01-19 00:39:53,887] {logging_mixin.py:109} INFO - [2022-01-19 00:39:53,887] {dag.py:2396} INFO - Sync 1 DAGs
[2022-01-19 00:39:53,906] {logging_mixin.py:109} INFO - [2022-01-19 00:39:53,906] {dag.py:2935} INFO - Setting next_dagrun for example_task_group_decorator to 2022-01-18T00:39:53.906046+00:00
[2022-01-19 00:39:53,921] {processor.py:171} INFO - Processing /home/airflow/.local/lib/python3.6/site-packages/airflow/example_dags/example_task_group_decorator.py took 0.303 seconds
[2022-01-19 00:40:24,385] {processor.py:163} INFO - Started process (PID=573) to work on /home/airflow/.local/lib/python3.6/site-packages/airflow/example_dags/example_task_group_decorator.py
[2022-01-19 00:40:24,388] {processor.py:642} INFO - Processing file /home/airflow/.local/lib/python3.6/site-packages/airflow/example_dags/example_task_group_decorator.py for tasks to queue
[2022-01-19 00:40:24,390] {logging_mixin.py:109} INFO - [2022-01-19 00:40:24,390] {dagbag.py:500} INFO - Filling up the DagBag from /home/airflow/.local/lib/python3.6/site-packages/airflow/example_dags/example_task_group_decorator.py
[2022-01-19 00:40:24,498] {processor.py:654} INFO - DAG(s) dict_keys(['example_task_group_decorator']) retrieved from /home/airflow/.local/lib/python3.6/site-packages/airflow/example_dags/example_task_group_decorator.py
[2022-01-19 00:40:25,183] {logging_mixin.py:109} INFO - [2022-01-19 00:40:25,183] {dag.py:2396} INFO - Sync 1 DAGs
[2022-01-19 00:40:25,236] {logging_mixin.py:109} INFO - [2022-01-19 00:40:25,235] {dag.py:2935} INFO - Setting next_dagrun for example_task_group_decorator to 2022-01-18T00:40:25.235154+00:00
[2022-01-19 00:40:25,303] {processor.py:171} INFO - Processing /home/airflow/.local/lib/python3.6/site-packages/airflow/example_dags/example_task_group_decorator.py took 0.921 seconds
[2022-01-19 00:40:55,923] {processor.py:163} INFO - Started process (PID=627) to work on /home/airflow/.local/lib/python3.6/site-packages/airflow/example_dags/example_task_group_decorator.py
[2022-01-19 00:40:55,926] {processor.py:642} INFO - Processing file /home/airflow/.local/lib/python3.6/site-packages/airflow/example_dags/example_task_group_decorator.py for tasks to queue
[2022-01-19 00:40:55,929] {logging_mixin.py:109} INFO - [2022-01-19 00:40:55,929] {dagbag.py:500} INFO - Filling up the DagBag from /home/airflow/.local/lib/python3.6/site-packages/airflow/example_dags/example_task_group_decorator.py
[2022-01-19 00:40:56,019] {processor.py:654} INFO - DAG(s) dict_keys(['example_task_group_decorator']) retrieved from /home/airflow/.local/lib/python3.6/site-packages/airflow/example_dags/example_task_group_decorator.py
[2022-01-19 00:40:56,410] {logging_mixin.py:109} INFO - [2022-01-19 00:40:56,410] {dag.py:2396} INFO - Sync 1 DAGs
[2022-01-19 00:40:56,428] {logging_mixin.py:109} INFO - [2022-01-19 00:40:56,428] {dag.py:2935} INFO - Setting next_dagrun for example_task_group_decorator to 2022-01-18T00:40:56.428042+00:00
[2022-01-19 00:40:56,441] {processor.py:171} INFO - Processing /home/airflow/.local/lib/python3.6/site-packages/airflow/example_dags/example_task_group_decorator.py took 0.523 seconds
[2022-01-19 00:41:27,150] {processor.py:163} INFO - Started process (PID=691) to work on /home/airflow/.local/lib/python3.6/site-packages/airflow/example_dags/example_task_group_decorator.py
[2022-01-19 00:41:27,153] {processor.py:642} INFO - Processing file /home/airflow/.local/lib/python3.6/site-packages/airflow/example_dags/example_task_group_decorator.py for tasks to queue
[2022-01-19 00:41:27,155] {logging_mixin.py:109} INFO - [2022-01-19 00:41:27,155] {dagbag.py:500} INFO - Filling up the DagBag from /home/airflow/.local/lib/python3.6/site-packages/airflow/example_dags/example_task_group_decorator.py
[2022-01-19 00:41:27,212] {processor.py:654} INFO - DAG(s) dict_keys(['example_task_group_decorator']) retrieved from /home/airflow/.local/lib/python3.6/site-packages/airflow/example_dags/example_task_group_decorator.py
[2022-01-19 00:41:27,462] {logging_mixin.py:109} INFO - [2022-01-19 00:41:27,462] {dag.py:2396} INFO - Sync 1 DAGs
[2022-01-19 00:41:27,482] {logging_mixin.py:109} INFO - [2022-01-19 00:41:27,482] {dag.py:2935} INFO - Setting next_dagrun for example_task_group_decorator to 2022-01-18T00:41:27.482180+00:00
[2022-01-19 00:41:27,501] {processor.py:171} INFO - Processing /home/airflow/.local/lib/python3.6/site-packages/airflow/example_dags/example_task_group_decorator.py took 0.357 seconds
[2022-01-19 00:41:57,616] {processor.py:163} INFO - Started process (PID=745) to work on /home/airflow/.local/lib/python3.6/site-packages/airflow/example_dags/example_task_group_decorator.py
[2022-01-19 00:41:57,619] {processor.py:642} INFO - Processing file /home/airflow/.local/lib/python3.6/site-packages/airflow/example_dags/example_task_group_decorator.py for tasks to queue
[2022-01-19 00:41:57,620] {logging_mixin.py:109} INFO - [2022-01-19 00:41:57,620] {dagbag.py:500} INFO - Filling up the DagBag from /home/airflow/.local/lib/python3.6/site-packages/airflow/example_dags/example_task_group_decorator.py
[2022-01-19 00:41:57,666] {processor.py:654} INFO - DAG(s) dict_keys(['example_task_group_decorator']) retrieved from /home/airflow/.local/lib/python3.6/site-packages/airflow/example_dags/example_task_group_decorator.py
[2022-01-19 00:41:57,893] {logging_mixin.py:109} INFO - [2022-01-19 00:41:57,893] {dag.py:2396} INFO - Sync 1 DAGs
[2022-01-19 00:41:57,913] {logging_mixin.py:109} INFO - [2022-01-19 00:41:57,913] {dag.py:2935} INFO - Setting next_dagrun for example_task_group_decorator to 2022-01-18T00:41:57.912851+00:00
[2022-01-19 00:41:57,926] {processor.py:171} INFO - Processing /home/airflow/.local/lib/python3.6/site-packages/airflow/example_dags/example_task_group_decorator.py took 0.315 seconds
[2022-01-19 00:42:28,052] {processor.py:163} INFO - Started process (PID=798) to work on /home/airflow/.local/lib/python3.6/site-packages/airflow/example_dags/example_task_group_decorator.py
[2022-01-19 00:42:28,077] {processor.py:642} INFO - Processing file /home/airflow/.local/lib/python3.6/site-packages/airflow/example_dags/example_task_group_decorator.py for tasks to queue
[2022-01-19 00:42:28,081] {logging_mixin.py:109} INFO - [2022-01-19 00:42:28,080] {dagbag.py:500} INFO - Filling up the DagBag from /home/airflow/.local/lib/python3.6/site-packages/airflow/example_dags/example_task_group_decorator.py
[2022-01-19 00:42:28,136] {processor.py:654} INFO - DAG(s) dict_keys(['example_task_group_decorator']) retrieved from /home/airflow/.local/lib/python3.6/site-packages/airflow/example_dags/example_task_group_decorator.py
[2022-01-19 00:42:28,471] {logging_mixin.py:109} INFO - [2022-01-19 00:42:28,470] {dag.py:2396} INFO - Sync 1 DAGs
[2022-01-19 00:42:28,525] {logging_mixin.py:109} INFO - [2022-01-19 00:42:28,525] {dag.py:2935} INFO - Setting next_dagrun for example_task_group_decorator to 2022-01-18T00:42:28.524833+00:00
[2022-01-19 00:42:28,556] {processor.py:171} INFO - Processing /home/airflow/.local/lib/python3.6/site-packages/airflow/example_dags/example_task_group_decorator.py took 0.511 seconds
[2022-01-19 00:42:58,703] {processor.py:163} INFO - Started process (PID=851) to work on /home/airflow/.local/lib/python3.6/site-packages/airflow/example_dags/example_task_group_decorator.py
[2022-01-19 00:42:58,705] {processor.py:642} INFO - Processing file /home/airflow/.local/lib/python3.6/site-packages/airflow/example_dags/example_task_group_decorator.py for tasks to queue
[2022-01-19 00:42:58,707] {logging_mixin.py:109} INFO - [2022-01-19 00:42:58,707] {dagbag.py:500} INFO - Filling up the DagBag from /home/airflow/.local/lib/python3.6/site-packages/airflow/example_dags/example_task_group_decorator.py
[2022-01-19 00:42:58,792] {processor.py:654} INFO - DAG(s) dict_keys(['example_task_group_decorator']) retrieved from /home/airflow/.local/lib/python3.6/site-packages/airflow/example_dags/example_task_group_decorator.py
[2022-01-19 00:42:59,099] {logging_mixin.py:109} INFO - [2022-01-19 00:42:59,099] {dag.py:2396} INFO - Sync 1 DAGs
[2022-01-19 00:42:59,123] {logging_mixin.py:109} INFO - [2022-01-19 00:42:59,122] {dag.py:2935} INFO - Setting next_dagrun for example_task_group_decorator to 2022-01-18T00:42:59.122625+00:00
[2022-01-19 00:42:59,144] {processor.py:171} INFO - Processing /home/airflow/.local/lib/python3.6/site-packages/airflow/example_dags/example_task_group_decorator.py took 0.446 seconds
[2022-01-19 00:43:29,297] {processor.py:163} INFO - Started process (PID=913) to work on /home/airflow/.local/lib/python3.6/site-packages/airflow/example_dags/example_task_group_decorator.py
[2022-01-19 00:43:29,299] {processor.py:642} INFO - Processing file /home/airflow/.local/lib/python3.6/site-packages/airflow/example_dags/example_task_group_decorator.py for tasks to queue
[2022-01-19 00:43:29,301] {logging_mixin.py:109} INFO - [2022-01-19 00:43:29,301] {dagbag.py:500} INFO - Filling up the DagBag from /home/airflow/.local/lib/python3.6/site-packages/airflow/example_dags/example_task_group_decorator.py
[2022-01-19 00:43:29,352] {processor.py:654} INFO - DAG(s) dict_keys(['example_task_group_decorator']) retrieved from /home/airflow/.local/lib/python3.6/site-packages/airflow/example_dags/example_task_group_decorator.py
[2022-01-19 00:43:29,683] {logging_mixin.py:109} INFO - [2022-01-19 00:43:29,682] {dag.py:2396} INFO - Sync 1 DAGs
[2022-01-19 00:43:29,743] {logging_mixin.py:109} INFO - [2022-01-19 00:43:29,743] {dag.py:2935} INFO - Setting next_dagrun for example_task_group_decorator to 2022-01-18T00:43:29.741858+00:00
[2022-01-19 00:43:29,774] {processor.py:171} INFO - Processing /home/airflow/.local/lib/python3.6/site-packages/airflow/example_dags/example_task_group_decorator.py took 0.480 seconds
[2022-01-19 00:43:59,842] {processor.py:163} INFO - Started process (PID=969) to work on /home/airflow/.local/lib/python3.6/site-packages/airflow/example_dags/example_task_group_decorator.py
[2022-01-19 00:43:59,846] {processor.py:642} INFO - Processing file /home/airflow/.local/lib/python3.6/site-packages/airflow/example_dags/example_task_group_decorator.py for tasks to queue
[2022-01-19 00:43:59,848] {logging_mixin.py:109} INFO - [2022-01-19 00:43:59,848] {dagbag.py:500} INFO - Filling up the DagBag from /home/airflow/.local/lib/python3.6/site-packages/airflow/example_dags/example_task_group_decorator.py
[2022-01-19 00:43:59,947] {processor.py:654} INFO - DAG(s) dict_keys(['example_task_group_decorator']) retrieved from /home/airflow/.local/lib/python3.6/site-packages/airflow/example_dags/example_task_group_decorator.py
[2022-01-19 00:44:00,245] {logging_mixin.py:109} INFO - [2022-01-19 00:44:00,245] {dag.py:2396} INFO - Sync 1 DAGs
[2022-01-19 00:44:00,269] {logging_mixin.py:109} INFO - [2022-01-19 00:44:00,268] {dag.py:2935} INFO - Setting next_dagrun for example_task_group_decorator to 2022-01-18T00:44:00.268483+00:00
[2022-01-19 00:44:00,289] {processor.py:171} INFO - Processing /home/airflow/.local/lib/python3.6/site-packages/airflow/example_dags/example_task_group_decorator.py took 0.454 seconds
[2022-01-19 00:44:30,474] {processor.py:163} INFO - Started process (PID=1025) to work on /home/airflow/.local/lib/python3.6/site-packages/airflow/example_dags/example_task_group_decorator.py
[2022-01-19 00:44:30,477] {processor.py:642} INFO - Processing file /home/airflow/.local/lib/python3.6/site-packages/airflow/example_dags/example_task_group_decorator.py for tasks to queue
[2022-01-19 00:44:30,481] {logging_mixin.py:109} INFO - [2022-01-19 00:44:30,481] {dagbag.py:500} INFO - Filling up the DagBag from /home/airflow/.local/lib/python3.6/site-packages/airflow/example_dags/example_task_group_decorator.py
[2022-01-19 00:44:30,577] {processor.py:654} INFO - DAG(s) dict_keys(['example_task_group_decorator']) retrieved from /home/airflow/.local/lib/python3.6/site-packages/airflow/example_dags/example_task_group_decorator.py
[2022-01-19 00:44:30,857] {logging_mixin.py:109} INFO - [2022-01-19 00:44:30,857] {dag.py:2396} INFO - Sync 1 DAGs
[2022-01-19 00:44:30,882] {logging_mixin.py:109} INFO - [2022-01-19 00:44:30,882] {dag.py:2935} INFO - Setting next_dagrun for example_task_group_decorator to 2022-01-18T00:44:30.882141+00:00
[2022-01-19 00:44:30,907] {processor.py:171} INFO - Processing /home/airflow/.local/lib/python3.6/site-packages/airflow/example_dags/example_task_group_decorator.py took 0.440 seconds
[2022-01-19 00:45:01,683] {processor.py:163} INFO - Started process (PID=1089) to work on /home/airflow/.local/lib/python3.6/site-packages/airflow/example_dags/example_task_group_decorator.py
[2022-01-19 00:45:01,686] {processor.py:642} INFO - Processing file /home/airflow/.local/lib/python3.6/site-packages/airflow/example_dags/example_task_group_decorator.py for tasks to queue
[2022-01-19 00:45:01,688] {logging_mixin.py:109} INFO - [2022-01-19 00:45:01,688] {dagbag.py:500} INFO - Filling up the DagBag from /home/airflow/.local/lib/python3.6/site-packages/airflow/example_dags/example_task_group_decorator.py
[2022-01-19 00:45:01,740] {processor.py:654} INFO - DAG(s) dict_keys(['example_task_group_decorator']) retrieved from /home/airflow/.local/lib/python3.6/site-packages/airflow/example_dags/example_task_group_decorator.py
[2022-01-19 00:45:01,976] {logging_mixin.py:109} INFO - [2022-01-19 00:45:01,976] {dag.py:2396} INFO - Sync 1 DAGs
[2022-01-19 00:45:02,002] {logging_mixin.py:109} INFO - [2022-01-19 00:45:02,002] {dag.py:2935} INFO - Setting next_dagrun for example_task_group_decorator to 2022-01-18T00:45:02.001835+00:00
[2022-01-19 00:45:02,014] {processor.py:171} INFO - Processing /home/airflow/.local/lib/python3.6/site-packages/airflow/example_dags/example_task_group_decorator.py took 0.338 seconds
[2022-01-19 00:45:32,173] {processor.py:163} INFO - Started process (PID=1147) to work on /home/airflow/.local/lib/python3.6/site-packages/airflow/example_dags/example_task_group_decorator.py
[2022-01-19 00:45:32,176] {processor.py:642} INFO - Processing file /home/airflow/.local/lib/python3.6/site-packages/airflow/example_dags/example_task_group_decorator.py for tasks to queue
[2022-01-19 00:45:32,178] {logging_mixin.py:109} INFO - [2022-01-19 00:45:32,178] {dagbag.py:500} INFO - Filling up the DagBag from /home/airflow/.local/lib/python3.6/site-packages/airflow/example_dags/example_task_group_decorator.py
[2022-01-19 00:45:32,269] {processor.py:654} INFO - DAG(s) dict_keys(['example_task_group_decorator']) retrieved from /home/airflow/.local/lib/python3.6/site-packages/airflow/example_dags/example_task_group_decorator.py
[2022-01-19 00:45:32,524] {logging_mixin.py:109} INFO - [2022-01-19 00:45:32,524] {dag.py:2396} INFO - Sync 1 DAGs
[2022-01-19 00:45:32,547] {logging_mixin.py:109} INFO - [2022-01-19 00:45:32,547] {dag.py:2935} INFO - Setting next_dagrun for example_task_group_decorator to 2022-01-18T00:45:32.547238+00:00
[2022-01-19 00:45:32,570] {processor.py:171} INFO - Processing /home/airflow/.local/lib/python3.6/site-packages/airflow/example_dags/example_task_group_decorator.py took 0.402 seconds
[2022-01-19 00:46:02,809] {processor.py:163} INFO - Started process (PID=1202) to work on /home/airflow/.local/lib/python3.6/site-packages/airflow/example_dags/example_task_group_decorator.py
[2022-01-19 00:46:02,812] {processor.py:642} INFO - Processing file /home/airflow/.local/lib/python3.6/site-packages/airflow/example_dags/example_task_group_decorator.py for tasks to queue
[2022-01-19 00:46:02,814] {logging_mixin.py:109} INFO - [2022-01-19 00:46:02,814] {dagbag.py:500} INFO - Filling up the DagBag from /home/airflow/.local/lib/python3.6/site-packages/airflow/example_dags/example_task_group_decorator.py
[2022-01-19 00:46:02,899] {processor.py:654} INFO - DAG(s) dict_keys(['example_task_group_decorator']) retrieved from /home/airflow/.local/lib/python3.6/site-packages/airflow/example_dags/example_task_group_decorator.py
[2022-01-19 00:46:03,214] {logging_mixin.py:109} INFO - [2022-01-19 00:46:03,214] {dag.py:2396} INFO - Sync 1 DAGs
[2022-01-19 00:46:03,247] {logging_mixin.py:109} INFO - [2022-01-19 00:46:03,247] {dag.py:2935} INFO - Setting next_dagrun for example_task_group_decorator to 2022-01-18T00:46:03.246845+00:00
[2022-01-19 00:46:03,269] {processor.py:171} INFO - Processing /home/airflow/.local/lib/python3.6/site-packages/airflow/example_dags/example_task_group_decorator.py took 0.466 seconds
[2022-01-19 00:46:33,942] {processor.py:163} INFO - Started process (PID=1258) to work on /home/airflow/.local/lib/python3.6/site-packages/airflow/example_dags/example_task_group_decorator.py
[2022-01-19 00:46:33,948] {processor.py:642} INFO - Processing file /home/airflow/.local/lib/python3.6/site-packages/airflow/example_dags/example_task_group_decorator.py for tasks to queue
[2022-01-19 00:46:33,954] {logging_mixin.py:109} INFO - [2022-01-19 00:46:33,954] {dagbag.py:500} INFO - Filling up the DagBag from /home/airflow/.local/lib/python3.6/site-packages/airflow/example_dags/example_task_group_decorator.py
[2022-01-19 00:46:34,103] {processor.py:654} INFO - DAG(s) dict_keys(['example_task_group_decorator']) retrieved from /home/airflow/.local/lib/python3.6/site-packages/airflow/example_dags/example_task_group_decorator.py
[2022-01-19 00:46:34,701] {logging_mixin.py:109} INFO - [2022-01-19 00:46:34,701] {dag.py:2396} INFO - Sync 1 DAGs
[2022-01-19 00:46:34,744] {logging_mixin.py:109} INFO - [2022-01-19 00:46:34,744] {dag.py:2935} INFO - Setting next_dagrun for example_task_group_decorator to 2022-01-18T00:46:34.743684+00:00
[2022-01-19 00:46:34,777] {processor.py:171} INFO - Processing /home/airflow/.local/lib/python3.6/site-packages/airflow/example_dags/example_task_group_decorator.py took 0.843 seconds
[2022-01-19 00:47:05,418] {processor.py:163} INFO - Started process (PID=1311) to work on /home/airflow/.local/lib/python3.6/site-packages/airflow/example_dags/example_task_group_decorator.py
[2022-01-19 00:47:05,420] {processor.py:642} INFO - Processing file /home/airflow/.local/lib/python3.6/site-packages/airflow/example_dags/example_task_group_decorator.py for tasks to queue
[2022-01-19 00:47:05,421] {logging_mixin.py:109} INFO - [2022-01-19 00:47:05,421] {dagbag.py:500} INFO - Filling up the DagBag from /home/airflow/.local/lib/python3.6/site-packages/airflow/example_dags/example_task_group_decorator.py
[2022-01-19 00:47:05,464] {processor.py:654} INFO - DAG(s) dict_keys(['example_task_group_decorator']) retrieved from /home/airflow/.local/lib/python3.6/site-packages/airflow/example_dags/example_task_group_decorator.py
[2022-01-19 00:47:05,653] {logging_mixin.py:109} INFO - [2022-01-19 00:47:05,653] {dag.py:2396} INFO - Sync 1 DAGs
[2022-01-19 00:47:05,669] {logging_mixin.py:109} INFO - [2022-01-19 00:47:05,669] {dag.py:2935} INFO - Setting next_dagrun for example_task_group_decorator to 2022-01-18T00:47:05.669060+00:00
[2022-01-19 00:47:05,682] {processor.py:171} INFO - Processing /home/airflow/.local/lib/python3.6/site-packages/airflow/example_dags/example_task_group_decorator.py took 0.268 seconds
[2022-01-19 00:47:36,505] {processor.py:163} INFO - Started process (PID=1375) to work on /home/airflow/.local/lib/python3.6/site-packages/airflow/example_dags/example_task_group_decorator.py
[2022-01-19 00:47:36,507] {processor.py:642} INFO - Processing file /home/airflow/.local/lib/python3.6/site-packages/airflow/example_dags/example_task_group_decorator.py for tasks to queue
[2022-01-19 00:47:36,509] {logging_mixin.py:109} INFO - [2022-01-19 00:47:36,509] {dagbag.py:500} INFO - Filling up the DagBag from /home/airflow/.local/lib/python3.6/site-packages/airflow/example_dags/example_task_group_decorator.py
[2022-01-19 00:47:36,552] {processor.py:654} INFO - DAG(s) dict_keys(['example_task_group_decorator']) retrieved from /home/airflow/.local/lib/python3.6/site-packages/airflow/example_dags/example_task_group_decorator.py
[2022-01-19 00:47:36,823] {logging_mixin.py:109} INFO - [2022-01-19 00:47:36,823] {dag.py:2396} INFO - Sync 1 DAGs
[2022-01-19 00:47:36,843] {logging_mixin.py:109} INFO - [2022-01-19 00:47:36,843] {dag.py:2935} INFO - Setting next_dagrun for example_task_group_decorator to 2022-01-18T00:47:36.843113+00:00
[2022-01-19 00:47:36,858] {processor.py:171} INFO - Processing /home/airflow/.local/lib/python3.6/site-packages/airflow/example_dags/example_task_group_decorator.py took 0.357 seconds
[2022-01-19 00:48:07,606] {processor.py:163} INFO - Started process (PID=1430) to work on /home/airflow/.local/lib/python3.6/site-packages/airflow/example_dags/example_task_group_decorator.py
[2022-01-19 00:48:07,608] {processor.py:642} INFO - Processing file /home/airflow/.local/lib/python3.6/site-packages/airflow/example_dags/example_task_group_decorator.py for tasks to queue
[2022-01-19 00:48:07,612] {logging_mixin.py:109} INFO - [2022-01-19 00:48:07,611] {dagbag.py:500} INFO - Filling up the DagBag from /home/airflow/.local/lib/python3.6/site-packages/airflow/example_dags/example_task_group_decorator.py
[2022-01-19 00:48:07,689] {processor.py:654} INFO - DAG(s) dict_keys(['example_task_group_decorator']) retrieved from /home/airflow/.local/lib/python3.6/site-packages/airflow/example_dags/example_task_group_decorator.py
[2022-01-19 00:48:08,227] {logging_mixin.py:109} INFO - [2022-01-19 00:48:08,227] {dag.py:2396} INFO - Sync 1 DAGs
[2022-01-19 00:48:08,257] {logging_mixin.py:109} INFO - [2022-01-19 00:48:08,256] {dag.py:2935} INFO - Setting next_dagrun for example_task_group_decorator to 2022-01-18T00:48:08.256289+00:00
[2022-01-19 00:48:08,277] {processor.py:171} INFO - Processing /home/airflow/.local/lib/python3.6/site-packages/airflow/example_dags/example_task_group_decorator.py took 0.678 seconds
[2022-01-19 00:48:39,288] {processor.py:163} INFO - Started process (PID=1488) to work on /home/airflow/.local/lib/python3.6/site-packages/airflow/example_dags/example_task_group_decorator.py
[2022-01-19 00:48:39,291] {processor.py:642} INFO - Processing file /home/airflow/.local/lib/python3.6/site-packages/airflow/example_dags/example_task_group_decorator.py for tasks to queue
[2022-01-19 00:48:39,293] {logging_mixin.py:109} INFO - [2022-01-19 00:48:39,293] {dagbag.py:500} INFO - Filling up the DagBag from /home/airflow/.local/lib/python3.6/site-packages/airflow/example_dags/example_task_group_decorator.py
[2022-01-19 00:48:39,361] {processor.py:654} INFO - DAG(s) dict_keys(['example_task_group_decorator']) retrieved from /home/airflow/.local/lib/python3.6/site-packages/airflow/example_dags/example_task_group_decorator.py
[2022-01-19 00:48:39,854] {logging_mixin.py:109} INFO - [2022-01-19 00:48:39,854] {dag.py:2396} INFO - Sync 1 DAGs
[2022-01-19 00:48:39,899] {logging_mixin.py:109} INFO - [2022-01-19 00:48:39,899] {dag.py:2935} INFO - Setting next_dagrun for example_task_group_decorator to 2022-01-18T00:48:39.899460+00:00
[2022-01-19 00:48:39,927] {processor.py:171} INFO - Processing /home/airflow/.local/lib/python3.6/site-packages/airflow/example_dags/example_task_group_decorator.py took 0.643 seconds
