[2022-01-19 00:37:05,889] {processor.py:163} INFO - Started process (PID=149) to work on /home/airflow/.local/lib/python3.6/site-packages/airflow/example_dags/example_trigger_controller_dag.py
[2022-01-19 00:37:05,891] {processor.py:642} INFO - Processing file /home/airflow/.local/lib/python3.6/site-packages/airflow/example_dags/example_trigger_controller_dag.py for tasks to queue
[2022-01-19 00:37:05,893] {logging_mixin.py:109} INFO - [2022-01-19 00:37:05,893] {dagbag.py:500} INFO - Filling up the DagBag from /home/airflow/.local/lib/python3.6/site-packages/airflow/example_dags/example_trigger_controller_dag.py
[2022-01-19 00:37:05,946] {processor.py:654} INFO - DAG(s) dict_keys(['example_trigger_controller_dag']) retrieved from /home/airflow/.local/lib/python3.6/site-packages/airflow/example_dags/example_trigger_controller_dag.py
[2022-01-19 00:37:08,406] {logging_mixin.py:109} INFO - [2022-01-19 00:37:08,405] {manager.py:496} INFO - Created Permission View: can read on DAG:example_trigger_controller_dag
[2022-01-19 00:37:08,428] {logging_mixin.py:109} INFO - [2022-01-19 00:37:08,427] {manager.py:496} INFO - Created Permission View: can edit on DAG:example_trigger_controller_dag
[2022-01-19 00:37:08,432] {logging_mixin.py:109} INFO - [2022-01-19 00:37:08,429] {dag.py:2396} INFO - Sync 1 DAGs
[2022-01-19 00:37:08,452] {logging_mixin.py:109} INFO - [2022-01-19 00:37:08,450] {dag.py:2415} INFO - Creating ORM DAG for example_trigger_controller_dag
[2022-01-19 00:37:08,461] {logging_mixin.py:109} INFO - [2022-01-19 00:37:08,461] {dag.py:2935} INFO - Setting next_dagrun for example_trigger_controller_dag to 2021-01-01T00:00:00+00:00
[2022-01-19 00:37:08,476] {processor.py:171} INFO - Processing /home/airflow/.local/lib/python3.6/site-packages/airflow/example_dags/example_trigger_controller_dag.py took 2.591 seconds
[2022-01-19 00:37:38,995] {processor.py:163} INFO - Started process (PID=268) to work on /home/airflow/.local/lib/python3.6/site-packages/airflow/example_dags/example_trigger_controller_dag.py
[2022-01-19 00:37:38,999] {processor.py:642} INFO - Processing file /home/airflow/.local/lib/python3.6/site-packages/airflow/example_dags/example_trigger_controller_dag.py for tasks to queue
[2022-01-19 00:37:39,000] {logging_mixin.py:109} INFO - [2022-01-19 00:37:39,000] {dagbag.py:500} INFO - Filling up the DagBag from /home/airflow/.local/lib/python3.6/site-packages/airflow/example_dags/example_trigger_controller_dag.py
[2022-01-19 00:37:39,033] {processor.py:654} INFO - DAG(s) dict_keys(['example_trigger_controller_dag']) retrieved from /home/airflow/.local/lib/python3.6/site-packages/airflow/example_dags/example_trigger_controller_dag.py
[2022-01-19 00:37:39,050] {logging_mixin.py:109} INFO - [2022-01-19 00:37:39,050] {dag.py:2396} INFO - Sync 1 DAGs
[2022-01-19 00:37:39,103] {logging_mixin.py:109} INFO - [2022-01-19 00:37:39,103] {dag.py:2935} INFO - Setting next_dagrun for example_trigger_controller_dag to 2021-01-01T00:00:00+00:00
[2022-01-19 00:37:39,123] {processor.py:171} INFO - Processing /home/airflow/.local/lib/python3.6/site-packages/airflow/example_dags/example_trigger_controller_dag.py took 0.135 seconds
[2022-01-19 00:38:09,731] {processor.py:163} INFO - Started process (PID=322) to work on /home/airflow/.local/lib/python3.6/site-packages/airflow/example_dags/example_trigger_controller_dag.py
[2022-01-19 00:38:09,733] {processor.py:642} INFO - Processing file /home/airflow/.local/lib/python3.6/site-packages/airflow/example_dags/example_trigger_controller_dag.py for tasks to queue
[2022-01-19 00:38:09,735] {logging_mixin.py:109} INFO - [2022-01-19 00:38:09,735] {dagbag.py:500} INFO - Filling up the DagBag from /home/airflow/.local/lib/python3.6/site-packages/airflow/example_dags/example_trigger_controller_dag.py
[2022-01-19 00:38:09,772] {processor.py:654} INFO - DAG(s) dict_keys(['example_trigger_controller_dag']) retrieved from /home/airflow/.local/lib/python3.6/site-packages/airflow/example_dags/example_trigger_controller_dag.py
[2022-01-19 00:38:09,790] {logging_mixin.py:109} INFO - [2022-01-19 00:38:09,790] {dag.py:2396} INFO - Sync 1 DAGs
[2022-01-19 00:38:09,812] {logging_mixin.py:109} INFO - [2022-01-19 00:38:09,811] {dag.py:2935} INFO - Setting next_dagrun for example_trigger_controller_dag to 2021-01-01T00:00:00+00:00
[2022-01-19 00:38:09,823] {processor.py:171} INFO - Processing /home/airflow/.local/lib/python3.6/site-packages/airflow/example_dags/example_trigger_controller_dag.py took 0.097 seconds
[2022-01-19 00:38:40,228] {processor.py:163} INFO - Started process (PID=376) to work on /home/airflow/.local/lib/python3.6/site-packages/airflow/example_dags/example_trigger_controller_dag.py
[2022-01-19 00:38:40,231] {processor.py:642} INFO - Processing file /home/airflow/.local/lib/python3.6/site-packages/airflow/example_dags/example_trigger_controller_dag.py for tasks to queue
[2022-01-19 00:38:40,232] {logging_mixin.py:109} INFO - [2022-01-19 00:38:40,232] {dagbag.py:500} INFO - Filling up the DagBag from /home/airflow/.local/lib/python3.6/site-packages/airflow/example_dags/example_trigger_controller_dag.py
[2022-01-19 00:38:40,262] {processor.py:654} INFO - DAG(s) dict_keys(['example_trigger_controller_dag']) retrieved from /home/airflow/.local/lib/python3.6/site-packages/airflow/example_dags/example_trigger_controller_dag.py
[2022-01-19 00:38:40,273] {logging_mixin.py:109} INFO - [2022-01-19 00:38:40,273] {dag.py:2396} INFO - Sync 1 DAGs
[2022-01-19 00:38:40,291] {logging_mixin.py:109} INFO - [2022-01-19 00:38:40,291] {dag.py:2935} INFO - Setting next_dagrun for example_trigger_controller_dag to 2021-01-01T00:00:00+00:00
[2022-01-19 00:38:40,304] {processor.py:171} INFO - Processing /home/airflow/.local/lib/python3.6/site-packages/airflow/example_dags/example_trigger_controller_dag.py took 0.083 seconds
[2022-01-19 00:39:10,433] {processor.py:163} INFO - Started process (PID=442) to work on /home/airflow/.local/lib/python3.6/site-packages/airflow/example_dags/example_trigger_controller_dag.py
[2022-01-19 00:39:10,434] {processor.py:642} INFO - Processing file /home/airflow/.local/lib/python3.6/site-packages/airflow/example_dags/example_trigger_controller_dag.py for tasks to queue
[2022-01-19 00:39:10,436] {logging_mixin.py:109} INFO - [2022-01-19 00:39:10,436] {dagbag.py:500} INFO - Filling up the DagBag from /home/airflow/.local/lib/python3.6/site-packages/airflow/example_dags/example_trigger_controller_dag.py
[2022-01-19 00:39:10,463] {processor.py:654} INFO - DAG(s) dict_keys(['example_trigger_controller_dag']) retrieved from /home/airflow/.local/lib/python3.6/site-packages/airflow/example_dags/example_trigger_controller_dag.py
[2022-01-19 00:39:10,475] {logging_mixin.py:109} INFO - [2022-01-19 00:39:10,474] {dag.py:2396} INFO - Sync 1 DAGs
[2022-01-19 00:39:10,492] {logging_mixin.py:109} INFO - [2022-01-19 00:39:10,492] {dag.py:2935} INFO - Setting next_dagrun for example_trigger_controller_dag to 2021-01-01T00:00:00+00:00
[2022-01-19 00:39:10,503] {processor.py:171} INFO - Processing /home/airflow/.local/lib/python3.6/site-packages/airflow/example_dags/example_trigger_controller_dag.py took 0.073 seconds
[2022-01-19 00:39:40,790] {processor.py:163} INFO - Started process (PID=496) to work on /home/airflow/.local/lib/python3.6/site-packages/airflow/example_dags/example_trigger_controller_dag.py
[2022-01-19 00:39:40,793] {processor.py:642} INFO - Processing file /home/airflow/.local/lib/python3.6/site-packages/airflow/example_dags/example_trigger_controller_dag.py for tasks to queue
[2022-01-19 00:39:40,796] {logging_mixin.py:109} INFO - [2022-01-19 00:39:40,795] {dagbag.py:500} INFO - Filling up the DagBag from /home/airflow/.local/lib/python3.6/site-packages/airflow/example_dags/example_trigger_controller_dag.py
[2022-01-19 00:39:40,827] {processor.py:654} INFO - DAG(s) dict_keys(['example_trigger_controller_dag']) retrieved from /home/airflow/.local/lib/python3.6/site-packages/airflow/example_dags/example_trigger_controller_dag.py
[2022-01-19 00:39:40,842] {logging_mixin.py:109} INFO - [2022-01-19 00:39:40,842] {dag.py:2396} INFO - Sync 1 DAGs
[2022-01-19 00:39:40,867] {logging_mixin.py:109} INFO - [2022-01-19 00:39:40,867] {dag.py:2935} INFO - Setting next_dagrun for example_trigger_controller_dag to 2021-01-01T00:00:00+00:00
[2022-01-19 00:39:40,883] {processor.py:171} INFO - Processing /home/airflow/.local/lib/python3.6/site-packages/airflow/example_dags/example_trigger_controller_dag.py took 0.098 seconds
[2022-01-19 00:40:11,494] {processor.py:163} INFO - Started process (PID=551) to work on /home/airflow/.local/lib/python3.6/site-packages/airflow/example_dags/example_trigger_controller_dag.py
[2022-01-19 00:40:11,496] {processor.py:642} INFO - Processing file /home/airflow/.local/lib/python3.6/site-packages/airflow/example_dags/example_trigger_controller_dag.py for tasks to queue
[2022-01-19 00:40:11,499] {logging_mixin.py:109} INFO - [2022-01-19 00:40:11,498] {dagbag.py:500} INFO - Filling up the DagBag from /home/airflow/.local/lib/python3.6/site-packages/airflow/example_dags/example_trigger_controller_dag.py
[2022-01-19 00:40:11,535] {processor.py:654} INFO - DAG(s) dict_keys(['example_trigger_controller_dag']) retrieved from /home/airflow/.local/lib/python3.6/site-packages/airflow/example_dags/example_trigger_controller_dag.py
[2022-01-19 00:40:11,551] {logging_mixin.py:109} INFO - [2022-01-19 00:40:11,551] {dag.py:2396} INFO - Sync 1 DAGs
[2022-01-19 00:40:11,574] {logging_mixin.py:109} INFO - [2022-01-19 00:40:11,573] {dag.py:2935} INFO - Setting next_dagrun for example_trigger_controller_dag to 2021-01-01T00:00:00+00:00
[2022-01-19 00:40:11,600] {processor.py:171} INFO - Processing /home/airflow/.local/lib/python3.6/site-packages/airflow/example_dags/example_trigger_controller_dag.py took 0.112 seconds
[2022-01-19 00:40:41,721] {processor.py:163} INFO - Started process (PID=605) to work on /home/airflow/.local/lib/python3.6/site-packages/airflow/example_dags/example_trigger_controller_dag.py
[2022-01-19 00:40:41,727] {processor.py:642} INFO - Processing file /home/airflow/.local/lib/python3.6/site-packages/airflow/example_dags/example_trigger_controller_dag.py for tasks to queue
[2022-01-19 00:40:41,730] {logging_mixin.py:109} INFO - [2022-01-19 00:40:41,730] {dagbag.py:500} INFO - Filling up the DagBag from /home/airflow/.local/lib/python3.6/site-packages/airflow/example_dags/example_trigger_controller_dag.py
[2022-01-19 00:40:41,788] {processor.py:654} INFO - DAG(s) dict_keys(['example_trigger_controller_dag']) retrieved from /home/airflow/.local/lib/python3.6/site-packages/airflow/example_dags/example_trigger_controller_dag.py
[2022-01-19 00:40:41,808] {logging_mixin.py:109} INFO - [2022-01-19 00:40:41,808] {dag.py:2396} INFO - Sync 1 DAGs
[2022-01-19 00:40:41,854] {logging_mixin.py:109} INFO - [2022-01-19 00:40:41,854] {dag.py:2935} INFO - Setting next_dagrun for example_trigger_controller_dag to 2021-01-01T00:00:00+00:00
[2022-01-19 00:40:41,877] {processor.py:171} INFO - Processing /home/airflow/.local/lib/python3.6/site-packages/airflow/example_dags/example_trigger_controller_dag.py took 0.164 seconds
[2022-01-19 00:41:12,089] {processor.py:163} INFO - Started process (PID=659) to work on /home/airflow/.local/lib/python3.6/site-packages/airflow/example_dags/example_trigger_controller_dag.py
[2022-01-19 00:41:12,092] {processor.py:642} INFO - Processing file /home/airflow/.local/lib/python3.6/site-packages/airflow/example_dags/example_trigger_controller_dag.py for tasks to queue
[2022-01-19 00:41:12,094] {logging_mixin.py:109} INFO - [2022-01-19 00:41:12,094] {dagbag.py:500} INFO - Filling up the DagBag from /home/airflow/.local/lib/python3.6/site-packages/airflow/example_dags/example_trigger_controller_dag.py
[2022-01-19 00:41:12,124] {processor.py:654} INFO - DAG(s) dict_keys(['example_trigger_controller_dag']) retrieved from /home/airflow/.local/lib/python3.6/site-packages/airflow/example_dags/example_trigger_controller_dag.py
[2022-01-19 00:41:12,136] {logging_mixin.py:109} INFO - [2022-01-19 00:41:12,136] {dag.py:2396} INFO - Sync 1 DAGs
[2022-01-19 00:41:12,157] {logging_mixin.py:109} INFO - [2022-01-19 00:41:12,157] {dag.py:2935} INFO - Setting next_dagrun for example_trigger_controller_dag to 2021-01-01T00:00:00+00:00
[2022-01-19 00:41:12,169] {processor.py:171} INFO - Processing /home/airflow/.local/lib/python3.6/site-packages/airflow/example_dags/example_trigger_controller_dag.py took 0.085 seconds
[2022-01-19 00:41:42,560] {processor.py:163} INFO - Started process (PID=723) to work on /home/airflow/.local/lib/python3.6/site-packages/airflow/example_dags/example_trigger_controller_dag.py
[2022-01-19 00:41:42,565] {processor.py:642} INFO - Processing file /home/airflow/.local/lib/python3.6/site-packages/airflow/example_dags/example_trigger_controller_dag.py for tasks to queue
[2022-01-19 00:41:42,567] {logging_mixin.py:109} INFO - [2022-01-19 00:41:42,567] {dagbag.py:500} INFO - Filling up the DagBag from /home/airflow/.local/lib/python3.6/site-packages/airflow/example_dags/example_trigger_controller_dag.py
[2022-01-19 00:41:42,601] {processor.py:654} INFO - DAG(s) dict_keys(['example_trigger_controller_dag']) retrieved from /home/airflow/.local/lib/python3.6/site-packages/airflow/example_dags/example_trigger_controller_dag.py
[2022-01-19 00:41:42,617] {logging_mixin.py:109} INFO - [2022-01-19 00:41:42,616] {dag.py:2396} INFO - Sync 1 DAGs
[2022-01-19 00:41:42,636] {logging_mixin.py:109} INFO - [2022-01-19 00:41:42,635] {dag.py:2935} INFO - Setting next_dagrun for example_trigger_controller_dag to 2021-01-01T00:00:00+00:00
[2022-01-19 00:41:42,648] {processor.py:171} INFO - Processing /home/airflow/.local/lib/python3.6/site-packages/airflow/example_dags/example_trigger_controller_dag.py took 0.097 seconds
[2022-01-19 00:42:12,836] {processor.py:163} INFO - Started process (PID=777) to work on /home/airflow/.local/lib/python3.6/site-packages/airflow/example_dags/example_trigger_controller_dag.py
[2022-01-19 00:42:12,839] {processor.py:642} INFO - Processing file /home/airflow/.local/lib/python3.6/site-packages/airflow/example_dags/example_trigger_controller_dag.py for tasks to queue
[2022-01-19 00:42:12,842] {logging_mixin.py:109} INFO - [2022-01-19 00:42:12,842] {dagbag.py:500} INFO - Filling up the DagBag from /home/airflow/.local/lib/python3.6/site-packages/airflow/example_dags/example_trigger_controller_dag.py
[2022-01-19 00:42:12,873] {processor.py:654} INFO - DAG(s) dict_keys(['example_trigger_controller_dag']) retrieved from /home/airflow/.local/lib/python3.6/site-packages/airflow/example_dags/example_trigger_controller_dag.py
[2022-01-19 00:42:12,886] {logging_mixin.py:109} INFO - [2022-01-19 00:42:12,886] {dag.py:2396} INFO - Sync 1 DAGs
[2022-01-19 00:42:12,906] {logging_mixin.py:109} INFO - [2022-01-19 00:42:12,906] {dag.py:2935} INFO - Setting next_dagrun for example_trigger_controller_dag to 2021-01-01T00:00:00+00:00
[2022-01-19 00:42:12,919] {processor.py:171} INFO - Processing /home/airflow/.local/lib/python3.6/site-packages/airflow/example_dags/example_trigger_controller_dag.py took 0.089 seconds
[2022-01-19 00:42:43,873] {processor.py:163} INFO - Started process (PID=829) to work on /home/airflow/.local/lib/python3.6/site-packages/airflow/example_dags/example_trigger_controller_dag.py
[2022-01-19 00:42:43,878] {processor.py:642} INFO - Processing file /home/airflow/.local/lib/python3.6/site-packages/airflow/example_dags/example_trigger_controller_dag.py for tasks to queue
[2022-01-19 00:42:43,881] {logging_mixin.py:109} INFO - [2022-01-19 00:42:43,880] {dagbag.py:500} INFO - Filling up the DagBag from /home/airflow/.local/lib/python3.6/site-packages/airflow/example_dags/example_trigger_controller_dag.py
[2022-01-19 00:42:43,944] {processor.py:654} INFO - DAG(s) dict_keys(['example_trigger_controller_dag']) retrieved from /home/airflow/.local/lib/python3.6/site-packages/airflow/example_dags/example_trigger_controller_dag.py
[2022-01-19 00:42:43,972] {logging_mixin.py:109} INFO - [2022-01-19 00:42:43,972] {dag.py:2396} INFO - Sync 1 DAGs
[2022-01-19 00:42:44,010] {logging_mixin.py:109} INFO - [2022-01-19 00:42:44,010] {dag.py:2935} INFO - Setting next_dagrun for example_trigger_controller_dag to 2021-01-01T00:00:00+00:00
[2022-01-19 00:42:44,049] {processor.py:171} INFO - Processing /home/airflow/.local/lib/python3.6/site-packages/airflow/example_dags/example_trigger_controller_dag.py took 0.187 seconds
[2022-01-19 00:43:14,230] {processor.py:163} INFO - Started process (PID=882) to work on /home/airflow/.local/lib/python3.6/site-packages/airflow/example_dags/example_trigger_controller_dag.py
[2022-01-19 00:43:14,247] {processor.py:642} INFO - Processing file /home/airflow/.local/lib/python3.6/site-packages/airflow/example_dags/example_trigger_controller_dag.py for tasks to queue
[2022-01-19 00:43:14,261] {logging_mixin.py:109} INFO - [2022-01-19 00:43:14,259] {dagbag.py:500} INFO - Filling up the DagBag from /home/airflow/.local/lib/python3.6/site-packages/airflow/example_dags/example_trigger_controller_dag.py
[2022-01-19 00:43:14,454] {processor.py:654} INFO - DAG(s) dict_keys(['example_trigger_controller_dag']) retrieved from /home/airflow/.local/lib/python3.6/site-packages/airflow/example_dags/example_trigger_controller_dag.py
[2022-01-19 00:43:14,537] {logging_mixin.py:109} INFO - [2022-01-19 00:43:14,536] {dag.py:2396} INFO - Sync 1 DAGs
[2022-01-19 00:43:14,620] {logging_mixin.py:109} INFO - [2022-01-19 00:43:14,620] {dag.py:2935} INFO - Setting next_dagrun for example_trigger_controller_dag to 2021-01-01T00:00:00+00:00
[2022-01-19 00:43:14,653] {processor.py:171} INFO - Processing /home/airflow/.local/lib/python3.6/site-packages/airflow/example_dags/example_trigger_controller_dag.py took 0.434 seconds
[2022-01-19 00:43:45,062] {processor.py:163} INFO - Started process (PID=946) to work on /home/airflow/.local/lib/python3.6/site-packages/airflow/example_dags/example_trigger_controller_dag.py
[2022-01-19 00:43:45,064] {processor.py:642} INFO - Processing file /home/airflow/.local/lib/python3.6/site-packages/airflow/example_dags/example_trigger_controller_dag.py for tasks to queue
[2022-01-19 00:43:45,067] {logging_mixin.py:109} INFO - [2022-01-19 00:43:45,066] {dagbag.py:500} INFO - Filling up the DagBag from /home/airflow/.local/lib/python3.6/site-packages/airflow/example_dags/example_trigger_controller_dag.py
[2022-01-19 00:43:45,102] {processor.py:654} INFO - DAG(s) dict_keys(['example_trigger_controller_dag']) retrieved from /home/airflow/.local/lib/python3.6/site-packages/airflow/example_dags/example_trigger_controller_dag.py
[2022-01-19 00:43:45,117] {logging_mixin.py:109} INFO - [2022-01-19 00:43:45,117] {dag.py:2396} INFO - Sync 1 DAGs
[2022-01-19 00:43:45,142] {logging_mixin.py:109} INFO - [2022-01-19 00:43:45,142] {dag.py:2935} INFO - Setting next_dagrun for example_trigger_controller_dag to 2021-01-01T00:00:00+00:00
[2022-01-19 00:43:45,158] {processor.py:171} INFO - Processing /home/airflow/.local/lib/python3.6/site-packages/airflow/example_dags/example_trigger_controller_dag.py took 0.101 seconds
