[2022-01-19 00:36:48,834] {processor.py:163} INFO - Started process (PID=79) to work on /home/airflow/.local/lib/python3.6/site-packages/airflow/example_dags/example_xcomargs.py
[2022-01-19 00:36:48,838] {processor.py:642} INFO - Processing file /home/airflow/.local/lib/python3.6/site-packages/airflow/example_dags/example_xcomargs.py for tasks to queue
[2022-01-19 00:36:48,844] {logging_mixin.py:109} INFO - [2022-01-19 00:36:48,844] {dagbag.py:500} INFO - Filling up the DagBag from /home/airflow/.local/lib/python3.6/site-packages/airflow/example_dags/example_xcomargs.py
[2022-01-19 00:36:48,926] {processor.py:654} INFO - DAG(s) dict_keys(['example_xcom_args', 'example_xcom_args_with_operators']) retrieved from /home/airflow/.local/lib/python3.6/site-packages/airflow/example_dags/example_xcomargs.py
[2022-01-19 00:36:52,667] {logging_mixin.py:109} INFO - [2022-01-19 00:36:52,667] {manager.py:496} INFO - Created Permission View: can read on DAG:example_xcom_args
[2022-01-19 00:36:52,683] {logging_mixin.py:109} INFO - [2022-01-19 00:36:52,683] {manager.py:496} INFO - Created Permission View: can edit on DAG:example_xcom_args
[2022-01-19 00:36:52,709] {logging_mixin.py:109} INFO - [2022-01-19 00:36:52,709] {manager.py:496} INFO - Created Permission View: can read on DAG:example_xcom_args_with_operators
[2022-01-19 00:36:52,721] {logging_mixin.py:109} INFO - [2022-01-19 00:36:52,720] {manager.py:496} INFO - Created Permission View: can edit on DAG:example_xcom_args_with_operators
[2022-01-19 00:36:52,723] {logging_mixin.py:109} INFO - [2022-01-19 00:36:52,722] {dag.py:2396} INFO - Sync 2 DAGs
[2022-01-19 00:36:52,738] {logging_mixin.py:109} INFO - [2022-01-19 00:36:52,737] {dag.py:2415} INFO - Creating ORM DAG for example_xcom_args
[2022-01-19 00:36:52,740] {logging_mixin.py:109} INFO - [2022-01-19 00:36:52,740] {dag.py:2415} INFO - Creating ORM DAG for example_xcom_args_with_operators
[2022-01-19 00:36:52,751] {logging_mixin.py:109} INFO - [2022-01-19 00:36:52,750] {dag.py:2935} INFO - Setting next_dagrun for example_xcom_args to None
[2022-01-19 00:36:52,752] {logging_mixin.py:109} INFO - [2022-01-19 00:36:52,752] {dag.py:2935} INFO - Setting next_dagrun for example_xcom_args_with_operators to None
[2022-01-19 00:36:52,782] {processor.py:171} INFO - Processing /home/airflow/.local/lib/python3.6/site-packages/airflow/example_dags/example_xcomargs.py took 3.951 seconds
[2022-01-19 00:37:23,844] {processor.py:163} INFO - Started process (PID=235) to work on /home/airflow/.local/lib/python3.6/site-packages/airflow/example_dags/example_xcomargs.py
[2022-01-19 00:37:23,846] {processor.py:642} INFO - Processing file /home/airflow/.local/lib/python3.6/site-packages/airflow/example_dags/example_xcomargs.py for tasks to queue
[2022-01-19 00:37:23,848] {logging_mixin.py:109} INFO - [2022-01-19 00:37:23,848] {dagbag.py:500} INFO - Filling up the DagBag from /home/airflow/.local/lib/python3.6/site-packages/airflow/example_dags/example_xcomargs.py
[2022-01-19 00:37:23,904] {processor.py:654} INFO - DAG(s) dict_keys(['example_xcom_args', 'example_xcom_args_with_operators']) retrieved from /home/airflow/.local/lib/python3.6/site-packages/airflow/example_dags/example_xcomargs.py
[2022-01-19 00:37:24,172] {logging_mixin.py:109} INFO - [2022-01-19 00:37:24,172] {dag.py:2396} INFO - Sync 2 DAGs
[2022-01-19 00:37:24,194] {logging_mixin.py:109} INFO - [2022-01-19 00:37:24,194] {dag.py:2935} INFO - Setting next_dagrun for example_xcom_args to None
[2022-01-19 00:37:24,195] {logging_mixin.py:109} INFO - [2022-01-19 00:37:24,195] {dag.py:2935} INFO - Setting next_dagrun for example_xcom_args_with_operators to None
[2022-01-19 00:37:24,212] {processor.py:171} INFO - Processing /home/airflow/.local/lib/python3.6/site-packages/airflow/example_dags/example_xcomargs.py took 0.373 seconds
[2022-01-19 00:37:54,874] {processor.py:163} INFO - Started process (PID=299) to work on /home/airflow/.local/lib/python3.6/site-packages/airflow/example_dags/example_xcomargs.py
[2022-01-19 00:37:54,878] {processor.py:642} INFO - Processing file /home/airflow/.local/lib/python3.6/site-packages/airflow/example_dags/example_xcomargs.py for tasks to queue
[2022-01-19 00:37:54,880] {logging_mixin.py:109} INFO - [2022-01-19 00:37:54,880] {dagbag.py:500} INFO - Filling up the DagBag from /home/airflow/.local/lib/python3.6/site-packages/airflow/example_dags/example_xcomargs.py
[2022-01-19 00:37:54,930] {processor.py:654} INFO - DAG(s) dict_keys(['example_xcom_args', 'example_xcom_args_with_operators']) retrieved from /home/airflow/.local/lib/python3.6/site-packages/airflow/example_dags/example_xcomargs.py
[2022-01-19 00:37:55,123] {logging_mixin.py:109} INFO - [2022-01-19 00:37:55,123] {dag.py:2396} INFO - Sync 2 DAGs
[2022-01-19 00:37:55,141] {logging_mixin.py:109} INFO - [2022-01-19 00:37:55,141] {dag.py:2935} INFO - Setting next_dagrun for example_xcom_args to None
[2022-01-19 00:37:55,142] {logging_mixin.py:109} INFO - [2022-01-19 00:37:55,142] {dag.py:2935} INFO - Setting next_dagrun for example_xcom_args_with_operators to None
[2022-01-19 00:37:55,155] {processor.py:171} INFO - Processing /home/airflow/.local/lib/python3.6/site-packages/airflow/example_dags/example_xcomargs.py took 0.285 seconds
[2022-01-19 00:38:25,284] {processor.py:163} INFO - Started process (PID=353) to work on /home/airflow/.local/lib/python3.6/site-packages/airflow/example_dags/example_xcomargs.py
[2022-01-19 00:38:25,287] {processor.py:642} INFO - Processing file /home/airflow/.local/lib/python3.6/site-packages/airflow/example_dags/example_xcomargs.py for tasks to queue
[2022-01-19 00:38:25,289] {logging_mixin.py:109} INFO - [2022-01-19 00:38:25,289] {dagbag.py:500} INFO - Filling up the DagBag from /home/airflow/.local/lib/python3.6/site-packages/airflow/example_dags/example_xcomargs.py
[2022-01-19 00:38:25,340] {processor.py:654} INFO - DAG(s) dict_keys(['example_xcom_args', 'example_xcom_args_with_operators']) retrieved from /home/airflow/.local/lib/python3.6/site-packages/airflow/example_dags/example_xcomargs.py
[2022-01-19 00:38:25,549] {logging_mixin.py:109} INFO - [2022-01-19 00:38:25,548] {dag.py:2396} INFO - Sync 2 DAGs
[2022-01-19 00:38:25,567] {logging_mixin.py:109} INFO - [2022-01-19 00:38:25,567] {dag.py:2935} INFO - Setting next_dagrun for example_xcom_args to None
[2022-01-19 00:38:25,568] {logging_mixin.py:109} INFO - [2022-01-19 00:38:25,568] {dag.py:2935} INFO - Setting next_dagrun for example_xcom_args_with_operators to None
[2022-01-19 00:38:25,579] {processor.py:171} INFO - Processing /home/airflow/.local/lib/python3.6/site-packages/airflow/example_dags/example_xcomargs.py took 0.299 seconds
[2022-01-19 00:38:56,011] {processor.py:163} INFO - Started process (PID=418) to work on /home/airflow/.local/lib/python3.6/site-packages/airflow/example_dags/example_xcomargs.py
[2022-01-19 00:38:56,013] {processor.py:642} INFO - Processing file /home/airflow/.local/lib/python3.6/site-packages/airflow/example_dags/example_xcomargs.py for tasks to queue
[2022-01-19 00:38:56,016] {logging_mixin.py:109} INFO - [2022-01-19 00:38:56,015] {dagbag.py:500} INFO - Filling up the DagBag from /home/airflow/.local/lib/python3.6/site-packages/airflow/example_dags/example_xcomargs.py
[2022-01-19 00:38:56,077] {processor.py:654} INFO - DAG(s) dict_keys(['example_xcom_args', 'example_xcom_args_with_operators']) retrieved from /home/airflow/.local/lib/python3.6/site-packages/airflow/example_dags/example_xcomargs.py
[2022-01-19 00:38:56,327] {logging_mixin.py:109} INFO - [2022-01-19 00:38:56,326] {dag.py:2396} INFO - Sync 2 DAGs
[2022-01-19 00:38:56,348] {logging_mixin.py:109} INFO - [2022-01-19 00:38:56,348] {dag.py:2935} INFO - Setting next_dagrun for example_xcom_args to None
[2022-01-19 00:38:56,349] {logging_mixin.py:109} INFO - [2022-01-19 00:38:56,349] {dag.py:2935} INFO - Setting next_dagrun for example_xcom_args_with_operators to None
[2022-01-19 00:38:56,361] {processor.py:171} INFO - Processing /home/airflow/.local/lib/python3.6/site-packages/airflow/example_dags/example_xcomargs.py took 0.356 seconds
[2022-01-19 00:39:26,658] {processor.py:163} INFO - Started process (PID=472) to work on /home/airflow/.local/lib/python3.6/site-packages/airflow/example_dags/example_xcomargs.py
[2022-01-19 00:39:26,662] {processor.py:642} INFO - Processing file /home/airflow/.local/lib/python3.6/site-packages/airflow/example_dags/example_xcomargs.py for tasks to queue
[2022-01-19 00:39:26,664] {logging_mixin.py:109} INFO - [2022-01-19 00:39:26,664] {dagbag.py:500} INFO - Filling up the DagBag from /home/airflow/.local/lib/python3.6/site-packages/airflow/example_dags/example_xcomargs.py
[2022-01-19 00:39:26,707] {processor.py:654} INFO - DAG(s) dict_keys(['example_xcom_args', 'example_xcom_args_with_operators']) retrieved from /home/airflow/.local/lib/python3.6/site-packages/airflow/example_dags/example_xcomargs.py
[2022-01-19 00:39:26,924] {logging_mixin.py:109} INFO - [2022-01-19 00:39:26,924] {dag.py:2396} INFO - Sync 2 DAGs
[2022-01-19 00:39:26,945] {logging_mixin.py:109} INFO - [2022-01-19 00:39:26,945] {dag.py:2935} INFO - Setting next_dagrun for example_xcom_args to None
[2022-01-19 00:39:26,946] {logging_mixin.py:109} INFO - [2022-01-19 00:39:26,946] {dag.py:2935} INFO - Setting next_dagrun for example_xcom_args_with_operators to None
[2022-01-19 00:39:26,962] {processor.py:171} INFO - Processing /home/airflow/.local/lib/python3.6/site-packages/airflow/example_dags/example_xcomargs.py took 0.311 seconds
[2022-01-19 00:39:57,157] {processor.py:163} INFO - Started process (PID=527) to work on /home/airflow/.local/lib/python3.6/site-packages/airflow/example_dags/example_xcomargs.py
[2022-01-19 00:39:57,159] {processor.py:642} INFO - Processing file /home/airflow/.local/lib/python3.6/site-packages/airflow/example_dags/example_xcomargs.py for tasks to queue
[2022-01-19 00:39:57,161] {logging_mixin.py:109} INFO - [2022-01-19 00:39:57,161] {dagbag.py:500} INFO - Filling up the DagBag from /home/airflow/.local/lib/python3.6/site-packages/airflow/example_dags/example_xcomargs.py
[2022-01-19 00:39:57,218] {processor.py:654} INFO - DAG(s) dict_keys(['example_xcom_args', 'example_xcom_args_with_operators']) retrieved from /home/airflow/.local/lib/python3.6/site-packages/airflow/example_dags/example_xcomargs.py
[2022-01-19 00:39:57,521] {logging_mixin.py:109} INFO - [2022-01-19 00:39:57,521] {dag.py:2396} INFO - Sync 2 DAGs
[2022-01-19 00:39:57,673] {logging_mixin.py:109} INFO - [2022-01-19 00:39:57,673] {dag.py:2935} INFO - Setting next_dagrun for example_xcom_args to None
[2022-01-19 00:39:57,675] {logging_mixin.py:109} INFO - [2022-01-19 00:39:57,675] {dag.py:2935} INFO - Setting next_dagrun for example_xcom_args_with_operators to None
[2022-01-19 00:39:57,702] {processor.py:171} INFO - Processing /home/airflow/.local/lib/python3.6/site-packages/airflow/example_dags/example_xcomargs.py took 0.551 seconds
[2022-01-19 00:40:28,196] {processor.py:163} INFO - Started process (PID=581) to work on /home/airflow/.local/lib/python3.6/site-packages/airflow/example_dags/example_xcomargs.py
[2022-01-19 00:40:28,198] {processor.py:642} INFO - Processing file /home/airflow/.local/lib/python3.6/site-packages/airflow/example_dags/example_xcomargs.py for tasks to queue
[2022-01-19 00:40:28,201] {logging_mixin.py:109} INFO - [2022-01-19 00:40:28,201] {dagbag.py:500} INFO - Filling up the DagBag from /home/airflow/.local/lib/python3.6/site-packages/airflow/example_dags/example_xcomargs.py
[2022-01-19 00:40:28,292] {processor.py:654} INFO - DAG(s) dict_keys(['example_xcom_args', 'example_xcom_args_with_operators']) retrieved from /home/airflow/.local/lib/python3.6/site-packages/airflow/example_dags/example_xcomargs.py
[2022-01-19 00:40:28,768] {logging_mixin.py:109} INFO - [2022-01-19 00:40:28,768] {dag.py:2396} INFO - Sync 2 DAGs
[2022-01-19 00:40:28,798] {logging_mixin.py:109} INFO - [2022-01-19 00:40:28,798] {dag.py:2935} INFO - Setting next_dagrun for example_xcom_args to None
[2022-01-19 00:40:28,799] {logging_mixin.py:109} INFO - [2022-01-19 00:40:28,799] {dag.py:2935} INFO - Setting next_dagrun for example_xcom_args_with_operators to None
[2022-01-19 00:40:28,814] {processor.py:171} INFO - Processing /home/airflow/.local/lib/python3.6/site-packages/airflow/example_dags/example_xcomargs.py took 0.625 seconds
[2022-01-19 00:40:59,681] {processor.py:163} INFO - Started process (PID=646) to work on /home/airflow/.local/lib/python3.6/site-packages/airflow/example_dags/example_xcomargs.py
[2022-01-19 00:40:59,687] {processor.py:642} INFO - Processing file /home/airflow/.local/lib/python3.6/site-packages/airflow/example_dags/example_xcomargs.py for tasks to queue
[2022-01-19 00:40:59,691] {logging_mixin.py:109} INFO - [2022-01-19 00:40:59,690] {dagbag.py:500} INFO - Filling up the DagBag from /home/airflow/.local/lib/python3.6/site-packages/airflow/example_dags/example_xcomargs.py
[2022-01-19 00:40:59,783] {processor.py:654} INFO - DAG(s) dict_keys(['example_xcom_args', 'example_xcom_args_with_operators']) retrieved from /home/airflow/.local/lib/python3.6/site-packages/airflow/example_dags/example_xcomargs.py
[2022-01-19 00:41:00,404] {logging_mixin.py:109} INFO - [2022-01-19 00:41:00,403] {dag.py:2396} INFO - Sync 2 DAGs
[2022-01-19 00:41:00,469] {logging_mixin.py:109} INFO - [2022-01-19 00:41:00,468] {dag.py:2935} INFO - Setting next_dagrun for example_xcom_args to None
[2022-01-19 00:41:00,471] {logging_mixin.py:109} INFO - [2022-01-19 00:41:00,471] {dag.py:2935} INFO - Setting next_dagrun for example_xcom_args_with_operators to None
[2022-01-19 00:41:00,509] {processor.py:171} INFO - Processing /home/airflow/.local/lib/python3.6/site-packages/airflow/example_dags/example_xcomargs.py took 0.842 seconds
[2022-01-19 00:41:30,999] {processor.py:163} INFO - Started process (PID=699) to work on /home/airflow/.local/lib/python3.6/site-packages/airflow/example_dags/example_xcomargs.py
[2022-01-19 00:41:31,019] {processor.py:642} INFO - Processing file /home/airflow/.local/lib/python3.6/site-packages/airflow/example_dags/example_xcomargs.py for tasks to queue
[2022-01-19 00:41:31,021] {logging_mixin.py:109} INFO - [2022-01-19 00:41:31,021] {dagbag.py:500} INFO - Filling up the DagBag from /home/airflow/.local/lib/python3.6/site-packages/airflow/example_dags/example_xcomargs.py
[2022-01-19 00:41:31,069] {processor.py:654} INFO - DAG(s) dict_keys(['example_xcom_args', 'example_xcom_args_with_operators']) retrieved from /home/airflow/.local/lib/python3.6/site-packages/airflow/example_dags/example_xcomargs.py
[2022-01-19 00:41:31,296] {logging_mixin.py:109} INFO - [2022-01-19 00:41:31,296] {dag.py:2396} INFO - Sync 2 DAGs
[2022-01-19 00:41:31,326] {logging_mixin.py:109} INFO - [2022-01-19 00:41:31,326] {dag.py:2935} INFO - Setting next_dagrun for example_xcom_args to None
[2022-01-19 00:41:31,328] {logging_mixin.py:109} INFO - [2022-01-19 00:41:31,327] {dag.py:2935} INFO - Setting next_dagrun for example_xcom_args_with_operators to None
[2022-01-19 00:41:31,345] {processor.py:171} INFO - Processing /home/airflow/.local/lib/python3.6/site-packages/airflow/example_dags/example_xcomargs.py took 0.351 seconds
[2022-01-19 00:42:01,423] {processor.py:163} INFO - Started process (PID=753) to work on /home/airflow/.local/lib/python3.6/site-packages/airflow/example_dags/example_xcomargs.py
[2022-01-19 00:42:01,425] {processor.py:642} INFO - Processing file /home/airflow/.local/lib/python3.6/site-packages/airflow/example_dags/example_xcomargs.py for tasks to queue
[2022-01-19 00:42:01,427] {logging_mixin.py:109} INFO - [2022-01-19 00:42:01,427] {dagbag.py:500} INFO - Filling up the DagBag from /home/airflow/.local/lib/python3.6/site-packages/airflow/example_dags/example_xcomargs.py
[2022-01-19 00:42:01,477] {processor.py:654} INFO - DAG(s) dict_keys(['example_xcom_args', 'example_xcom_args_with_operators']) retrieved from /home/airflow/.local/lib/python3.6/site-packages/airflow/example_dags/example_xcomargs.py
[2022-01-19 00:42:01,781] {logging_mixin.py:109} INFO - [2022-01-19 00:42:01,781] {dag.py:2396} INFO - Sync 2 DAGs
[2022-01-19 00:42:01,840] {logging_mixin.py:109} INFO - [2022-01-19 00:42:01,840] {dag.py:2935} INFO - Setting next_dagrun for example_xcom_args to None
[2022-01-19 00:42:01,842] {logging_mixin.py:109} INFO - [2022-01-19 00:42:01,842] {dag.py:2935} INFO - Setting next_dagrun for example_xcom_args_with_operators to None
[2022-01-19 00:42:01,862] {processor.py:171} INFO - Processing /home/airflow/.local/lib/python3.6/site-packages/airflow/example_dags/example_xcomargs.py took 0.442 seconds
[2022-01-19 00:42:32,134] {processor.py:163} INFO - Started process (PID=811) to work on /home/airflow/.local/lib/python3.6/site-packages/airflow/example_dags/example_xcomargs.py
[2022-01-19 00:42:32,139] {processor.py:642} INFO - Processing file /home/airflow/.local/lib/python3.6/site-packages/airflow/example_dags/example_xcomargs.py for tasks to queue
[2022-01-19 00:42:32,141] {logging_mixin.py:109} INFO - [2022-01-19 00:42:32,141] {dagbag.py:500} INFO - Filling up the DagBag from /home/airflow/.local/lib/python3.6/site-packages/airflow/example_dags/example_xcomargs.py
[2022-01-19 00:42:32,200] {processor.py:654} INFO - DAG(s) dict_keys(['example_xcom_args', 'example_xcom_args_with_operators']) retrieved from /home/airflow/.local/lib/python3.6/site-packages/airflow/example_dags/example_xcomargs.py
[2022-01-19 00:42:32,481] {logging_mixin.py:109} INFO - [2022-01-19 00:42:32,481] {dag.py:2396} INFO - Sync 2 DAGs
[2022-01-19 00:42:32,504] {logging_mixin.py:109} INFO - [2022-01-19 00:42:32,504] {dag.py:2935} INFO - Setting next_dagrun for example_xcom_args to None
[2022-01-19 00:42:32,506] {logging_mixin.py:109} INFO - [2022-01-19 00:42:32,506] {dag.py:2935} INFO - Setting next_dagrun for example_xcom_args_with_operators to None
[2022-01-19 00:42:32,520] {processor.py:171} INFO - Processing /home/airflow/.local/lib/python3.6/site-packages/airflow/example_dags/example_xcomargs.py took 0.390 seconds
[2022-01-19 00:43:02,852] {processor.py:163} INFO - Started process (PID=869) to work on /home/airflow/.local/lib/python3.6/site-packages/airflow/example_dags/example_xcomargs.py
[2022-01-19 00:43:02,856] {processor.py:642} INFO - Processing file /home/airflow/.local/lib/python3.6/site-packages/airflow/example_dags/example_xcomargs.py for tasks to queue
[2022-01-19 00:43:02,860] {logging_mixin.py:109} INFO - [2022-01-19 00:43:02,859] {dagbag.py:500} INFO - Filling up the DagBag from /home/airflow/.local/lib/python3.6/site-packages/airflow/example_dags/example_xcomargs.py
[2022-01-19 00:43:03,003] {processor.py:654} INFO - DAG(s) dict_keys(['example_xcom_args', 'example_xcom_args_with_operators']) retrieved from /home/airflow/.local/lib/python3.6/site-packages/airflow/example_dags/example_xcomargs.py
[2022-01-19 00:43:03,728] {logging_mixin.py:109} INFO - [2022-01-19 00:43:03,728] {dag.py:2396} INFO - Sync 2 DAGs
[2022-01-19 00:43:03,779] {logging_mixin.py:109} INFO - [2022-01-19 00:43:03,779] {dag.py:2935} INFO - Setting next_dagrun for example_xcom_args to None
[2022-01-19 00:43:03,783] {logging_mixin.py:109} INFO - [2022-01-19 00:43:03,782] {dag.py:2935} INFO - Setting next_dagrun for example_xcom_args_with_operators to None
[2022-01-19 00:43:03,821] {processor.py:171} INFO - Processing /home/airflow/.local/lib/python3.6/site-packages/airflow/example_dags/example_xcomargs.py took 0.987 seconds
[2022-01-19 00:43:34,514] {processor.py:163} INFO - Started process (PID=923) to work on /home/airflow/.local/lib/python3.6/site-packages/airflow/example_dags/example_xcomargs.py
[2022-01-19 00:43:34,519] {processor.py:642} INFO - Processing file /home/airflow/.local/lib/python3.6/site-packages/airflow/example_dags/example_xcomargs.py for tasks to queue
[2022-01-19 00:43:34,523] {logging_mixin.py:109} INFO - [2022-01-19 00:43:34,523] {dagbag.py:500} INFO - Filling up the DagBag from /home/airflow/.local/lib/python3.6/site-packages/airflow/example_dags/example_xcomargs.py
[2022-01-19 00:43:34,627] {processor.py:654} INFO - DAG(s) dict_keys(['example_xcom_args', 'example_xcom_args_with_operators']) retrieved from /home/airflow/.local/lib/python3.6/site-packages/airflow/example_dags/example_xcomargs.py
[2022-01-19 00:43:35,066] {logging_mixin.py:109} INFO - [2022-01-19 00:43:35,066] {dag.py:2396} INFO - Sync 2 DAGs
[2022-01-19 00:43:35,084] {logging_mixin.py:109} INFO - [2022-01-19 00:43:35,084] {dag.py:2935} INFO - Setting next_dagrun for example_xcom_args to None
[2022-01-19 00:43:35,086] {logging_mixin.py:109} INFO - [2022-01-19 00:43:35,086] {dag.py:2935} INFO - Setting next_dagrun for example_xcom_args_with_operators to None
[2022-01-19 00:43:35,107] {processor.py:171} INFO - Processing /home/airflow/.local/lib/python3.6/site-packages/airflow/example_dags/example_xcomargs.py took 0.602 seconds
[2022-01-19 00:44:05,214] {processor.py:163} INFO - Started process (PID=979) to work on /home/airflow/.local/lib/python3.6/site-packages/airflow/example_dags/example_xcomargs.py
[2022-01-19 00:44:05,218] {processor.py:642} INFO - Processing file /home/airflow/.local/lib/python3.6/site-packages/airflow/example_dags/example_xcomargs.py for tasks to queue
[2022-01-19 00:44:05,221] {logging_mixin.py:109} INFO - [2022-01-19 00:44:05,220] {dagbag.py:500} INFO - Filling up the DagBag from /home/airflow/.local/lib/python3.6/site-packages/airflow/example_dags/example_xcomargs.py
[2022-01-19 00:44:05,277] {processor.py:654} INFO - DAG(s) dict_keys(['example_xcom_args', 'example_xcom_args_with_operators']) retrieved from /home/airflow/.local/lib/python3.6/site-packages/airflow/example_dags/example_xcomargs.py
[2022-01-19 00:44:05,604] {logging_mixin.py:109} INFO - [2022-01-19 00:44:05,604] {dag.py:2396} INFO - Sync 2 DAGs
[2022-01-19 00:44:05,634] {logging_mixin.py:109} INFO - [2022-01-19 00:44:05,634] {dag.py:2935} INFO - Setting next_dagrun for example_xcom_args to None
[2022-01-19 00:44:05,636] {logging_mixin.py:109} INFO - [2022-01-19 00:44:05,636] {dag.py:2935} INFO - Setting next_dagrun for example_xcom_args_with_operators to None
[2022-01-19 00:44:05,658] {processor.py:171} INFO - Processing /home/airflow/.local/lib/python3.6/site-packages/airflow/example_dags/example_xcomargs.py took 0.450 seconds
[2022-01-19 00:44:36,412] {processor.py:163} INFO - Started process (PID=1045) to work on /home/airflow/.local/lib/python3.6/site-packages/airflow/example_dags/example_xcomargs.py
[2022-01-19 00:44:36,414] {processor.py:642} INFO - Processing file /home/airflow/.local/lib/python3.6/site-packages/airflow/example_dags/example_xcomargs.py for tasks to queue
[2022-01-19 00:44:36,416] {logging_mixin.py:109} INFO - [2022-01-19 00:44:36,415] {dagbag.py:500} INFO - Filling up the DagBag from /home/airflow/.local/lib/python3.6/site-packages/airflow/example_dags/example_xcomargs.py
[2022-01-19 00:44:36,458] {processor.py:654} INFO - DAG(s) dict_keys(['example_xcom_args', 'example_xcom_args_with_operators']) retrieved from /home/airflow/.local/lib/python3.6/site-packages/airflow/example_dags/example_xcomargs.py
[2022-01-19 00:44:36,716] {logging_mixin.py:109} INFO - [2022-01-19 00:44:36,716] {dag.py:2396} INFO - Sync 2 DAGs
[2022-01-19 00:44:36,735] {logging_mixin.py:109} INFO - [2022-01-19 00:44:36,734] {dag.py:2935} INFO - Setting next_dagrun for example_xcom_args to None
[2022-01-19 00:44:36,736] {logging_mixin.py:109} INFO - [2022-01-19 00:44:36,736] {dag.py:2935} INFO - Setting next_dagrun for example_xcom_args_with_operators to None
[2022-01-19 00:44:36,755] {processor.py:171} INFO - Processing /home/airflow/.local/lib/python3.6/site-packages/airflow/example_dags/example_xcomargs.py took 0.350 seconds
[2022-01-19 00:45:07,355] {processor.py:163} INFO - Started process (PID=1100) to work on /home/airflow/.local/lib/python3.6/site-packages/airflow/example_dags/example_xcomargs.py
[2022-01-19 00:45:07,358] {processor.py:642} INFO - Processing file /home/airflow/.local/lib/python3.6/site-packages/airflow/example_dags/example_xcomargs.py for tasks to queue
[2022-01-19 00:45:07,359] {logging_mixin.py:109} INFO - [2022-01-19 00:45:07,359] {dagbag.py:500} INFO - Filling up the DagBag from /home/airflow/.local/lib/python3.6/site-packages/airflow/example_dags/example_xcomargs.py
[2022-01-19 00:45:07,403] {processor.py:654} INFO - DAG(s) dict_keys(['example_xcom_args', 'example_xcom_args_with_operators']) retrieved from /home/airflow/.local/lib/python3.6/site-packages/airflow/example_dags/example_xcomargs.py
[2022-01-19 00:45:07,622] {logging_mixin.py:109} INFO - [2022-01-19 00:45:07,621] {dag.py:2396} INFO - Sync 2 DAGs
[2022-01-19 00:45:07,640] {logging_mixin.py:109} INFO - [2022-01-19 00:45:07,639] {dag.py:2935} INFO - Setting next_dagrun for example_xcom_args to None
[2022-01-19 00:45:07,641] {logging_mixin.py:109} INFO - [2022-01-19 00:45:07,641] {dag.py:2935} INFO - Setting next_dagrun for example_xcom_args_with_operators to None
[2022-01-19 00:45:07,656] {processor.py:171} INFO - Processing /home/airflow/.local/lib/python3.6/site-packages/airflow/example_dags/example_xcomargs.py took 0.306 seconds
[2022-01-19 00:45:38,017] {processor.py:163} INFO - Started process (PID=1154) to work on /home/airflow/.local/lib/python3.6/site-packages/airflow/example_dags/example_xcomargs.py
[2022-01-19 00:45:38,020] {processor.py:642} INFO - Processing file /home/airflow/.local/lib/python3.6/site-packages/airflow/example_dags/example_xcomargs.py for tasks to queue
[2022-01-19 00:45:38,023] {logging_mixin.py:109} INFO - [2022-01-19 00:45:38,022] {dagbag.py:500} INFO - Filling up the DagBag from /home/airflow/.local/lib/python3.6/site-packages/airflow/example_dags/example_xcomargs.py
[2022-01-19 00:45:38,095] {processor.py:654} INFO - DAG(s) dict_keys(['example_xcom_args', 'example_xcom_args_with_operators']) retrieved from /home/airflow/.local/lib/python3.6/site-packages/airflow/example_dags/example_xcomargs.py
[2022-01-19 00:45:38,691] {logging_mixin.py:109} INFO - [2022-01-19 00:45:38,691] {dag.py:2396} INFO - Sync 2 DAGs
[2022-01-19 00:45:38,737] {logging_mixin.py:109} INFO - [2022-01-19 00:45:38,737] {dag.py:2935} INFO - Setting next_dagrun for example_xcom_args to None
[2022-01-19 00:45:38,739] {logging_mixin.py:109} INFO - [2022-01-19 00:45:38,739] {dag.py:2935} INFO - Setting next_dagrun for example_xcom_args_with_operators to None
[2022-01-19 00:45:38,777] {processor.py:171} INFO - Processing /home/airflow/.local/lib/python3.6/site-packages/airflow/example_dags/example_xcomargs.py took 0.765 seconds
[2022-01-19 00:46:09,072] {processor.py:163} INFO - Started process (PID=1216) to work on /home/airflow/.local/lib/python3.6/site-packages/airflow/example_dags/example_xcomargs.py
[2022-01-19 00:46:09,075] {processor.py:642} INFO - Processing file /home/airflow/.local/lib/python3.6/site-packages/airflow/example_dags/example_xcomargs.py for tasks to queue
[2022-01-19 00:46:09,077] {logging_mixin.py:109} INFO - [2022-01-19 00:46:09,077] {dagbag.py:500} INFO - Filling up the DagBag from /home/airflow/.local/lib/python3.6/site-packages/airflow/example_dags/example_xcomargs.py
[2022-01-19 00:46:09,146] {processor.py:654} INFO - DAG(s) dict_keys(['example_xcom_args', 'example_xcom_args_with_operators']) retrieved from /home/airflow/.local/lib/python3.6/site-packages/airflow/example_dags/example_xcomargs.py
[2022-01-19 00:46:09,428] {logging_mixin.py:109} INFO - [2022-01-19 00:46:09,428] {dag.py:2396} INFO - Sync 2 DAGs
[2022-01-19 00:46:09,453] {logging_mixin.py:109} INFO - [2022-01-19 00:46:09,453] {dag.py:2935} INFO - Setting next_dagrun for example_xcom_args to None
[2022-01-19 00:46:09,455] {logging_mixin.py:109} INFO - [2022-01-19 00:46:09,455] {dag.py:2935} INFO - Setting next_dagrun for example_xcom_args_with_operators to None
[2022-01-19 00:46:09,478] {processor.py:171} INFO - Processing /home/airflow/.local/lib/python3.6/site-packages/airflow/example_dags/example_xcomargs.py took 0.412 seconds
[2022-01-19 00:46:39,906] {processor.py:163} INFO - Started process (PID=1275) to work on /home/airflow/.local/lib/python3.6/site-packages/airflow/example_dags/example_xcomargs.py
[2022-01-19 00:46:39,908] {processor.py:642} INFO - Processing file /home/airflow/.local/lib/python3.6/site-packages/airflow/example_dags/example_xcomargs.py for tasks to queue
[2022-01-19 00:46:39,910] {logging_mixin.py:109} INFO - [2022-01-19 00:46:39,910] {dagbag.py:500} INFO - Filling up the DagBag from /home/airflow/.local/lib/python3.6/site-packages/airflow/example_dags/example_xcomargs.py
[2022-01-19 00:46:39,975] {processor.py:654} INFO - DAG(s) dict_keys(['example_xcom_args', 'example_xcom_args_with_operators']) retrieved from /home/airflow/.local/lib/python3.6/site-packages/airflow/example_dags/example_xcomargs.py
[2022-01-19 00:46:40,409] {logging_mixin.py:109} INFO - [2022-01-19 00:46:40,409] {dag.py:2396} INFO - Sync 2 DAGs
[2022-01-19 00:46:40,446] {logging_mixin.py:109} INFO - [2022-01-19 00:46:40,446] {dag.py:2935} INFO - Setting next_dagrun for example_xcom_args to None
[2022-01-19 00:46:40,448] {logging_mixin.py:109} INFO - [2022-01-19 00:46:40,448] {dag.py:2935} INFO - Setting next_dagrun for example_xcom_args_with_operators to None
[2022-01-19 00:46:40,471] {processor.py:171} INFO - Processing /home/airflow/.local/lib/python3.6/site-packages/airflow/example_dags/example_xcomargs.py took 0.572 seconds
[2022-01-19 00:47:10,545] {processor.py:163} INFO - Started process (PID=1330) to work on /home/airflow/.local/lib/python3.6/site-packages/airflow/example_dags/example_xcomargs.py
[2022-01-19 00:47:10,548] {processor.py:642} INFO - Processing file /home/airflow/.local/lib/python3.6/site-packages/airflow/example_dags/example_xcomargs.py for tasks to queue
[2022-01-19 00:47:10,550] {logging_mixin.py:109} INFO - [2022-01-19 00:47:10,550] {dagbag.py:500} INFO - Filling up the DagBag from /home/airflow/.local/lib/python3.6/site-packages/airflow/example_dags/example_xcomargs.py
[2022-01-19 00:47:10,602] {processor.py:654} INFO - DAG(s) dict_keys(['example_xcom_args', 'example_xcom_args_with_operators']) retrieved from /home/airflow/.local/lib/python3.6/site-packages/airflow/example_dags/example_xcomargs.py
[2022-01-19 00:47:10,853] {logging_mixin.py:109} INFO - [2022-01-19 00:47:10,852] {dag.py:2396} INFO - Sync 2 DAGs
[2022-01-19 00:47:10,871] {logging_mixin.py:109} INFO - [2022-01-19 00:47:10,871] {dag.py:2935} INFO - Setting next_dagrun for example_xcom_args to None
[2022-01-19 00:47:10,872] {logging_mixin.py:109} INFO - [2022-01-19 00:47:10,872] {dag.py:2935} INFO - Setting next_dagrun for example_xcom_args_with_operators to None
[2022-01-19 00:47:10,885] {processor.py:171} INFO - Processing /home/airflow/.local/lib/python3.6/site-packages/airflow/example_dags/example_xcomargs.py took 0.345 seconds
[2022-01-19 00:47:41,076] {processor.py:163} INFO - Started process (PID=1380) to work on /home/airflow/.local/lib/python3.6/site-packages/airflow/example_dags/example_xcomargs.py
[2022-01-19 00:47:41,079] {processor.py:642} INFO - Processing file /home/airflow/.local/lib/python3.6/site-packages/airflow/example_dags/example_xcomargs.py for tasks to queue
[2022-01-19 00:47:41,082] {logging_mixin.py:109} INFO - [2022-01-19 00:47:41,082] {dagbag.py:500} INFO - Filling up the DagBag from /home/airflow/.local/lib/python3.6/site-packages/airflow/example_dags/example_xcomargs.py
[2022-01-19 00:47:41,179] {processor.py:654} INFO - DAG(s) dict_keys(['example_xcom_args', 'example_xcom_args_with_operators']) retrieved from /home/airflow/.local/lib/python3.6/site-packages/airflow/example_dags/example_xcomargs.py
[2022-01-19 00:47:41,462] {logging_mixin.py:109} INFO - [2022-01-19 00:47:41,462] {dag.py:2396} INFO - Sync 2 DAGs
[2022-01-19 00:47:41,486] {logging_mixin.py:109} INFO - [2022-01-19 00:47:41,486] {dag.py:2935} INFO - Setting next_dagrun for example_xcom_args to None
[2022-01-19 00:47:41,488] {logging_mixin.py:109} INFO - [2022-01-19 00:47:41,487] {dag.py:2935} INFO - Setting next_dagrun for example_xcom_args_with_operators to None
[2022-01-19 00:47:41,503] {processor.py:171} INFO - Processing /home/airflow/.local/lib/python3.6/site-packages/airflow/example_dags/example_xcomargs.py took 0.435 seconds
[2022-01-19 00:48:12,524] {processor.py:163} INFO - Started process (PID=1434) to work on /home/airflow/.local/lib/python3.6/site-packages/airflow/example_dags/example_xcomargs.py
[2022-01-19 00:48:12,529] {processor.py:642} INFO - Processing file /home/airflow/.local/lib/python3.6/site-packages/airflow/example_dags/example_xcomargs.py for tasks to queue
[2022-01-19 00:48:12,532] {logging_mixin.py:109} INFO - [2022-01-19 00:48:12,532] {dagbag.py:500} INFO - Filling up the DagBag from /home/airflow/.local/lib/python3.6/site-packages/airflow/example_dags/example_xcomargs.py
[2022-01-19 00:48:12,613] {processor.py:654} INFO - DAG(s) dict_keys(['example_xcom_args', 'example_xcom_args_with_operators']) retrieved from /home/airflow/.local/lib/python3.6/site-packages/airflow/example_dags/example_xcomargs.py
[2022-01-19 00:48:12,887] {logging_mixin.py:109} INFO - [2022-01-19 00:48:12,887] {dag.py:2396} INFO - Sync 2 DAGs
[2022-01-19 00:48:12,939] {logging_mixin.py:109} INFO - [2022-01-19 00:48:12,938] {dag.py:2935} INFO - Setting next_dagrun for example_xcom_args to None
[2022-01-19 00:48:12,940] {logging_mixin.py:109} INFO - [2022-01-19 00:48:12,940] {dag.py:2935} INFO - Setting next_dagrun for example_xcom_args_with_operators to None
[2022-01-19 00:48:12,985] {processor.py:171} INFO - Processing /home/airflow/.local/lib/python3.6/site-packages/airflow/example_dags/example_xcomargs.py took 0.468 seconds
[2022-01-19 00:48:43,294] {processor.py:163} INFO - Started process (PID=1490) to work on /home/airflow/.local/lib/python3.6/site-packages/airflow/example_dags/example_xcomargs.py
[2022-01-19 00:48:43,297] {processor.py:642} INFO - Processing file /home/airflow/.local/lib/python3.6/site-packages/airflow/example_dags/example_xcomargs.py for tasks to queue
[2022-01-19 00:48:43,299] {logging_mixin.py:109} INFO - [2022-01-19 00:48:43,298] {dagbag.py:500} INFO - Filling up the DagBag from /home/airflow/.local/lib/python3.6/site-packages/airflow/example_dags/example_xcomargs.py
[2022-01-19 00:48:43,358] {processor.py:654} INFO - DAG(s) dict_keys(['example_xcom_args', 'example_xcom_args_with_operators']) retrieved from /home/airflow/.local/lib/python3.6/site-packages/airflow/example_dags/example_xcomargs.py
[2022-01-19 00:48:43,618] {logging_mixin.py:109} INFO - [2022-01-19 00:48:43,618] {dag.py:2396} INFO - Sync 2 DAGs
[2022-01-19 00:48:43,655] {logging_mixin.py:109} INFO - [2022-01-19 00:48:43,655] {dag.py:2935} INFO - Setting next_dagrun for example_xcom_args to None
[2022-01-19 00:48:43,658] {logging_mixin.py:109} INFO - [2022-01-19 00:48:43,658] {dag.py:2935} INFO - Setting next_dagrun for example_xcom_args_with_operators to None
[2022-01-19 00:48:43,688] {processor.py:171} INFO - Processing /home/airflow/.local/lib/python3.6/site-packages/airflow/example_dags/example_xcomargs.py took 0.400 seconds
