[2022-01-19 00:37:14,909] {processor.py:163} INFO - Started process (PID=189) to work on /home/airflow/.local/lib/python3.6/site-packages/airflow/example_dags/tutorial.py
[2022-01-19 00:37:14,912] {processor.py:642} INFO - Processing file /home/airflow/.local/lib/python3.6/site-packages/airflow/example_dags/tutorial.py for tasks to queue
[2022-01-19 00:37:14,914] {logging_mixin.py:109} INFO - [2022-01-19 00:37:14,914] {dagbag.py:500} INFO - Filling up the DagBag from /home/airflow/.local/lib/python3.6/site-packages/airflow/example_dags/tutorial.py
[2022-01-19 00:37:14,965] {processor.py:654} INFO - DAG(s) dict_keys(['tutorial']) retrieved from /home/airflow/.local/lib/python3.6/site-packages/airflow/example_dags/tutorial.py
[2022-01-19 00:37:17,010] {logging_mixin.py:109} INFO - [2022-01-19 00:37:17,010] {manager.py:496} INFO - Created Permission View: can read on DAG:tutorial
[2022-01-19 00:37:17,020] {logging_mixin.py:109} INFO - [2022-01-19 00:37:17,020] {manager.py:496} INFO - Created Permission View: can edit on DAG:tutorial
[2022-01-19 00:37:17,022] {logging_mixin.py:109} INFO - [2022-01-19 00:37:17,021] {dag.py:2396} INFO - Sync 1 DAGs
[2022-01-19 00:37:17,033] {logging_mixin.py:109} INFO - [2022-01-19 00:37:17,032] {dag.py:2415} INFO - Creating ORM DAG for tutorial
[2022-01-19 00:37:17,041] {logging_mixin.py:109} INFO - [2022-01-19 00:37:17,041] {dag.py:2935} INFO - Setting next_dagrun for tutorial to 2022-01-18T00:37:17.041479+00:00
[2022-01-19 00:37:17,055] {processor.py:171} INFO - Processing /home/airflow/.local/lib/python3.6/site-packages/airflow/example_dags/tutorial.py took 2.172 seconds
[2022-01-19 00:37:47,695] {processor.py:163} INFO - Started process (PID=274) to work on /home/airflow/.local/lib/python3.6/site-packages/airflow/example_dags/tutorial.py
[2022-01-19 00:37:47,698] {processor.py:642} INFO - Processing file /home/airflow/.local/lib/python3.6/site-packages/airflow/example_dags/tutorial.py for tasks to queue
[2022-01-19 00:37:47,700] {logging_mixin.py:109} INFO - [2022-01-19 00:37:47,700] {dagbag.py:500} INFO - Filling up the DagBag from /home/airflow/.local/lib/python3.6/site-packages/airflow/example_dags/tutorial.py
[2022-01-19 00:37:47,743] {processor.py:654} INFO - DAG(s) dict_keys(['tutorial']) retrieved from /home/airflow/.local/lib/python3.6/site-packages/airflow/example_dags/tutorial.py
[2022-01-19 00:37:47,756] {logging_mixin.py:109} INFO - [2022-01-19 00:37:47,756] {dag.py:2396} INFO - Sync 1 DAGs
[2022-01-19 00:37:47,777] {logging_mixin.py:109} INFO - [2022-01-19 00:37:47,777] {dag.py:2935} INFO - Setting next_dagrun for tutorial to 2022-01-18T00:37:47.776983+00:00
[2022-01-19 00:37:47,796] {processor.py:171} INFO - Processing /home/airflow/.local/lib/python3.6/site-packages/airflow/example_dags/tutorial.py took 0.108 seconds
[2022-01-19 00:38:18,088] {processor.py:163} INFO - Started process (PID=339) to work on /home/airflow/.local/lib/python3.6/site-packages/airflow/example_dags/tutorial.py
[2022-01-19 00:38:18,094] {processor.py:642} INFO - Processing file /home/airflow/.local/lib/python3.6/site-packages/airflow/example_dags/tutorial.py for tasks to queue
[2022-01-19 00:38:18,096] {logging_mixin.py:109} INFO - [2022-01-19 00:38:18,096] {dagbag.py:500} INFO - Filling up the DagBag from /home/airflow/.local/lib/python3.6/site-packages/airflow/example_dags/tutorial.py
[2022-01-19 00:38:18,137] {processor.py:654} INFO - DAG(s) dict_keys(['tutorial']) retrieved from /home/airflow/.local/lib/python3.6/site-packages/airflow/example_dags/tutorial.py
[2022-01-19 00:38:18,149] {logging_mixin.py:109} INFO - [2022-01-19 00:38:18,148] {dag.py:2396} INFO - Sync 1 DAGs
[2022-01-19 00:38:18,174] {logging_mixin.py:109} INFO - [2022-01-19 00:38:18,174] {dag.py:2935} INFO - Setting next_dagrun for tutorial to 2022-01-18T00:38:18.173588+00:00
[2022-01-19 00:38:18,191] {processor.py:171} INFO - Processing /home/airflow/.local/lib/python3.6/site-packages/airflow/example_dags/tutorial.py took 0.108 seconds
[2022-01-19 00:38:48,627] {processor.py:163} INFO - Started process (PID=394) to work on /home/airflow/.local/lib/python3.6/site-packages/airflow/example_dags/tutorial.py
[2022-01-19 00:38:48,630] {processor.py:642} INFO - Processing file /home/airflow/.local/lib/python3.6/site-packages/airflow/example_dags/tutorial.py for tasks to queue
[2022-01-19 00:38:48,632] {logging_mixin.py:109} INFO - [2022-01-19 00:38:48,632] {dagbag.py:500} INFO - Filling up the DagBag from /home/airflow/.local/lib/python3.6/site-packages/airflow/example_dags/tutorial.py
[2022-01-19 00:38:48,679] {processor.py:654} INFO - DAG(s) dict_keys(['tutorial']) retrieved from /home/airflow/.local/lib/python3.6/site-packages/airflow/example_dags/tutorial.py
[2022-01-19 00:38:48,699] {logging_mixin.py:109} INFO - [2022-01-19 00:38:48,699] {dag.py:2396} INFO - Sync 1 DAGs
[2022-01-19 00:38:48,719] {logging_mixin.py:109} INFO - [2022-01-19 00:38:48,719] {dag.py:2935} INFO - Setting next_dagrun for tutorial to 2022-01-18T00:38:48.718758+00:00
[2022-01-19 00:38:48,732] {processor.py:171} INFO - Processing /home/airflow/.local/lib/python3.6/site-packages/airflow/example_dags/tutorial.py took 0.111 seconds
[2022-01-19 00:39:18,820] {processor.py:163} INFO - Started process (PID=448) to work on /home/airflow/.local/lib/python3.6/site-packages/airflow/example_dags/tutorial.py
[2022-01-19 00:39:18,822] {processor.py:642} INFO - Processing file /home/airflow/.local/lib/python3.6/site-packages/airflow/example_dags/tutorial.py for tasks to queue
[2022-01-19 00:39:18,824] {logging_mixin.py:109} INFO - [2022-01-19 00:39:18,824] {dagbag.py:500} INFO - Filling up the DagBag from /home/airflow/.local/lib/python3.6/site-packages/airflow/example_dags/tutorial.py
[2022-01-19 00:39:18,865] {processor.py:654} INFO - DAG(s) dict_keys(['tutorial']) retrieved from /home/airflow/.local/lib/python3.6/site-packages/airflow/example_dags/tutorial.py
[2022-01-19 00:39:18,880] {logging_mixin.py:109} INFO - [2022-01-19 00:39:18,880] {dag.py:2396} INFO - Sync 1 DAGs
[2022-01-19 00:39:18,899] {logging_mixin.py:109} INFO - [2022-01-19 00:39:18,899] {dag.py:2935} INFO - Setting next_dagrun for tutorial to 2022-01-18T00:39:18.899450+00:00
[2022-01-19 00:39:18,914] {processor.py:171} INFO - Processing /home/airflow/.local/lib/python3.6/site-packages/airflow/example_dags/tutorial.py took 0.100 seconds
[2022-01-19 00:39:49,174] {processor.py:163} INFO - Started process (PID=514) to work on /home/airflow/.local/lib/python3.6/site-packages/airflow/example_dags/tutorial.py
[2022-01-19 00:39:49,177] {processor.py:642} INFO - Processing file /home/airflow/.local/lib/python3.6/site-packages/airflow/example_dags/tutorial.py for tasks to queue
[2022-01-19 00:39:49,179] {logging_mixin.py:109} INFO - [2022-01-19 00:39:49,179] {dagbag.py:500} INFO - Filling up the DagBag from /home/airflow/.local/lib/python3.6/site-packages/airflow/example_dags/tutorial.py
[2022-01-19 00:39:49,238] {processor.py:654} INFO - DAG(s) dict_keys(['tutorial']) retrieved from /home/airflow/.local/lib/python3.6/site-packages/airflow/example_dags/tutorial.py
[2022-01-19 00:39:49,263] {logging_mixin.py:109} INFO - [2022-01-19 00:39:49,262] {dag.py:2396} INFO - Sync 1 DAGs
[2022-01-19 00:39:49,298] {logging_mixin.py:109} INFO - [2022-01-19 00:39:49,298] {dag.py:2935} INFO - Setting next_dagrun for tutorial to 2022-01-18T00:39:49.297733+00:00
[2022-01-19 00:39:49,319] {processor.py:171} INFO - Processing /home/airflow/.local/lib/python3.6/site-packages/airflow/example_dags/tutorial.py took 0.152 seconds
[2022-01-19 00:40:19,995] {processor.py:163} INFO - Started process (PID=568) to work on /home/airflow/.local/lib/python3.6/site-packages/airflow/example_dags/tutorial.py
[2022-01-19 00:40:20,000] {processor.py:642} INFO - Processing file /home/airflow/.local/lib/python3.6/site-packages/airflow/example_dags/tutorial.py for tasks to queue
[2022-01-19 00:40:20,007] {logging_mixin.py:109} INFO - [2022-01-19 00:40:20,007] {dagbag.py:500} INFO - Filling up the DagBag from /home/airflow/.local/lib/python3.6/site-packages/airflow/example_dags/tutorial.py
[2022-01-19 00:40:20,090] {processor.py:654} INFO - DAG(s) dict_keys(['tutorial']) retrieved from /home/airflow/.local/lib/python3.6/site-packages/airflow/example_dags/tutorial.py
[2022-01-19 00:40:20,132] {logging_mixin.py:109} INFO - [2022-01-19 00:40:20,132] {dag.py:2396} INFO - Sync 1 DAGs
[2022-01-19 00:40:20,159] {logging_mixin.py:109} INFO - [2022-01-19 00:40:20,159] {dag.py:2935} INFO - Setting next_dagrun for tutorial to 2022-01-18T00:40:20.158717+00:00
[2022-01-19 00:40:20,178] {processor.py:171} INFO - Processing /home/airflow/.local/lib/python3.6/site-packages/airflow/example_dags/tutorial.py took 0.194 seconds
[2022-01-19 00:40:50,514] {processor.py:163} INFO - Started process (PID=622) to work on /home/airflow/.local/lib/python3.6/site-packages/airflow/example_dags/tutorial.py
[2022-01-19 00:40:50,517] {processor.py:642} INFO - Processing file /home/airflow/.local/lib/python3.6/site-packages/airflow/example_dags/tutorial.py for tasks to queue
[2022-01-19 00:40:50,520] {logging_mixin.py:109} INFO - [2022-01-19 00:40:50,520] {dagbag.py:500} INFO - Filling up the DagBag from /home/airflow/.local/lib/python3.6/site-packages/airflow/example_dags/tutorial.py
[2022-01-19 00:40:50,568] {processor.py:654} INFO - DAG(s) dict_keys(['tutorial']) retrieved from /home/airflow/.local/lib/python3.6/site-packages/airflow/example_dags/tutorial.py
[2022-01-19 00:40:50,584] {logging_mixin.py:109} INFO - [2022-01-19 00:40:50,584] {dag.py:2396} INFO - Sync 1 DAGs
[2022-01-19 00:40:50,606] {logging_mixin.py:109} INFO - [2022-01-19 00:40:50,606] {dag.py:2935} INFO - Setting next_dagrun for tutorial to 2022-01-18T00:40:50.606237+00:00
[2022-01-19 00:40:50,623] {processor.py:171} INFO - Processing /home/airflow/.local/lib/python3.6/site-packages/airflow/example_dags/tutorial.py took 0.116 seconds
[2022-01-19 00:41:20,801] {processor.py:163} INFO - Started process (PID=675) to work on /home/airflow/.local/lib/python3.6/site-packages/airflow/example_dags/tutorial.py
[2022-01-19 00:41:20,803] {processor.py:642} INFO - Processing file /home/airflow/.local/lib/python3.6/site-packages/airflow/example_dags/tutorial.py for tasks to queue
[2022-01-19 00:41:20,806] {logging_mixin.py:109} INFO - [2022-01-19 00:41:20,806] {dagbag.py:500} INFO - Filling up the DagBag from /home/airflow/.local/lib/python3.6/site-packages/airflow/example_dags/tutorial.py
[2022-01-19 00:41:20,855] {processor.py:654} INFO - DAG(s) dict_keys(['tutorial']) retrieved from /home/airflow/.local/lib/python3.6/site-packages/airflow/example_dags/tutorial.py
[2022-01-19 00:41:20,877] {logging_mixin.py:109} INFO - [2022-01-19 00:41:20,877] {dag.py:2396} INFO - Sync 1 DAGs
[2022-01-19 00:41:20,913] {logging_mixin.py:109} INFO - [2022-01-19 00:41:20,913] {dag.py:2935} INFO - Setting next_dagrun for tutorial to 2022-01-18T00:41:20.912927+00:00
[2022-01-19 00:41:20,932] {processor.py:171} INFO - Processing /home/airflow/.local/lib/python3.6/site-packages/airflow/example_dags/tutorial.py took 0.136 seconds
[2022-01-19 00:41:51,136] {processor.py:163} INFO - Started process (PID=729) to work on /home/airflow/.local/lib/python3.6/site-packages/airflow/example_dags/tutorial.py
[2022-01-19 00:41:51,142] {processor.py:642} INFO - Processing file /home/airflow/.local/lib/python3.6/site-packages/airflow/example_dags/tutorial.py for tasks to queue
[2022-01-19 00:41:51,147] {logging_mixin.py:109} INFO - [2022-01-19 00:41:51,146] {dagbag.py:500} INFO - Filling up the DagBag from /home/airflow/.local/lib/python3.6/site-packages/airflow/example_dags/tutorial.py
[2022-01-19 00:41:51,205] {processor.py:654} INFO - DAG(s) dict_keys(['tutorial']) retrieved from /home/airflow/.local/lib/python3.6/site-packages/airflow/example_dags/tutorial.py
[2022-01-19 00:41:51,231] {logging_mixin.py:109} INFO - [2022-01-19 00:41:51,230] {dag.py:2396} INFO - Sync 1 DAGs
[2022-01-19 00:41:51,259] {logging_mixin.py:109} INFO - [2022-01-19 00:41:51,259] {dag.py:2935} INFO - Setting next_dagrun for tutorial to 2022-01-18T00:41:51.258800+00:00
[2022-01-19 00:41:51,270] {processor.py:171} INFO - Processing /home/airflow/.local/lib/python3.6/site-packages/airflow/example_dags/tutorial.py took 0.147 seconds
[2022-01-19 00:42:21,385] {processor.py:163} INFO - Started process (PID=793) to work on /home/airflow/.local/lib/python3.6/site-packages/airflow/example_dags/tutorial.py
[2022-01-19 00:42:21,392] {processor.py:642} INFO - Processing file /home/airflow/.local/lib/python3.6/site-packages/airflow/example_dags/tutorial.py for tasks to queue
[2022-01-19 00:42:21,398] {logging_mixin.py:109} INFO - [2022-01-19 00:42:21,398] {dagbag.py:500} INFO - Filling up the DagBag from /home/airflow/.local/lib/python3.6/site-packages/airflow/example_dags/tutorial.py
[2022-01-19 00:42:21,491] {processor.py:654} INFO - DAG(s) dict_keys(['tutorial']) retrieved from /home/airflow/.local/lib/python3.6/site-packages/airflow/example_dags/tutorial.py
[2022-01-19 00:42:21,522] {logging_mixin.py:109} INFO - [2022-01-19 00:42:21,521] {dag.py:2396} INFO - Sync 1 DAGs
[2022-01-19 00:42:21,555] {logging_mixin.py:109} INFO - [2022-01-19 00:42:21,555] {dag.py:2935} INFO - Setting next_dagrun for tutorial to 2022-01-18T00:42:21.555410+00:00
[2022-01-19 00:42:21,568] {processor.py:171} INFO - Processing /home/airflow/.local/lib/python3.6/site-packages/airflow/example_dags/tutorial.py took 0.195 seconds
[2022-01-19 00:42:52,412] {processor.py:163} INFO - Started process (PID=846) to work on /home/airflow/.local/lib/python3.6/site-packages/airflow/example_dags/tutorial.py
[2022-01-19 00:42:52,415] {processor.py:642} INFO - Processing file /home/airflow/.local/lib/python3.6/site-packages/airflow/example_dags/tutorial.py for tasks to queue
[2022-01-19 00:42:52,417] {logging_mixin.py:109} INFO - [2022-01-19 00:42:52,416] {dagbag.py:500} INFO - Filling up the DagBag from /home/airflow/.local/lib/python3.6/site-packages/airflow/example_dags/tutorial.py
[2022-01-19 00:42:52,456] {processor.py:654} INFO - DAG(s) dict_keys(['tutorial']) retrieved from /home/airflow/.local/lib/python3.6/site-packages/airflow/example_dags/tutorial.py
[2022-01-19 00:42:52,472] {logging_mixin.py:109} INFO - [2022-01-19 00:42:52,472] {dag.py:2396} INFO - Sync 1 DAGs
[2022-01-19 00:42:52,497] {logging_mixin.py:109} INFO - [2022-01-19 00:42:52,497] {dag.py:2935} INFO - Setting next_dagrun for tutorial to 2022-01-18T00:42:52.496520+00:00
[2022-01-19 00:42:52,511] {processor.py:171} INFO - Processing /home/airflow/.local/lib/python3.6/site-packages/airflow/example_dags/tutorial.py took 0.103 seconds
[2022-01-19 00:43:22,993] {processor.py:163} INFO - Started process (PID=899) to work on /home/airflow/.local/lib/python3.6/site-packages/airflow/example_dags/tutorial.py
[2022-01-19 00:43:22,995] {processor.py:642} INFO - Processing file /home/airflow/.local/lib/python3.6/site-packages/airflow/example_dags/tutorial.py for tasks to queue
[2022-01-19 00:43:22,997] {logging_mixin.py:109} INFO - [2022-01-19 00:43:22,997] {dagbag.py:500} INFO - Filling up the DagBag from /home/airflow/.local/lib/python3.6/site-packages/airflow/example_dags/tutorial.py
[2022-01-19 00:43:23,031] {processor.py:654} INFO - DAG(s) dict_keys(['tutorial']) retrieved from /home/airflow/.local/lib/python3.6/site-packages/airflow/example_dags/tutorial.py
[2022-01-19 00:43:23,044] {logging_mixin.py:109} INFO - [2022-01-19 00:43:23,044] {dag.py:2396} INFO - Sync 1 DAGs
[2022-01-19 00:43:23,062] {logging_mixin.py:109} INFO - [2022-01-19 00:43:23,062] {dag.py:2935} INFO - Setting next_dagrun for tutorial to 2022-01-18T00:43:23.061981+00:00
[2022-01-19 00:43:23,075] {processor.py:171} INFO - Processing /home/airflow/.local/lib/python3.6/site-packages/airflow/example_dags/tutorial.py took 0.086 seconds
[2022-01-19 00:43:53,384] {processor.py:163} INFO - Started process (PID=952) to work on /home/airflow/.local/lib/python3.6/site-packages/airflow/example_dags/tutorial.py
[2022-01-19 00:43:53,386] {processor.py:642} INFO - Processing file /home/airflow/.local/lib/python3.6/site-packages/airflow/example_dags/tutorial.py for tasks to queue
[2022-01-19 00:43:53,388] {logging_mixin.py:109} INFO - [2022-01-19 00:43:53,387] {dagbag.py:500} INFO - Filling up the DagBag from /home/airflow/.local/lib/python3.6/site-packages/airflow/example_dags/tutorial.py
[2022-01-19 00:43:53,433] {processor.py:654} INFO - DAG(s) dict_keys(['tutorial']) retrieved from /home/airflow/.local/lib/python3.6/site-packages/airflow/example_dags/tutorial.py
[2022-01-19 00:43:53,446] {logging_mixin.py:109} INFO - [2022-01-19 00:43:53,446] {dag.py:2396} INFO - Sync 1 DAGs
[2022-01-19 00:43:53,465] {logging_mixin.py:109} INFO - [2022-01-19 00:43:53,465] {dag.py:2935} INFO - Setting next_dagrun for tutorial to 2022-01-18T00:43:53.465145+00:00
[2022-01-19 00:43:53,477] {processor.py:171} INFO - Processing /home/airflow/.local/lib/python3.6/site-packages/airflow/example_dags/tutorial.py took 0.099 seconds
[2022-01-19 00:44:23,986] {processor.py:163} INFO - Started process (PID=1019) to work on /home/airflow/.local/lib/python3.6/site-packages/airflow/example_dags/tutorial.py
[2022-01-19 00:44:23,989] {processor.py:642} INFO - Processing file /home/airflow/.local/lib/python3.6/site-packages/airflow/example_dags/tutorial.py for tasks to queue
[2022-01-19 00:44:23,990] {logging_mixin.py:109} INFO - [2022-01-19 00:44:23,990] {dagbag.py:500} INFO - Filling up the DagBag from /home/airflow/.local/lib/python3.6/site-packages/airflow/example_dags/tutorial.py
[2022-01-19 00:44:24,030] {processor.py:654} INFO - DAG(s) dict_keys(['tutorial']) retrieved from /home/airflow/.local/lib/python3.6/site-packages/airflow/example_dags/tutorial.py
[2022-01-19 00:44:24,049] {logging_mixin.py:109} INFO - [2022-01-19 00:44:24,048] {dag.py:2396} INFO - Sync 1 DAGs
[2022-01-19 00:44:24,076] {logging_mixin.py:109} INFO - [2022-01-19 00:44:24,076] {dag.py:2935} INFO - Setting next_dagrun for tutorial to 2022-01-18T00:44:24.076043+00:00
[2022-01-19 00:44:24,102] {processor.py:171} INFO - Processing /home/airflow/.local/lib/python3.6/site-packages/airflow/example_dags/tutorial.py took 0.123 seconds
[2022-01-19 00:44:54,262] {processor.py:163} INFO - Started process (PID=1073) to work on /home/airflow/.local/lib/python3.6/site-packages/airflow/example_dags/tutorial.py
[2022-01-19 00:44:54,264] {processor.py:642} INFO - Processing file /home/airflow/.local/lib/python3.6/site-packages/airflow/example_dags/tutorial.py for tasks to queue
[2022-01-19 00:44:54,266] {logging_mixin.py:109} INFO - [2022-01-19 00:44:54,266] {dagbag.py:500} INFO - Filling up the DagBag from /home/airflow/.local/lib/python3.6/site-packages/airflow/example_dags/tutorial.py
[2022-01-19 00:44:54,300] {processor.py:654} INFO - DAG(s) dict_keys(['tutorial']) retrieved from /home/airflow/.local/lib/python3.6/site-packages/airflow/example_dags/tutorial.py
[2022-01-19 00:44:54,314] {logging_mixin.py:109} INFO - [2022-01-19 00:44:54,314] {dag.py:2396} INFO - Sync 1 DAGs
[2022-01-19 00:44:54,332] {logging_mixin.py:109} INFO - [2022-01-19 00:44:54,332] {dag.py:2935} INFO - Setting next_dagrun for tutorial to 2022-01-18T00:44:54.332027+00:00
[2022-01-19 00:44:54,344] {processor.py:171} INFO - Processing /home/airflow/.local/lib/python3.6/site-packages/airflow/example_dags/tutorial.py took 0.089 seconds
[2022-01-19 00:45:24,486] {processor.py:163} INFO - Started process (PID=1126) to work on /home/airflow/.local/lib/python3.6/site-packages/airflow/example_dags/tutorial.py
[2022-01-19 00:45:24,488] {processor.py:642} INFO - Processing file /home/airflow/.local/lib/python3.6/site-packages/airflow/example_dags/tutorial.py for tasks to queue
[2022-01-19 00:45:24,490] {logging_mixin.py:109} INFO - [2022-01-19 00:45:24,490] {dagbag.py:500} INFO - Filling up the DagBag from /home/airflow/.local/lib/python3.6/site-packages/airflow/example_dags/tutorial.py
[2022-01-19 00:45:24,526] {processor.py:654} INFO - DAG(s) dict_keys(['tutorial']) retrieved from /home/airflow/.local/lib/python3.6/site-packages/airflow/example_dags/tutorial.py
[2022-01-19 00:45:24,540] {logging_mixin.py:109} INFO - [2022-01-19 00:45:24,540] {dag.py:2396} INFO - Sync 1 DAGs
[2022-01-19 00:45:24,560] {logging_mixin.py:109} INFO - [2022-01-19 00:45:24,559] {dag.py:2935} INFO - Setting next_dagrun for tutorial to 2022-01-18T00:45:24.559620+00:00
[2022-01-19 00:45:24,571] {processor.py:171} INFO - Processing /home/airflow/.local/lib/python3.6/site-packages/airflow/example_dags/tutorial.py took 0.090 seconds
[2022-01-19 00:45:54,760] {processor.py:163} INFO - Started process (PID=1188) to work on /home/airflow/.local/lib/python3.6/site-packages/airflow/example_dags/tutorial.py
[2022-01-19 00:45:54,764] {processor.py:642} INFO - Processing file /home/airflow/.local/lib/python3.6/site-packages/airflow/example_dags/tutorial.py for tasks to queue
[2022-01-19 00:45:54,767] {logging_mixin.py:109} INFO - [2022-01-19 00:45:54,766] {dagbag.py:500} INFO - Filling up the DagBag from /home/airflow/.local/lib/python3.6/site-packages/airflow/example_dags/tutorial.py
[2022-01-19 00:45:54,820] {processor.py:654} INFO - DAG(s) dict_keys(['tutorial']) retrieved from /home/airflow/.local/lib/python3.6/site-packages/airflow/example_dags/tutorial.py
[2022-01-19 00:45:54,841] {logging_mixin.py:109} INFO - [2022-01-19 00:45:54,840] {dag.py:2396} INFO - Sync 1 DAGs
[2022-01-19 00:45:54,866] {logging_mixin.py:109} INFO - [2022-01-19 00:45:54,866] {dag.py:2935} INFO - Setting next_dagrun for tutorial to 2022-01-18T00:45:54.865847+00:00
[2022-01-19 00:45:54,884] {processor.py:171} INFO - Processing /home/airflow/.local/lib/python3.6/site-packages/airflow/example_dags/tutorial.py took 0.133 seconds
[2022-01-19 00:46:25,100] {processor.py:163} INFO - Started process (PID=1246) to work on /home/airflow/.local/lib/python3.6/site-packages/airflow/example_dags/tutorial.py
[2022-01-19 00:46:25,105] {processor.py:642} INFO - Processing file /home/airflow/.local/lib/python3.6/site-packages/airflow/example_dags/tutorial.py for tasks to queue
[2022-01-19 00:46:25,110] {logging_mixin.py:109} INFO - [2022-01-19 00:46:25,110] {dagbag.py:500} INFO - Filling up the DagBag from /home/airflow/.local/lib/python3.6/site-packages/airflow/example_dags/tutorial.py
[2022-01-19 00:46:25,190] {processor.py:654} INFO - DAG(s) dict_keys(['tutorial']) retrieved from /home/airflow/.local/lib/python3.6/site-packages/airflow/example_dags/tutorial.py
[2022-01-19 00:46:25,217] {logging_mixin.py:109} INFO - [2022-01-19 00:46:25,217] {dag.py:2396} INFO - Sync 1 DAGs
[2022-01-19 00:46:25,256] {logging_mixin.py:109} INFO - [2022-01-19 00:46:25,256] {dag.py:2935} INFO - Setting next_dagrun for tutorial to 2022-01-18T00:46:25.255813+00:00
[2022-01-19 00:46:25,281] {processor.py:171} INFO - Processing /home/airflow/.local/lib/python3.6/site-packages/airflow/example_dags/tutorial.py took 0.188 seconds
[2022-01-19 00:46:55,394] {processor.py:163} INFO - Started process (PID=1300) to work on /home/airflow/.local/lib/python3.6/site-packages/airflow/example_dags/tutorial.py
[2022-01-19 00:46:55,408] {processor.py:642} INFO - Processing file /home/airflow/.local/lib/python3.6/site-packages/airflow/example_dags/tutorial.py for tasks to queue
[2022-01-19 00:46:55,412] {logging_mixin.py:109} INFO - [2022-01-19 00:46:55,411] {dagbag.py:500} INFO - Filling up the DagBag from /home/airflow/.local/lib/python3.6/site-packages/airflow/example_dags/tutorial.py
[2022-01-19 00:46:55,493] {processor.py:654} INFO - DAG(s) dict_keys(['tutorial']) retrieved from /home/airflow/.local/lib/python3.6/site-packages/airflow/example_dags/tutorial.py
[2022-01-19 00:46:55,531] {logging_mixin.py:109} INFO - [2022-01-19 00:46:55,531] {dag.py:2396} INFO - Sync 1 DAGs
[2022-01-19 00:46:55,687] {logging_mixin.py:109} INFO - [2022-01-19 00:46:55,686] {dag.py:2935} INFO - Setting next_dagrun for tutorial to 2022-01-18T00:46:55.679659+00:00
[2022-01-19 00:46:55,737] {processor.py:171} INFO - Processing /home/airflow/.local/lib/python3.6/site-packages/airflow/example_dags/tutorial.py took 0.348 seconds
[2022-01-19 00:47:26,098] {processor.py:163} INFO - Started process (PID=1354) to work on /home/airflow/.local/lib/python3.6/site-packages/airflow/example_dags/tutorial.py
[2022-01-19 00:47:26,100] {processor.py:642} INFO - Processing file /home/airflow/.local/lib/python3.6/site-packages/airflow/example_dags/tutorial.py for tasks to queue
[2022-01-19 00:47:26,101] {logging_mixin.py:109} INFO - [2022-01-19 00:47:26,101] {dagbag.py:500} INFO - Filling up the DagBag from /home/airflow/.local/lib/python3.6/site-packages/airflow/example_dags/tutorial.py
[2022-01-19 00:47:26,146] {processor.py:654} INFO - DAG(s) dict_keys(['tutorial']) retrieved from /home/airflow/.local/lib/python3.6/site-packages/airflow/example_dags/tutorial.py
[2022-01-19 00:47:26,160] {logging_mixin.py:109} INFO - [2022-01-19 00:47:26,160] {dag.py:2396} INFO - Sync 1 DAGs
[2022-01-19 00:47:26,178] {logging_mixin.py:109} INFO - [2022-01-19 00:47:26,178] {dag.py:2935} INFO - Setting next_dagrun for tutorial to 2022-01-18T00:47:26.178137+00:00
[2022-01-19 00:47:26,192] {processor.py:171} INFO - Processing /home/airflow/.local/lib/python3.6/site-packages/airflow/example_dags/tutorial.py took 0.100 seconds
[2022-01-19 00:47:56,477] {processor.py:163} INFO - Started process (PID=1406) to work on /home/airflow/.local/lib/python3.6/site-packages/airflow/example_dags/tutorial.py
[2022-01-19 00:47:56,480] {processor.py:642} INFO - Processing file /home/airflow/.local/lib/python3.6/site-packages/airflow/example_dags/tutorial.py for tasks to queue
[2022-01-19 00:47:56,482] {logging_mixin.py:109} INFO - [2022-01-19 00:47:56,481] {dagbag.py:500} INFO - Filling up the DagBag from /home/airflow/.local/lib/python3.6/site-packages/airflow/example_dags/tutorial.py
[2022-01-19 00:47:56,547] {processor.py:654} INFO - DAG(s) dict_keys(['tutorial']) retrieved from /home/airflow/.local/lib/python3.6/site-packages/airflow/example_dags/tutorial.py
[2022-01-19 00:47:56,573] {logging_mixin.py:109} INFO - [2022-01-19 00:47:56,573] {dag.py:2396} INFO - Sync 1 DAGs
[2022-01-19 00:47:56,609] {logging_mixin.py:109} INFO - [2022-01-19 00:47:56,609] {dag.py:2935} INFO - Setting next_dagrun for tutorial to 2022-01-18T00:47:56.608999+00:00
[2022-01-19 00:47:56,635] {processor.py:171} INFO - Processing /home/airflow/.local/lib/python3.6/site-packages/airflow/example_dags/tutorial.py took 0.163 seconds
[2022-01-19 00:48:26,706] {processor.py:163} INFO - Started process (PID=1461) to work on /home/airflow/.local/lib/python3.6/site-packages/airflow/example_dags/tutorial.py
[2022-01-19 00:48:26,711] {processor.py:642} INFO - Processing file /home/airflow/.local/lib/python3.6/site-packages/airflow/example_dags/tutorial.py for tasks to queue
[2022-01-19 00:48:26,714] {logging_mixin.py:109} INFO - [2022-01-19 00:48:26,714] {dagbag.py:500} INFO - Filling up the DagBag from /home/airflow/.local/lib/python3.6/site-packages/airflow/example_dags/tutorial.py
[2022-01-19 00:48:26,797] {processor.py:654} INFO - DAG(s) dict_keys(['tutorial']) retrieved from /home/airflow/.local/lib/python3.6/site-packages/airflow/example_dags/tutorial.py
[2022-01-19 00:48:26,830] {logging_mixin.py:109} INFO - [2022-01-19 00:48:26,829] {dag.py:2396} INFO - Sync 1 DAGs
[2022-01-19 00:48:26,877] {logging_mixin.py:109} INFO - [2022-01-19 00:48:26,876] {dag.py:2935} INFO - Setting next_dagrun for tutorial to 2022-01-18T00:48:26.875855+00:00
[2022-01-19 00:48:26,905] {processor.py:171} INFO - Processing /home/airflow/.local/lib/python3.6/site-packages/airflow/example_dags/tutorial.py took 0.211 seconds
