[2022-01-19 00:37:05,935] {processor.py:163} INFO - Started process (PID=150) to work on /home/airflow/.local/lib/python3.6/site-packages/airflow/example_dags/tutorial_taskflow_api_etl_virtualenv.py
[2022-01-19 00:37:05,942] {processor.py:642} INFO - Processing file /home/airflow/.local/lib/python3.6/site-packages/airflow/example_dags/tutorial_taskflow_api_etl_virtualenv.py for tasks to queue
[2022-01-19 00:37:05,945] {logging_mixin.py:109} INFO - [2022-01-19 00:37:05,945] {dagbag.py:500} INFO - Filling up the DagBag from /home/airflow/.local/lib/python3.6/site-packages/airflow/example_dags/tutorial_taskflow_api_etl_virtualenv.py
[2022-01-19 00:37:05,998] {processor.py:654} INFO - DAG(s) dict_keys(['tutorial_taskflow_api_etl_virtualenv']) retrieved from /home/airflow/.local/lib/python3.6/site-packages/airflow/example_dags/tutorial_taskflow_api_etl_virtualenv.py
[2022-01-19 00:37:08,470] {logging_mixin.py:109} INFO - [2022-01-19 00:37:08,470] {manager.py:496} INFO - Created Permission View: can read on DAG:tutorial_taskflow_api_etl_virtualenv
[2022-01-19 00:37:08,484] {logging_mixin.py:109} INFO - [2022-01-19 00:37:08,484] {manager.py:496} INFO - Created Permission View: can edit on DAG:tutorial_taskflow_api_etl_virtualenv
[2022-01-19 00:37:08,489] {logging_mixin.py:109} INFO - [2022-01-19 00:37:08,487] {dag.py:2396} INFO - Sync 1 DAGs
[2022-01-19 00:37:08,503] {logging_mixin.py:109} INFO - [2022-01-19 00:37:08,501] {dag.py:2415} INFO - Creating ORM DAG for tutorial_taskflow_api_etl_virtualenv
[2022-01-19 00:37:08,513] {logging_mixin.py:109} INFO - [2022-01-19 00:37:08,513] {dag.py:2935} INFO - Setting next_dagrun for tutorial_taskflow_api_etl_virtualenv to None
[2022-01-19 00:37:08,531] {processor.py:171} INFO - Processing /home/airflow/.local/lib/python3.6/site-packages/airflow/example_dags/tutorial_taskflow_api_etl_virtualenv.py took 2.602 seconds
[2022-01-19 00:37:39,005] {processor.py:163} INFO - Started process (PID=269) to work on /home/airflow/.local/lib/python3.6/site-packages/airflow/example_dags/tutorial_taskflow_api_etl_virtualenv.py
[2022-01-19 00:37:39,008] {processor.py:642} INFO - Processing file /home/airflow/.local/lib/python3.6/site-packages/airflow/example_dags/tutorial_taskflow_api_etl_virtualenv.py for tasks to queue
[2022-01-19 00:37:39,009] {logging_mixin.py:109} INFO - [2022-01-19 00:37:39,009] {dagbag.py:500} INFO - Filling up the DagBag from /home/airflow/.local/lib/python3.6/site-packages/airflow/example_dags/tutorial_taskflow_api_etl_virtualenv.py
[2022-01-19 00:37:39,060] {processor.py:654} INFO - DAG(s) dict_keys(['tutorial_taskflow_api_etl_virtualenv']) retrieved from /home/airflow/.local/lib/python3.6/site-packages/airflow/example_dags/tutorial_taskflow_api_etl_virtualenv.py
[2022-01-19 00:37:39,306] {logging_mixin.py:109} INFO - [2022-01-19 00:37:39,306] {dag.py:2396} INFO - Sync 1 DAGs
[2022-01-19 00:37:39,339] {logging_mixin.py:109} INFO - [2022-01-19 00:37:39,339] {dag.py:2935} INFO - Setting next_dagrun for tutorial_taskflow_api_etl_virtualenv to None
[2022-01-19 00:37:39,354] {processor.py:171} INFO - Processing /home/airflow/.local/lib/python3.6/site-packages/airflow/example_dags/tutorial_taskflow_api_etl_virtualenv.py took 0.356 seconds
[2022-01-19 00:38:09,734] {processor.py:163} INFO - Started process (PID=323) to work on /home/airflow/.local/lib/python3.6/site-packages/airflow/example_dags/tutorial_taskflow_api_etl_virtualenv.py
[2022-01-19 00:38:09,737] {processor.py:642} INFO - Processing file /home/airflow/.local/lib/python3.6/site-packages/airflow/example_dags/tutorial_taskflow_api_etl_virtualenv.py for tasks to queue
[2022-01-19 00:38:09,739] {logging_mixin.py:109} INFO - [2022-01-19 00:38:09,739] {dagbag.py:500} INFO - Filling up the DagBag from /home/airflow/.local/lib/python3.6/site-packages/airflow/example_dags/tutorial_taskflow_api_etl_virtualenv.py
[2022-01-19 00:38:09,778] {processor.py:654} INFO - DAG(s) dict_keys(['tutorial_taskflow_api_etl_virtualenv']) retrieved from /home/airflow/.local/lib/python3.6/site-packages/airflow/example_dags/tutorial_taskflow_api_etl_virtualenv.py
[2022-01-19 00:38:09,971] {logging_mixin.py:109} INFO - [2022-01-19 00:38:09,971] {dag.py:2396} INFO - Sync 1 DAGs
[2022-01-19 00:38:09,988] {logging_mixin.py:109} INFO - [2022-01-19 00:38:09,988] {dag.py:2935} INFO - Setting next_dagrun for tutorial_taskflow_api_etl_virtualenv to None
[2022-01-19 00:38:10,015] {processor.py:171} INFO - Processing /home/airflow/.local/lib/python3.6/site-packages/airflow/example_dags/tutorial_taskflow_api_etl_virtualenv.py took 0.284 seconds
[2022-01-19 00:38:40,232] {processor.py:163} INFO - Started process (PID=377) to work on /home/airflow/.local/lib/python3.6/site-packages/airflow/example_dags/tutorial_taskflow_api_etl_virtualenv.py
[2022-01-19 00:38:40,234] {processor.py:642} INFO - Processing file /home/airflow/.local/lib/python3.6/site-packages/airflow/example_dags/tutorial_taskflow_api_etl_virtualenv.py for tasks to queue
[2022-01-19 00:38:40,236] {logging_mixin.py:109} INFO - [2022-01-19 00:38:40,236] {dagbag.py:500} INFO - Filling up the DagBag from /home/airflow/.local/lib/python3.6/site-packages/airflow/example_dags/tutorial_taskflow_api_etl_virtualenv.py
[2022-01-19 00:38:40,273] {processor.py:654} INFO - DAG(s) dict_keys(['tutorial_taskflow_api_etl_virtualenv']) retrieved from /home/airflow/.local/lib/python3.6/site-packages/airflow/example_dags/tutorial_taskflow_api_etl_virtualenv.py
[2022-01-19 00:38:40,493] {logging_mixin.py:109} INFO - [2022-01-19 00:38:40,493] {dag.py:2396} INFO - Sync 1 DAGs
[2022-01-19 00:38:40,513] {logging_mixin.py:109} INFO - [2022-01-19 00:38:40,513] {dag.py:2935} INFO - Setting next_dagrun for tutorial_taskflow_api_etl_virtualenv to None
[2022-01-19 00:38:40,538] {processor.py:171} INFO - Processing /home/airflow/.local/lib/python3.6/site-packages/airflow/example_dags/tutorial_taskflow_api_etl_virtualenv.py took 0.311 seconds
[2022-01-19 00:39:11,438] {processor.py:163} INFO - Started process (PID=443) to work on /home/airflow/.local/lib/python3.6/site-packages/airflow/example_dags/tutorial_taskflow_api_etl_virtualenv.py
[2022-01-19 00:39:11,439] {processor.py:642} INFO - Processing file /home/airflow/.local/lib/python3.6/site-packages/airflow/example_dags/tutorial_taskflow_api_etl_virtualenv.py for tasks to queue
[2022-01-19 00:39:11,441] {logging_mixin.py:109} INFO - [2022-01-19 00:39:11,441] {dagbag.py:500} INFO - Filling up the DagBag from /home/airflow/.local/lib/python3.6/site-packages/airflow/example_dags/tutorial_taskflow_api_etl_virtualenv.py
[2022-01-19 00:39:11,480] {processor.py:654} INFO - DAG(s) dict_keys(['tutorial_taskflow_api_etl_virtualenv']) retrieved from /home/airflow/.local/lib/python3.6/site-packages/airflow/example_dags/tutorial_taskflow_api_etl_virtualenv.py
[2022-01-19 00:39:11,685] {logging_mixin.py:109} INFO - [2022-01-19 00:39:11,685] {dag.py:2396} INFO - Sync 1 DAGs
[2022-01-19 00:39:11,701] {logging_mixin.py:109} INFO - [2022-01-19 00:39:11,701] {dag.py:2935} INFO - Setting next_dagrun for tutorial_taskflow_api_etl_virtualenv to None
[2022-01-19 00:39:11,718] {processor.py:171} INFO - Processing /home/airflow/.local/lib/python3.6/site-packages/airflow/example_dags/tutorial_taskflow_api_etl_virtualenv.py took 0.284 seconds
[2022-01-19 00:39:41,795] {processor.py:163} INFO - Started process (PID=497) to work on /home/airflow/.local/lib/python3.6/site-packages/airflow/example_dags/tutorial_taskflow_api_etl_virtualenv.py
[2022-01-19 00:39:41,797] {processor.py:642} INFO - Processing file /home/airflow/.local/lib/python3.6/site-packages/airflow/example_dags/tutorial_taskflow_api_etl_virtualenv.py for tasks to queue
[2022-01-19 00:39:41,799] {logging_mixin.py:109} INFO - [2022-01-19 00:39:41,798] {dagbag.py:500} INFO - Filling up the DagBag from /home/airflow/.local/lib/python3.6/site-packages/airflow/example_dags/tutorial_taskflow_api_etl_virtualenv.py
[2022-01-19 00:39:41,833] {processor.py:654} INFO - DAG(s) dict_keys(['tutorial_taskflow_api_etl_virtualenv']) retrieved from /home/airflow/.local/lib/python3.6/site-packages/airflow/example_dags/tutorial_taskflow_api_etl_virtualenv.py
[2022-01-19 00:39:42,101] {logging_mixin.py:109} INFO - [2022-01-19 00:39:42,101] {dag.py:2396} INFO - Sync 1 DAGs
[2022-01-19 00:39:42,133] {logging_mixin.py:109} INFO - [2022-01-19 00:39:42,133] {dag.py:2935} INFO - Setting next_dagrun for tutorial_taskflow_api_etl_virtualenv to None
[2022-01-19 00:39:42,147] {processor.py:171} INFO - Processing /home/airflow/.local/lib/python3.6/site-packages/airflow/example_dags/tutorial_taskflow_api_etl_virtualenv.py took 0.356 seconds
[2022-01-19 00:40:12,513] {processor.py:163} INFO - Started process (PID=552) to work on /home/airflow/.local/lib/python3.6/site-packages/airflow/example_dags/tutorial_taskflow_api_etl_virtualenv.py
[2022-01-19 00:40:12,520] {processor.py:642} INFO - Processing file /home/airflow/.local/lib/python3.6/site-packages/airflow/example_dags/tutorial_taskflow_api_etl_virtualenv.py for tasks to queue
[2022-01-19 00:40:12,525] {logging_mixin.py:109} INFO - [2022-01-19 00:40:12,524] {dagbag.py:500} INFO - Filling up the DagBag from /home/airflow/.local/lib/python3.6/site-packages/airflow/example_dags/tutorial_taskflow_api_etl_virtualenv.py
[2022-01-19 00:40:12,627] {processor.py:654} INFO - DAG(s) dict_keys(['tutorial_taskflow_api_etl_virtualenv']) retrieved from /home/airflow/.local/lib/python3.6/site-packages/airflow/example_dags/tutorial_taskflow_api_etl_virtualenv.py
[2022-01-19 00:40:13,186] {logging_mixin.py:109} INFO - [2022-01-19 00:40:13,185] {dag.py:2396} INFO - Sync 1 DAGs
[2022-01-19 00:40:13,263] {logging_mixin.py:109} INFO - [2022-01-19 00:40:13,262] {dag.py:2935} INFO - Setting next_dagrun for tutorial_taskflow_api_etl_virtualenv to None
[2022-01-19 00:40:13,295] {processor.py:171} INFO - Processing /home/airflow/.local/lib/python3.6/site-packages/airflow/example_dags/tutorial_taskflow_api_etl_virtualenv.py took 0.791 seconds
[2022-01-19 00:40:44,098] {processor.py:163} INFO - Started process (PID=617) to work on /home/airflow/.local/lib/python3.6/site-packages/airflow/example_dags/tutorial_taskflow_api_etl_virtualenv.py
[2022-01-19 00:40:44,104] {processor.py:642} INFO - Processing file /home/airflow/.local/lib/python3.6/site-packages/airflow/example_dags/tutorial_taskflow_api_etl_virtualenv.py for tasks to queue
[2022-01-19 00:40:44,108] {logging_mixin.py:109} INFO - [2022-01-19 00:40:44,108] {dagbag.py:500} INFO - Filling up the DagBag from /home/airflow/.local/lib/python3.6/site-packages/airflow/example_dags/tutorial_taskflow_api_etl_virtualenv.py
[2022-01-19 00:40:44,215] {processor.py:654} INFO - DAG(s) dict_keys(['tutorial_taskflow_api_etl_virtualenv']) retrieved from /home/airflow/.local/lib/python3.6/site-packages/airflow/example_dags/tutorial_taskflow_api_etl_virtualenv.py
[2022-01-19 00:40:44,795] {logging_mixin.py:109} INFO - [2022-01-19 00:40:44,794] {dag.py:2396} INFO - Sync 1 DAGs
[2022-01-19 00:40:44,857] {logging_mixin.py:109} INFO - [2022-01-19 00:40:44,856] {dag.py:2935} INFO - Setting next_dagrun for tutorial_taskflow_api_etl_virtualenv to None
[2022-01-19 00:40:44,893] {processor.py:171} INFO - Processing /home/airflow/.local/lib/python3.6/site-packages/airflow/example_dags/tutorial_taskflow_api_etl_virtualenv.py took 0.803 seconds
[2022-01-19 00:41:15,098] {processor.py:163} INFO - Started process (PID=670) to work on /home/airflow/.local/lib/python3.6/site-packages/airflow/example_dags/tutorial_taskflow_api_etl_virtualenv.py
[2022-01-19 00:41:15,100] {processor.py:642} INFO - Processing file /home/airflow/.local/lib/python3.6/site-packages/airflow/example_dags/tutorial_taskflow_api_etl_virtualenv.py for tasks to queue
[2022-01-19 00:41:15,102] {logging_mixin.py:109} INFO - [2022-01-19 00:41:15,102] {dagbag.py:500} INFO - Filling up the DagBag from /home/airflow/.local/lib/python3.6/site-packages/airflow/example_dags/tutorial_taskflow_api_etl_virtualenv.py
[2022-01-19 00:41:15,141] {processor.py:654} INFO - DAG(s) dict_keys(['tutorial_taskflow_api_etl_virtualenv']) retrieved from /home/airflow/.local/lib/python3.6/site-packages/airflow/example_dags/tutorial_taskflow_api_etl_virtualenv.py
[2022-01-19 00:41:15,395] {logging_mixin.py:109} INFO - [2022-01-19 00:41:15,395] {dag.py:2396} INFO - Sync 1 DAGs
[2022-01-19 00:41:15,426] {logging_mixin.py:109} INFO - [2022-01-19 00:41:15,426] {dag.py:2935} INFO - Setting next_dagrun for tutorial_taskflow_api_etl_virtualenv to None
[2022-01-19 00:41:15,444] {processor.py:171} INFO - Processing /home/airflow/.local/lib/python3.6/site-packages/airflow/example_dags/tutorial_taskflow_api_etl_virtualenv.py took 0.350 seconds
[2022-01-19 00:41:45,644] {processor.py:163} INFO - Started process (PID=724) to work on /home/airflow/.local/lib/python3.6/site-packages/airflow/example_dags/tutorial_taskflow_api_etl_virtualenv.py
[2022-01-19 00:41:45,647] {processor.py:642} INFO - Processing file /home/airflow/.local/lib/python3.6/site-packages/airflow/example_dags/tutorial_taskflow_api_etl_virtualenv.py for tasks to queue
[2022-01-19 00:41:45,649] {logging_mixin.py:109} INFO - [2022-01-19 00:41:45,648] {dagbag.py:500} INFO - Filling up the DagBag from /home/airflow/.local/lib/python3.6/site-packages/airflow/example_dags/tutorial_taskflow_api_etl_virtualenv.py
[2022-01-19 00:41:45,695] {processor.py:654} INFO - DAG(s) dict_keys(['tutorial_taskflow_api_etl_virtualenv']) retrieved from /home/airflow/.local/lib/python3.6/site-packages/airflow/example_dags/tutorial_taskflow_api_etl_virtualenv.py
[2022-01-19 00:41:45,961] {logging_mixin.py:109} INFO - [2022-01-19 00:41:45,961] {dag.py:2396} INFO - Sync 1 DAGs
[2022-01-19 00:41:45,984] {logging_mixin.py:109} INFO - [2022-01-19 00:41:45,984] {dag.py:2935} INFO - Setting next_dagrun for tutorial_taskflow_api_etl_virtualenv to None
[2022-01-19 00:41:45,998] {processor.py:171} INFO - Processing /home/airflow/.local/lib/python3.6/site-packages/airflow/example_dags/tutorial_taskflow_api_etl_virtualenv.py took 0.362 seconds
[2022-01-19 00:42:16,942] {processor.py:163} INFO - Started process (PID=779) to work on /home/airflow/.local/lib/python3.6/site-packages/airflow/example_dags/tutorial_taskflow_api_etl_virtualenv.py
[2022-01-19 00:42:16,946] {processor.py:642} INFO - Processing file /home/airflow/.local/lib/python3.6/site-packages/airflow/example_dags/tutorial_taskflow_api_etl_virtualenv.py for tasks to queue
[2022-01-19 00:42:16,947] {logging_mixin.py:109} INFO - [2022-01-19 00:42:16,947] {dagbag.py:500} INFO - Filling up the DagBag from /home/airflow/.local/lib/python3.6/site-packages/airflow/example_dags/tutorial_taskflow_api_etl_virtualenv.py
[2022-01-19 00:42:16,992] {processor.py:654} INFO - DAG(s) dict_keys(['tutorial_taskflow_api_etl_virtualenv']) retrieved from /home/airflow/.local/lib/python3.6/site-packages/airflow/example_dags/tutorial_taskflow_api_etl_virtualenv.py
[2022-01-19 00:42:17,227] {logging_mixin.py:109} INFO - [2022-01-19 00:42:17,227] {dag.py:2396} INFO - Sync 1 DAGs
[2022-01-19 00:42:17,248] {logging_mixin.py:109} INFO - [2022-01-19 00:42:17,248] {dag.py:2935} INFO - Setting next_dagrun for tutorial_taskflow_api_etl_virtualenv to None
[2022-01-19 00:42:17,262] {processor.py:171} INFO - Processing /home/airflow/.local/lib/python3.6/site-packages/airflow/example_dags/tutorial_taskflow_api_etl_virtualenv.py took 0.326 seconds
[2022-01-19 00:42:47,369] {processor.py:163} INFO - Started process (PID=843) to work on /home/airflow/.local/lib/python3.6/site-packages/airflow/example_dags/tutorial_taskflow_api_etl_virtualenv.py
[2022-01-19 00:42:47,379] {processor.py:642} INFO - Processing file /home/airflow/.local/lib/python3.6/site-packages/airflow/example_dags/tutorial_taskflow_api_etl_virtualenv.py for tasks to queue
[2022-01-19 00:42:47,399] {logging_mixin.py:109} INFO - [2022-01-19 00:42:47,398] {dagbag.py:500} INFO - Filling up the DagBag from /home/airflow/.local/lib/python3.6/site-packages/airflow/example_dags/tutorial_taskflow_api_etl_virtualenv.py
[2022-01-19 00:42:47,465] {processor.py:654} INFO - DAG(s) dict_keys(['tutorial_taskflow_api_etl_virtualenv']) retrieved from /home/airflow/.local/lib/python3.6/site-packages/airflow/example_dags/tutorial_taskflow_api_etl_virtualenv.py
[2022-01-19 00:42:48,001] {logging_mixin.py:109} INFO - [2022-01-19 00:42:48,001] {dag.py:2396} INFO - Sync 1 DAGs
[2022-01-19 00:42:48,100] {logging_mixin.py:109} INFO - [2022-01-19 00:42:48,100] {dag.py:2935} INFO - Setting next_dagrun for tutorial_taskflow_api_etl_virtualenv to None
[2022-01-19 00:42:48,153] {processor.py:171} INFO - Processing /home/airflow/.local/lib/python3.6/site-packages/airflow/example_dags/tutorial_taskflow_api_etl_virtualenv.py took 0.791 seconds
[2022-01-19 00:43:18,695] {processor.py:163} INFO - Started process (PID=896) to work on /home/airflow/.local/lib/python3.6/site-packages/airflow/example_dags/tutorial_taskflow_api_etl_virtualenv.py
[2022-01-19 00:43:18,697] {processor.py:642} INFO - Processing file /home/airflow/.local/lib/python3.6/site-packages/airflow/example_dags/tutorial_taskflow_api_etl_virtualenv.py for tasks to queue
[2022-01-19 00:43:18,699] {logging_mixin.py:109} INFO - [2022-01-19 00:43:18,699] {dagbag.py:500} INFO - Filling up the DagBag from /home/airflow/.local/lib/python3.6/site-packages/airflow/example_dags/tutorial_taskflow_api_etl_virtualenv.py
[2022-01-19 00:43:18,748] {processor.py:654} INFO - DAG(s) dict_keys(['tutorial_taskflow_api_etl_virtualenv']) retrieved from /home/airflow/.local/lib/python3.6/site-packages/airflow/example_dags/tutorial_taskflow_api_etl_virtualenv.py
[2022-01-19 00:43:19,009] {logging_mixin.py:109} INFO - [2022-01-19 00:43:19,009] {dag.py:2396} INFO - Sync 1 DAGs
[2022-01-19 00:43:19,039] {logging_mixin.py:109} INFO - [2022-01-19 00:43:19,039] {dag.py:2935} INFO - Setting next_dagrun for tutorial_taskflow_api_etl_virtualenv to None
[2022-01-19 00:43:19,053] {processor.py:171} INFO - Processing /home/airflow/.local/lib/python3.6/site-packages/airflow/example_dags/tutorial_taskflow_api_etl_virtualenv.py took 0.361 seconds
[2022-01-19 00:43:49,306] {processor.py:163} INFO - Started process (PID=949) to work on /home/airflow/.local/lib/python3.6/site-packages/airflow/example_dags/tutorial_taskflow_api_etl_virtualenv.py
[2022-01-19 00:43:49,308] {processor.py:642} INFO - Processing file /home/airflow/.local/lib/python3.6/site-packages/airflow/example_dags/tutorial_taskflow_api_etl_virtualenv.py for tasks to queue
[2022-01-19 00:43:49,309] {logging_mixin.py:109} INFO - [2022-01-19 00:43:49,309] {dagbag.py:500} INFO - Filling up the DagBag from /home/airflow/.local/lib/python3.6/site-packages/airflow/example_dags/tutorial_taskflow_api_etl_virtualenv.py
[2022-01-19 00:43:49,346] {processor.py:654} INFO - DAG(s) dict_keys(['tutorial_taskflow_api_etl_virtualenv']) retrieved from /home/airflow/.local/lib/python3.6/site-packages/airflow/example_dags/tutorial_taskflow_api_etl_virtualenv.py
[2022-01-19 00:43:49,575] {logging_mixin.py:109} INFO - [2022-01-19 00:43:49,575] {dag.py:2396} INFO - Sync 1 DAGs
[2022-01-19 00:43:49,598] {logging_mixin.py:109} INFO - [2022-01-19 00:43:49,598] {dag.py:2935} INFO - Setting next_dagrun for tutorial_taskflow_api_etl_virtualenv to None
[2022-01-19 00:43:49,612] {processor.py:171} INFO - Processing /home/airflow/.local/lib/python3.6/site-packages/airflow/example_dags/tutorial_taskflow_api_etl_virtualenv.py took 0.311 seconds
[2022-01-19 00:44:19,768] {processor.py:163} INFO - Started process (PID=1004) to work on /home/airflow/.local/lib/python3.6/site-packages/airflow/example_dags/tutorial_taskflow_api_etl_virtualenv.py
[2022-01-19 00:44:19,772] {processor.py:642} INFO - Processing file /home/airflow/.local/lib/python3.6/site-packages/airflow/example_dags/tutorial_taskflow_api_etl_virtualenv.py for tasks to queue
[2022-01-19 00:44:19,775] {logging_mixin.py:109} INFO - [2022-01-19 00:44:19,775] {dagbag.py:500} INFO - Filling up the DagBag from /home/airflow/.local/lib/python3.6/site-packages/airflow/example_dags/tutorial_taskflow_api_etl_virtualenv.py
[2022-01-19 00:44:19,819] {processor.py:654} INFO - DAG(s) dict_keys(['tutorial_taskflow_api_etl_virtualenv']) retrieved from /home/airflow/.local/lib/python3.6/site-packages/airflow/example_dags/tutorial_taskflow_api_etl_virtualenv.py
[2022-01-19 00:44:20,097] {logging_mixin.py:109} INFO - [2022-01-19 00:44:20,096] {dag.py:2396} INFO - Sync 1 DAGs
[2022-01-19 00:44:20,135] {logging_mixin.py:109} INFO - [2022-01-19 00:44:20,135] {dag.py:2935} INFO - Setting next_dagrun for tutorial_taskflow_api_etl_virtualenv to None
[2022-01-19 00:44:20,170] {processor.py:171} INFO - Processing /home/airflow/.local/lib/python3.6/site-packages/airflow/example_dags/tutorial_taskflow_api_etl_virtualenv.py took 0.407 seconds
[2022-01-19 00:44:51,007] {processor.py:163} INFO - Started process (PID=1070) to work on /home/airflow/.local/lib/python3.6/site-packages/airflow/example_dags/tutorial_taskflow_api_etl_virtualenv.py
[2022-01-19 00:44:51,010] {processor.py:642} INFO - Processing file /home/airflow/.local/lib/python3.6/site-packages/airflow/example_dags/tutorial_taskflow_api_etl_virtualenv.py for tasks to queue
[2022-01-19 00:44:51,012] {logging_mixin.py:109} INFO - [2022-01-19 00:44:51,011] {dagbag.py:500} INFO - Filling up the DagBag from /home/airflow/.local/lib/python3.6/site-packages/airflow/example_dags/tutorial_taskflow_api_etl_virtualenv.py
[2022-01-19 00:44:51,063] {processor.py:654} INFO - DAG(s) dict_keys(['tutorial_taskflow_api_etl_virtualenv']) retrieved from /home/airflow/.local/lib/python3.6/site-packages/airflow/example_dags/tutorial_taskflow_api_etl_virtualenv.py
[2022-01-19 00:44:51,375] {logging_mixin.py:109} INFO - [2022-01-19 00:44:51,375] {dag.py:2396} INFO - Sync 1 DAGs
[2022-01-19 00:44:51,392] {logging_mixin.py:109} INFO - [2022-01-19 00:44:51,392] {dag.py:2935} INFO - Setting next_dagrun for tutorial_taskflow_api_etl_virtualenv to None
[2022-01-19 00:44:51,405] {processor.py:171} INFO - Processing /home/airflow/.local/lib/python3.6/site-packages/airflow/example_dags/tutorial_taskflow_api_etl_virtualenv.py took 0.402 seconds
[2022-01-19 00:45:21,441] {processor.py:163} INFO - Started process (PID=1124) to work on /home/airflow/.local/lib/python3.6/site-packages/airflow/example_dags/tutorial_taskflow_api_etl_virtualenv.py
[2022-01-19 00:45:21,443] {processor.py:642} INFO - Processing file /home/airflow/.local/lib/python3.6/site-packages/airflow/example_dags/tutorial_taskflow_api_etl_virtualenv.py for tasks to queue
[2022-01-19 00:45:21,445] {logging_mixin.py:109} INFO - [2022-01-19 00:45:21,444] {dagbag.py:500} INFO - Filling up the DagBag from /home/airflow/.local/lib/python3.6/site-packages/airflow/example_dags/tutorial_taskflow_api_etl_virtualenv.py
[2022-01-19 00:45:21,489] {processor.py:654} INFO - DAG(s) dict_keys(['tutorial_taskflow_api_etl_virtualenv']) retrieved from /home/airflow/.local/lib/python3.6/site-packages/airflow/example_dags/tutorial_taskflow_api_etl_virtualenv.py
[2022-01-19 00:45:21,686] {logging_mixin.py:109} INFO - [2022-01-19 00:45:21,686] {dag.py:2396} INFO - Sync 1 DAGs
[2022-01-19 00:45:21,703] {logging_mixin.py:109} INFO - [2022-01-19 00:45:21,703] {dag.py:2935} INFO - Setting next_dagrun for tutorial_taskflow_api_etl_virtualenv to None
[2022-01-19 00:45:21,717] {processor.py:171} INFO - Processing /home/airflow/.local/lib/python3.6/site-packages/airflow/example_dags/tutorial_taskflow_api_etl_virtualenv.py took 0.279 seconds
