[2022-01-19 00:37:12,700] {processor.py:163} INFO - Started process (PID=180) to work on /home/airflow/.local/lib/python3.6/site-packages/airflow/example_dags/tutorial_etl_dag.py
[2022-01-19 00:37:12,704] {processor.py:642} INFO - Processing file /home/airflow/.local/lib/python3.6/site-packages/airflow/example_dags/tutorial_etl_dag.py for tasks to queue
[2022-01-19 00:37:12,707] {logging_mixin.py:109} INFO - [2022-01-19 00:37:12,707] {dagbag.py:500} INFO - Filling up the DagBag from /home/airflow/.local/lib/python3.6/site-packages/airflow/example_dags/tutorial_etl_dag.py
[2022-01-19 00:37:12,759] {processor.py:654} INFO - DAG(s) dict_keys(['tutorial_etl_dag']) retrieved from /home/airflow/.local/lib/python3.6/site-packages/airflow/example_dags/tutorial_etl_dag.py
[2022-01-19 00:37:14,987] {logging_mixin.py:109} INFO - [2022-01-19 00:37:14,987] {manager.py:496} INFO - Created Permission View: can read on DAG:tutorial_etl_dag
[2022-01-19 00:37:15,001] {logging_mixin.py:109} INFO - [2022-01-19 00:37:15,000] {manager.py:496} INFO - Created Permission View: can edit on DAG:tutorial_etl_dag
[2022-01-19 00:37:15,003] {logging_mixin.py:109} INFO - [2022-01-19 00:37:15,002] {dag.py:2396} INFO - Sync 1 DAGs
[2022-01-19 00:37:15,017] {logging_mixin.py:109} INFO - [2022-01-19 00:37:15,016] {dag.py:2415} INFO - Creating ORM DAG for tutorial_etl_dag
[2022-01-19 00:37:15,029] {logging_mixin.py:109} INFO - [2022-01-19 00:37:15,029] {dag.py:2935} INFO - Setting next_dagrun for tutorial_etl_dag to None
[2022-01-19 00:37:15,046] {processor.py:171} INFO - Processing /home/airflow/.local/lib/python3.6/site-packages/airflow/example_dags/tutorial_etl_dag.py took 2.356 seconds
[2022-01-19 00:37:45,578] {processor.py:163} INFO - Started process (PID=273) to work on /home/airflow/.local/lib/python3.6/site-packages/airflow/example_dags/tutorial_etl_dag.py
[2022-01-19 00:37:45,580] {processor.py:642} INFO - Processing file /home/airflow/.local/lib/python3.6/site-packages/airflow/example_dags/tutorial_etl_dag.py for tasks to queue
[2022-01-19 00:37:45,582] {logging_mixin.py:109} INFO - [2022-01-19 00:37:45,582] {dagbag.py:500} INFO - Filling up the DagBag from /home/airflow/.local/lib/python3.6/site-packages/airflow/example_dags/tutorial_etl_dag.py
[2022-01-19 00:37:45,624] {processor.py:654} INFO - DAG(s) dict_keys(['tutorial_etl_dag']) retrieved from /home/airflow/.local/lib/python3.6/site-packages/airflow/example_dags/tutorial_etl_dag.py
[2022-01-19 00:37:45,637] {logging_mixin.py:109} INFO - [2022-01-19 00:37:45,637] {dag.py:2396} INFO - Sync 1 DAGs
[2022-01-19 00:37:45,657] {logging_mixin.py:109} INFO - [2022-01-19 00:37:45,657] {dag.py:2935} INFO - Setting next_dagrun for tutorial_etl_dag to None
[2022-01-19 00:37:45,668] {processor.py:171} INFO - Processing /home/airflow/.local/lib/python3.6/site-packages/airflow/example_dags/tutorial_etl_dag.py took 0.095 seconds
[2022-01-19 00:38:15,998] {processor.py:163} INFO - Started process (PID=338) to work on /home/airflow/.local/lib/python3.6/site-packages/airflow/example_dags/tutorial_etl_dag.py
[2022-01-19 00:38:16,000] {processor.py:642} INFO - Processing file /home/airflow/.local/lib/python3.6/site-packages/airflow/example_dags/tutorial_etl_dag.py for tasks to queue
[2022-01-19 00:38:16,002] {logging_mixin.py:109} INFO - [2022-01-19 00:38:16,001] {dagbag.py:500} INFO - Filling up the DagBag from /home/airflow/.local/lib/python3.6/site-packages/airflow/example_dags/tutorial_etl_dag.py
[2022-01-19 00:38:16,032] {processor.py:654} INFO - DAG(s) dict_keys(['tutorial_etl_dag']) retrieved from /home/airflow/.local/lib/python3.6/site-packages/airflow/example_dags/tutorial_etl_dag.py
[2022-01-19 00:38:16,043] {logging_mixin.py:109} INFO - [2022-01-19 00:38:16,043] {dag.py:2396} INFO - Sync 1 DAGs
[2022-01-19 00:38:16,061] {logging_mixin.py:109} INFO - [2022-01-19 00:38:16,061] {dag.py:2935} INFO - Setting next_dagrun for tutorial_etl_dag to None
[2022-01-19 00:38:16,072] {processor.py:171} INFO - Processing /home/airflow/.local/lib/python3.6/site-packages/airflow/example_dags/tutorial_etl_dag.py took 0.078 seconds
[2022-01-19 00:38:46,539] {processor.py:163} INFO - Started process (PID=393) to work on /home/airflow/.local/lib/python3.6/site-packages/airflow/example_dags/tutorial_etl_dag.py
[2022-01-19 00:38:46,542] {processor.py:642} INFO - Processing file /home/airflow/.local/lib/python3.6/site-packages/airflow/example_dags/tutorial_etl_dag.py for tasks to queue
[2022-01-19 00:38:46,544] {logging_mixin.py:109} INFO - [2022-01-19 00:38:46,544] {dagbag.py:500} INFO - Filling up the DagBag from /home/airflow/.local/lib/python3.6/site-packages/airflow/example_dags/tutorial_etl_dag.py
[2022-01-19 00:38:46,585] {processor.py:654} INFO - DAG(s) dict_keys(['tutorial_etl_dag']) retrieved from /home/airflow/.local/lib/python3.6/site-packages/airflow/example_dags/tutorial_etl_dag.py
[2022-01-19 00:38:46,598] {logging_mixin.py:109} INFO - [2022-01-19 00:38:46,598] {dag.py:2396} INFO - Sync 1 DAGs
[2022-01-19 00:38:46,625] {logging_mixin.py:109} INFO - [2022-01-19 00:38:46,625] {dag.py:2935} INFO - Setting next_dagrun for tutorial_etl_dag to None
[2022-01-19 00:38:46,635] {processor.py:171} INFO - Processing /home/airflow/.local/lib/python3.6/site-packages/airflow/example_dags/tutorial_etl_dag.py took 0.103 seconds
[2022-01-19 00:39:16,722] {processor.py:163} INFO - Started process (PID=447) to work on /home/airflow/.local/lib/python3.6/site-packages/airflow/example_dags/tutorial_etl_dag.py
[2022-01-19 00:39:16,725] {processor.py:642} INFO - Processing file /home/airflow/.local/lib/python3.6/site-packages/airflow/example_dags/tutorial_etl_dag.py for tasks to queue
[2022-01-19 00:39:16,727] {logging_mixin.py:109} INFO - [2022-01-19 00:39:16,727] {dagbag.py:500} INFO - Filling up the DagBag from /home/airflow/.local/lib/python3.6/site-packages/airflow/example_dags/tutorial_etl_dag.py
[2022-01-19 00:39:16,760] {processor.py:654} INFO - DAG(s) dict_keys(['tutorial_etl_dag']) retrieved from /home/airflow/.local/lib/python3.6/site-packages/airflow/example_dags/tutorial_etl_dag.py
[2022-01-19 00:39:16,772] {logging_mixin.py:109} INFO - [2022-01-19 00:39:16,772] {dag.py:2396} INFO - Sync 1 DAGs
[2022-01-19 00:39:16,792] {logging_mixin.py:109} INFO - [2022-01-19 00:39:16,791] {dag.py:2935} INFO - Setting next_dagrun for tutorial_etl_dag to None
[2022-01-19 00:39:16,804] {processor.py:171} INFO - Processing /home/airflow/.local/lib/python3.6/site-packages/airflow/example_dags/tutorial_etl_dag.py took 0.084 seconds
[2022-01-19 00:39:46,945] {processor.py:163} INFO - Started process (PID=512) to work on /home/airflow/.local/lib/python3.6/site-packages/airflow/example_dags/tutorial_etl_dag.py
[2022-01-19 00:39:46,948] {processor.py:642} INFO - Processing file /home/airflow/.local/lib/python3.6/site-packages/airflow/example_dags/tutorial_etl_dag.py for tasks to queue
[2022-01-19 00:39:46,952] {logging_mixin.py:109} INFO - [2022-01-19 00:39:46,951] {dagbag.py:500} INFO - Filling up the DagBag from /home/airflow/.local/lib/python3.6/site-packages/airflow/example_dags/tutorial_etl_dag.py
[2022-01-19 00:39:47,006] {processor.py:654} INFO - DAG(s) dict_keys(['tutorial_etl_dag']) retrieved from /home/airflow/.local/lib/python3.6/site-packages/airflow/example_dags/tutorial_etl_dag.py
[2022-01-19 00:39:47,043] {logging_mixin.py:109} INFO - [2022-01-19 00:39:47,043] {dag.py:2396} INFO - Sync 1 DAGs
[2022-01-19 00:39:47,088] {logging_mixin.py:109} INFO - [2022-01-19 00:39:47,088] {dag.py:2935} INFO - Setting next_dagrun for tutorial_etl_dag to None
[2022-01-19 00:39:47,131] {processor.py:171} INFO - Processing /home/airflow/.local/lib/python3.6/site-packages/airflow/example_dags/tutorial_etl_dag.py took 0.194 seconds
[2022-01-19 00:40:17,801] {processor.py:163} INFO - Started process (PID=567) to work on /home/airflow/.local/lib/python3.6/site-packages/airflow/example_dags/tutorial_etl_dag.py
[2022-01-19 00:40:17,805] {processor.py:642} INFO - Processing file /home/airflow/.local/lib/python3.6/site-packages/airflow/example_dags/tutorial_etl_dag.py for tasks to queue
[2022-01-19 00:40:17,809] {logging_mixin.py:109} INFO - [2022-01-19 00:40:17,809] {dagbag.py:500} INFO - Filling up the DagBag from /home/airflow/.local/lib/python3.6/site-packages/airflow/example_dags/tutorial_etl_dag.py
[2022-01-19 00:40:17,861] {processor.py:654} INFO - DAG(s) dict_keys(['tutorial_etl_dag']) retrieved from /home/airflow/.local/lib/python3.6/site-packages/airflow/example_dags/tutorial_etl_dag.py
[2022-01-19 00:40:17,880] {logging_mixin.py:109} INFO - [2022-01-19 00:40:17,880] {dag.py:2396} INFO - Sync 1 DAGs
[2022-01-19 00:40:17,913] {logging_mixin.py:109} INFO - [2022-01-19 00:40:17,913] {dag.py:2935} INFO - Setting next_dagrun for tutorial_etl_dag to None
[2022-01-19 00:40:17,931] {processor.py:171} INFO - Processing /home/airflow/.local/lib/python3.6/site-packages/airflow/example_dags/tutorial_etl_dag.py took 0.141 seconds
[2022-01-19 00:40:48,241] {processor.py:163} INFO - Started process (PID=621) to work on /home/airflow/.local/lib/python3.6/site-packages/airflow/example_dags/tutorial_etl_dag.py
[2022-01-19 00:40:48,245] {processor.py:642} INFO - Processing file /home/airflow/.local/lib/python3.6/site-packages/airflow/example_dags/tutorial_etl_dag.py for tasks to queue
[2022-01-19 00:40:48,249] {logging_mixin.py:109} INFO - [2022-01-19 00:40:48,249] {dagbag.py:500} INFO - Filling up the DagBag from /home/airflow/.local/lib/python3.6/site-packages/airflow/example_dags/tutorial_etl_dag.py
[2022-01-19 00:40:48,312] {processor.py:654} INFO - DAG(s) dict_keys(['tutorial_etl_dag']) retrieved from /home/airflow/.local/lib/python3.6/site-packages/airflow/example_dags/tutorial_etl_dag.py
[2022-01-19 00:40:48,351] {logging_mixin.py:109} INFO - [2022-01-19 00:40:48,351] {dag.py:2396} INFO - Sync 1 DAGs
[2022-01-19 00:40:48,425] {logging_mixin.py:109} INFO - [2022-01-19 00:40:48,425] {dag.py:2935} INFO - Setting next_dagrun for tutorial_etl_dag to None
[2022-01-19 00:40:48,465] {processor.py:171} INFO - Processing /home/airflow/.local/lib/python3.6/site-packages/airflow/example_dags/tutorial_etl_dag.py took 0.237 seconds
[2022-01-19 00:41:18,617] {processor.py:163} INFO - Started process (PID=674) to work on /home/airflow/.local/lib/python3.6/site-packages/airflow/example_dags/tutorial_etl_dag.py
[2022-01-19 00:41:18,620] {processor.py:642} INFO - Processing file /home/airflow/.local/lib/python3.6/site-packages/airflow/example_dags/tutorial_etl_dag.py for tasks to queue
[2022-01-19 00:41:18,629] {logging_mixin.py:109} INFO - [2022-01-19 00:41:18,629] {dagbag.py:500} INFO - Filling up the DagBag from /home/airflow/.local/lib/python3.6/site-packages/airflow/example_dags/tutorial_etl_dag.py
[2022-01-19 00:41:18,677] {processor.py:654} INFO - DAG(s) dict_keys(['tutorial_etl_dag']) retrieved from /home/airflow/.local/lib/python3.6/site-packages/airflow/example_dags/tutorial_etl_dag.py
[2022-01-19 00:41:18,716] {logging_mixin.py:109} INFO - [2022-01-19 00:41:18,715] {dag.py:2396} INFO - Sync 1 DAGs
[2022-01-19 00:41:18,752] {logging_mixin.py:109} INFO - [2022-01-19 00:41:18,752] {dag.py:2935} INFO - Setting next_dagrun for tutorial_etl_dag to None
[2022-01-19 00:41:18,775] {processor.py:171} INFO - Processing /home/airflow/.local/lib/python3.6/site-packages/airflow/example_dags/tutorial_etl_dag.py took 0.162 seconds
[2022-01-19 00:41:48,926] {processor.py:163} INFO - Started process (PID=728) to work on /home/airflow/.local/lib/python3.6/site-packages/airflow/example_dags/tutorial_etl_dag.py
[2022-01-19 00:41:48,930] {processor.py:642} INFO - Processing file /home/airflow/.local/lib/python3.6/site-packages/airflow/example_dags/tutorial_etl_dag.py for tasks to queue
[2022-01-19 00:41:48,932] {logging_mixin.py:109} INFO - [2022-01-19 00:41:48,932] {dagbag.py:500} INFO - Filling up the DagBag from /home/airflow/.local/lib/python3.6/site-packages/airflow/example_dags/tutorial_etl_dag.py
[2022-01-19 00:41:48,975] {processor.py:654} INFO - DAG(s) dict_keys(['tutorial_etl_dag']) retrieved from /home/airflow/.local/lib/python3.6/site-packages/airflow/example_dags/tutorial_etl_dag.py
[2022-01-19 00:41:48,996] {logging_mixin.py:109} INFO - [2022-01-19 00:41:48,996] {dag.py:2396} INFO - Sync 1 DAGs
[2022-01-19 00:41:49,018] {logging_mixin.py:109} INFO - [2022-01-19 00:41:49,018] {dag.py:2935} INFO - Setting next_dagrun for tutorial_etl_dag to None
[2022-01-19 00:41:49,034] {processor.py:171} INFO - Processing /home/airflow/.local/lib/python3.6/site-packages/airflow/example_dags/tutorial_etl_dag.py took 0.112 seconds
[2022-01-19 00:42:19,111] {processor.py:163} INFO - Started process (PID=791) to work on /home/airflow/.local/lib/python3.6/site-packages/airflow/example_dags/tutorial_etl_dag.py
[2022-01-19 00:42:19,116] {processor.py:642} INFO - Processing file /home/airflow/.local/lib/python3.6/site-packages/airflow/example_dags/tutorial_etl_dag.py for tasks to queue
[2022-01-19 00:42:19,119] {logging_mixin.py:109} INFO - [2022-01-19 00:42:19,119] {dagbag.py:500} INFO - Filling up the DagBag from /home/airflow/.local/lib/python3.6/site-packages/airflow/example_dags/tutorial_etl_dag.py
[2022-01-19 00:42:19,188] {processor.py:654} INFO - DAG(s) dict_keys(['tutorial_etl_dag']) retrieved from /home/airflow/.local/lib/python3.6/site-packages/airflow/example_dags/tutorial_etl_dag.py
[2022-01-19 00:42:19,211] {logging_mixin.py:109} INFO - [2022-01-19 00:42:19,211] {dag.py:2396} INFO - Sync 1 DAGs
[2022-01-19 00:42:19,270] {logging_mixin.py:109} INFO - [2022-01-19 00:42:19,270] {dag.py:2935} INFO - Setting next_dagrun for tutorial_etl_dag to None
[2022-01-19 00:42:19,302] {processor.py:171} INFO - Processing /home/airflow/.local/lib/python3.6/site-packages/airflow/example_dags/tutorial_etl_dag.py took 0.198 seconds
[2022-01-19 00:42:49,385] {processor.py:163} INFO - Started process (PID=844) to work on /home/airflow/.local/lib/python3.6/site-packages/airflow/example_dags/tutorial_etl_dag.py
[2022-01-19 00:42:49,389] {processor.py:642} INFO - Processing file /home/airflow/.local/lib/python3.6/site-packages/airflow/example_dags/tutorial_etl_dag.py for tasks to queue
[2022-01-19 00:42:49,391] {logging_mixin.py:109} INFO - [2022-01-19 00:42:49,391] {dagbag.py:500} INFO - Filling up the DagBag from /home/airflow/.local/lib/python3.6/site-packages/airflow/example_dags/tutorial_etl_dag.py
[2022-01-19 00:42:49,446] {processor.py:654} INFO - DAG(s) dict_keys(['tutorial_etl_dag']) retrieved from /home/airflow/.local/lib/python3.6/site-packages/airflow/example_dags/tutorial_etl_dag.py
[2022-01-19 00:42:49,473] {logging_mixin.py:109} INFO - [2022-01-19 00:42:49,472] {dag.py:2396} INFO - Sync 1 DAGs
[2022-01-19 00:42:49,525] {logging_mixin.py:109} INFO - [2022-01-19 00:42:49,525] {dag.py:2935} INFO - Setting next_dagrun for tutorial_etl_dag to None
[2022-01-19 00:42:49,551] {processor.py:171} INFO - Processing /home/airflow/.local/lib/python3.6/site-packages/airflow/example_dags/tutorial_etl_dag.py took 0.173 seconds
[2022-01-19 00:43:19,844] {processor.py:163} INFO - Started process (PID=897) to work on /home/airflow/.local/lib/python3.6/site-packages/airflow/example_dags/tutorial_etl_dag.py
[2022-01-19 00:43:19,847] {processor.py:642} INFO - Processing file /home/airflow/.local/lib/python3.6/site-packages/airflow/example_dags/tutorial_etl_dag.py for tasks to queue
[2022-01-19 00:43:19,849] {logging_mixin.py:109} INFO - [2022-01-19 00:43:19,849] {dagbag.py:500} INFO - Filling up the DagBag from /home/airflow/.local/lib/python3.6/site-packages/airflow/example_dags/tutorial_etl_dag.py
[2022-01-19 00:43:19,883] {processor.py:654} INFO - DAG(s) dict_keys(['tutorial_etl_dag']) retrieved from /home/airflow/.local/lib/python3.6/site-packages/airflow/example_dags/tutorial_etl_dag.py
[2022-01-19 00:43:19,896] {logging_mixin.py:109} INFO - [2022-01-19 00:43:19,896] {dag.py:2396} INFO - Sync 1 DAGs
[2022-01-19 00:43:19,915] {logging_mixin.py:109} INFO - [2022-01-19 00:43:19,914] {dag.py:2935} INFO - Setting next_dagrun for tutorial_etl_dag to None
[2022-01-19 00:43:19,925] {processor.py:171} INFO - Processing /home/airflow/.local/lib/python3.6/site-packages/airflow/example_dags/tutorial_etl_dag.py took 0.086 seconds
[2022-01-19 00:43:50,357] {processor.py:163} INFO - Started process (PID=950) to work on /home/airflow/.local/lib/python3.6/site-packages/airflow/example_dags/tutorial_etl_dag.py
[2022-01-19 00:43:50,361] {processor.py:642} INFO - Processing file /home/airflow/.local/lib/python3.6/site-packages/airflow/example_dags/tutorial_etl_dag.py for tasks to queue
[2022-01-19 00:43:50,363] {logging_mixin.py:109} INFO - [2022-01-19 00:43:50,363] {dagbag.py:500} INFO - Filling up the DagBag from /home/airflow/.local/lib/python3.6/site-packages/airflow/example_dags/tutorial_etl_dag.py
[2022-01-19 00:43:50,399] {processor.py:654} INFO - DAG(s) dict_keys(['tutorial_etl_dag']) retrieved from /home/airflow/.local/lib/python3.6/site-packages/airflow/example_dags/tutorial_etl_dag.py
[2022-01-19 00:43:50,413] {logging_mixin.py:109} INFO - [2022-01-19 00:43:50,412] {dag.py:2396} INFO - Sync 1 DAGs
[2022-01-19 00:43:50,436] {logging_mixin.py:109} INFO - [2022-01-19 00:43:50,436] {dag.py:2935} INFO - Setting next_dagrun for tutorial_etl_dag to None
[2022-01-19 00:43:50,445] {processor.py:171} INFO - Processing /home/airflow/.local/lib/python3.6/site-packages/airflow/example_dags/tutorial_etl_dag.py took 0.092 seconds
[2022-01-19 00:44:20,868] {processor.py:163} INFO - Started process (PID=1005) to work on /home/airflow/.local/lib/python3.6/site-packages/airflow/example_dags/tutorial_etl_dag.py
[2022-01-19 00:44:20,871] {processor.py:642} INFO - Processing file /home/airflow/.local/lib/python3.6/site-packages/airflow/example_dags/tutorial_etl_dag.py for tasks to queue
[2022-01-19 00:44:20,872] {logging_mixin.py:109} INFO - [2022-01-19 00:44:20,872] {dagbag.py:500} INFO - Filling up the DagBag from /home/airflow/.local/lib/python3.6/site-packages/airflow/example_dags/tutorial_etl_dag.py
[2022-01-19 00:44:20,910] {processor.py:654} INFO - DAG(s) dict_keys(['tutorial_etl_dag']) retrieved from /home/airflow/.local/lib/python3.6/site-packages/airflow/example_dags/tutorial_etl_dag.py
[2022-01-19 00:44:20,921] {logging_mixin.py:109} INFO - [2022-01-19 00:44:20,921] {dag.py:2396} INFO - Sync 1 DAGs
[2022-01-19 00:44:20,938] {logging_mixin.py:109} INFO - [2022-01-19 00:44:20,938] {dag.py:2935} INFO - Setting next_dagrun for tutorial_etl_dag to None
[2022-01-19 00:44:20,948] {processor.py:171} INFO - Processing /home/airflow/.local/lib/python3.6/site-packages/airflow/example_dags/tutorial_etl_dag.py took 0.087 seconds
[2022-01-19 00:44:51,019] {processor.py:163} INFO - Started process (PID=1071) to work on /home/airflow/.local/lib/python3.6/site-packages/airflow/example_dags/tutorial_etl_dag.py
[2022-01-19 00:44:51,021] {processor.py:642} INFO - Processing file /home/airflow/.local/lib/python3.6/site-packages/airflow/example_dags/tutorial_etl_dag.py for tasks to queue
[2022-01-19 00:44:51,023] {logging_mixin.py:109} INFO - [2022-01-19 00:44:51,023] {dagbag.py:500} INFO - Filling up the DagBag from /home/airflow/.local/lib/python3.6/site-packages/airflow/example_dags/tutorial_etl_dag.py
[2022-01-19 00:44:51,083] {processor.py:654} INFO - DAG(s) dict_keys(['tutorial_etl_dag']) retrieved from /home/airflow/.local/lib/python3.6/site-packages/airflow/example_dags/tutorial_etl_dag.py
[2022-01-19 00:44:51,104] {logging_mixin.py:109} INFO - [2022-01-19 00:44:51,104] {dag.py:2396} INFO - Sync 1 DAGs
[2022-01-19 00:44:51,155] {logging_mixin.py:109} INFO - [2022-01-19 00:44:51,154] {dag.py:2935} INFO - Setting next_dagrun for tutorial_etl_dag to None
[2022-01-19 00:44:51,193] {processor.py:171} INFO - Processing /home/airflow/.local/lib/python3.6/site-packages/airflow/example_dags/tutorial_etl_dag.py took 0.181 seconds
[2022-01-19 00:45:21,322] {processor.py:163} INFO - Started process (PID=1123) to work on /home/airflow/.local/lib/python3.6/site-packages/airflow/example_dags/tutorial_etl_dag.py
[2022-01-19 00:45:21,325] {processor.py:642} INFO - Processing file /home/airflow/.local/lib/python3.6/site-packages/airflow/example_dags/tutorial_etl_dag.py for tasks to queue
[2022-01-19 00:45:21,328] {logging_mixin.py:109} INFO - [2022-01-19 00:45:21,327] {dagbag.py:500} INFO - Filling up the DagBag from /home/airflow/.local/lib/python3.6/site-packages/airflow/example_dags/tutorial_etl_dag.py
[2022-01-19 00:45:21,362] {processor.py:654} INFO - DAG(s) dict_keys(['tutorial_etl_dag']) retrieved from /home/airflow/.local/lib/python3.6/site-packages/airflow/example_dags/tutorial_etl_dag.py
[2022-01-19 00:45:21,376] {logging_mixin.py:109} INFO - [2022-01-19 00:45:21,376] {dag.py:2396} INFO - Sync 1 DAGs
[2022-01-19 00:45:21,394] {logging_mixin.py:109} INFO - [2022-01-19 00:45:21,393] {dag.py:2935} INFO - Setting next_dagrun for tutorial_etl_dag to None
[2022-01-19 00:45:21,410] {processor.py:171} INFO - Processing /home/airflow/.local/lib/python3.6/site-packages/airflow/example_dags/tutorial_etl_dag.py took 0.094 seconds
