[2022-01-19 00:37:01,592] {processor.py:163} INFO - Started process (PID=130) to work on /home/airflow/.local/lib/python3.6/site-packages/airflow/example_dags/tutorial_taskflow_api_etl.py
[2022-01-19 00:37:01,596] {processor.py:642} INFO - Processing file /home/airflow/.local/lib/python3.6/site-packages/airflow/example_dags/tutorial_taskflow_api_etl.py for tasks to queue
[2022-01-19 00:37:01,599] {logging_mixin.py:109} INFO - [2022-01-19 00:37:01,598] {dagbag.py:500} INFO - Filling up the DagBag from /home/airflow/.local/lib/python3.6/site-packages/airflow/example_dags/tutorial_taskflow_api_etl.py
[2022-01-19 00:37:01,663] {processor.py:654} INFO - DAG(s) dict_keys(['tutorial_taskflow_api_etl']) retrieved from /home/airflow/.local/lib/python3.6/site-packages/airflow/example_dags/tutorial_taskflow_api_etl.py
[2022-01-19 00:37:03,583] {logging_mixin.py:109} INFO - [2022-01-19 00:37:03,583] {manager.py:496} INFO - Created Permission View: can read on DAG:tutorial_taskflow_api_etl
[2022-01-19 00:37:03,594] {logging_mixin.py:109} INFO - [2022-01-19 00:37:03,594] {manager.py:496} INFO - Created Permission View: can edit on DAG:tutorial_taskflow_api_etl
[2022-01-19 00:37:03,597] {logging_mixin.py:109} INFO - [2022-01-19 00:37:03,595] {dag.py:2396} INFO - Sync 1 DAGs
[2022-01-19 00:37:03,608] {logging_mixin.py:109} INFO - [2022-01-19 00:37:03,607] {dag.py:2415} INFO - Creating ORM DAG for tutorial_taskflow_api_etl
[2022-01-19 00:37:03,619] {logging_mixin.py:109} INFO - [2022-01-19 00:37:03,619] {dag.py:2935} INFO - Setting next_dagrun for tutorial_taskflow_api_etl to None
[2022-01-19 00:37:03,639] {processor.py:171} INFO - Processing /home/airflow/.local/lib/python3.6/site-packages/airflow/example_dags/tutorial_taskflow_api_etl.py took 2.057 seconds
[2022-01-19 00:37:34,568] {processor.py:163} INFO - Started process (PID=253) to work on /home/airflow/.local/lib/python3.6/site-packages/airflow/example_dags/tutorial_taskflow_api_etl.py
[2022-01-19 00:37:34,573] {processor.py:642} INFO - Processing file /home/airflow/.local/lib/python3.6/site-packages/airflow/example_dags/tutorial_taskflow_api_etl.py for tasks to queue
[2022-01-19 00:37:34,581] {logging_mixin.py:109} INFO - [2022-01-19 00:37:34,581] {dagbag.py:500} INFO - Filling up the DagBag from /home/airflow/.local/lib/python3.6/site-packages/airflow/example_dags/tutorial_taskflow_api_etl.py
[2022-01-19 00:37:34,629] {processor.py:654} INFO - DAG(s) dict_keys(['tutorial_taskflow_api_etl']) retrieved from /home/airflow/.local/lib/python3.6/site-packages/airflow/example_dags/tutorial_taskflow_api_etl.py
[2022-01-19 00:37:34,657] {logging_mixin.py:109} INFO - [2022-01-19 00:37:34,657] {dag.py:2396} INFO - Sync 1 DAGs
[2022-01-19 00:37:34,696] {logging_mixin.py:109} INFO - [2022-01-19 00:37:34,696] {dag.py:2935} INFO - Setting next_dagrun for tutorial_taskflow_api_etl to None
[2022-01-19 00:37:34,744] {processor.py:171} INFO - Processing /home/airflow/.local/lib/python3.6/site-packages/airflow/example_dags/tutorial_taskflow_api_etl.py took 0.181 seconds
[2022-01-19 00:38:05,477] {processor.py:163} INFO - Started process (PID=319) to work on /home/airflow/.local/lib/python3.6/site-packages/airflow/example_dags/tutorial_taskflow_api_etl.py
[2022-01-19 00:38:05,480] {processor.py:642} INFO - Processing file /home/airflow/.local/lib/python3.6/site-packages/airflow/example_dags/tutorial_taskflow_api_etl.py for tasks to queue
[2022-01-19 00:38:05,483] {logging_mixin.py:109} INFO - [2022-01-19 00:38:05,483] {dagbag.py:500} INFO - Filling up the DagBag from /home/airflow/.local/lib/python3.6/site-packages/airflow/example_dags/tutorial_taskflow_api_etl.py
[2022-01-19 00:38:05,525] {processor.py:654} INFO - DAG(s) dict_keys(['tutorial_taskflow_api_etl']) retrieved from /home/airflow/.local/lib/python3.6/site-packages/airflow/example_dags/tutorial_taskflow_api_etl.py
[2022-01-19 00:38:05,725] {logging_mixin.py:109} INFO - [2022-01-19 00:38:05,725] {dag.py:2396} INFO - Sync 1 DAGs
[2022-01-19 00:38:05,741] {logging_mixin.py:109} INFO - [2022-01-19 00:38:05,741] {dag.py:2935} INFO - Setting next_dagrun for tutorial_taskflow_api_etl to None
[2022-01-19 00:38:05,753] {processor.py:171} INFO - Processing /home/airflow/.local/lib/python3.6/site-packages/airflow/example_dags/tutorial_taskflow_api_etl.py took 0.286 seconds
[2022-01-19 00:38:35,850] {processor.py:163} INFO - Started process (PID=373) to work on /home/airflow/.local/lib/python3.6/site-packages/airflow/example_dags/tutorial_taskflow_api_etl.py
[2022-01-19 00:38:35,853] {processor.py:642} INFO - Processing file /home/airflow/.local/lib/python3.6/site-packages/airflow/example_dags/tutorial_taskflow_api_etl.py for tasks to queue
[2022-01-19 00:38:35,855] {logging_mixin.py:109} INFO - [2022-01-19 00:38:35,855] {dagbag.py:500} INFO - Filling up the DagBag from /home/airflow/.local/lib/python3.6/site-packages/airflow/example_dags/tutorial_taskflow_api_etl.py
[2022-01-19 00:38:35,921] {processor.py:654} INFO - DAG(s) dict_keys(['tutorial_taskflow_api_etl']) retrieved from /home/airflow/.local/lib/python3.6/site-packages/airflow/example_dags/tutorial_taskflow_api_etl.py
[2022-01-19 00:38:36,166] {logging_mixin.py:109} INFO - [2022-01-19 00:38:36,165] {dag.py:2396} INFO - Sync 1 DAGs
[2022-01-19 00:38:36,182] {logging_mixin.py:109} INFO - [2022-01-19 00:38:36,182] {dag.py:2935} INFO - Setting next_dagrun for tutorial_taskflow_api_etl to None
[2022-01-19 00:38:36,197] {processor.py:171} INFO - Processing /home/airflow/.local/lib/python3.6/site-packages/airflow/example_dags/tutorial_taskflow_api_etl.py took 0.353 seconds
[2022-01-19 00:39:06,243] {processor.py:163} INFO - Started process (PID=427) to work on /home/airflow/.local/lib/python3.6/site-packages/airflow/example_dags/tutorial_taskflow_api_etl.py
[2022-01-19 00:39:06,245] {processor.py:642} INFO - Processing file /home/airflow/.local/lib/python3.6/site-packages/airflow/example_dags/tutorial_taskflow_api_etl.py for tasks to queue
[2022-01-19 00:39:06,247] {logging_mixin.py:109} INFO - [2022-01-19 00:39:06,247] {dagbag.py:500} INFO - Filling up the DagBag from /home/airflow/.local/lib/python3.6/site-packages/airflow/example_dags/tutorial_taskflow_api_etl.py
[2022-01-19 00:39:06,315] {processor.py:654} INFO - DAG(s) dict_keys(['tutorial_taskflow_api_etl']) retrieved from /home/airflow/.local/lib/python3.6/site-packages/airflow/example_dags/tutorial_taskflow_api_etl.py
[2022-01-19 00:39:06,541] {logging_mixin.py:109} INFO - [2022-01-19 00:39:06,540] {dag.py:2396} INFO - Sync 1 DAGs
[2022-01-19 00:39:06,563] {logging_mixin.py:109} INFO - [2022-01-19 00:39:06,563] {dag.py:2935} INFO - Setting next_dagrun for tutorial_taskflow_api_etl to None
[2022-01-19 00:39:06,584] {processor.py:171} INFO - Processing /home/airflow/.local/lib/python3.6/site-packages/airflow/example_dags/tutorial_taskflow_api_etl.py took 0.345 seconds
[2022-01-19 00:39:37,477] {processor.py:163} INFO - Started process (PID=493) to work on /home/airflow/.local/lib/python3.6/site-packages/airflow/example_dags/tutorial_taskflow_api_etl.py
[2022-01-19 00:39:37,481] {processor.py:642} INFO - Processing file /home/airflow/.local/lib/python3.6/site-packages/airflow/example_dags/tutorial_taskflow_api_etl.py for tasks to queue
[2022-01-19 00:39:37,482] {logging_mixin.py:109} INFO - [2022-01-19 00:39:37,482] {dagbag.py:500} INFO - Filling up the DagBag from /home/airflow/.local/lib/python3.6/site-packages/airflow/example_dags/tutorial_taskflow_api_etl.py
[2022-01-19 00:39:37,533] {processor.py:654} INFO - DAG(s) dict_keys(['tutorial_taskflow_api_etl']) retrieved from /home/airflow/.local/lib/python3.6/site-packages/airflow/example_dags/tutorial_taskflow_api_etl.py
[2022-01-19 00:39:37,782] {logging_mixin.py:109} INFO - [2022-01-19 00:39:37,782] {dag.py:2396} INFO - Sync 1 DAGs
[2022-01-19 00:39:37,801] {logging_mixin.py:109} INFO - [2022-01-19 00:39:37,801] {dag.py:2935} INFO - Setting next_dagrun for tutorial_taskflow_api_etl to None
[2022-01-19 00:39:37,813] {processor.py:171} INFO - Processing /home/airflow/.local/lib/python3.6/site-packages/airflow/example_dags/tutorial_taskflow_api_etl.py took 0.339 seconds
[2022-01-19 00:40:08,547] {processor.py:163} INFO - Started process (PID=548) to work on /home/airflow/.local/lib/python3.6/site-packages/airflow/example_dags/tutorial_taskflow_api_etl.py
[2022-01-19 00:40:08,552] {processor.py:642} INFO - Processing file /home/airflow/.local/lib/python3.6/site-packages/airflow/example_dags/tutorial_taskflow_api_etl.py for tasks to queue
[2022-01-19 00:40:08,554] {logging_mixin.py:109} INFO - [2022-01-19 00:40:08,554] {dagbag.py:500} INFO - Filling up the DagBag from /home/airflow/.local/lib/python3.6/site-packages/airflow/example_dags/tutorial_taskflow_api_etl.py
[2022-01-19 00:40:08,625] {processor.py:654} INFO - DAG(s) dict_keys(['tutorial_taskflow_api_etl']) retrieved from /home/airflow/.local/lib/python3.6/site-packages/airflow/example_dags/tutorial_taskflow_api_etl.py
[2022-01-19 00:40:09,021] {logging_mixin.py:109} INFO - [2022-01-19 00:40:09,021] {dag.py:2396} INFO - Sync 1 DAGs
[2022-01-19 00:40:09,049] {logging_mixin.py:109} INFO - [2022-01-19 00:40:09,049] {dag.py:2935} INFO - Setting next_dagrun for tutorial_taskflow_api_etl to None
[2022-01-19 00:40:09,102] {processor.py:171} INFO - Processing /home/airflow/.local/lib/python3.6/site-packages/airflow/example_dags/tutorial_taskflow_api_etl.py took 0.562 seconds
[2022-01-19 00:40:39,987] {processor.py:163} INFO - Started process (PID=602) to work on /home/airflow/.local/lib/python3.6/site-packages/airflow/example_dags/tutorial_taskflow_api_etl.py
[2022-01-19 00:40:39,991] {processor.py:642} INFO - Processing file /home/airflow/.local/lib/python3.6/site-packages/airflow/example_dags/tutorial_taskflow_api_etl.py for tasks to queue
[2022-01-19 00:40:39,993] {logging_mixin.py:109} INFO - [2022-01-19 00:40:39,992] {dagbag.py:500} INFO - Filling up the DagBag from /home/airflow/.local/lib/python3.6/site-packages/airflow/example_dags/tutorial_taskflow_api_etl.py
[2022-01-19 00:40:40,035] {processor.py:654} INFO - DAG(s) dict_keys(['tutorial_taskflow_api_etl']) retrieved from /home/airflow/.local/lib/python3.6/site-packages/airflow/example_dags/tutorial_taskflow_api_etl.py
[2022-01-19 00:40:40,590] {logging_mixin.py:109} INFO - [2022-01-19 00:40:40,589] {dag.py:2396} INFO - Sync 1 DAGs
[2022-01-19 00:40:40,631] {logging_mixin.py:109} INFO - [2022-01-19 00:40:40,631] {dag.py:2935} INFO - Setting next_dagrun for tutorial_taskflow_api_etl to None
[2022-01-19 00:40:40,662] {processor.py:171} INFO - Processing /home/airflow/.local/lib/python3.6/site-packages/airflow/example_dags/tutorial_taskflow_api_etl.py took 0.681 seconds
[2022-01-19 00:41:10,725] {processor.py:163} INFO - Started process (PID=658) to work on /home/airflow/.local/lib/python3.6/site-packages/airflow/example_dags/tutorial_taskflow_api_etl.py
[2022-01-19 00:41:10,728] {processor.py:642} INFO - Processing file /home/airflow/.local/lib/python3.6/site-packages/airflow/example_dags/tutorial_taskflow_api_etl.py for tasks to queue
[2022-01-19 00:41:10,729] {logging_mixin.py:109} INFO - [2022-01-19 00:41:10,729] {dagbag.py:500} INFO - Filling up the DagBag from /home/airflow/.local/lib/python3.6/site-packages/airflow/example_dags/tutorial_taskflow_api_etl.py
[2022-01-19 00:41:10,791] {processor.py:654} INFO - DAG(s) dict_keys(['tutorial_taskflow_api_etl']) retrieved from /home/airflow/.local/lib/python3.6/site-packages/airflow/example_dags/tutorial_taskflow_api_etl.py
[2022-01-19 00:41:11,020] {logging_mixin.py:109} INFO - [2022-01-19 00:41:11,020] {dag.py:2396} INFO - Sync 1 DAGs
[2022-01-19 00:41:11,039] {logging_mixin.py:109} INFO - [2022-01-19 00:41:11,039] {dag.py:2935} INFO - Setting next_dagrun for tutorial_taskflow_api_etl to None
[2022-01-19 00:41:11,053] {processor.py:171} INFO - Processing /home/airflow/.local/lib/python3.6/site-packages/airflow/example_dags/tutorial_taskflow_api_etl.py took 0.332 seconds
[2022-01-19 00:41:41,207] {processor.py:163} INFO - Started process (PID=720) to work on /home/airflow/.local/lib/python3.6/site-packages/airflow/example_dags/tutorial_taskflow_api_etl.py
[2022-01-19 00:41:41,210] {processor.py:642} INFO - Processing file /home/airflow/.local/lib/python3.6/site-packages/airflow/example_dags/tutorial_taskflow_api_etl.py for tasks to queue
[2022-01-19 00:41:41,212] {logging_mixin.py:109} INFO - [2022-01-19 00:41:41,211] {dagbag.py:500} INFO - Filling up the DagBag from /home/airflow/.local/lib/python3.6/site-packages/airflow/example_dags/tutorial_taskflow_api_etl.py
[2022-01-19 00:41:41,258] {processor.py:654} INFO - DAG(s) dict_keys(['tutorial_taskflow_api_etl']) retrieved from /home/airflow/.local/lib/python3.6/site-packages/airflow/example_dags/tutorial_taskflow_api_etl.py
[2022-01-19 00:41:41,548] {logging_mixin.py:109} INFO - [2022-01-19 00:41:41,548] {dag.py:2396} INFO - Sync 1 DAGs
[2022-01-19 00:41:41,571] {logging_mixin.py:109} INFO - [2022-01-19 00:41:41,571] {dag.py:2935} INFO - Setting next_dagrun for tutorial_taskflow_api_etl to None
[2022-01-19 00:41:41,590] {processor.py:171} INFO - Processing /home/airflow/.local/lib/python3.6/site-packages/airflow/example_dags/tutorial_taskflow_api_etl.py took 0.389 seconds
[2022-01-19 00:42:11,701] {processor.py:163} INFO - Started process (PID=776) to work on /home/airflow/.local/lib/python3.6/site-packages/airflow/example_dags/tutorial_taskflow_api_etl.py
[2022-01-19 00:42:11,704] {processor.py:642} INFO - Processing file /home/airflow/.local/lib/python3.6/site-packages/airflow/example_dags/tutorial_taskflow_api_etl.py for tasks to queue
[2022-01-19 00:42:11,706] {logging_mixin.py:109} INFO - [2022-01-19 00:42:11,706] {dagbag.py:500} INFO - Filling up the DagBag from /home/airflow/.local/lib/python3.6/site-packages/airflow/example_dags/tutorial_taskflow_api_etl.py
[2022-01-19 00:42:11,748] {processor.py:654} INFO - DAG(s) dict_keys(['tutorial_taskflow_api_etl']) retrieved from /home/airflow/.local/lib/python3.6/site-packages/airflow/example_dags/tutorial_taskflow_api_etl.py
[2022-01-19 00:42:11,963] {logging_mixin.py:109} INFO - [2022-01-19 00:42:11,963] {dag.py:2396} INFO - Sync 1 DAGs
[2022-01-19 00:42:11,982] {logging_mixin.py:109} INFO - [2022-01-19 00:42:11,982] {dag.py:2935} INFO - Setting next_dagrun for tutorial_taskflow_api_etl to None
[2022-01-19 00:42:11,994] {processor.py:171} INFO - Processing /home/airflow/.local/lib/python3.6/site-packages/airflow/example_dags/tutorial_taskflow_api_etl.py took 0.300 seconds
[2022-01-19 00:42:42,249] {processor.py:163} INFO - Started process (PID=826) to work on /home/airflow/.local/lib/python3.6/site-packages/airflow/example_dags/tutorial_taskflow_api_etl.py
[2022-01-19 00:42:42,253] {processor.py:642} INFO - Processing file /home/airflow/.local/lib/python3.6/site-packages/airflow/example_dags/tutorial_taskflow_api_etl.py for tasks to queue
[2022-01-19 00:42:42,257] {logging_mixin.py:109} INFO - [2022-01-19 00:42:42,257] {dagbag.py:500} INFO - Filling up the DagBag from /home/airflow/.local/lib/python3.6/site-packages/airflow/example_dags/tutorial_taskflow_api_etl.py
[2022-01-19 00:42:42,353] {processor.py:654} INFO - DAG(s) dict_keys(['tutorial_taskflow_api_etl']) retrieved from /home/airflow/.local/lib/python3.6/site-packages/airflow/example_dags/tutorial_taskflow_api_etl.py
[2022-01-19 00:42:42,784] {logging_mixin.py:109} INFO - [2022-01-19 00:42:42,784] {dag.py:2396} INFO - Sync 1 DAGs
[2022-01-19 00:42:42,803] {logging_mixin.py:109} INFO - [2022-01-19 00:42:42,803] {dag.py:2935} INFO - Setting next_dagrun for tutorial_taskflow_api_etl to None
[2022-01-19 00:42:42,826] {processor.py:171} INFO - Processing /home/airflow/.local/lib/python3.6/site-packages/airflow/example_dags/tutorial_taskflow_api_etl.py took 0.585 seconds
[2022-01-19 00:43:13,654] {processor.py:163} INFO - Started process (PID=880) to work on /home/airflow/.local/lib/python3.6/site-packages/airflow/example_dags/tutorial_taskflow_api_etl.py
[2022-01-19 00:43:13,659] {processor.py:642} INFO - Processing file /home/airflow/.local/lib/python3.6/site-packages/airflow/example_dags/tutorial_taskflow_api_etl.py for tasks to queue
[2022-01-19 00:43:13,662] {logging_mixin.py:109} INFO - [2022-01-19 00:43:13,662] {dagbag.py:500} INFO - Filling up the DagBag from /home/airflow/.local/lib/python3.6/site-packages/airflow/example_dags/tutorial_taskflow_api_etl.py
[2022-01-19 00:43:13,853] {processor.py:654} INFO - DAG(s) dict_keys(['tutorial_taskflow_api_etl']) retrieved from /home/airflow/.local/lib/python3.6/site-packages/airflow/example_dags/tutorial_taskflow_api_etl.py
[2022-01-19 00:43:14,812] {logging_mixin.py:109} INFO - [2022-01-19 00:43:14,811] {dag.py:2396} INFO - Sync 1 DAGs
[2022-01-19 00:43:14,834] {logging_mixin.py:109} INFO - [2022-01-19 00:43:14,834] {dag.py:2935} INFO - Setting next_dagrun for tutorial_taskflow_api_etl to None
[2022-01-19 00:43:14,856] {processor.py:171} INFO - Processing /home/airflow/.local/lib/python3.6/site-packages/airflow/example_dags/tutorial_taskflow_api_etl.py took 1.211 seconds
[2022-01-19 00:43:44,904] {processor.py:163} INFO - Started process (PID=944) to work on /home/airflow/.local/lib/python3.6/site-packages/airflow/example_dags/tutorial_taskflow_api_etl.py
[2022-01-19 00:43:44,906] {processor.py:642} INFO - Processing file /home/airflow/.local/lib/python3.6/site-packages/airflow/example_dags/tutorial_taskflow_api_etl.py for tasks to queue
[2022-01-19 00:43:44,908] {logging_mixin.py:109} INFO - [2022-01-19 00:43:44,908] {dagbag.py:500} INFO - Filling up the DagBag from /home/airflow/.local/lib/python3.6/site-packages/airflow/example_dags/tutorial_taskflow_api_etl.py
[2022-01-19 00:43:44,951] {processor.py:654} INFO - DAG(s) dict_keys(['tutorial_taskflow_api_etl']) retrieved from /home/airflow/.local/lib/python3.6/site-packages/airflow/example_dags/tutorial_taskflow_api_etl.py
[2022-01-19 00:43:45,177] {logging_mixin.py:109} INFO - [2022-01-19 00:43:45,177] {dag.py:2396} INFO - Sync 1 DAGs
[2022-01-19 00:43:45,198] {logging_mixin.py:109} INFO - [2022-01-19 00:43:45,198] {dag.py:2935} INFO - Setting next_dagrun for tutorial_taskflow_api_etl to None
[2022-01-19 00:43:45,209] {processor.py:171} INFO - Processing /home/airflow/.local/lib/python3.6/site-packages/airflow/example_dags/tutorial_taskflow_api_etl.py took 0.311 seconds
